[ 2017-08-28T10:52:32+08:00 ] ::1 /Thinkphp_meddle/b2b2c/Home/Index/comment/id/180.html
ERR: 模板不存在:./Application/Home/View/Index/comment.html

[ 2017-08-28T10:52:48+08:00 ] ::1 /Thinkphp_meddle/b2b2c/Home/Index/comment/id/168.html
ERR: 模板不存在:./Application/Home/View/Index/comment.html

[ 2017-08-28T11:09:27+08:00 ] ::1 /Thinkphp_meddle/b2b2c/Home/Index/comment/id/168.html
ERR: 模板不存在:./Application/Home/View/Index/comment.html

[ 2017-08-28T13:33:51+08:00 ] ::1 /Thinkphp_meddle/b2b2c/Home/Index/comment/id/180.html
ERR: 模板不存在:./Application/Home/View/Index/comment.html

[ 2017-08-28T13:37:52+08:00 ] ::1 /Thinkphp_meddle/b2b2c/Home/Index/comment/id/180.html
ERR: 模板不存在:./Application/Home/View/Index/comment.html

[ 2017-08-28T14:53:20+08:00 ] ::1 /Thinkphp_meddle/b2b2c/Home/Index/comment_info.html
ERR: 1064:You have an error in your SQL syntax; check the manual that corresponds to your MySQL server version for the right syntax to use near 'p_id']' )' at line 1
 [ SQL语句 ] : UPDATE `h_order` SET `o_usestatus`='4' WHERE ( o_id='$m['p_id']' )

[ 2017-08-28T14:54:05+08:00 ] ::1 /Thinkphp_meddle/b2b2c/Home/Index/comment_info.html
ERR: 1064:You have an error in your SQL syntax; check the manual that corresponds to your MySQL server version for the right syntax to use near 'p_id']' )' at line 1
 [ SQL语句 ] : UPDATE `h_order` SET `o_usestatus`='4' WHERE ( o_id='$m['p_id']' )

[ 2017-08-28T14:54:34+08:00 ] ::1 /Thinkphp_meddle/b2b2c/Home/Index/comment_info.html
ERR: 1064:You have an error in your SQL syntax; check the manual that corresponds to your MySQL server version for the right syntax to use near 'p_id']' )' at line 1
 [ SQL语句 ] : UPDATE `h_order` SET `o_usestatus`='4' WHERE ( o_id='$m['p_id']' )

[ 2017-08-28T14:54:58+08:00 ] ::1 /Thinkphp_meddle/b2b2c/Home/Index/comment_info.html
ERR: 1064:You have an error in your SQL syntax; check the manual that corresponds to your MySQL server version for the right syntax to use near 'p_id']' )' at line 1
 [ SQL语句 ] : UPDATE `h_order` SET `o_usestatus`='4' WHERE ( o_id='$m['p_id']' )

[ 2017-08-28T15:10:50+08:00 ] ::1 /Thinkphp_meddle/b2b2c/Home/Index/comment_info.html
ERR: 1146:Table 'md.h_detail_order' doesn't exist
 [ SQL语句 ] : SHOW COLUMNS FROM `h_detail_order`

[ 2017-08-28T17:04:04+08:00 ] ::1 /Thinkphp_meddle/b2b2c/Home/Index/check_name.html
INFO: [ app_begin ] --START--
INFO: Run Behavior\ReadHtmlCacheBehavior [ RunTime:0.002000s ]
INFO: [ app_begin ] --END-- [ RunTime:0.003000s ]
SQL: SHOW COLUMNS FROM `h_oauth_user` [ RunTime:0.0970s ]
SQL: SELECT * FROM `h_oauth_user` WHERE ( username='haihaihaihai' )  [ RunTime:0.0000s ]
INFO: [ app_end ] --START--
INFO: Run Behavior\ShowPageTraceBehavior [ RunTime:0.002000s ]
INFO: [ app_end ] --END-- [ RunTime:0.002000s ]

[ 2017-08-28T17:04:27+08:00 ] ::1 /Thinkphp_meddle/b2b2c/Home/Index/check_name.html
INFO: [ app_begin ] --START--
INFO: Run Behavior\ReadHtmlCacheBehavior [ RunTime:0.002000s ]
INFO: [ app_begin ] --END-- [ RunTime:0.003000s ]
SQL: SHOW COLUMNS FROM `h_oauth_user` [ RunTime:0.0410s ]
SQL: SELECT * FROM `h_oauth_user` WHERE ( username='haihaihaihaiss' )  [ RunTime:0.0010s ]
INFO: [ app_end ] --START--
INFO: Run Behavior\ShowPageTraceBehavior [ RunTime:0.001000s ]
INFO: [ app_end ] --END-- [ RunTime:0.002000s ]

[ 2017-08-28T17:04:30+08:00 ] ::1 /Thinkphp_meddle/b2b2c/Home/Index/verify.html
INFO: [ app_begin ] --START--
INFO: Run Behavior\ReadHtmlCacheBehavior [ RunTime:0.001000s ]
INFO: [ app_begin ] --END-- [ RunTime:0.002000s ]
INFO: [ app_end ] --START--
INFO: Run Behavior\ShowPageTraceBehavior [ RunTime:0.001000s ]
INFO: [ app_end ] --END-- [ RunTime:0.002000s ]

[ 2017-08-28T17:56:42+08:00 ] ::1 /Thinkphp_meddle/b2b2c/Home/Index/check_name.html
INFO: [ app_begin ] --START--
INFO: Run Behavior\ReadHtmlCacheBehavior [ RunTime:0.001000s ]
INFO: [ app_begin ] --END-- [ RunTime:0.002001s ]
SQL: SHOW COLUMNS FROM `h_oauth_user` [ RunTime:0.0020s ]
SQL: SELECT * FROM `h_oauth_user` WHERE ( username='test123' )  [ RunTime:0.0010s ]
INFO: [ app_end ] --START--
INFO: Run Behavior\ShowPageTraceBehavior [ RunTime:0.001000s ]
INFO: [ app_end ] --END-- [ RunTime:0.002000s ]

[ 2017-08-28T17:58:03+08:00 ] ::1 /Thinkphp_meddle/b2b2c/Home/Index/check_name.html
INFO: [ app_begin ] --START--
INFO: Run Behavior\ReadHtmlCacheBehavior [ RunTime:0.002000s ]
INFO: [ app_begin ] --END-- [ RunTime:0.002000s ]
SQL: SHOW COLUMNS FROM `h_oauth_user` [ RunTime:0.0010s ]
SQL: SELECT * FROM `h_oauth_user` WHERE ( username='test1234' )  [ RunTime:0.0010s ]
INFO: [ app_end ] --START--
INFO: Run Behavior\ShowPageTraceBehavior [ RunTime:0.002000s ]
INFO: [ app_end ] --END-- [ RunTime:0.002000s ]

[ 2017-08-28T17:58:08+08:00 ] ::1 /Thinkphp_meddle/b2b2c/Home/Index/verify.html
INFO: [ app_begin ] --START--
INFO: Run Behavior\ReadHtmlCacheBehavior [ RunTime:0.002000s ]
INFO: [ app_begin ] --END-- [ RunTime:0.003000s ]
INFO: [ app_end ] --START--
INFO: Run Behavior\ShowPageTraceBehavior [ RunTime:0.001000s ]
INFO: [ app_end ] --END-- [ RunTime:0.002000s ]

[ 2017-08-28T17:58:14+08:00 ] ::1 /Thinkphp_meddle/b2b2c/Home/Index/verify.html
INFO: [ app_begin ] --START--
INFO: Run Behavior\ReadHtmlCacheBehavior [ RunTime:0.001000s ]
INFO: [ app_begin ] --END-- [ RunTime:0.002000s ]
INFO: [ app_end ] --START--
INFO: Run Behavior\ShowPageTraceBehavior [ RunTime:0.001000s ]
INFO: [ app_end ] --END-- [ RunTime:0.002000s ]

[ 2017-08-28T17:58:20+08:00 ] ::1 /Thinkphp_meddle/b2b2c/Home/Index/verify.html
INFO: [ app_begin ] --START--
INFO: Run Behavior\ReadHtmlCacheBehavior [ RunTime:0.001000s ]
INFO: [ app_begin ] --END-- [ RunTime:0.002000s ]
INFO: [ app_end ] --START--
INFO: Run Behavior\ShowPageTraceBehavior [ RunTime:0.001000s ]
INFO: [ app_end ] --END-- [ RunTime:0.002001s ]

