[ 2017-08-26T10:09:16+08:00 ] ::1 /Thinkphp_meddle/b2b2c/Home/Index/index.html?search=ASDADAD
ERR: 1146:Table 'md.h_' doesn't exist
 [ SQL语句 ] : SELECT * FROM `h_` WHERE ( pc_level=2 ) ORDER BY `pc_hot` desc 

[ 2017-08-26T10:25:21+08:00 ] ::1 /Thinkphp_meddle/b2b2c/Home/Index/search.html?search=%E7%81%AB%E9%94%85
ERR: 模板不存在:./Application/Home/View/Index/search.html

[ 2017-08-26T10:25:54+08:00 ] ::1 /Thinkphp_meddle/b2b2c/Home/Index/search.html?search=%E7%81%AB%E9%94%85
ERR: 模板不存在:./Application/Home/View/Index/search.html

[ 2017-08-26T13:30:46+08:00 ] ::1 /Thinkphp_meddle/b2b2c/Home/Index/check_name.html
INFO: [ app_begin ] --START--
INFO: Run Behavior\ReadHtmlCacheBehavior [ RunTime:0.002000s ]
INFO: [ app_begin ] --END-- [ RunTime:0.003000s ]
SQL: SHOW COLUMNS FROM `h_oauth_user` [ RunTime:0.0110s ]
SQL: SELECT * FROM `h_oauth_user` WHERE ( username='qidaiqidai' )  [ RunTime:0.0100s ]
INFO: [ app_end ] --START--
INFO: Run Behavior\ShowPageTraceBehavior [ RunTime:0.002000s ]
INFO: [ app_end ] --END-- [ RunTime:0.002000s ]

[ 2017-08-26T13:30:49+08:00 ] ::1 /Thinkphp_meddle/b2b2c/Home/Index/check_name.html
INFO: [ app_begin ] --START--
INFO: Run Behavior\ReadHtmlCacheBehavior [ RunTime:0.001000s ]
INFO: [ app_begin ] --END-- [ RunTime:0.002000s ]
SQL: SHOW COLUMNS FROM `h_oauth_user` [ RunTime:0.0020s ]
SQL: SELECT * FROM `h_oauth_user` WHERE ( username='qidaiqidaix' )  [ RunTime:0.0170s ]
INFO: [ app_end ] --START--
INFO: Run Behavior\ShowPageTraceBehavior [ RunTime:0.002000s ]
INFO: [ app_end ] --END-- [ RunTime:0.002000s ]

[ 2017-08-26T13:30:52+08:00 ] ::1 /Thinkphp_meddle/b2b2c/Home/Index/check_name.html
INFO: [ app_begin ] --START--
INFO: Run Behavior\ReadHtmlCacheBehavior [ RunTime:0.002000s ]
INFO: [ app_begin ] --END-- [ RunTime:0.003000s ]
SQL: SHOW COLUMNS FROM `h_oauth_user` [ RunTime:0.0720s ]
SQL: SELECT * FROM `h_oauth_user` WHERE ( username='qidaiqidai' )  [ RunTime:0.0170s ]
INFO: [ app_end ] --START--
INFO: Run Behavior\ShowPageTraceBehavior [ RunTime:0.003000s ]
INFO: [ app_end ] --END-- [ RunTime:0.003000s ]

[ 2017-08-26T13:30:57+08:00 ] ::1 /Thinkphp_meddle/b2b2c/Home/Index/verify.html
INFO: [ app_begin ] --START--
INFO: Run Behavior\ReadHtmlCacheBehavior [ RunTime:0.002000s ]
INFO: [ app_begin ] --END-- [ RunTime:0.003000s ]
INFO: [ app_end ] --START--
INFO: Run Behavior\ShowPageTraceBehavior [ RunTime:0.002000s ]
INFO: [ app_end ] --END-- [ RunTime:0.002000s ]

[ 2017-08-26T14:34:23+08:00 ] ::1 /Thinkphp_meddle/b2b2c/Home/Index/check_name.html
INFO: [ app_begin ] --START--
INFO: Run Behavior\ReadHtmlCacheBehavior [ RunTime:0.002000s ]
INFO: [ app_begin ] --END-- [ RunTime:0.003000s ]
SQL: SHOW COLUMNS FROM `h_oauth_user` [ RunTime:0.0040s ]
SQL: SELECT * FROM `h_oauth_user` WHERE ( username='' )  [ RunTime:0.0010s ]
INFO: [ app_end ] --START--
INFO: Run Behavior\ShowPageTraceBehavior [ RunTime:0.002000s ]
INFO: [ app_end ] --END-- [ RunTime:0.002000s ]

[ 2017-08-26T14:38:29+08:00 ] ::1 /Thinkphp_meddle/b2b2c/Home/Index/check_name.html
INFO: [ app_begin ] --START--
INFO: Run Behavior\ReadHtmlCacheBehavior [ RunTime:0.001000s ]
INFO: [ app_begin ] --END-- [ RunTime:0.003000s ]
SQL: SHOW COLUMNS FROM `h_oauth_user` [ RunTime:0.0310s ]
SQL: SELECT * FROM `h_oauth_user` WHERE ( username='' )  [ RunTime:0.0010s ]
INFO: [ app_end ] --START--
INFO: Run Behavior\ShowPageTraceBehavior [ RunTime:0.002000s ]
INFO: [ app_end ] --END-- [ RunTime:0.002000s ]

[ 2017-08-26T15:20:19+08:00 ] ::1 /Thinkphp_meddle/b2b2c/Home/Index/product_introduce.html?info=time
INFO: [ app_begin ] --START--
INFO: Run Behavior\ReadHtmlCacheBehavior [ RunTime:0.001000s ]
INFO: [ app_begin ] --END-- [ RunTime:0.002000s ]
SQL: SHOW COLUMNS FROM `h_product` [ RunTime:0.0020s ]
SQL: SELECT * FROM `h_product` WHERE ( p_id='' )  [ RunTime:0.0010s ]
SQL: SHOW COLUMNS FROM `h_product_cate` [ RunTime:0.0010s ]
SQL: SELECT `pc_name` FROM `h_product_cate` WHERE ( pc_id in('','') )  [ RunTime:0.0000s ]
NOTIC: [8] Undefined index: p_pic D:\webserver\wamp64\www\Thinkphp_meddle\b2b2c\Application\Home\Controller\IndexController.class.php 第 196 行.
SQL: SHOW COLUMNS FROM `h_comment` [ RunTime:0.0020s ]
SQL: SELECT * FROM h_comment com inner join h_oauth_user hou on hou.user_id=com.uid  WHERE ( com.pid='' )  [ RunTime:0.0010s ]
NOTIC: [2048] Only variables should be passed by reference D:\webserver\wamp64\www\Thinkphp_meddle\b2b2c\ThinkPHP\Library\Think\Db\Driver.class.php 第 769 行.
SQL: SELECT * FROM h_comment com inner join h_oauth_user hou on hou.user_id=com.uid  WHERE ( com.pid='' ) ORDER BY com.time desc LIMIT 0,5   [ RunTime:0.0150s ]
INFO: [ view_parse ] --START--
INFO: [ template_filter ] --START--
INFO: Run Behavior\ContentReplaceBehavior [ RunTime:0.002000s ]
INFO: [ template_filter ] --END-- [ RunTime:0.003000s ]
NOTIC: [8] Undefined index: p_introduce D:\webserver\wamp64\www\Thinkphp_meddle\b2b2c\Application\Runtime\Cache\Home\d090bcddd1dd4bf5bf46966926e6635c.php 第 13 行.
NOTIC: [8] Undefined index: p_rname D:\webserver\wamp64\www\Thinkphp_meddle\b2b2c\Application\Runtime\Cache\Home\d090bcddd1dd4bf5bf46966926e6635c.php 第 32 行.
NOTIC: [8] Undefined index: p_citynam D:\webserver\wamp64\www\Thinkphp_meddle\b2b2c\Application\Runtime\Cache\Home\d090bcddd1dd4bf5bf46966926e6635c.php 第 237 行.
NOTIC: [8] Undefined index: p_citynam D:\webserver\wamp64\www\Thinkphp_meddle\b2b2c\Application\Runtime\Cache\Home\d090bcddd1dd4bf5bf46966926e6635c.php 第 304 行.
NOTIC: [8] Undefined index: p_counname D:\webserver\wamp64\www\Thinkphp_meddle\b2b2c\Application\Runtime\Cache\Home\d090bcddd1dd4bf5bf46966926e6635c.php 第 310 行.
NOTIC: [8] Undefined index: p_keywords D:\webserver\wamp64\www\Thinkphp_meddle\b2b2c\Application\Runtime\Cache\Home\d090bcddd1dd4bf5bf46966926e6635c.php 第 311 行.
NOTIC: [8] Undefined index: p_rname D:\webserver\wamp64\www\Thinkphp_meddle\b2b2c\Application\Runtime\Cache\Home\d090bcddd1dd4bf5bf46966926e6635c.php 第 317 行.
NOTIC: [8] Undefined index: p_introduce D:\webserver\wamp64\www\Thinkphp_meddle\b2b2c\Application\Runtime\Cache\Home\d090bcddd1dd4bf5bf46966926e6635c.php 第 319 行.
NOTIC: [8] Undefined index: p_theme D:\webserver\wamp64\www\Thinkphp_meddle\b2b2c\Application\Runtime\Cache\Home\d090bcddd1dd4bf5bf46966926e6635c.php 第 330 行.
NOTIC: [8] Undefined index: p_rname D:\webserver\wamp64\www\Thinkphp_meddle\b2b2c\Application\Runtime\Cache\Home\d090bcddd1dd4bf5bf46966926e6635c.php 第 330 行.
NOTIC: [8] Undefined index: p_gprice D:\webserver\wamp64\www\Thinkphp_meddle\b2b2c\Application\Runtime\Cache\Home\d090bcddd1dd4bf5bf46966926e6635c.php 第 345 行.
NOTIC: [8] Undefined index: p_sprice D:\webserver\wamp64\www\Thinkphp_meddle\b2b2c\Application\Runtime\Cache\Home\d090bcddd1dd4bf5bf46966926e6635c.php 第 346 行.
NOTIC: [8] Undefined index: p_num D:\webserver\wamp64\www\Thinkphp_meddle\b2b2c\Application\Runtime\Cache\Home\d090bcddd1dd4bf5bf46966926e6635c.php 第 349 行.
NOTIC: [8] Undefined index: p_endtime D:\webserver\wamp64\www\Thinkphp_meddle\b2b2c\Application\Runtime\Cache\Home\d090bcddd1dd4bf5bf46966926e6635c.php 第 356 行.
NOTIC: [8] Undefined index: p_name D:\webserver\wamp64\www\Thinkphp_meddle\b2b2c\Application\Runtime\Cache\Home\d090bcddd1dd4bf5bf46966926e6635c.php 第 368 行.
NOTIC: [8] Undefined index: p_gprice D:\webserver\wamp64\www\Thinkphp_meddle\b2b2c\Application\Runtime\Cache\Home\d090bcddd1dd4bf5bf46966926e6635c.php 第 369 行.
NOTIC: [8] Undefined index: p_id D:\webserver\wamp64\www\Thinkphp_meddle\b2b2c\Application\Runtime\Cache\Home\d090bcddd1dd4bf5bf46966926e6635c.php 第 370 行.
NOTIC: [8] Undefined index: p_endtime D:\webserver\wamp64\www\Thinkphp_meddle\b2b2c\Application\Runtime\Cache\Home\d090bcddd1dd4bf5bf46966926e6635c.php 第 380 行.
NOTIC: [8] Undefined index: p_detailaddr D:\webserver\wamp64\www\Thinkphp_meddle\b2b2c\Application\Runtime\Cache\Home\d090bcddd1dd4bf5bf46966926e6635c.php 第 433 行.
NOTIC: [8] Undefined index: p_mobile D:\webserver\wamp64\www\Thinkphp_meddle\b2b2c\Application\Runtime\Cache\Home\d090bcddd1dd4bf5bf46966926e6635c.php 第 434 行.
NOTIC: [8] Undefined index: p_detailintroduce D:\webserver\wamp64\www\Thinkphp_meddle\b2b2c\Application\Runtime\Cache\Home\d090bcddd1dd4bf5bf46966926e6635c.php 第 439 行.
INFO: Run Behavior\ParseTemplateBehavior [ RunTime:0.073004s ]
INFO: [ view_parse ] --END-- [ RunTime:0.073004s ]
INFO: [ view_filter ] --START--
INFO: Run Behavior\WriteHtmlCacheBehavior [ RunTime:0.001000s ]
INFO: [ view_filter ] --END-- [ RunTime:0.002000s ]
INFO: [ app_end ] --START--
INFO: Run Behavior\ShowPageTraceBehavior [ RunTime:0.005001s ]
INFO: [ app_end ] --END-- [ RunTime:0.006001s ]

[ 2017-08-26T15:20:30+08:00 ] ::1 /Thinkphp_meddle/b2b2c/Home/Index/product_introduce.html?info=time
INFO: [ app_begin ] --START--
INFO: Run Behavior\ReadHtmlCacheBehavior [ RunTime:0.001000s ]
INFO: [ app_begin ] --END-- [ RunTime:0.003000s ]
SQL: SHOW COLUMNS FROM `h_product` [ RunTime:0.0010s ]
SQL: SELECT * FROM `h_product` WHERE ( p_id='' )  [ RunTime:0.0010s ]
SQL: SHOW COLUMNS FROM `h_product_cate` [ RunTime:0.0010s ]
SQL: SELECT `pc_name` FROM `h_product_cate` WHERE ( pc_id in('','') )  [ RunTime:0.0000s ]
NOTIC: [8] Undefined index: p_pic D:\webserver\wamp64\www\Thinkphp_meddle\b2b2c\Application\Home\Controller\IndexController.class.php 第 196 行.
SQL: SHOW COLUMNS FROM `h_comment` [ RunTime:0.0030s ]
SQL: SELECT * FROM h_comment com inner join h_oauth_user hou on hou.user_id=com.uid  WHERE ( com.pid='' )  [ RunTime:0.0020s ]
NOTIC: [2048] Only variables should be passed by reference D:\webserver\wamp64\www\Thinkphp_meddle\b2b2c\ThinkPHP\Library\Think\Db\Driver.class.php 第 769 行.
SQL: SELECT * FROM h_comment com inner join h_oauth_user hou on hou.user_id=com.uid  WHERE ( com.pid='' ) ORDER BY com.time desc LIMIT 0,5   [ RunTime:0.0010s ]
INFO: [ view_parse ] --START--
INFO: [ template_filter ] --START--
INFO: Run Behavior\ContentReplaceBehavior [ RunTime:0.002000s ]
INFO: [ template_filter ] --END-- [ RunTime:0.003000s ]
NOTIC: [8] Undefined index: p_introduce D:\webserver\wamp64\www\Thinkphp_meddle\b2b2c\Application\Runtime\Cache\Home\d090bcddd1dd4bf5bf46966926e6635c.php 第 13 行.
NOTIC: [8] Undefined index: p_rname D:\webserver\wamp64\www\Thinkphp_meddle\b2b2c\Application\Runtime\Cache\Home\d090bcddd1dd4bf5bf46966926e6635c.php 第 32 行.
NOTIC: [8] Undefined index: p_citynam D:\webserver\wamp64\www\Thinkphp_meddle\b2b2c\Application\Runtime\Cache\Home\d090bcddd1dd4bf5bf46966926e6635c.php 第 237 行.
NOTIC: [8] Undefined index: p_citynam D:\webserver\wamp64\www\Thinkphp_meddle\b2b2c\Application\Runtime\Cache\Home\d090bcddd1dd4bf5bf46966926e6635c.php 第 304 行.
NOTIC: [8] Undefined index: p_counname D:\webserver\wamp64\www\Thinkphp_meddle\b2b2c\Application\Runtime\Cache\Home\d090bcddd1dd4bf5bf46966926e6635c.php 第 310 行.
NOTIC: [8] Undefined index: p_keywords D:\webserver\wamp64\www\Thinkphp_meddle\b2b2c\Application\Runtime\Cache\Home\d090bcddd1dd4bf5bf46966926e6635c.php 第 311 行.
NOTIC: [8] Undefined index: p_rname D:\webserver\wamp64\www\Thinkphp_meddle\b2b2c\Application\Runtime\Cache\Home\d090bcddd1dd4bf5bf46966926e6635c.php 第 317 行.
NOTIC: [8] Undefined index: p_introduce D:\webserver\wamp64\www\Thinkphp_meddle\b2b2c\Application\Runtime\Cache\Home\d090bcddd1dd4bf5bf46966926e6635c.php 第 319 行.
NOTIC: [8] Undefined index: p_theme D:\webserver\wamp64\www\Thinkphp_meddle\b2b2c\Application\Runtime\Cache\Home\d090bcddd1dd4bf5bf46966926e6635c.php 第 330 行.
NOTIC: [8] Undefined index: p_rname D:\webserver\wamp64\www\Thinkphp_meddle\b2b2c\Application\Runtime\Cache\Home\d090bcddd1dd4bf5bf46966926e6635c.php 第 330 行.
NOTIC: [8] Undefined index: p_gprice D:\webserver\wamp64\www\Thinkphp_meddle\b2b2c\Application\Runtime\Cache\Home\d090bcddd1dd4bf5bf46966926e6635c.php 第 345 行.
NOTIC: [8] Undefined index: p_sprice D:\webserver\wamp64\www\Thinkphp_meddle\b2b2c\Application\Runtime\Cache\Home\d090bcddd1dd4bf5bf46966926e6635c.php 第 346 行.
NOTIC: [8] Undefined index: p_num D:\webserver\wamp64\www\Thinkphp_meddle\b2b2c\Application\Runtime\Cache\Home\d090bcddd1dd4bf5bf46966926e6635c.php 第 349 行.
NOTIC: [8] Undefined index: p_endtime D:\webserver\wamp64\www\Thinkphp_meddle\b2b2c\Application\Runtime\Cache\Home\d090bcddd1dd4bf5bf46966926e6635c.php 第 356 行.
NOTIC: [8] Undefined index: p_name D:\webserver\wamp64\www\Thinkphp_meddle\b2b2c\Application\Runtime\Cache\Home\d090bcddd1dd4bf5bf46966926e6635c.php 第 368 行.
NOTIC: [8] Undefined index: p_gprice D:\webserver\wamp64\www\Thinkphp_meddle\b2b2c\Application\Runtime\Cache\Home\d090bcddd1dd4bf5bf46966926e6635c.php 第 369 行.
NOTIC: [8] Undefined index: p_id D:\webserver\wamp64\www\Thinkphp_meddle\b2b2c\Application\Runtime\Cache\Home\d090bcddd1dd4bf5bf46966926e6635c.php 第 370 行.
NOTIC: [8] Undefined index: p_endtime D:\webserver\wamp64\www\Thinkphp_meddle\b2b2c\Application\Runtime\Cache\Home\d090bcddd1dd4bf5bf46966926e6635c.php 第 380 行.
NOTIC: [8] Undefined index: p_detailaddr D:\webserver\wamp64\www\Thinkphp_meddle\b2b2c\Application\Runtime\Cache\Home\d090bcddd1dd4bf5bf46966926e6635c.php 第 433 行.
NOTIC: [8] Undefined index: p_mobile D:\webserver\wamp64\www\Thinkphp_meddle\b2b2c\Application\Runtime\Cache\Home\d090bcddd1dd4bf5bf46966926e6635c.php 第 434 行.
NOTIC: [8] Undefined index: p_detailintroduce D:\webserver\wamp64\www\Thinkphp_meddle\b2b2c\Application\Runtime\Cache\Home\d090bcddd1dd4bf5bf46966926e6635c.php 第 439 行.
INFO: Run Behavior\ParseTemplateBehavior [ RunTime:0.072004s ]
INFO: [ view_parse ] --END-- [ RunTime:0.073004s ]
INFO: [ view_filter ] --START--
INFO: Run Behavior\WriteHtmlCacheBehavior [ RunTime:0.001000s ]
INFO: [ view_filter ] --END-- [ RunTime:0.002000s ]
INFO: [ app_end ] --START--
INFO: Run Behavior\ShowPageTraceBehavior [ RunTime:0.005000s ]
INFO: [ app_end ] --END-- [ RunTime:0.005000s ]

[ 2017-08-26T15:20:55+08:00 ] ::1 /Thinkphp_meddle/b2b2c/Home/Index/product_introduce.html?info=time
INFO: [ app_begin ] --START--
INFO: Run Behavior\ReadHtmlCacheBehavior [ RunTime:0.001000s ]
INFO: [ app_begin ] --END-- [ RunTime:0.003000s ]
SQL: SHOW COLUMNS FROM `h_product` [ RunTime:0.0020s ]
SQL: SELECT * FROM `h_product` WHERE ( p_id='' )  [ RunTime:0.0870s ]
SQL: SHOW COLUMNS FROM `h_product_cate` [ RunTime:0.0030s ]
SQL: SELECT `pc_name` FROM `h_product_cate` WHERE ( pc_id in('','') )  [ RunTime:0.0010s ]
NOTIC: [8] Undefined index: p_pic D:\webserver\wamp64\www\Thinkphp_meddle\b2b2c\Application\Home\Controller\IndexController.class.php 第 196 行.
SQL: SHOW COLUMNS FROM `h_comment` [ RunTime:0.0030s ]
SQL: SELECT * FROM h_comment com inner join h_oauth_user hou on hou.user_id=com.uid  WHERE ( com.pid='' )  [ RunTime:0.0010s ]
NOTIC: [2048] Only variables should be passed by reference D:\webserver\wamp64\www\Thinkphp_meddle\b2b2c\ThinkPHP\Library\Think\Db\Driver.class.php 第 769 行.
SQL: SELECT * FROM h_comment com inner join h_oauth_user hou on hou.user_id=com.uid  WHERE ( com.pid='' ) ORDER BY com.time desc LIMIT 0,5   [ RunTime:0.0030s ]
INFO: [ view_parse ] --START--
INFO: [ template_filter ] --START--
INFO: Run Behavior\ContentReplaceBehavior [ RunTime:0.003000s ]
INFO: [ template_filter ] --END-- [ RunTime:0.003000s ]
NOTIC: [8] Undefined index: p_introduce D:\webserver\wamp64\www\Thinkphp_meddle\b2b2c\Application\Runtime\Cache\Home\d090bcddd1dd4bf5bf46966926e6635c.php 第 13 行.
NOTIC: [8] Undefined index: p_rname D:\webserver\wamp64\www\Thinkphp_meddle\b2b2c\Application\Runtime\Cache\Home\d090bcddd1dd4bf5bf46966926e6635c.php 第 32 行.
NOTIC: [8] Undefined index: p_citynam D:\webserver\wamp64\www\Thinkphp_meddle\b2b2c\Application\Runtime\Cache\Home\d090bcddd1dd4bf5bf46966926e6635c.php 第 237 行.
NOTIC: [8] Undefined index: p_citynam D:\webserver\wamp64\www\Thinkphp_meddle\b2b2c\Application\Runtime\Cache\Home\d090bcddd1dd4bf5bf46966926e6635c.php 第 304 行.
NOTIC: [8] Undefined index: p_counname D:\webserver\wamp64\www\Thinkphp_meddle\b2b2c\Application\Runtime\Cache\Home\d090bcddd1dd4bf5bf46966926e6635c.php 第 310 行.
NOTIC: [8] Undefined index: p_keywords D:\webserver\wamp64\www\Thinkphp_meddle\b2b2c\Application\Runtime\Cache\Home\d090bcddd1dd4bf5bf46966926e6635c.php 第 311 行.
NOTIC: [8] Undefined index: p_rname D:\webserver\wamp64\www\Thinkphp_meddle\b2b2c\Application\Runtime\Cache\Home\d090bcddd1dd4bf5bf46966926e6635c.php 第 317 行.
NOTIC: [8] Undefined index: p_introduce D:\webserver\wamp64\www\Thinkphp_meddle\b2b2c\Application\Runtime\Cache\Home\d090bcddd1dd4bf5bf46966926e6635c.php 第 319 行.
NOTIC: [8] Undefined index: p_theme D:\webserver\wamp64\www\Thinkphp_meddle\b2b2c\Application\Runtime\Cache\Home\d090bcddd1dd4bf5bf46966926e6635c.php 第 330 行.
NOTIC: [8] Undefined index: p_rname D:\webserver\wamp64\www\Thinkphp_meddle\b2b2c\Application\Runtime\Cache\Home\d090bcddd1dd4bf5bf46966926e6635c.php 第 330 行.
NOTIC: [8] Undefined index: p_gprice D:\webserver\wamp64\www\Thinkphp_meddle\b2b2c\Application\Runtime\Cache\Home\d090bcddd1dd4bf5bf46966926e6635c.php 第 345 行.
NOTIC: [8] Undefined index: p_sprice D:\webserver\wamp64\www\Thinkphp_meddle\b2b2c\Application\Runtime\Cache\Home\d090bcddd1dd4bf5bf46966926e6635c.php 第 346 行.
NOTIC: [8] Undefined index: p_num D:\webserver\wamp64\www\Thinkphp_meddle\b2b2c\Application\Runtime\Cache\Home\d090bcddd1dd4bf5bf46966926e6635c.php 第 349 行.
NOTIC: [8] Undefined index: p_endtime D:\webserver\wamp64\www\Thinkphp_meddle\b2b2c\Application\Runtime\Cache\Home\d090bcddd1dd4bf5bf46966926e6635c.php 第 356 行.
NOTIC: [8] Undefined index: p_name D:\webserver\wamp64\www\Thinkphp_meddle\b2b2c\Application\Runtime\Cache\Home\d090bcddd1dd4bf5bf46966926e6635c.php 第 368 行.
NOTIC: [8] Undefined index: p_gprice D:\webserver\wamp64\www\Thinkphp_meddle\b2b2c\Application\Runtime\Cache\Home\d090bcddd1dd4bf5bf46966926e6635c.php 第 369 行.
NOTIC: [8] Undefined index: p_id D:\webserver\wamp64\www\Thinkphp_meddle\b2b2c\Application\Runtime\Cache\Home\d090bcddd1dd4bf5bf46966926e6635c.php 第 370 行.
NOTIC: [8] Undefined index: p_endtime D:\webserver\wamp64\www\Thinkphp_meddle\b2b2c\Application\Runtime\Cache\Home\d090bcddd1dd4bf5bf46966926e6635c.php 第 380 行.
NOTIC: [8] Undefined index: p_detailaddr D:\webserver\wamp64\www\Thinkphp_meddle\b2b2c\Application\Runtime\Cache\Home\d090bcddd1dd4bf5bf46966926e6635c.php 第 433 行.
NOTIC: [8] Undefined index: p_mobile D:\webserver\wamp64\www\Thinkphp_meddle\b2b2c\Application\Runtime\Cache\Home\d090bcddd1dd4bf5bf46966926e6635c.php 第 434 行.
NOTIC: [8] Undefined index: p_detailintroduce D:\webserver\wamp64\www\Thinkphp_meddle\b2b2c\Application\Runtime\Cache\Home\d090bcddd1dd4bf5bf46966926e6635c.php 第 439 行.
INFO: Run Behavior\ParseTemplateBehavior [ RunTime:0.074004s ]
INFO: [ view_parse ] --END-- [ RunTime:0.074004s ]
INFO: [ view_filter ] --START--
INFO: Run Behavior\WriteHtmlCacheBehavior [ RunTime:0.001000s ]
INFO: [ view_filter ] --END-- [ RunTime:0.001000s ]
INFO: [ app_end ] --START--
INFO: Run Behavior\ShowPageTraceBehavior [ RunTime:0.004000s ]
INFO: [ app_end ] --END-- [ RunTime:0.005001s ]

[ 2017-08-26T15:21:10+08:00 ] ::1 /Thinkphp_meddle/b2b2c/Home/Index/product_introduce.html?info=time
INFO: [ app_begin ] --START--
INFO: Run Behavior\ReadHtmlCacheBehavior [ RunTime:0.002000s ]
INFO: [ app_begin ] --END-- [ RunTime:0.003000s ]
SQL: SHOW COLUMNS FROM `h_product` [ RunTime:0.0490s ]
SQL: SELECT * FROM `h_product` WHERE ( p_id='' )  [ RunTime:0.0010s ]
SQL: SHOW COLUMNS FROM `h_product_cate` [ RunTime:0.0010s ]
SQL: SELECT `pc_name` FROM `h_product_cate` WHERE ( pc_id in('','') )  [ RunTime:0.0010s ]
NOTIC: [8] Undefined index: p_pic D:\webserver\wamp64\www\Thinkphp_meddle\b2b2c\Application\Home\Controller\IndexController.class.php 第 196 行.
SQL: SHOW COLUMNS FROM `h_comment` [ RunTime:0.0030s ]
SQL: SELECT * FROM h_comment com inner join h_oauth_user hou on hou.user_id=com.uid  WHERE ( com.pid='' )  [ RunTime:0.0010s ]
NOTIC: [2048] Only variables should be passed by reference D:\webserver\wamp64\www\Thinkphp_meddle\b2b2c\ThinkPHP\Library\Think\Db\Driver.class.php 第 769 行.
SQL: SELECT * FROM h_comment com inner join h_oauth_user hou on hou.user_id=com.uid  WHERE ( com.pid='' ) ORDER BY com.time desc LIMIT 0,5   [ RunTime:0.0010s ]
INFO: [ view_parse ] --START--
INFO: [ template_filter ] --START--
INFO: Run Behavior\ContentReplaceBehavior [ RunTime:0.003001s ]
INFO: [ template_filter ] --END-- [ RunTime:0.004001s ]
NOTIC: [8] Undefined index: p_introduce D:\webserver\wamp64\www\Thinkphp_meddle\b2b2c\Application\Runtime\Cache\Home\d090bcddd1dd4bf5bf46966926e6635c.php 第 13 行.
NOTIC: [8] Undefined index: p_rname D:\webserver\wamp64\www\Thinkphp_meddle\b2b2c\Application\Runtime\Cache\Home\d090bcddd1dd4bf5bf46966926e6635c.php 第 32 行.
NOTIC: [8] Undefined index: p_citynam D:\webserver\wamp64\www\Thinkphp_meddle\b2b2c\Application\Runtime\Cache\Home\d090bcddd1dd4bf5bf46966926e6635c.php 第 237 行.
NOTIC: [8] Undefined index: p_citynam D:\webserver\wamp64\www\Thinkphp_meddle\b2b2c\Application\Runtime\Cache\Home\d090bcddd1dd4bf5bf46966926e6635c.php 第 304 行.
NOTIC: [8] Undefined index: p_counname D:\webserver\wamp64\www\Thinkphp_meddle\b2b2c\Application\Runtime\Cache\Home\d090bcddd1dd4bf5bf46966926e6635c.php 第 310 行.
NOTIC: [8] Undefined index: p_keywords D:\webserver\wamp64\www\Thinkphp_meddle\b2b2c\Application\Runtime\Cache\Home\d090bcddd1dd4bf5bf46966926e6635c.php 第 311 行.
NOTIC: [8] Undefined index: p_rname D:\webserver\wamp64\www\Thinkphp_meddle\b2b2c\Application\Runtime\Cache\Home\d090bcddd1dd4bf5bf46966926e6635c.php 第 317 行.
NOTIC: [8] Undefined index: p_introduce D:\webserver\wamp64\www\Thinkphp_meddle\b2b2c\Application\Runtime\Cache\Home\d090bcddd1dd4bf5bf46966926e6635c.php 第 319 行.
NOTIC: [8] Undefined index: p_theme D:\webserver\wamp64\www\Thinkphp_meddle\b2b2c\Application\Runtime\Cache\Home\d090bcddd1dd4bf5bf46966926e6635c.php 第 330 行.
NOTIC: [8] Undefined index: p_rname D:\webserver\wamp64\www\Thinkphp_meddle\b2b2c\Application\Runtime\Cache\Home\d090bcddd1dd4bf5bf46966926e6635c.php 第 330 行.
NOTIC: [8] Undefined index: p_gprice D:\webserver\wamp64\www\Thinkphp_meddle\b2b2c\Application\Runtime\Cache\Home\d090bcddd1dd4bf5bf46966926e6635c.php 第 345 行.
NOTIC: [8] Undefined index: p_sprice D:\webserver\wamp64\www\Thinkphp_meddle\b2b2c\Application\Runtime\Cache\Home\d090bcddd1dd4bf5bf46966926e6635c.php 第 346 行.
NOTIC: [8] Undefined index: p_num D:\webserver\wamp64\www\Thinkphp_meddle\b2b2c\Application\Runtime\Cache\Home\d090bcddd1dd4bf5bf46966926e6635c.php 第 349 行.
NOTIC: [8] Undefined index: p_endtime D:\webserver\wamp64\www\Thinkphp_meddle\b2b2c\Application\Runtime\Cache\Home\d090bcddd1dd4bf5bf46966926e6635c.php 第 356 行.
NOTIC: [8] Undefined index: p_name D:\webserver\wamp64\www\Thinkphp_meddle\b2b2c\Application\Runtime\Cache\Home\d090bcddd1dd4bf5bf46966926e6635c.php 第 368 行.
NOTIC: [8] Undefined index: p_gprice D:\webserver\wamp64\www\Thinkphp_meddle\b2b2c\Application\Runtime\Cache\Home\d090bcddd1dd4bf5bf46966926e6635c.php 第 369 行.
NOTIC: [8] Undefined index: p_id D:\webserver\wamp64\www\Thinkphp_meddle\b2b2c\Application\Runtime\Cache\Home\d090bcddd1dd4bf5bf46966926e6635c.php 第 370 行.
NOTIC: [8] Undefined index: p_endtime D:\webserver\wamp64\www\Thinkphp_meddle\b2b2c\Application\Runtime\Cache\Home\d090bcddd1dd4bf5bf46966926e6635c.php 第 380 行.
NOTIC: [8] Undefined index: p_detailaddr D:\webserver\wamp64\www\Thinkphp_meddle\b2b2c\Application\Runtime\Cache\Home\d090bcddd1dd4bf5bf46966926e6635c.php 第 433 行.
NOTIC: [8] Undefined index: p_mobile D:\webserver\wamp64\www\Thinkphp_meddle\b2b2c\Application\Runtime\Cache\Home\d090bcddd1dd4bf5bf46966926e6635c.php 第 434 行.
NOTIC: [8] Undefined index: p_detailintroduce D:\webserver\wamp64\www\Thinkphp_meddle\b2b2c\Application\Runtime\Cache\Home\d090bcddd1dd4bf5bf46966926e6635c.php 第 439 行.
INFO: Run Behavior\ParseTemplateBehavior [ RunTime:0.088005s ]
INFO: [ view_parse ] --END-- [ RunTime:0.088005s ]
INFO: [ view_filter ] --START--
INFO: Run Behavior\WriteHtmlCacheBehavior [ RunTime:0.002000s ]
INFO: [ view_filter ] --END-- [ RunTime:0.002000s ]
INFO: [ app_end ] --START--
INFO: Run Behavior\ShowPageTraceBehavior [ RunTime:0.002000s ]
INFO: [ app_end ] --END-- [ RunTime:0.002000s ]

[ 2017-08-26T15:22:49+08:00 ] ::1 /Thinkphp_meddle/b2b2c/Home/Index/product_introduce.html?info=time
INFO: [ app_begin ] --START--
INFO: Run Behavior\ReadHtmlCacheBehavior [ RunTime:0.001000s ]
INFO: [ app_begin ] --END-- [ RunTime:0.003000s ]
SQL: SHOW COLUMNS FROM `h_product` [ RunTime:0.0150s ]
SQL: SELECT * FROM `h_product` WHERE ( p_id='' )  [ RunTime:0.0010s ]
SQL: SHOW COLUMNS FROM `h_product_cate` [ RunTime:0.0010s ]
SQL: SELECT `pc_name` FROM `h_product_cate` WHERE ( pc_id in('','') )  [ RunTime:0.0010s ]
NOTIC: [8] Undefined index: p_pic D:\webserver\wamp64\www\Thinkphp_meddle\b2b2c\Application\Home\Controller\IndexController.class.php 第 196 行.
SQL: SHOW COLUMNS FROM `h_comment` [ RunTime:0.0030s ]
SQL: SELECT * FROM h_comment com inner join h_oauth_user hou on hou.user_id=com.uid  WHERE ( com.pid='' )  [ RunTime:0.0010s ]
NOTIC: [2048] Only variables should be passed by reference D:\webserver\wamp64\www\Thinkphp_meddle\b2b2c\ThinkPHP\Library\Think\Db\Driver.class.php 第 769 行.
SQL: SELECT * FROM h_comment com inner join h_oauth_user hou on hou.user_id=com.uid  WHERE ( com.pid='' ) ORDER BY com.time desc LIMIT 0,5   [ RunTime:0.0010s ]
INFO: [ view_parse ] --START--
INFO: [ template_filter ] --START--
INFO: Run Behavior\ContentReplaceBehavior [ RunTime:0.002000s ]
INFO: [ template_filter ] --END-- [ RunTime:0.003000s ]
NOTIC: [8] Undefined index: p_introduce D:\webserver\wamp64\www\Thinkphp_meddle\b2b2c\Application\Runtime\Cache\Home\d090bcddd1dd4bf5bf46966926e6635c.php 第 13 行.
NOTIC: [8] Undefined index: p_rname D:\webserver\wamp64\www\Thinkphp_meddle\b2b2c\Application\Runtime\Cache\Home\d090bcddd1dd4bf5bf46966926e6635c.php 第 32 行.
NOTIC: [8] Undefined index: p_citynam D:\webserver\wamp64\www\Thinkphp_meddle\b2b2c\Application\Runtime\Cache\Home\d090bcddd1dd4bf5bf46966926e6635c.php 第 237 行.
NOTIC: [8] Undefined index: p_citynam D:\webserver\wamp64\www\Thinkphp_meddle\b2b2c\Application\Runtime\Cache\Home\d090bcddd1dd4bf5bf46966926e6635c.php 第 304 行.
NOTIC: [8] Undefined index: p_counname D:\webserver\wamp64\www\Thinkphp_meddle\b2b2c\Application\Runtime\Cache\Home\d090bcddd1dd4bf5bf46966926e6635c.php 第 310 行.
NOTIC: [8] Undefined index: p_keywords D:\webserver\wamp64\www\Thinkphp_meddle\b2b2c\Application\Runtime\Cache\Home\d090bcddd1dd4bf5bf46966926e6635c.php 第 311 行.
NOTIC: [8] Undefined index: p_rname D:\webserver\wamp64\www\Thinkphp_meddle\b2b2c\Application\Runtime\Cache\Home\d090bcddd1dd4bf5bf46966926e6635c.php 第 317 行.
NOTIC: [8] Undefined index: p_introduce D:\webserver\wamp64\www\Thinkphp_meddle\b2b2c\Application\Runtime\Cache\Home\d090bcddd1dd4bf5bf46966926e6635c.php 第 319 行.
NOTIC: [8] Undefined index: p_theme D:\webserver\wamp64\www\Thinkphp_meddle\b2b2c\Application\Runtime\Cache\Home\d090bcddd1dd4bf5bf46966926e6635c.php 第 330 行.
NOTIC: [8] Undefined index: p_rname D:\webserver\wamp64\www\Thinkphp_meddle\b2b2c\Application\Runtime\Cache\Home\d090bcddd1dd4bf5bf46966926e6635c.php 第 330 行.
NOTIC: [8] Undefined index: p_gprice D:\webserver\wamp64\www\Thinkphp_meddle\b2b2c\Application\Runtime\Cache\Home\d090bcddd1dd4bf5bf46966926e6635c.php 第 345 行.
NOTIC: [8] Undefined index: p_sprice D:\webserver\wamp64\www\Thinkphp_meddle\b2b2c\Application\Runtime\Cache\Home\d090bcddd1dd4bf5bf46966926e6635c.php 第 346 行.
NOTIC: [8] Undefined index: p_num D:\webserver\wamp64\www\Thinkphp_meddle\b2b2c\Application\Runtime\Cache\Home\d090bcddd1dd4bf5bf46966926e6635c.php 第 349 行.
NOTIC: [8] Undefined index: p_endtime D:\webserver\wamp64\www\Thinkphp_meddle\b2b2c\Application\Runtime\Cache\Home\d090bcddd1dd4bf5bf46966926e6635c.php 第 356 行.
NOTIC: [8] Undefined index: p_name D:\webserver\wamp64\www\Thinkphp_meddle\b2b2c\Application\Runtime\Cache\Home\d090bcddd1dd4bf5bf46966926e6635c.php 第 368 行.
NOTIC: [8] Undefined index: p_gprice D:\webserver\wamp64\www\Thinkphp_meddle\b2b2c\Application\Runtime\Cache\Home\d090bcddd1dd4bf5bf46966926e6635c.php 第 369 行.
NOTIC: [8] Undefined index: p_id D:\webserver\wamp64\www\Thinkphp_meddle\b2b2c\Application\Runtime\Cache\Home\d090bcddd1dd4bf5bf46966926e6635c.php 第 370 行.
NOTIC: [8] Undefined index: p_endtime D:\webserver\wamp64\www\Thinkphp_meddle\b2b2c\Application\Runtime\Cache\Home\d090bcddd1dd4bf5bf46966926e6635c.php 第 380 行.
NOTIC: [8] Undefined index: p_detailaddr D:\webserver\wamp64\www\Thinkphp_meddle\b2b2c\Application\Runtime\Cache\Home\d090bcddd1dd4bf5bf46966926e6635c.php 第 433 行.
NOTIC: [8] Undefined index: p_mobile D:\webserver\wamp64\www\Thinkphp_meddle\b2b2c\Application\Runtime\Cache\Home\d090bcddd1dd4bf5bf46966926e6635c.php 第 434 行.
NOTIC: [8] Undefined index: p_detailintroduce D:\webserver\wamp64\www\Thinkphp_meddle\b2b2c\Application\Runtime\Cache\Home\d090bcddd1dd4bf5bf46966926e6635c.php 第 439 行.
INFO: Run Behavior\ParseTemplateBehavior [ RunTime:0.074004s ]
INFO: [ view_parse ] --END-- [ RunTime:0.074004s ]
INFO: [ view_filter ] --START--
INFO: Run Behavior\WriteHtmlCacheBehavior [ RunTime:0.002000s ]
INFO: [ view_filter ] --END-- [ RunTime:0.002000s ]
INFO: [ app_end ] --START--
INFO: Run Behavior\ShowPageTraceBehavior [ RunTime:0.001000s ]
INFO: [ app_end ] --END-- [ RunTime:0.001000s ]

[ 2017-08-26T15:24:05+08:00 ] ::1 /Thinkphp_meddle/b2b2c/Home/Index/product_introduce.html?info=time
INFO: [ app_begin ] --START--
INFO: Run Behavior\ReadHtmlCacheBehavior [ RunTime:0.002001s ]
INFO: [ app_begin ] --END-- [ RunTime:0.003001s ]
SQL: SHOW COLUMNS FROM `h_product` [ RunTime:0.0090s ]
SQL: SELECT * FROM `h_product` WHERE ( p_id='' )  [ RunTime:0.0000s ]
SQL: SHOW COLUMNS FROM `h_product_cate` [ RunTime:0.0010s ]
SQL: SELECT `pc_name` FROM `h_product_cate` WHERE ( pc_id in('','') )  [ RunTime:0.0000s ]
NOTIC: [8] Undefined index: p_pic D:\webserver\wamp64\www\Thinkphp_meddle\b2b2c\Application\Home\Controller\IndexController.class.php 第 196 行.
SQL: SHOW COLUMNS FROM `h_comment` [ RunTime:0.0010s ]
SQL: SELECT * FROM h_comment com inner join h_oauth_user hou on hou.user_id=com.uid  WHERE ( com.pid='' )  [ RunTime:0.0010s ]
NOTIC: [2048] Only variables should be passed by reference D:\webserver\wamp64\www\Thinkphp_meddle\b2b2c\ThinkPHP\Library\Think\Db\Driver.class.php 第 769 行.
SQL: SELECT * FROM h_comment com inner join h_oauth_user hou on hou.user_id=com.uid  WHERE ( com.pid='' ) ORDER BY com.time desc LIMIT 0,5   [ RunTime:0.0010s ]
INFO: [ view_parse ] --START--
INFO: [ template_filter ] --START--
INFO: Run Behavior\ContentReplaceBehavior [ RunTime:0.003000s ]
INFO: [ template_filter ] --END-- [ RunTime:0.003000s ]
NOTIC: [8] Undefined index: p_introduce D:\webserver\wamp64\www\Thinkphp_meddle\b2b2c\Application\Runtime\Cache\Home\d090bcddd1dd4bf5bf46966926e6635c.php 第 13 行.
NOTIC: [8] Undefined index: p_rname D:\webserver\wamp64\www\Thinkphp_meddle\b2b2c\Application\Runtime\Cache\Home\d090bcddd1dd4bf5bf46966926e6635c.php 第 32 行.
NOTIC: [8] Undefined index: p_citynam D:\webserver\wamp64\www\Thinkphp_meddle\b2b2c\Application\Runtime\Cache\Home\d090bcddd1dd4bf5bf46966926e6635c.php 第 237 行.
NOTIC: [8] Undefined index: p_citynam D:\webserver\wamp64\www\Thinkphp_meddle\b2b2c\Application\Runtime\Cache\Home\d090bcddd1dd4bf5bf46966926e6635c.php 第 304 行.
NOTIC: [8] Undefined index: p_counname D:\webserver\wamp64\www\Thinkphp_meddle\b2b2c\Application\Runtime\Cache\Home\d090bcddd1dd4bf5bf46966926e6635c.php 第 310 行.
NOTIC: [8] Undefined index: p_keywords D:\webserver\wamp64\www\Thinkphp_meddle\b2b2c\Application\Runtime\Cache\Home\d090bcddd1dd4bf5bf46966926e6635c.php 第 311 行.
NOTIC: [8] Undefined index: p_rname D:\webserver\wamp64\www\Thinkphp_meddle\b2b2c\Application\Runtime\Cache\Home\d090bcddd1dd4bf5bf46966926e6635c.php 第 317 行.
NOTIC: [8] Undefined index: p_introduce D:\webserver\wamp64\www\Thinkphp_meddle\b2b2c\Application\Runtime\Cache\Home\d090bcddd1dd4bf5bf46966926e6635c.php 第 319 行.
NOTIC: [8] Undefined index: p_theme D:\webserver\wamp64\www\Thinkphp_meddle\b2b2c\Application\Runtime\Cache\Home\d090bcddd1dd4bf5bf46966926e6635c.php 第 330 行.
NOTIC: [8] Undefined index: p_rname D:\webserver\wamp64\www\Thinkphp_meddle\b2b2c\Application\Runtime\Cache\Home\d090bcddd1dd4bf5bf46966926e6635c.php 第 330 行.
NOTIC: [8] Undefined index: p_gprice D:\webserver\wamp64\www\Thinkphp_meddle\b2b2c\Application\Runtime\Cache\Home\d090bcddd1dd4bf5bf46966926e6635c.php 第 345 行.
NOTIC: [8] Undefined index: p_sprice D:\webserver\wamp64\www\Thinkphp_meddle\b2b2c\Application\Runtime\Cache\Home\d090bcddd1dd4bf5bf46966926e6635c.php 第 346 行.
NOTIC: [8] Undefined index: p_num D:\webserver\wamp64\www\Thinkphp_meddle\b2b2c\Application\Runtime\Cache\Home\d090bcddd1dd4bf5bf46966926e6635c.php 第 349 行.
NOTIC: [8] Undefined index: p_endtime D:\webserver\wamp64\www\Thinkphp_meddle\b2b2c\Application\Runtime\Cache\Home\d090bcddd1dd4bf5bf46966926e6635c.php 第 356 行.
NOTIC: [8] Undefined index: p_name D:\webserver\wamp64\www\Thinkphp_meddle\b2b2c\Application\Runtime\Cache\Home\d090bcddd1dd4bf5bf46966926e6635c.php 第 368 行.
NOTIC: [8] Undefined index: p_gprice D:\webserver\wamp64\www\Thinkphp_meddle\b2b2c\Application\Runtime\Cache\Home\d090bcddd1dd4bf5bf46966926e6635c.php 第 369 行.
NOTIC: [8] Undefined index: p_id D:\webserver\wamp64\www\Thinkphp_meddle\b2b2c\Application\Runtime\Cache\Home\d090bcddd1dd4bf5bf46966926e6635c.php 第 370 行.
NOTIC: [8] Undefined index: p_endtime D:\webserver\wamp64\www\Thinkphp_meddle\b2b2c\Application\Runtime\Cache\Home\d090bcddd1dd4bf5bf46966926e6635c.php 第 380 行.
NOTIC: [8] Undefined index: p_detailaddr D:\webserver\wamp64\www\Thinkphp_meddle\b2b2c\Application\Runtime\Cache\Home\d090bcddd1dd4bf5bf46966926e6635c.php 第 433 行.
NOTIC: [8] Undefined index: p_mobile D:\webserver\wamp64\www\Thinkphp_meddle\b2b2c\Application\Runtime\Cache\Home\d090bcddd1dd4bf5bf46966926e6635c.php 第 434 行.
NOTIC: [8] Undefined index: p_detailintroduce D:\webserver\wamp64\www\Thinkphp_meddle\b2b2c\Application\Runtime\Cache\Home\d090bcddd1dd4bf5bf46966926e6635c.php 第 439 行.
INFO: Run Behavior\ParseTemplateBehavior [ RunTime:0.074004s ]
INFO: [ view_parse ] --END-- [ RunTime:0.076004s ]
INFO: [ view_filter ] --START--
INFO: Run Behavior\WriteHtmlCacheBehavior [ RunTime:0.001000s ]
INFO: [ view_filter ] --END-- [ RunTime:0.001000s ]
INFO: [ app_end ] --START--
INFO: Run Behavior\ShowPageTraceBehavior [ RunTime:0.002000s ]
INFO: [ app_end ] --END-- [ RunTime:0.002000s ]

[ 2017-08-26T15:34:04+08:00 ] ::1 /Thinkphp_meddle/b2b2c/Home/Index/check_name.html
INFO: [ app_begin ] --START--
INFO: Run Behavior\ReadHtmlCacheBehavior [ RunTime:0.001000s ]
INFO: [ app_begin ] --END-- [ RunTime:0.002000s ]
SQL: SHOW COLUMNS FROM `h_oauth_user` [ RunTime:0.0020s ]
SQL: SELECT * FROM `h_oauth_user` WHERE ( username='' )  [ RunTime:0.0010s ]
INFO: [ app_end ] --START--
INFO: Run Behavior\ShowPageTraceBehavior [ RunTime:0.002000s ]
INFO: [ app_end ] --END-- [ RunTime:0.002000s ]

[ 2017-08-26T15:34:37+08:00 ] ::1 /Thinkphp_meddle/b2b2c/Home/Index/check_name.html
INFO: [ app_begin ] --START--
INFO: Run Behavior\ReadHtmlCacheBehavior [ RunTime:0.002000s ]
INFO: [ app_begin ] --END-- [ RunTime:0.003000s ]
SQL: SHOW COLUMNS FROM `h_oauth_user` [ RunTime:0.0010s ]
SQL: SELECT * FROM `h_oauth_user` WHERE ( username='biubiibiubiu' )  [ RunTime:0.0010s ]
INFO: [ app_end ] --START--
INFO: Run Behavior\ShowPageTraceBehavior [ RunTime:0.002000s ]
INFO: [ app_end ] --END-- [ RunTime:0.002000s ]

[ 2017-08-26T15:34:44+08:00 ] ::1 /Thinkphp_meddle/b2b2c/Home/Index/check_name.html
INFO: [ app_begin ] --START--
INFO: Run Behavior\ReadHtmlCacheBehavior [ RunTime:0.002000s ]
INFO: [ app_begin ] --END-- [ RunTime:0.003000s ]
SQL: SHOW COLUMNS FROM `h_oauth_user` [ RunTime:0.0130s ]
SQL: SELECT * FROM `h_oauth_user` WHERE ( username='biubiubiubiu' )  [ RunTime:0.0670s ]
INFO: [ app_end ] --START--
INFO: Run Behavior\ShowPageTraceBehavior [ RunTime:0.002001s ]
INFO: [ app_end ] --END-- [ RunTime:0.002001s ]

[ 2017-08-26T15:34:48+08:00 ] ::1 /Thinkphp_meddle/b2b2c/Home/Index/verify.html
INFO: [ app_begin ] --START--
INFO: Run Behavior\ReadHtmlCacheBehavior [ RunTime:0.001001s ]
INFO: [ app_begin ] --END-- [ RunTime:0.003001s ]
INFO: [ app_end ] --START--
INFO: Run Behavior\ShowPageTraceBehavior [ RunTime:0.002000s ]
INFO: [ app_end ] --END-- [ RunTime:0.002000s ]

[ 2017-08-26T15:35:03+08:00 ] ::1 /Thinkphp_meddle/b2b2c/Home/Index/check_name.html
INFO: [ app_begin ] --START--
INFO: Run Behavior\ReadHtmlCacheBehavior [ RunTime:0.002000s ]
INFO: [ app_begin ] --END-- [ RunTime:0.003000s ]
SQL: SHOW COLUMNS FROM `h_oauth_user` [ RunTime:0.0100s ]
SQL: SELECT * FROM `h_oauth_user` WHERE ( username='biubiubiubiu' )  [ RunTime:0.0010s ]
INFO: [ app_end ] --START--
INFO: Run Behavior\ShowPageTraceBehavior [ RunTime:0.002000s ]
INFO: [ app_end ] --END-- [ RunTime:0.002000s ]

[ 2017-08-26T15:35:05+08:00 ] ::1 /Thinkphp_meddle/b2b2c/Home/Index/check_name.html
INFO: [ app_begin ] --START--
INFO: Run Behavior\ReadHtmlCacheBehavior [ RunTime:0.001000s ]
INFO: [ app_begin ] --END-- [ RunTime:0.003000s ]
SQL: SHOW COLUMNS FROM `h_oauth_user` [ RunTime:0.0140s ]
SQL: SELECT * FROM `h_oauth_user` WHERE ( username='biubiubiubiu' )  [ RunTime:0.0010s ]
INFO: [ app_end ] --START--
INFO: Run Behavior\ShowPageTraceBehavior [ RunTime:0.002000s ]
INFO: [ app_end ] --END-- [ RunTime:0.002000s ]

[ 2017-08-26T15:35:08+08:00 ] ::1 /Thinkphp_meddle/b2b2c/Home/Index/verify.html
INFO: [ app_begin ] --START--
INFO: Run Behavior\ReadHtmlCacheBehavior [ RunTime:0.001000s ]
INFO: [ app_begin ] --END-- [ RunTime:0.003000s ]
INFO: [ app_end ] --START--
INFO: Run Behavior\ShowPageTraceBehavior [ RunTime:0.001000s ]
INFO: [ app_end ] --END-- [ RunTime:0.002000s ]

[ 2017-08-26T15:36:20+08:00 ] ::1 /Thinkphp_meddle/b2b2c/Home/Index/check_name.html
INFO: [ app_begin ] --START--
INFO: Run Behavior\ReadHtmlCacheBehavior [ RunTime:0.002000s ]
INFO: [ app_begin ] --END-- [ RunTime:0.003000s ]
SQL: SHOW COLUMNS FROM `h_oauth_user` [ RunTime:0.0010s ]
SQL: SELECT * FROM `h_oauth_user` WHERE ( username='biubiubiubiu' )  [ RunTime:0.0010s ]
INFO: [ app_end ] --START--
INFO: Run Behavior\ShowPageTraceBehavior [ RunTime:0.002000s ]
INFO: [ app_end ] --END-- [ RunTime:0.002000s ]

[ 2017-08-26T15:36:22+08:00 ] ::1 /Thinkphp_meddle/b2b2c/Home/Index/verify.html
INFO: [ app_begin ] --START--
INFO: Run Behavior\ReadHtmlCacheBehavior [ RunTime:0.002000s ]
INFO: [ app_begin ] --END-- [ RunTime:0.003001s ]
INFO: [ app_end ] --START--
INFO: Run Behavior\ShowPageTraceBehavior [ RunTime:0.002000s ]
INFO: [ app_end ] --END-- [ RunTime:0.002000s ]

[ 2017-08-26T15:36:42+08:00 ] ::1 /Thinkphp_meddle/b2b2c/Home/Index/check_name.html
INFO: [ app_begin ] --START--
INFO: Run Behavior\ReadHtmlCacheBehavior [ RunTime:0.002000s ]
INFO: [ app_begin ] --END-- [ RunTime:0.003000s ]
SQL: SHOW COLUMNS FROM `h_oauth_user` [ RunTime:0.0150s ]
SQL: SELECT * FROM `h_oauth_user` WHERE ( username='biubiubiubiu' )  [ RunTime:0.0000s ]
INFO: [ app_end ] --START--
INFO: Run Behavior\ShowPageTraceBehavior [ RunTime:0.002000s ]
INFO: [ app_end ] --END-- [ RunTime:0.002000s ]

[ 2017-08-26T15:36:47+08:00 ] ::1 /Thinkphp_meddle/b2b2c/Home/Index/verify.html
INFO: [ app_begin ] --START--
INFO: Run Behavior\ReadHtmlCacheBehavior [ RunTime:0.001000s ]
INFO: [ app_begin ] --END-- [ RunTime:0.003000s ]
INFO: [ app_end ] --START--
INFO: Run Behavior\ShowPageTraceBehavior [ RunTime:0.002000s ]
INFO: [ app_end ] --END-- [ RunTime:0.002000s ]

[ 2017-08-26T15:37:05+08:00 ] ::1 /Thinkphp_meddle/b2b2c/Home/Index/check_name.html
INFO: [ app_begin ] --START--
INFO: Run Behavior\ReadHtmlCacheBehavior [ RunTime:0.002000s ]
INFO: [ app_begin ] --END-- [ RunTime:0.002000s ]
SQL: SHOW COLUMNS FROM `h_oauth_user` [ RunTime:0.0010s ]
SQL: SELECT * FROM `h_oauth_user` WHERE ( username='biubiubiubiu' )  [ RunTime:0.0010s ]
INFO: [ app_end ] --START--
INFO: Run Behavior\ShowPageTraceBehavior [ RunTime:0.002000s ]
INFO: [ app_end ] --END-- [ RunTime:0.002000s ]

[ 2017-08-26T15:37:08+08:00 ] ::1 /Thinkphp_meddle/b2b2c/Home/Index/verify.html
INFO: [ app_begin ] --START--
INFO: Run Behavior\ReadHtmlCacheBehavior [ RunTime:0.002000s ]
INFO: [ app_begin ] --END-- [ RunTime:0.003000s ]
INFO: [ app_end ] --START--
INFO: Run Behavior\ShowPageTraceBehavior [ RunTime:0.002000s ]
INFO: [ app_end ] --END-- [ RunTime:0.002000s ]

[ 2017-08-26T15:40:28+08:00 ] ::1 /Thinkphp_meddle/b2b2c/Home/Index/check_name.html
INFO: [ app_begin ] --START--
INFO: Run Behavior\ReadHtmlCacheBehavior [ RunTime:0.001000s ]
INFO: [ app_begin ] --END-- [ RunTime:0.002000s ]
SQL: SHOW COLUMNS FROM `h_oauth_user` [ RunTime:0.0160s ]
SQL: SELECT * FROM `h_oauth_user` WHERE ( username='asdad' )  [ RunTime:0.0010s ]
INFO: [ app_end ] --START--
INFO: Run Behavior\ShowPageTraceBehavior [ RunTime:0.002000s ]
INFO: [ app_end ] --END-- [ RunTime:0.002000s ]

[ 2017-08-26T15:40:34+08:00 ] ::1 /Thinkphp_meddle/b2b2c/Home/Index/check_name.html
INFO: [ app_begin ] --START--
INFO: Run Behavior\ReadHtmlCacheBehavior [ RunTime:0.001001s ]
INFO: [ app_begin ] --END-- [ RunTime:0.003001s ]
SQL: SHOW COLUMNS FROM `h_oauth_user` [ RunTime:0.0100s ]
SQL: SELECT * FROM `h_oauth_user` WHERE ( username='biubiubiubiu' )  [ RunTime:0.0010s ]
INFO: [ app_end ] --START--
INFO: Run Behavior\ShowPageTraceBehavior [ RunTime:0.002000s ]
INFO: [ app_end ] --END-- [ RunTime:0.003000s ]

[ 2017-08-26T15:40:37+08:00 ] ::1 /Thinkphp_meddle/b2b2c/Home/Index/verify.html
INFO: [ app_begin ] --START--
INFO: Run Behavior\ReadHtmlCacheBehavior [ RunTime:0.002000s ]
INFO: [ app_begin ] --END-- [ RunTime:0.003000s ]
INFO: [ app_end ] --START--
INFO: Run Behavior\ShowPageTraceBehavior [ RunTime:0.002000s ]
INFO: [ app_end ] --END-- [ RunTime:0.002000s ]

[ 2017-08-26T15:41:16+08:00 ] ::1 /Thinkphp_meddle/b2b2c/Home/Index/check_name.html
INFO: [ app_begin ] --START--
INFO: Run Behavior\ReadHtmlCacheBehavior [ RunTime:0.002000s ]
INFO: [ app_begin ] --END-- [ RunTime:0.003000s ]
SQL: SHOW COLUMNS FROM `h_oauth_user` [ RunTime:0.0130s ]
SQL: SELECT * FROM `h_oauth_user` WHERE ( username='biubiubiubiu' )  [ RunTime:0.0010s ]
INFO: [ app_end ] --START--
INFO: Run Behavior\ShowPageTraceBehavior [ RunTime:0.001000s ]
INFO: [ app_end ] --END-- [ RunTime:0.003000s ]

[ 2017-08-26T15:41:19+08:00 ] ::1 /Thinkphp_meddle/b2b2c/Home/Index/verify.html
INFO: [ app_begin ] --START--
INFO: Run Behavior\ReadHtmlCacheBehavior [ RunTime:0.002001s ]
INFO: [ app_begin ] --END-- [ RunTime:0.003001s ]
INFO: [ app_end ] --START--
INFO: Run Behavior\ShowPageTraceBehavior [ RunTime:0.001000s ]
INFO: [ app_end ] --END-- [ RunTime:0.002000s ]

[ 2017-08-26T16:36:11+08:00 ] ::1 /Thinkphp_meddle/b2b2c/Home/Index/order_pay/oid/16.html
ERR: 1048:Column 'o_saluid' cannot be null
 [ SQL语句 ] : INSERT INTO `h_order` (`o_rand`,`o_buildtime`,`o_totalprice`,`o_username`,`o_userid`,`o_saluid`) VALUES ('15037365719860','2017-08-26 16:36:11','0','似水柔情','1',NULL)

[ 2017-08-26T16:41:59+08:00 ] ::1 /Thinkphp_meddle/b2b2c/Home/Index/all.html
ERR: Think\Model:wherewhere方法不存在！

[ 2017-08-26T16:42:11+08:00 ] ::1 /Thinkphp_meddle/b2b2c/Home/Index/all.html
ERR: 1054:Unknown column 'ord.o_userid' in 'where clause'
 [ SQL语句 ] : SELECT * FROM `h_order` WHERE ( ord.o_userid='1' && o_status=0 ) 

