[ 2017-08-23T10:58:55+08:00 ] ::1 /Thinkphp_meddle/b2b2c/Home/index/product_introduce/id/15.html
ERR: 非法操作:product_introduce

[ 2017-08-23T11:05:44+08:00 ] ::1 /Thinkphp_meddle/b2b2c/index.php
ERR: 无法加载控制器:Index

[ 2017-08-23T13:23:44+08:00 ] ::1 /Thinkphp_meddle/b2b2c/Home/Index/%7B:U('Home/Index/check_num')%7D
ERR: 非法操作:{:U('Home

[ 2017-08-23T13:23:47+08:00 ] ::1 /Thinkphp_meddle/b2b2c/Home/Index/%7B:U('Home/Index/check_num/num/0.9903943994061457')%7D
ERR: 非法操作:{:U('Home

[ 2017-08-23T13:23:49+08:00 ] ::1 /Thinkphp_meddle/b2b2c/Home/Index/%7B:U('Home/Index/verify')%7D
INFO: [ app_begin ] --START--
INFO: Run Behavior\ReadHtmlCacheBehavior [ RunTime:0.001001s ]
INFO: [ app_begin ] --END-- [ RunTime:0.003001s ]
ERR: 非法操作:{:U('Home

[ 2017-08-23T13:23:49+08:00 ] ::1 /Thinkphp_meddle/b2b2c/Home/Index/%7B:U('Home/Index/check_num/num/0.5350314523342035')%7D
ERR: 非法操作:{:U('Home

[ 2017-08-23T13:23:54+08:00 ] ::1 /Thinkphp_meddle/b2b2c/Home/Index/%7B:U('Home/Index/verify')%7D
INFO: [ app_begin ] --START--
INFO: Run Behavior\ReadHtmlCacheBehavior [ RunTime:0.001000s ]
INFO: [ app_begin ] --END-- [ RunTime:0.002001s ]
ERR: 非法操作:{:U('Home

[ 2017-08-23T13:23:54+08:00 ] ::1 /Thinkphp_meddle/b2b2c/Home/Index/%7B:U('Home/Index/check_name')%7D
INFO: [ app_begin ] --START--
INFO: Run Behavior\ReadHtmlCacheBehavior [ RunTime:0.001000s ]
INFO: [ app_begin ] --END-- [ RunTime:0.002000s ]
ERR: 非法操作:{:U('Home

[ 2017-08-23T13:23:55+08:00 ] ::1 /Thinkphp_meddle/b2b2c/Home/Index/%7B:U('Home/Index/check_name')%7D
INFO: [ app_begin ] --START--
INFO: Run Behavior\ReadHtmlCacheBehavior [ RunTime:0.002000s ]
INFO: [ app_begin ] --END-- [ RunTime:0.003000s ]
ERR: 非法操作:{:U('Home

[ 2017-08-23T13:23:55+08:00 ] ::1 /Thinkphp_meddle/b2b2c/Home/Index/%7B:U('Home/Index/check_name')%7D
INFO: [ app_begin ] --START--
INFO: Run Behavior\ReadHtmlCacheBehavior [ RunTime:0.002000s ]
INFO: [ app_begin ] --END-- [ RunTime:0.003000s ]
ERR: 非法操作:{:U('Home

[ 2017-08-23T13:23:56+08:00 ] ::1 /Thinkphp_meddle/b2b2c/Home/Index/%7B:U('Home/Index/check_name')%7D
INFO: [ app_begin ] --START--
INFO: Run Behavior\ReadHtmlCacheBehavior [ RunTime:0.001000s ]
INFO: [ app_begin ] --END-- [ RunTime:0.002000s ]
ERR: 非法操作:{:U('Home

[ 2017-08-23T13:23:57+08:00 ] ::1 /Thinkphp_meddle/b2b2c/Home/Index/%7B:U('Home/Index/check_name')%7D
INFO: [ app_begin ] --START--
INFO: Run Behavior\ReadHtmlCacheBehavior [ RunTime:0.002000s ]
INFO: [ app_begin ] --END-- [ RunTime:0.003000s ]
ERR: 非法操作:{:U('Home

[ 2017-08-23T13:23:57+08:00 ] ::1 /Thinkphp_meddle/b2b2c/Home/Index/%7B:U('Home/Index/check_name')%7D
INFO: [ app_begin ] --START--
INFO: Run Behavior\ReadHtmlCacheBehavior [ RunTime:0.002000s ]
INFO: [ app_begin ] --END-- [ RunTime:0.002000s ]
ERR: 非法操作:{:U('Home

[ 2017-08-23T13:24:01+08:00 ] ::1 /Thinkphp_meddle/b2b2c/Home/Index/%7B:U('Home/Index/check_name')%7D
INFO: [ app_begin ] --START--
INFO: Run Behavior\ReadHtmlCacheBehavior [ RunTime:0.002000s ]
INFO: [ app_begin ] --END-- [ RunTime:0.003001s ]
ERR: 非法操作:{:U('Home

[ 2017-08-23T13:24:34+08:00 ] ::1 /Thinkphp_meddle/b2b2c/Home/Index/%7B:U('Home/Index/check_name')%7D
INFO: [ app_begin ] --START--
INFO: Run Behavior\ReadHtmlCacheBehavior [ RunTime:0.001000s ]
INFO: [ app_begin ] --END-- [ RunTime:0.002000s ]
ERR: 非法操作:{:U('Home

[ 2017-08-23T13:25:15+08:00 ] ::1 /Thinkphp_meddle/b2b2c/Home/Index/%7B:U('Home/Index/check_name')%7D
INFO: [ app_begin ] --START--
INFO: Run Behavior\ReadHtmlCacheBehavior [ RunTime:0.002001s ]
INFO: [ app_begin ] --END-- [ RunTime:0.002001s ]
ERR: 非法操作:{:U('Home

[ 2017-08-23T13:25:17+08:00 ] ::1 /Thinkphp_meddle/b2b2c/Home/Index/%7B:U('Home/Index/check_num/num/0.3737077580186481')%7D
ERR: 非法操作:{:U('Home

[ 2017-08-23T13:25:20+08:00 ] ::1 /Thinkphp_meddle/b2b2c/Home/Index/%7B:U('Home/Index/check_num/num/0.8910396760785619')%7D
ERR: 非法操作:{:U('Home

[ 2017-08-23T13:26:23+08:00 ] ::1 /Thinkphp_meddle/b2b2c/Home/Index/%7B:U('Home/Index/check_name')%7D
INFO: [ app_begin ] --START--
INFO: Run Behavior\ReadHtmlCacheBehavior [ RunTime:0.002000s ]
INFO: [ app_begin ] --END-- [ RunTime:0.002000s ]
ERR: 非法操作:{:U('Home

[ 2017-08-23T13:26:23+08:00 ] ::1 /Thinkphp_meddle/b2b2c/Home/Index/%7B:U('Home/Index/check_num/num/0.7206800459465785')%7D
ERR: 非法操作:{:U('Home

[ 2017-08-23T13:27:48+08:00 ] ::1 /Thinkphp_meddle/b2b2c/Home/Index/check_name.html
INFO: [ app_begin ] --START--
INFO: Run Behavior\ReadHtmlCacheBehavior [ RunTime:0.002000s ]
INFO: [ app_begin ] --END-- [ RunTime:0.003000s ]
SQL: SHOW COLUMNS FROM `h_oauth_user` [ RunTime:0.0020s ]
SQL: SELECT * FROM `h_oauth_user` WHERE ( username='erwerw' )  [ RunTime:0.0380s ]
INFO: [ app_end ] --START--
INFO: Run Behavior\ShowPageTraceBehavior [ RunTime:0.002000s ]
INFO: [ app_end ] --END-- [ RunTime:0.002000s ]

[ 2017-08-23T13:28:48+08:00 ] ::1 /Thinkphp_meddle/b2b2c/Home/Index/%3C/Thinkphp_meddle/b2b2c/Home/Index/register.html%3E
ERR: 非法操作:

[ 2017-08-23T13:29:40+08:00 ] ::1 /Thinkphp_meddle/b2b2c/Home/Index/%3C/Thinkphp_meddle/b2b2c/Home/Index/register.html%3E
ERR: 非法操作:

[ 2017-08-23T13:30:18+08:00 ] ::1 /Thinkphp_meddle/b2b2c/Home/Index/%3C/Thinkphp_meddle/b2b2c/Home/Index/register.html%3E
ERR: 非法操作:

[ 2017-08-23T13:30:20+08:00 ] ::1 /Thinkphp_meddle/b2b2c/Home/Index/%3C/Thinkphp_meddle/b2b2c/Home/Index/register.html%3E
ERR: 非法操作:

[ 2017-08-23T13:30:24+08:00 ] ::1 /Thinkphp_meddle/b2b2c/Home/Index/%3C/Thinkphp_meddle/b2b2c/Home/Index/register.html%3E
ERR: 非法操作:

[ 2017-08-23T13:30:36+08:00 ] ::1 /Thinkphp_meddle/b2b2c/Home/Index/%3C/Thinkphp_meddle/b2b2c/Home/Index/register.html%3E
ERR: 非法操作:

[ 2017-08-23T13:30:40+08:00 ] ::1 /Thinkphp_meddle/b2b2c/Home/Index/%3C/Thinkphp_meddle/b2b2c/Home/Index/regist.html%3E
ERR: 非法操作:

[ 2017-08-23T13:31:07+08:00 ] ::1 /Thinkphp_meddle/b2b2c/Home/Index/%3C/Thinkphp_meddle/b2b2c/User/User/makeVerify.html%3E
ERR: 非法操作:

[ 2017-08-23T13:31:18+08:00 ] ::1 /Thinkphp_meddle/b2b2c/Home/Index/%3C/Thinkphp_meddle/b2b2c/User/User/makeVerify.html%3E
ERR: 非法操作:

[ 2017-08-23T13:31:30+08:00 ] ::1 /Thinkphp_meddle/b2b2c/Home/Index/%3C/Thinkphp_meddle/b2b2c/User/User/makeVerify.html%3E
ERR: 非法操作:

[ 2017-08-23T13:43:34+08:00 ] ::1 /Thinkphp_meddle/b2b2c/Home/Index/product.html%3E
ERR: 非法操作:product.html>

[ 2017-08-23T13:48:56+08:00 ] ::1 /Thinkphp_meddle/b2b2c/Home/Index/product.html%3E
ERR: 非法操作:product.html>

[ 2017-08-23T13:55:06+08:00 ] ::1 /Thinkphp_meddle/b2b2c/Home/Index/product.html
ERR: 非法操作:product

[ 2017-08-23T13:59:15+08:00 ] ::1 /Thinkphp_meddle/b2b2c/Home/Index/check_name.html
INFO: [ app_begin ] --START--
INFO: Run Behavior\ReadHtmlCacheBehavior [ RunTime:0.003001s ]
INFO: [ app_begin ] --END-- [ RunTime:0.004001s ]
SQL: SHOW COLUMNS FROM `h_oauth_user` [ RunTime:0.0030s ]
SQL: SELECT * FROM `h_oauth_user` WHERE ( username='biubiubiubiu' )  [ RunTime:0.0010s ]
INFO: [ app_end ] --START--
INFO: Run Behavior\ShowPageTraceBehavior [ RunTime:0.002000s ]
INFO: [ app_end ] --END-- [ RunTime:0.002000s ]

[ 2017-08-23T13:59:19+08:00 ] ::1 /Thinkphp_meddle/b2b2c/Home/Index/verify.html
INFO: [ app_begin ] --START--
INFO: Run Behavior\ReadHtmlCacheBehavior [ RunTime:0.001000s ]
INFO: [ app_begin ] --END-- [ RunTime:0.003000s ]
INFO: [ app_end ] --START--
INFO: Run Behavior\ShowPageTraceBehavior [ RunTime:0.002000s ]
INFO: [ app_end ] --END-- [ RunTime:0.002000s ]

[ 2017-08-23T13:59:20+08:00 ] ::1 /Thinkphp_meddle/b2b2c/Home/Index/verify.html
INFO: [ app_begin ] --START--
INFO: Run Behavior\ReadHtmlCacheBehavior [ RunTime:0.001000s ]
INFO: [ app_begin ] --END-- [ RunTime:0.002000s ]
INFO: [ app_end ] --START--
INFO: Run Behavior\ShowPageTraceBehavior [ RunTime:0.001000s ]
INFO: [ app_end ] --END-- [ RunTime:0.002000s ]

[ 2017-08-23T13:59:24+08:00 ] ::1 /Thinkphp_meddle/b2b2c/Home/Index/verify.html
INFO: [ app_begin ] --START--
INFO: Run Behavior\ReadHtmlCacheBehavior [ RunTime:0.002001s ]
INFO: [ app_begin ] --END-- [ RunTime:0.003001s ]
INFO: [ app_end ] --START--
INFO: Run Behavior\ShowPageTraceBehavior [ RunTime:0.002000s ]
INFO: [ app_end ] --END-- [ RunTime:0.002000s ]

[ 2017-08-23T13:59:33+08:00 ] ::1 /Thinkphp_meddle/b2b2c/Home/Index/check_name.html
INFO: [ app_begin ] --START--
INFO: Run Behavior\ReadHtmlCacheBehavior [ RunTime:0.002000s ]
INFO: [ app_begin ] --END-- [ RunTime:0.003000s ]
SQL: SHOW COLUMNS FROM `h_oauth_user` [ RunTime:0.0010s ]
SQL: SELECT * FROM `h_oauth_user` WHERE ( username='biubiubiubiu' )  [ RunTime:0.0010s ]
INFO: [ app_end ] --START--
INFO: Run Behavior\ShowPageTraceBehavior [ RunTime:0.003000s ]
INFO: [ app_end ] --END-- [ RunTime:0.003000s ]

[ 2017-08-23T13:59:36+08:00 ] ::1 /Thinkphp_meddle/b2b2c/Home/Index/verify.html
INFO: [ app_begin ] --START--
INFO: Run Behavior\ReadHtmlCacheBehavior [ RunTime:0.001000s ]
INFO: [ app_begin ] --END-- [ RunTime:0.002000s ]
INFO: [ app_end ] --START--
INFO: Run Behavior\ShowPageTraceBehavior [ RunTime:0.001000s ]
INFO: [ app_end ] --END-- [ RunTime:0.002000s ]

[ 2017-08-23T13:59:39+08:00 ] ::1 /Thinkphp_meddle/b2b2c/Home/Index/verify.html
INFO: [ app_begin ] --START--
INFO: Run Behavior\ReadHtmlCacheBehavior [ RunTime:0.002000s ]
INFO: [ app_begin ] --END-- [ RunTime:0.004000s ]
INFO: [ app_end ] --START--
INFO: Run Behavior\ShowPageTraceBehavior [ RunTime:0.001000s ]
INFO: [ app_end ] --END-- [ RunTime:0.002000s ]

[ 2017-08-23T15:19:01+08:00 ] ::1 /Thinkphp_meddle/b2b2c/Home/Index/check_name.html
INFO: [ app_begin ] --START--
INFO: Run Behavior\ReadHtmlCacheBehavior [ RunTime:0.001000s ]
INFO: [ app_begin ] --END-- [ RunTime:0.003000s ]
SQL: SHOW COLUMNS FROM `h_oauth_user` [ RunTime:0.0380s ]
SQL: SELECT * FROM `h_oauth_user` WHERE ( username='biubiubiubiu' )  [ RunTime:0.0010s ]
INFO: [ app_end ] --START--
INFO: Run Behavior\ShowPageTraceBehavior [ RunTime:0.002000s ]
INFO: [ app_end ] --END-- [ RunTime:0.002000s ]

[ 2017-08-23T15:19:10+08:00 ] ::1 /Thinkphp_meddle/b2b2c/Home/Index/verify.html
INFO: [ app_begin ] --START--
INFO: Run Behavior\ReadHtmlCacheBehavior [ RunTime:0.002000s ]
INFO: [ app_begin ] --END-- [ RunTime:0.002000s ]
INFO: [ app_end ] --START--
INFO: Run Behavior\ShowPageTraceBehavior [ RunTime:0.002000s ]
INFO: [ app_end ] --END-- [ RunTime:0.002000s ]

[ 2017-08-23T15:39:44+08:00 ] ::1 /Thinkphp_meddle/b2b2c/Home/Index/%3C/Thinkphp_meddle/b2b2c/Comment/Comment/rated.html%3E
ERR: 非法操作:

[ 2017-08-23T15:41:34+08:00 ] ::1 /Thinkphp_meddle/b2b2c/Home/Index/%3C/Thinkphp_meddle/b2b2c/Order/List/all.html%3E
ERR: 非法操作:

[ 2017-08-23T15:41:46+08:00 ] ::1 /Thinkphp_meddle/b2b2c/Home/Index/%3C/Thinkphp_meddle/b2b2c/Order/List/all.html%3E
ERR: 非法操作:

[ 2017-08-23T15:47:29+08:00 ] ::1 /Thinkphp_meddle/b2b2c/Home/Index/%3C/Thinkphp_meddle/b2b2c/Comment/Comment/torate.html%3E
ERR: 非法操作:

[ 2017-08-23T16:28:32+08:00 ] ::1 /Thinkphp_meddle/b2b2c/Home/Index/all.html
ERR: 1054:Unknown column 'o_user_id' in 'where clause'
 [ SQL语句 ] : SELECT * FROM `h_order` WHERE ( o_user_id='1' ) 

[ 2017-08-23T17:30:37+08:00 ] ::1 /Thinkphp_meddle/b2b2c/Home/Index/order_pay/infos/
ERR: 1048:Column 'o_saluid' cannot be null
 [ SQL语句 ] : INSERT INTO `h_order` (`o_rand`,`o_buildtime`,`o_totalprice`,`o_username`,`o_userid`,`o_saluid`) VALUES ('15034806376049','2017-08-23 17:30:37','0','似水柔情','1',NULL)

[ 2017-08-23T17:44:51+08:00 ] ::1 /Thinkphp_meddle/b2b2c/Home/Index/order_pay/oid/131.html
ERR: 1048:Column 'o_saluid' cannot be null
 [ SQL语句 ] : INSERT INTO `h_order` (`o_rand`,`o_buildtime`,`o_totalprice`,`o_username`,`o_userid`,`o_saluid`) VALUES ('15034814912475','2017-08-23 17:44:51','0','似水柔情','1',NULL)

[ 2017-08-23T17:48:29+08:00 ] ::1 /Thinkphp_meddle/b2b2c/Home/Index/order_pay/oid/15.html
ERR: 1048:Column 'o_saluid' cannot be null
 [ SQL语句 ] : INSERT INTO `h_order` (`o_rand`,`o_buildtime`,`o_totalprice`,`o_username`,`o_userid`,`o_saluid`) VALUES ('15034817088278','2017-08-23 17:48:28','0','似水柔情','1',NULL)

[ 2017-08-23T21:01:27+08:00 ] ::1 /Thinkphp_meddle/b2b2c/Home/Index/refund.html
INFO: [ app_begin ] --START--
INFO: Run Behavior\ReadHtmlCacheBehavior [ RunTime:0.003000s ]
INFO: [ app_begin ] --END-- [ RunTime:0.004000s ]
INFO: [ app_end ] --START--
INFO: Run Behavior\ShowPageTraceBehavior [ RunTime:0.001000s ]
INFO: [ app_end ] --END-- [ RunTime:0.001000s ]

[ 2017-08-23T21:07:30+08:00 ] ::1 /Thinkphp_meddle/b2b2c/Home/Index/refund.html
INFO: [ app_begin ] --START--
INFO: Run Behavior\ReadHtmlCacheBehavior [ RunTime:0.004000s ]
INFO: [ app_begin ] --END-- [ RunTime:0.005000s ]
SQL: SHOW COLUMNS FROM `h_order` [ RunTime:0.0010s ]
INFO: [ app_end ] --START--
INFO: Run Behavior\ShowPageTraceBehavior [ RunTime:0.001000s ]
INFO: [ app_end ] --END-- [ RunTime:0.003000s ]

[ 2017-08-23T21:08:13+08:00 ] ::1 /Thinkphp_meddle/b2b2c/Home/Index/refund.html
INFO: [ app_begin ] --START--
INFO: Run Behavior\ReadHtmlCacheBehavior [ RunTime:0.002000s ]
INFO: [ app_begin ] --END-- [ RunTime:0.003001s ]
SQL: SHOW COLUMNS FROM `h_order` [ RunTime:0.0020s ]
INFO: [ app_end ] --START--
INFO: Run Behavior\ShowPageTraceBehavior [ RunTime:0.002000s ]
INFO: [ app_end ] --END-- [ RunTime:0.002000s ]

[ 2017-08-23T21:08:52+08:00 ] ::1 /Thinkphp_meddle/b2b2c/Home/Index/refund.html
INFO: [ app_begin ] --START--
INFO: Run Behavior\ReadHtmlCacheBehavior [ RunTime:0.003001s ]
INFO: [ app_begin ] --END-- [ RunTime:0.006001s ]
SQL: SHOW COLUMNS FROM `h_order` [ RunTime:0.0030s ]
INFO: [ app_end ] --START--
INFO: Run Behavior\ShowPageTraceBehavior [ RunTime:0.002000s ]
INFO: [ app_end ] --END-- [ RunTime:0.003000s ]

[ 2017-08-23T21:09:14+08:00 ] ::1 /Thinkphp_meddle/b2b2c/Home/Index/refund.html
INFO: [ app_begin ] --START--
INFO: Run Behavior\ReadHtmlCacheBehavior [ RunTime:0.003000s ]
INFO: [ app_begin ] --END-- [ RunTime:0.010001s ]
SQL: SHOW COLUMNS FROM `h_order` [ RunTime:0.0010s ]
INFO: [ app_end ] --START--
INFO: Run Behavior\ShowPageTraceBehavior [ RunTime:0.002000s ]
INFO: [ app_end ] --END-- [ RunTime:0.002000s ]

[ 2017-08-23T21:09:40+08:00 ] ::1 /Thinkphp_meddle/b2b2c/Home/Index/refund.html
INFO: [ app_begin ] --START--
INFO: Run Behavior\ReadHtmlCacheBehavior [ RunTime:0.002000s ]
INFO: [ app_begin ] --END-- [ RunTime:0.005001s ]
SQL: SHOW COLUMNS FROM `h_order` [ RunTime:0.0020s ]
SQL: UPDATE `h_order` SET `o_usestatus`='3' WHERE ( o_id='141' ) [ RunTime:0.0020s ]
INFO: [ app_end ] --START--
INFO: Run Behavior\ShowPageTraceBehavior [ RunTime:0.001001s ]
INFO: [ app_end ] --END-- [ RunTime:0.003001s ]

