[ 2017-08-23T10:40:43+08:00 ] ::1 /Thinkphp_meddle/b2b2c/Public/Checkboxes/fonts/glyphicons-halflings-regular.woff2
ERR: 无法加载模块:Public

[ 2017-08-23T10:40:43+08:00 ] ::1 /Thinkphp_meddle/b2b2c/Public/Checkboxes/fonts/glyphicons-halflings-regular.woff
ERR: 无法加载模块:Public

[ 2017-08-23T10:40:43+08:00 ] ::1 /Thinkphp_meddle/b2b2c/Public/Checkboxes/fonts/glyphicons-halflings-regular.ttf
ERR: 无法加载模块:Public

[ 2017-08-23T10:43:32+08:00 ] ::1 /Thinkphp_meddle/b2b2c/Public/Checkboxes/fonts/glyphicons-halflings-regular.woff2
ERR: 无法加载模块:Public

[ 2017-08-23T10:43:32+08:00 ] ::1 /Thinkphp_meddle/b2b2c/Public/Checkboxes/fonts/glyphicons-halflings-regular.woff
ERR: 无法加载模块:Public

[ 2017-08-23T10:43:32+08:00 ] ::1 /Thinkphp_meddle/b2b2c/Public/Checkboxes/fonts/glyphicons-halflings-regular.ttf
ERR: 无法加载模块:Public

[ 2017-08-23T11:01:04+08:00 ] ::1 /Thinkphp_meddle/b2b2c/Public/js/jquery-3.2.1.min.js
ERR: 无法加载模块:Public

[ 2017-08-23T11:01:04+08:00 ] ::1 /Thinkphp_meddle/b2b2c/Public/css/header.css
ERR: 无法加载模块:Public

[ 2017-08-23T11:01:04+08:00 ] ::1 /Thinkphp_meddle/b2b2c/Public/pic/coin.jpg
ERR: 无法加载模块:Public

[ 2017-08-23T11:01:04+08:00 ] ::1 /Thinkphp_meddle/b2b2c/Public/pic/meituan.jpg
ERR: 无法加载模块:Public

[ 2017-08-23T11:01:05+08:00 ] ::1 /Thinkphp_meddle/b2b2c/Public/pic/code2.jpg
ERR: 无法加载模块:Public

[ 2017-08-23T11:01:05+08:00 ] ::1 /Thinkphp_meddle/b2b2c/Public/pic/goods2.jpg
ERR: 无法加载模块:Public

[ 2017-08-23T11:01:05+08:00 ] ::1 /Thinkphp_meddle/b2b2c/Public/pic/goods1.jpg
ERR: 无法加载模块:Public

[ 2017-08-23T11:01:05+08:00 ] ::1 /Thinkphp_meddle/b2b2c/Public/pic/code3.jpg
ERR: 无法加载模块:Public

[ 2017-08-23T11:01:05+08:00 ] ::1 /Thinkphp_meddle/b2b2c/Public/fonts/glyphicons-halflings-regular.woff2
ERR: 无法加载模块:Public

[ 2017-08-23T11:01:05+08:00 ] ::1 /Thinkphp_meddle/b2b2c/Public/fonts/glyphicons-halflings-regular.woff
ERR: 无法加载模块:Public

[ 2017-08-23T11:01:05+08:00 ] ::1 /Thinkphp_meddle/b2b2c/Public/fonts/glyphicons-halflings-regular.ttf
ERR: 无法加载模块:Public

[ 2017-08-23T11:03:14+08:00 ] ::1 /Thinkphp_meddle/b2b2c/Public/css/header.css
ERR: 无法加载模块:Public

[ 2017-08-23T11:03:15+08:00 ] ::1 /Thinkphp_meddle/b2b2c/Public/pic/meituan.jpg
ERR: 无法加载模块:Public

[ 2017-08-23T11:03:15+08:00 ] ::1 /Thinkphp_meddle/b2b2c/Public/pic/code2.jpg
ERR: 无法加载模块:Public

[ 2017-08-23T11:03:15+08:00 ] ::1 /Thinkphp_meddle/b2b2c/Public/pic/goods2.jpg
ERR: 无法加载模块:Public

[ 2017-08-23T11:03:15+08:00 ] ::1 /Thinkphp_meddle/b2b2c/Public/pic/goods1.jpg
ERR: 无法加载模块:Public

[ 2017-08-23T11:03:15+08:00 ] ::1 /Thinkphp_meddle/b2b2c/Public/pic/code3.jpg
ERR: 无法加载模块:Public

[ 2017-08-23T11:03:15+08:00 ] ::1 /Thinkphp_meddle/b2b2c/Public/fonts/glyphicons-halflings-regular.woff2
ERR: 无法加载模块:Public

[ 2017-08-23T11:03:15+08:00 ] ::1 /Thinkphp_meddle/b2b2c/Public/fonts/glyphicons-halflings-regular.woff
ERR: 无法加载模块:Public

[ 2017-08-23T11:03:15+08:00 ] ::1 /Thinkphp_meddle/b2b2c/Public/fonts/glyphicons-halflings-regular.ttf
ERR: 无法加载模块:Public

[ 2017-08-23T11:03:17+08:00 ] ::1 /Thinkphp_meddle/b2b2c/Public/css/header.css
ERR: 无法加载模块:Public

[ 2017-08-23T11:03:17+08:00 ] ::1 /Thinkphp_meddle/b2b2c/Public/pic/meituan.jpg
ERR: 无法加载模块:Public

[ 2017-08-23T11:03:17+08:00 ] ::1 /Thinkphp_meddle/b2b2c/Public/pic/goods1.jpg
ERR: 无法加载模块:Public

[ 2017-08-23T11:03:17+08:00 ] ::1 /Thinkphp_meddle/b2b2c/Public/pic/code3.jpg
ERR: 无法加载模块:Public

[ 2017-08-23T11:03:17+08:00 ] ::1 /Thinkphp_meddle/b2b2c/Public/pic/goods2.jpg
ERR: 无法加载模块:Public

[ 2017-08-23T11:03:17+08:00 ] ::1 /Thinkphp_meddle/b2b2c/Public/pic/code2.jpg
ERR: 无法加载模块:Public

[ 2017-08-23T11:03:17+08:00 ] ::1 /Thinkphp_meddle/b2b2c/Public/fonts/glyphicons-halflings-regular.woff2
ERR: 无法加载模块:Public

[ 2017-08-23T11:03:17+08:00 ] ::1 /Thinkphp_meddle/b2b2c/Public/fonts/glyphicons-halflings-regular.woff
ERR: 无法加载模块:Public

[ 2017-08-23T11:03:17+08:00 ] ::1 /Thinkphp_meddle/b2b2c/Public/fonts/glyphicons-halflings-regular.ttf
ERR: 无法加载模块:Public

[ 2017-08-23T11:03:19+08:00 ] ::1 /Thinkphp_meddle/b2b2c/Public/pic/meituan.jpg
ERR: 无法加载模块:Public

[ 2017-08-23T11:03:19+08:00 ] ::1 /Thinkphp_meddle/b2b2c/Public/css/header.css
ERR: 无法加载模块:Public

[ 2017-08-23T11:03:19+08:00 ] ::1 /Thinkphp_meddle/b2b2c/Public/pic/code2.jpg
ERR: 无法加载模块:Public

[ 2017-08-23T11:03:19+08:00 ] ::1 /Thinkphp_meddle/b2b2c/Public/pic/goods1.jpg
ERR: 无法加载模块:Public

[ 2017-08-23T11:03:19+08:00 ] ::1 /Thinkphp_meddle/b2b2c/Public/pic/goods2.jpg
ERR: 无法加载模块:Public

[ 2017-08-23T11:03:19+08:00 ] ::1 /Thinkphp_meddle/b2b2c/Public/pic/code3.jpg
ERR: 无法加载模块:Public

[ 2017-08-23T11:03:19+08:00 ] ::1 /Thinkphp_meddle/b2b2c/Public/fonts/glyphicons-halflings-regular.woff2
ERR: 无法加载模块:Public

[ 2017-08-23T11:03:19+08:00 ] ::1 /Thinkphp_meddle/b2b2c/Public/fonts/glyphicons-halflings-regular.woff
ERR: 无法加载模块:Public

[ 2017-08-23T11:03:19+08:00 ] ::1 /Thinkphp_meddle/b2b2c/Public/fonts/glyphicons-halflings-regular.ttf
ERR: 无法加载模块:Public

[ 2017-08-23T11:09:58+08:00 ] ::1 /Thinkphp_meddle/b2b2c/Public/css/header.css
ERR: 无法加载模块:Public

[ 2017-08-23T11:09:58+08:00 ] ::1 /Thinkphp_meddle/b2b2c/Public/pic/coin.jpg
ERR: 无法加载模块:Public

[ 2017-08-23T11:09:58+08:00 ] ::1 /Thinkphp_meddle/b2b2c/Public/pic/meituan.jpg
ERR: 无法加载模块:Public

[ 2017-08-23T11:09:58+08:00 ] ::1 /Thinkphp_meddle/b2b2c/Public/fonts/glyphicons-halflings-regular.woff2
ERR: 无法加载模块:Public

[ 2017-08-23T11:09:59+08:00 ] ::1 /Thinkphp_meddle/b2b2c/Public/pic/goods1.jpg
ERR: 无法加载模块:Public

[ 2017-08-23T11:09:59+08:00 ] ::1 /Thinkphp_meddle/b2b2c/Public/js/jquery-3.2.1.min.js
ERR: 无法加载模块:Public

[ 2017-08-23T11:09:59+08:00 ] ::1 /Thinkphp_meddle/b2b2c/Public/fonts/glyphicons-halflings-regular.woff
ERR: 无法加载模块:Public

[ 2017-08-23T11:09:59+08:00 ] ::1 /Thinkphp_meddle/b2b2c/Public/pic/code2.jpg
ERR: 无法加载模块:Public

[ 2017-08-23T11:09:59+08:00 ] ::1 /Thinkphp_meddle/b2b2c/Public/pic/goods2.jpg
ERR: 无法加载模块:Public

[ 2017-08-23T11:09:59+08:00 ] ::1 /Thinkphp_meddle/b2b2c/Public/pic/code3.jpg
ERR: 无法加载模块:Public

[ 2017-08-23T11:09:59+08:00 ] ::1 /Thinkphp_meddle/b2b2c/Public/fonts/glyphicons-halflings-regular.ttf
ERR: 无法加载模块:Public

[ 2017-08-23T11:10:06+08:00 ] ::1 /Thinkphp_meddle/b2b2c/Public/Checkboxes/fonts/glyphicons-halflings-regular.woff2
ERR: 无法加载模块:Public

[ 2017-08-23T11:10:06+08:00 ] ::1 /Thinkphp_meddle/b2b2c/Public/Checkboxes/fonts/glyphicons-halflings-regular.woff
ERR: 无法加载模块:Public

[ 2017-08-23T11:10:06+08:00 ] ::1 /Thinkphp_meddle/b2b2c/Public/Checkboxes/fonts/glyphicons-halflings-regular.ttf
ERR: 无法加载模块:Public

[ 2017-08-23T11:10:23+08:00 ] ::1 /Thinkphp_meddle/b2b2c/Public/Checkboxes/fonts/glyphicons-halflings-regular.woff2
ERR: 无法加载模块:Public

[ 2017-08-23T11:10:23+08:00 ] ::1 /Thinkphp_meddle/b2b2c/Public/Checkboxes/fonts/glyphicons-halflings-regular.woff
ERR: 无法加载模块:Public

[ 2017-08-23T11:10:23+08:00 ] ::1 /Thinkphp_meddle/b2b2c/Public/Checkboxes/fonts/glyphicons-halflings-regular.ttf
ERR: 无法加载模块:Public

[ 2017-08-23T11:12:31+08:00 ] ::1 /Thinkphp_meddle/b2b2c/Public/js/jquery-3.2.1.min.js
ERR: 无法加载模块:Public

[ 2017-08-23T11:12:31+08:00 ] ::1 /Thinkphp_meddle/b2b2c/Public/css/header.css
ERR: 无法加载模块:Public

[ 2017-08-23T11:12:31+08:00 ] ::1 /Thinkphp_meddle/b2b2c/Public/pic/goods1.jpg
ERR: 无法加载模块:Public

[ 2017-08-23T11:12:31+08:00 ] ::1 /Thinkphp_meddle/b2b2c/Public/pic/code2.jpg
ERR: 无法加载模块:Public

[ 2017-08-23T11:12:32+08:00 ] ::1 /Thinkphp_meddle/b2b2c/Public/pic/code3.jpg
ERR: 无法加载模块:Public

[ 2017-08-23T11:12:32+08:00 ] ::1 /Thinkphp_meddle/b2b2c/Public/pic/goods2.jpg
ERR: 无法加载模块:Public

[ 2017-08-23T11:12:32+08:00 ] ::1 /Thinkphp_meddle/b2b2c/Public/pic/coin.jpg
ERR: 无法加载模块:Public

[ 2017-08-23T11:12:32+08:00 ] ::1 /Thinkphp_meddle/b2b2c/Public/pic/meituan.jpg
ERR: 无法加载模块:Public

[ 2017-08-23T11:12:32+08:00 ] ::1 /Thinkphp_meddle/b2b2c/Public/fonts/glyphicons-halflings-regular.woff2
ERR: 无法加载模块:Public

[ 2017-08-23T11:12:32+08:00 ] ::1 /Thinkphp_meddle/b2b2c/Public/fonts/glyphicons-halflings-regular.woff
ERR: 无法加载模块:Public

[ 2017-08-23T11:12:32+08:00 ] ::1 /Thinkphp_meddle/b2b2c/Public/fonts/glyphicons-halflings-regular.ttf
ERR: 无法加载模块:Public

[ 2017-08-23T11:13:48+08:00 ] ::1 /Thinkphp_meddle/b2b2c/Public/css/header.css
ERR: 无法加载模块:Public

[ 2017-08-23T11:13:48+08:00 ] ::1 /Thinkphp_meddle/b2b2c/Public/pic/meituan.jpg
ERR: 无法加载模块:Public

[ 2017-08-23T11:13:48+08:00 ] ::1 /Thinkphp_meddle/b2b2c/Public/pic/code2.jpg
ERR: 无法加载模块:Public

[ 2017-08-23T11:13:48+08:00 ] ::1 /Thinkphp_meddle/b2b2c/Public/pic/code3.jpg
ERR: 无法加载模块:Public

[ 2017-08-23T11:13:48+08:00 ] ::1 /Thinkphp_meddle/b2b2c/Public/pic/goods2.jpg
ERR: 无法加载模块:Public

[ 2017-08-23T11:13:48+08:00 ] ::1 /Thinkphp_meddle/b2b2c/Public/pic/goods1.jpg
ERR: 无法加载模块:Public

[ 2017-08-23T11:13:48+08:00 ] ::1 /Thinkphp_meddle/b2b2c/Public/fonts/glyphicons-halflings-regular.woff2
ERR: 无法加载模块:Public

[ 2017-08-23T11:13:48+08:00 ] ::1 /Thinkphp_meddle/b2b2c/Public/fonts/glyphicons-halflings-regular.woff
ERR: 无法加载模块:Public

[ 2017-08-23T11:13:49+08:00 ] ::1 /Thinkphp_meddle/b2b2c/Public/fonts/glyphicons-halflings-regular.ttf
ERR: 无法加载模块:Public

[ 2017-08-23T11:14:38+08:00 ] ::1 /Thinkphp_meddle/b2b2c/Public/css/header.css
ERR: 无法加载模块:Public

[ 2017-08-23T11:14:38+08:00 ] ::1 /Thinkphp_meddle/b2b2c/Public/pic/meituan.jpg
ERR: 无法加载模块:Public

[ 2017-08-23T11:14:38+08:00 ] ::1 /Thinkphp_meddle/b2b2c/Public/fonts/glyphicons-halflings-regular.woff2
ERR: 无法加载模块:Public

[ 2017-08-23T11:14:39+08:00 ] ::1 /Thinkphp_meddle/b2b2c/Public/fonts/glyphicons-halflings-regular.woff
ERR: 无法加载模块:Public

[ 2017-08-23T11:14:39+08:00 ] ::1 /Thinkphp_meddle/b2b2c/Public/fonts/glyphicons-halflings-regular.ttf
ERR: 无法加载模块:Public

[ 2017-08-23T11:16:20+08:00 ] ::1 /Thinkphp_meddle/b2b2c/Public/pic/meituan.jpg
ERR: 无法加载模块:Public

[ 2017-08-23T11:16:20+08:00 ] ::1 /Thinkphp_meddle/b2b2c/Public/css/header.css
ERR: 无法加载模块:Public

[ 2017-08-23T11:16:20+08:00 ] ::1 /Thinkphp_meddle/b2b2c/Public/fonts/glyphicons-halflings-regular.woff2
ERR: 无法加载模块:Public

[ 2017-08-23T11:16:20+08:00 ] ::1 /Thinkphp_meddle/b2b2c/Public/fonts/glyphicons-halflings-regular.woff
ERR: 无法加载模块:Public

[ 2017-08-23T11:16:20+08:00 ] ::1 /Thinkphp_meddle/b2b2c/Public/fonts/glyphicons-halflings-regular.ttf
ERR: 无法加载模块:Public

[ 2017-08-23T11:16:24+08:00 ] ::1 /Thinkphp_meddle/b2b2c/User/User/logout.html
ERR: 无法加载模块:User

[ 2017-08-23T11:17:04+08:00 ] ::1 /Thinkphp_meddle/b2b2c/Public/css/header.css
ERR: 无法加载模块:Public

[ 2017-08-23T11:17:04+08:00 ] ::1 /Thinkphp_meddle/b2b2c/Public/pic/meituan.jpg
ERR: 无法加载模块:Public

[ 2017-08-23T11:17:04+08:00 ] ::1 /Thinkphp_meddle/b2b2c/Public/fonts/glyphicons-halflings-regular.woff2
ERR: 无法加载模块:Public

[ 2017-08-23T11:17:04+08:00 ] ::1 /Thinkphp_meddle/b2b2c/Public/fonts/glyphicons-halflings-regular.woff
ERR: 无法加载模块:Public

[ 2017-08-23T11:17:04+08:00 ] ::1 /Thinkphp_meddle/b2b2c/Public/fonts/glyphicons-halflings-regular.ttf
ERR: 无法加载模块:Public

[ 2017-08-23T11:17:08+08:00 ] ::1 /Thinkphp_meddle/b2b2c/Order/List/all.html
ERR: 无法加载模块:Order

[ 2017-08-23T11:17:33+08:00 ] ::1 /Thinkphp_meddle/b2b2c/Public/css/header.css
ERR: 无法加载模块:Public

[ 2017-08-23T11:17:33+08:00 ] ::1 /Thinkphp_meddle/b2b2c/Public/pic/meituan.jpg
ERR: 无法加载模块:Public

[ 2017-08-23T11:17:33+08:00 ] ::1 /Thinkphp_meddle/b2b2c/Public/fonts/glyphicons-halflings-regular.woff2
ERR: 无法加载模块:Public

[ 2017-08-23T11:17:33+08:00 ] ::1 /Thinkphp_meddle/b2b2c/Public/fonts/glyphicons-halflings-regular.woff
ERR: 无法加载模块:Public

[ 2017-08-23T11:17:33+08:00 ] ::1 /Thinkphp_meddle/b2b2c/Public/fonts/glyphicons-halflings-regular.ttf
ERR: 无法加载模块:Public

[ 2017-08-23T11:18:08+08:00 ] ::1 /Thinkphp_meddle/b2b2c/Public/css/header.css
ERR: 无法加载模块:Public

[ 2017-08-23T11:18:08+08:00 ] ::1 /Thinkphp_meddle/b2b2c/Public/pic/meituan.jpg
ERR: 无法加载模块:Public

[ 2017-08-23T11:18:09+08:00 ] ::1 /Thinkphp_meddle/b2b2c/Public/fonts/glyphicons-halflings-regular.woff2
ERR: 无法加载模块:Public

[ 2017-08-23T11:18:09+08:00 ] ::1 /Thinkphp_meddle/b2b2c/Public/fonts/glyphicons-halflings-regular.woff
ERR: 无法加载模块:Public

[ 2017-08-23T11:18:09+08:00 ] ::1 /Thinkphp_meddle/b2b2c/Public/fonts/glyphicons-halflings-regular.ttf
ERR: 无法加载模块:Public

[ 2017-08-23T11:18:11+08:00 ] ::1 /Thinkphp_meddle/b2b2c/Order/List/all.html
ERR: 无法加载模块:Order

[ 2017-08-23T11:18:49+08:00 ] ::1 /Thinkphp_meddle/b2b2c/Order/List/all.html
ERR: 无法加载模块:Order

[ 2017-08-23T11:19:24+08:00 ] ::1 /Thinkphp_meddle/b2b2c/Order/List/all.html
ERR: 无法加载模块:Order

[ 2017-08-23T11:19:27+08:00 ] ::1 /Thinkphp_meddle/b2b2c/Public/pic/meituan.jpg
ERR: 无法加载模块:Public

[ 2017-08-23T11:19:27+08:00 ] ::1 /Thinkphp_meddle/b2b2c/Public/css/header.css
ERR: 无法加载模块:Public

[ 2017-08-23T11:19:27+08:00 ] ::1 /Thinkphp_meddle/b2b2c/Public/fonts/glyphicons-halflings-regular.woff2
ERR: 无法加载模块:Public

[ 2017-08-23T11:19:28+08:00 ] ::1 /Thinkphp_meddle/b2b2c/Public/fonts/glyphicons-halflings-regular.woff
ERR: 无法加载模块:Public

[ 2017-08-23T11:19:28+08:00 ] ::1 /Thinkphp_meddle/b2b2c/Public/fonts/glyphicons-halflings-regular.ttf
ERR: 无法加载模块:Public

[ 2017-08-23T11:19:31+08:00 ] ::1 /Thinkphp_meddle/b2b2c/Public/pic/meituan.jpg
ERR: 无法加载模块:Public

[ 2017-08-23T11:19:31+08:00 ] ::1 /Thinkphp_meddle/b2b2c/Public/css/header.css
ERR: 无法加载模块:Public

[ 2017-08-23T11:19:31+08:00 ] ::1 /Thinkphp_meddle/b2b2c/Public/fonts/glyphicons-halflings-regular.woff2
ERR: 无法加载模块:Public

[ 2017-08-23T11:19:31+08:00 ] ::1 /Thinkphp_meddle/b2b2c/Public/fonts/glyphicons-halflings-regular.woff
ERR: 无法加载模块:Public

[ 2017-08-23T11:19:31+08:00 ] ::1 /Thinkphp_meddle/b2b2c/Public/fonts/glyphicons-halflings-regular.ttf
ERR: 无法加载模块:Public

[ 2017-08-23T11:20:34+08:00 ] ::1 /Thinkphp_meddle/b2b2c/Public/pic/meituan.jpg
ERR: 无法加载模块:Public

[ 2017-08-23T11:20:34+08:00 ] ::1 /Thinkphp_meddle/b2b2c/Public/css/header.css
ERR: 无法加载模块:Public

[ 2017-08-23T11:20:34+08:00 ] ::1 /Thinkphp_meddle/b2b2c/Public/fonts/glyphicons-halflings-regular.woff2
ERR: 无法加载模块:Public

[ 2017-08-23T11:20:34+08:00 ] ::1 /Thinkphp_meddle/b2b2c/Public/fonts/glyphicons-halflings-regular.woff
ERR: 无法加载模块:Public

[ 2017-08-23T11:20:34+08:00 ] ::1 /Thinkphp_meddle/b2b2c/Public/fonts/glyphicons-halflings-regular.ttf
ERR: 无法加载模块:Public

[ 2017-08-23T11:20:49+08:00 ] ::1 /Thinkphp_meddle/b2b2c/Public/css/header.css
ERR: 无法加载模块:Public

[ 2017-08-23T11:20:49+08:00 ] ::1 /Thinkphp_meddle/b2b2c/Public/pic/meituan.jpg
ERR: 无法加载模块:Public

[ 2017-08-23T11:20:49+08:00 ] ::1 /Thinkphp_meddle/b2b2c/Public/fonts/glyphicons-halflings-regular.woff2
ERR: 无法加载模块:Public

[ 2017-08-23T11:20:49+08:00 ] ::1 /Thinkphp_meddle/b2b2c/Public/fonts/glyphicons-halflings-regular.woff
ERR: 无法加载模块:Public

[ 2017-08-23T11:20:49+08:00 ] ::1 /Thinkphp_meddle/b2b2c/Public/fonts/glyphicons-halflings-regular.ttf
ERR: 无法加载模块:Public

[ 2017-08-23T11:20:51+08:00 ] ::1 /Thinkphp_meddle/b2b2c/Product/Product/product.html
ERR: 无法加载模块:Product

[ 2017-08-23T11:21:13+08:00 ] ::1 /Thinkphp_meddle/b2b2c/Public/pic/meituan.jpg
ERR: 无法加载模块:Public

[ 2017-08-23T11:21:13+08:00 ] ::1 /Thinkphp_meddle/b2b2c/Public/css/header.css
ERR: 无法加载模块:Public

[ 2017-08-23T11:21:14+08:00 ] ::1 /Thinkphp_meddle/b2b2c/Public/fonts/glyphicons-halflings-regular.woff2
ERR: 无法加载模块:Public

[ 2017-08-23T11:21:14+08:00 ] ::1 /Thinkphp_meddle/b2b2c/Public/fonts/glyphicons-halflings-regular.woff
ERR: 无法加载模块:Public

[ 2017-08-23T11:21:14+08:00 ] ::1 /Thinkphp_meddle/b2b2c/Public/fonts/glyphicons-halflings-regular.ttf
ERR: 无法加载模块:Public

[ 2017-08-23T11:21:15+08:00 ] ::1 /Thinkphp_meddle/b2b2c/Order/List/all.html
ERR: 无法加载模块:Order

[ 2017-08-23T13:07:53+08:00 ] ::1 /Thinkphp_meddle/b2b2c/Public/pic/goods2.jpg
ERR: 无法加载模块:Public

[ 2017-08-23T13:07:53+08:00 ] ::1 /Thinkphp_meddle/b2b2c/Public/pic/code3.jpg
ERR: 无法加载模块:Public

[ 2017-08-23T13:07:53+08:00 ] ::1 /Thinkphp_meddle/b2b2c/Public/pic/code2.jpg
ERR: 无法加载模块:Public

[ 2017-08-23T13:07:53+08:00 ] ::1 /Thinkphp_meddle/b2b2c/Public/pic/goods1.jpg
ERR: 无法加载模块:Public

[ 2017-08-23T13:09:12+08:00 ] ::1 /Thinkphp_meddle/b2b2c/Public/pic/goods1.jpg
ERR: 无法加载模块:Public

[ 2017-08-23T13:09:12+08:00 ] ::1 /Thinkphp_meddle/b2b2c/Public/pic/code3.jpg
ERR: 无法加载模块:Public

[ 2017-08-23T13:09:13+08:00 ] ::1 /Thinkphp_meddle/b2b2c/Public/pic/code2.jpg
ERR: 无法加载模块:Public

[ 2017-08-23T13:09:13+08:00 ] ::1 /Thinkphp_meddle/b2b2c/Public/pic/goods2.jpg
ERR: 无法加载模块:Public

[ 2017-08-23T13:11:38+08:00 ] ::1 /Thinkphp_meddle/b2b2c/Public/css/header.css
ERR: 无法加载模块:Public

[ 2017-08-23T13:11:38+08:00 ] ::1 /Thinkphp_meddle/b2b2c/Public/js/jquery-3.2.1.min.js
ERR: 无法加载模块:Public

[ 2017-08-23T13:11:38+08:00 ] ::1 /Thinkphp_meddle/b2b2c/Public/pic/meituan.jpg
ERR: 无法加载模块:Public

[ 2017-08-23T13:11:38+08:00 ] ::1 /Thinkphp_meddle/b2b2c/Public/pic/code3.jpg
ERR: 无法加载模块:Public

[ 2017-08-23T13:11:38+08:00 ] ::1 /Thinkphp_meddle/b2b2c/Public/pic/code2.jpg
ERR: 无法加载模块:Public

[ 2017-08-23T13:11:38+08:00 ] ::1 /Thinkphp_meddle/b2b2c/Public/pic/coin.jpg
ERR: 无法加载模块:Public

[ 2017-08-23T13:11:38+08:00 ] ::1 /Thinkphp_meddle/b2b2c/Public/fonts/glyphicons-halflings-regular.woff2
ERR: 无法加载模块:Public

[ 2017-08-23T13:11:38+08:00 ] ::1 /Thinkphp_meddle/b2b2c/Public/pic/goods2.jpg
ERR: 无法加载模块:Public

[ 2017-08-23T13:11:38+08:00 ] ::1 /Thinkphp_meddle/b2b2c/Public/pic/goods1.jpg
ERR: 无法加载模块:Public

[ 2017-08-23T13:11:39+08:00 ] ::1 /Thinkphp_meddle/b2b2c/Public/fonts/glyphicons-halflings-regular.woff
ERR: 无法加载模块:Public

[ 2017-08-23T13:11:39+08:00 ] ::1 /Thinkphp_meddle/b2b2c/Public/fonts/glyphicons-halflings-regular.ttf
ERR: 无法加载模块:Public

[ 2017-08-23T13:12:15+08:00 ] ::1 /Thinkphp_meddle/b2b2c/Public/js/jquery-3.2.1.min.js
ERR: 无法加载模块:Public

[ 2017-08-23T13:12:15+08:00 ] ::1 /Thinkphp_meddle/b2b2c/Public/css/header.css
ERR: 无法加载模块:Public

[ 2017-08-23T13:12:15+08:00 ] ::1 /Thinkphp_meddle/b2b2c/Public/pic/coin.jpg
ERR: 无法加载模块:Public

[ 2017-08-23T13:12:15+08:00 ] ::1 /Thinkphp_meddle/b2b2c/Public/pic/goods1.jpg
ERR: 无法加载模块:Public

[ 2017-08-23T13:12:15+08:00 ] ::1 /Thinkphp_meddle/b2b2c/Public/pic/code2.jpg
ERR: 无法加载模块:Public

[ 2017-08-23T13:12:15+08:00 ] ::1 /Thinkphp_meddle/b2b2c/Public/pic/code3.jpg
ERR: 无法加载模块:Public

[ 2017-08-23T13:12:15+08:00 ] ::1 /Thinkphp_meddle/b2b2c/Public/pic/meituan.jpg
ERR: 无法加载模块:Public

[ 2017-08-23T13:12:15+08:00 ] ::1 /Thinkphp_meddle/b2b2c/Public/fonts/glyphicons-halflings-regular.woff2
ERR: 无法加载模块:Public

[ 2017-08-23T13:12:15+08:00 ] ::1 /Thinkphp_meddle/b2b2c/Public/pic/goods2.jpg
ERR: 无法加载模块:Public

[ 2017-08-23T13:12:16+08:00 ] ::1 /Thinkphp_meddle/b2b2c/Public/fonts/glyphicons-halflings-regular.woff
ERR: 无法加载模块:Public

[ 2017-08-23T13:12:16+08:00 ] ::1 /Thinkphp_meddle/b2b2c/Public/fonts/glyphicons-halflings-regular.ttf
ERR: 无法加载模块:Public

[ 2017-08-23T13:12:17+08:00 ] ::1 /Thinkphp_meddle/b2b2c/Public/pic/meituan.jpg
ERR: 无法加载模块:Public

[ 2017-08-23T13:12:17+08:00 ] ::1 /Thinkphp_meddle/b2b2c/Public/css/header.css
ERR: 无法加载模块:Public

[ 2017-08-23T13:12:17+08:00 ] ::1 /Thinkphp_meddle/b2b2c/Public/js/jquery-3.2.1.min.js
ERR: 无法加载模块:Public

[ 2017-08-23T13:12:17+08:00 ] ::1 /Thinkphp_meddle/b2b2c/Public/pic/goods1.jpg
ERR: 无法加载模块:Public

[ 2017-08-23T13:12:17+08:00 ] ::1 /Thinkphp_meddle/b2b2c/Public/pic/coin.jpg
ERR: 无法加载模块:Public

[ 2017-08-23T13:12:17+08:00 ] ::1 /Thinkphp_meddle/b2b2c/Public/pic/code3.jpg
ERR: 无法加载模块:Public

[ 2017-08-23T13:12:17+08:00 ] ::1 /Thinkphp_meddle/b2b2c/Public/pic/code2.jpg
ERR: 无法加载模块:Public

[ 2017-08-23T13:12:17+08:00 ] ::1 /Thinkphp_meddle/b2b2c/Public/fonts/glyphicons-halflings-regular.woff2
ERR: 无法加载模块:Public

[ 2017-08-23T13:12:17+08:00 ] ::1 /Thinkphp_meddle/b2b2c/Public/pic/goods2.jpg
ERR: 无法加载模块:Public

[ 2017-08-23T13:12:17+08:00 ] ::1 /Thinkphp_meddle/b2b2c/Public/fonts/glyphicons-halflings-regular.woff
ERR: 无法加载模块:Public

[ 2017-08-23T13:12:17+08:00 ] ::1 /Thinkphp_meddle/b2b2c/Public/fonts/glyphicons-halflings-regular.ttf
ERR: 无法加载模块:Public

[ 2017-08-23T13:12:19+08:00 ] ::1 /Thinkphp_meddle/b2b2c/Public/js/jquery-3.2.1.min.js
ERR: 无法加载模块:Public

[ 2017-08-23T13:12:19+08:00 ] ::1 /Thinkphp_meddle/b2b2c/Public/css/header.css
ERR: 无法加载模块:Public

[ 2017-08-23T13:12:19+08:00 ] ::1 /Thinkphp_meddle/b2b2c/Public/pic/coin.jpg
ERR: 无法加载模块:Public

[ 2017-08-23T13:12:19+08:00 ] ::1 /Thinkphp_meddle/b2b2c/Public/pic/code2.jpg
ERR: 无法加载模块:Public

[ 2017-08-23T13:12:19+08:00 ] ::1 /Thinkphp_meddle/b2b2c/Public/pic/goods2.jpg
ERR: 无法加载模块:Public

[ 2017-08-23T13:12:19+08:00 ] ::1 /Thinkphp_meddle/b2b2c/Public/pic/meituan.jpg
ERR: 无法加载模块:Public

[ 2017-08-23T13:12:19+08:00 ] ::1 /Thinkphp_meddle/b2b2c/Public/pic/goods1.jpg
ERR: 无法加载模块:Public

[ 2017-08-23T13:12:19+08:00 ] ::1 /Thinkphp_meddle/b2b2c/Public/pic/code3.jpg
ERR: 无法加载模块:Public

[ 2017-08-23T13:12:19+08:00 ] ::1 /Thinkphp_meddle/b2b2c/Public/fonts/glyphicons-halflings-regular.woff2
ERR: 无法加载模块:Public

[ 2017-08-23T13:12:19+08:00 ] ::1 /Thinkphp_meddle/b2b2c/Public/fonts/glyphicons-halflings-regular.woff
ERR: 无法加载模块:Public

[ 2017-08-23T13:12:19+08:00 ] ::1 /Thinkphp_meddle/b2b2c/Public/fonts/glyphicons-halflings-regular.ttf
ERR: 无法加载模块:Public

[ 2017-08-23T13:12:20+08:00 ] ::1 /Thinkphp_meddle/b2b2c/Public/css/header.css
ERR: 无法加载模块:Public

[ 2017-08-23T13:12:20+08:00 ] ::1 /Thinkphp_meddle/b2b2c/Public/pic/meituan.jpg
ERR: 无法加载模块:Public

[ 2017-08-23T13:12:20+08:00 ] ::1 /Thinkphp_meddle/b2b2c/Public/js/jquery-3.2.1.min.js
ERR: 无法加载模块:Public

[ 2017-08-23T13:12:20+08:00 ] ::1 /Thinkphp_meddle/b2b2c/Public/pic/code3.jpg
ERR: 无法加载模块:Public

[ 2017-08-23T13:12:20+08:00 ] ::1 /Thinkphp_meddle/b2b2c/Public/pic/code2.jpg
ERR: 无法加载模块:Public

[ 2017-08-23T13:12:20+08:00 ] ::1 /Thinkphp_meddle/b2b2c/Public/pic/goods1.jpg
ERR: 无法加载模块:Public

[ 2017-08-23T13:12:20+08:00 ] ::1 /Thinkphp_meddle/b2b2c/Public/pic/coin.jpg
ERR: 无法加载模块:Public

[ 2017-08-23T13:12:20+08:00 ] ::1 /Thinkphp_meddle/b2b2c/Public/fonts/glyphicons-halflings-regular.woff2
ERR: 无法加载模块:Public

[ 2017-08-23T13:12:20+08:00 ] ::1 /Thinkphp_meddle/b2b2c/Public/js/jquery-3.2.1.min.js
ERR: 无法加载模块:Public

[ 2017-08-23T13:12:20+08:00 ] ::1 /Thinkphp_meddle/b2b2c/Public/pic/goods2.jpg
ERR: 无法加载模块:Public

[ 2017-08-23T13:12:20+08:00 ] ::1 /Thinkphp_meddle/b2b2c/Public/fonts/glyphicons-halflings-regular.woff
ERR: 无法加载模块:Public

[ 2017-08-23T13:12:20+08:00 ] ::1 /Thinkphp_meddle/b2b2c/Public/fonts/glyphicons-halflings-regular.ttf
ERR: 无法加载模块:Public

[ 2017-08-23T13:16:39+08:00 ] ::1 /Thinkphp_meddle/b2b2c/Public/js/jquery-3.2.1.min.js
ERR: 无法加载模块:Public

[ 2017-08-23T13:16:39+08:00 ] ::1 /Thinkphp_meddle/b2b2c/Public/css/header.css
ERR: 无法加载模块:Public

[ 2017-08-23T13:16:39+08:00 ] ::1 /Thinkphp_meddle/b2b2c/Public/pic/coin.jpg
ERR: 无法加载模块:Public

[ 2017-08-23T13:16:39+08:00 ] ::1 /Thinkphp_meddle/b2b2c/Public/pic/goods2.jpg
ERR: 无法加载模块:Public

[ 2017-08-23T13:16:39+08:00 ] ::1 /Thinkphp_meddle/b2b2c/Public/fonts/glyphicons-halflings-regular.woff2
ERR: 无法加载模块:Public

[ 2017-08-23T13:16:39+08:00 ] ::1 /Thinkphp_meddle/b2b2c/Public/pic/code3.jpg
ERR: 无法加载模块:Public

[ 2017-08-23T13:16:39+08:00 ] ::1 /Thinkphp_meddle/b2b2c/Public/pic/meituan.jpg
ERR: 无法加载模块:Public

[ 2017-08-23T13:16:39+08:00 ] ::1 /Thinkphp_meddle/b2b2c/Public/pic/goods1.jpg
ERR: 无法加载模块:Public

[ 2017-08-23T13:16:39+08:00 ] ::1 /Thinkphp_meddle/b2b2c/Public/pic/code2.jpg
ERR: 无法加载模块:Public

[ 2017-08-23T13:16:39+08:00 ] ::1 /Thinkphp_meddle/b2b2c/Public/fonts/glyphicons-halflings-regular.woff
ERR: 无法加载模块:Public

[ 2017-08-23T13:16:39+08:00 ] ::1 /Thinkphp_meddle/b2b2c/Public/fonts/glyphicons-halflings-regular.ttf
ERR: 无法加载模块:Public

[ 2017-08-23T13:16:40+08:00 ] ::1 /Thinkphp_meddle/b2b2c/Public/css/header.css
ERR: 无法加载模块:Public

[ 2017-08-23T13:16:40+08:00 ] ::1 /Thinkphp_meddle/b2b2c/Public/js/jquery-3.2.1.min.js
ERR: 无法加载模块:Public

[ 2017-08-23T13:16:40+08:00 ] ::1 /Thinkphp_meddle/b2b2c/Public/pic/goods2.jpg
ERR: 无法加载模块:Public

[ 2017-08-23T13:16:40+08:00 ] ::1 /Thinkphp_meddle/b2b2c/Public/fonts/glyphicons-halflings-regular.woff2
ERR: 无法加载模块:Public

[ 2017-08-23T13:16:40+08:00 ] ::1 /Thinkphp_meddle/b2b2c/Public/pic/code3.jpg
ERR: 无法加载模块:Public

[ 2017-08-23T13:16:40+08:00 ] ::1 /Thinkphp_meddle/b2b2c/Public/pic/meituan.jpg
ERR: 无法加载模块:Public

[ 2017-08-23T13:16:40+08:00 ] ::1 /Thinkphp_meddle/b2b2c/Public/pic/goods1.jpg
ERR: 无法加载模块:Public

[ 2017-08-23T13:16:40+08:00 ] ::1 /Thinkphp_meddle/b2b2c/Public/pic/coin.jpg
ERR: 无法加载模块:Public

[ 2017-08-23T13:16:40+08:00 ] ::1 /Thinkphp_meddle/b2b2c/Public/fonts/glyphicons-halflings-regular.woff
ERR: 无法加载模块:Public

[ 2017-08-23T13:16:40+08:00 ] ::1 /Thinkphp_meddle/b2b2c/Public/pic/code2.jpg
ERR: 无法加载模块:Public

[ 2017-08-23T13:16:41+08:00 ] ::1 /Thinkphp_meddle/b2b2c/Public/fonts/glyphicons-halflings-regular.ttf
ERR: 无法加载模块:Public

[ 2017-08-23T13:20:53+08:00 ] ::1 /Thinkphp_meddle/b2b2c/Public/css/header.css
ERR: 无法加载模块:Public

[ 2017-08-23T13:20:53+08:00 ] ::1 /Thinkphp_meddle/b2b2c/Public/pic/meituan.jpg
ERR: 无法加载模块:Public

[ 2017-08-23T13:20:54+08:00 ] ::1 /Thinkphp_meddle/b2b2c/Public/pic/coin.jpg
ERR: 无法加载模块:Public

[ 2017-08-23T13:20:54+08:00 ] ::1 /Thinkphp_meddle/b2b2c/Public/pic/code3.jpg
ERR: 无法加载模块:Public

[ 2017-08-23T13:20:54+08:00 ] ::1 /Thinkphp_meddle/b2b2c/Public/js/jquery-3.2.1.min.js
ERR: 无法加载模块:Public

[ 2017-08-23T13:20:54+08:00 ] ::1 /Thinkphp_meddle/b2b2c/Public/pic/goods2.jpg
ERR: 无法加载模块:Public

[ 2017-08-23T13:20:54+08:00 ] ::1 /Thinkphp_meddle/b2b2c/Public/fonts/glyphicons-halflings-regular.woff2
ERR: 无法加载模块:Public

[ 2017-08-23T13:20:54+08:00 ] ::1 /Thinkphp_meddle/b2b2c/Public/pic/goods1.jpg
ERR: 无法加载模块:Public

[ 2017-08-23T13:20:54+08:00 ] ::1 /Thinkphp_meddle/b2b2c/Public/pic/code2.jpg
ERR: 无法加载模块:Public

[ 2017-08-23T13:20:54+08:00 ] ::1 /Thinkphp_meddle/b2b2c/Public/fonts/glyphicons-halflings-regular.woff
ERR: 无法加载模块:Public

[ 2017-08-23T13:20:54+08:00 ] ::1 /Thinkphp_meddle/b2b2c/Public/fonts/glyphicons-halflings-regular.ttf
ERR: 无法加载模块:Public

[ 2017-08-23T13:20:55+08:00 ] ::1 /Thinkphp_meddle/b2b2c/User/User/logout.html
ERR: 无法加载模块:User

[ 2017-08-23T13:21:25+08:00 ] ::1 /Thinkphp_meddle/b2b2c/Public/css/header.css
ERR: 无法加载模块:Public

[ 2017-08-23T13:21:25+08:00 ] ::1 /Thinkphp_meddle/b2b2c/Public/js/jquery-3.2.1.min.js
ERR: 无法加载模块:Public

[ 2017-08-23T13:21:25+08:00 ] ::1 /Thinkphp_meddle/b2b2c/Public/pic/goods1.jpg
ERR: 无法加载模块:Public

[ 2017-08-23T13:21:25+08:00 ] ::1 /Thinkphp_meddle/b2b2c/Public/pic/code3.jpg
ERR: 无法加载模块:Public

[ 2017-08-23T13:21:25+08:00 ] ::1 /Thinkphp_meddle/b2b2c/Public/pic/goods2.jpg
ERR: 无法加载模块:Public

[ 2017-08-23T13:21:25+08:00 ] ::1 /Thinkphp_meddle/b2b2c/Public/pic/meituan.jpg
ERR: 无法加载模块:Public

[ 2017-08-23T13:21:25+08:00 ] ::1 /Thinkphp_meddle/b2b2c/Public/fonts/glyphicons-halflings-regular.woff2
ERR: 无法加载模块:Public

[ 2017-08-23T13:21:25+08:00 ] ::1 /Thinkphp_meddle/b2b2c/Public/pic/coin.jpg
ERR: 无法加载模块:Public

[ 2017-08-23T13:21:25+08:00 ] ::1 /Thinkphp_meddle/b2b2c/Public/pic/code2.jpg
ERR: 无法加载模块:Public

[ 2017-08-23T13:21:25+08:00 ] ::1 /Thinkphp_meddle/b2b2c/Public/fonts/glyphicons-halflings-regular.woff
ERR: 无法加载模块:Public

[ 2017-08-23T13:21:25+08:00 ] ::1 /Thinkphp_meddle/b2b2c/Public/fonts/glyphicons-halflings-regular.ttf
ERR: 无法加载模块:Public

[ 2017-08-23T13:21:27+08:00 ] ::1 /Thinkphp_meddle/b2b2c/Public/css/header.css
ERR: 无法加载模块:Public

[ 2017-08-23T13:21:27+08:00 ] ::1 /Thinkphp_meddle/b2b2c/Public/pic/meituan.jpg
ERR: 无法加载模块:Public

[ 2017-08-23T13:21:27+08:00 ] ::1 /Thinkphp_meddle/b2b2c/Public/pic/code3.jpg
ERR: 无法加载模块:Public

[ 2017-08-23T13:21:27+08:00 ] ::1 /Thinkphp_meddle/b2b2c/Public/pic/code2.jpg
ERR: 无法加载模块:Public

[ 2017-08-23T13:21:27+08:00 ] ::1 /Thinkphp_meddle/b2b2c/Public/pic/goods2.jpg
ERR: 无法加载模块:Public

[ 2017-08-23T13:21:27+08:00 ] ::1 /Thinkphp_meddle/b2b2c/Public/js/jquery-3.2.1.min.js
ERR: 无法加载模块:Public

[ 2017-08-23T13:21:27+08:00 ] ::1 /Thinkphp_meddle/b2b2c/Public/pic/coin.jpg
ERR: 无法加载模块:Public

[ 2017-08-23T13:21:27+08:00 ] ::1 /Thinkphp_meddle/b2b2c/Public/pic/goods1.jpg
ERR: 无法加载模块:Public

[ 2017-08-23T13:21:27+08:00 ] ::1 /Thinkphp_meddle/b2b2c/Public/fonts/glyphicons-halflings-regular.woff2
ERR: 无法加载模块:Public

[ 2017-08-23T13:21:27+08:00 ] ::1 /Thinkphp_meddle/b2b2c/Public/fonts/glyphicons-halflings-regular.woff
ERR: 无法加载模块:Public

[ 2017-08-23T13:21:27+08:00 ] ::1 /Thinkphp_meddle/b2b2c/Public/fonts/glyphicons-halflings-regular.ttf
ERR: 无法加载模块:Public

[ 2017-08-23T13:21:38+08:00 ] ::1 /Thinkphp_meddle/b2b2c/Public/css/header.css
ERR: 无法加载模块:Public

[ 2017-08-23T13:21:38+08:00 ] ::1 /Thinkphp_meddle/b2b2c/Public/js/jquery-3.2.1.min.js
ERR: 无法加载模块:Public

[ 2017-08-23T13:21:38+08:00 ] ::1 /Thinkphp_meddle/b2b2c/Public/pic/meituan.jpg
ERR: 无法加载模块:Public

[ 2017-08-23T13:21:39+08:00 ] ::1 /Thinkphp_meddle/b2b2c/Public/pic/code2.jpg
ERR: 无法加载模块:Public

[ 2017-08-23T13:21:39+08:00 ] ::1 /Thinkphp_meddle/b2b2c/Public/pic/goods2.jpg
ERR: 无法加载模块:Public

[ 2017-08-23T13:21:39+08:00 ] ::1 /Thinkphp_meddle/b2b2c/Public/pic/code3.jpg
ERR: 无法加载模块:Public

[ 2017-08-23T13:21:39+08:00 ] ::1 /Thinkphp_meddle/b2b2c/Public/pic/goods1.jpg
ERR: 无法加载模块:Public

[ 2017-08-23T13:21:39+08:00 ] ::1 /Thinkphp_meddle/b2b2c/Public/pic/coin.jpg
ERR: 无法加载模块:Public

[ 2017-08-23T13:21:39+08:00 ] ::1 /Thinkphp_meddle/b2b2c/Public/fonts/glyphicons-halflings-regular.woff2
ERR: 无法加载模块:Public

[ 2017-08-23T13:21:39+08:00 ] ::1 /Thinkphp_meddle/b2b2c/Public/fonts/glyphicons-halflings-regular.woff
ERR: 无法加载模块:Public

[ 2017-08-23T13:21:39+08:00 ] ::1 /Thinkphp_meddle/b2b2c/Public/fonts/glyphicons-halflings-regular.ttf
ERR: 无法加载模块:Public

[ 2017-08-23T13:23:06+08:00 ] ::1 /Thinkphp_meddle/b2b2c/Public/css/header.css
ERR: 无法加载模块:Public

[ 2017-08-23T13:23:06+08:00 ] ::1 /Thinkphp_meddle/b2b2c/Public/pic/meituan.jpg
ERR: 无法加载模块:Public

[ 2017-08-23T13:23:06+08:00 ] ::1 /Thinkphp_meddle/b2b2c/Public/pic/coin.jpg
ERR: 无法加载模块:Public

[ 2017-08-23T13:23:06+08:00 ] ::1 /Thinkphp_meddle/b2b2c/Public/pic/goods1.jpg
ERR: 无法加载模块:Public

[ 2017-08-23T13:23:06+08:00 ] ::1 /Thinkphp_meddle/b2b2c/Public/pic/code2.jpg
ERR: 无法加载模块:Public

[ 2017-08-23T13:23:06+08:00 ] ::1 /Thinkphp_meddle/b2b2c/Public/pic/code3.jpg
ERR: 无法加载模块:Public

[ 2017-08-23T13:23:06+08:00 ] ::1 /Thinkphp_meddle/b2b2c/Public/fonts/glyphicons-halflings-regular.woff2
ERR: 无法加载模块:Public

[ 2017-08-23T13:23:06+08:00 ] ::1 /Thinkphp_meddle/b2b2c/Public/pic/goods2.jpg
ERR: 无法加载模块:Public

[ 2017-08-23T13:23:06+08:00 ] ::1 /Thinkphp_meddle/b2b2c/Public/js/jquery-3.2.1.min.js
ERR: 无法加载模块:Public

[ 2017-08-23T13:23:06+08:00 ] ::1 /Thinkphp_meddle/b2b2c/Public/fonts/glyphicons-halflings-regular.woff
ERR: 无法加载模块:Public

[ 2017-08-23T13:23:06+08:00 ] ::1 /Thinkphp_meddle/b2b2c/Public/fonts/glyphicons-halflings-regular.ttf
ERR: 无法加载模块:Public

[ 2017-08-23T13:23:08+08:00 ] ::1 /Thinkphp_meddle/b2b2c/Public/pic/meituan.jpg
ERR: 无法加载模块:Public

[ 2017-08-23T13:23:08+08:00 ] ::1 /Thinkphp_meddle/b2b2c/Public/css/header.css
ERR: 无法加载模块:Public

[ 2017-08-23T13:23:08+08:00 ] ::1 /Thinkphp_meddle/b2b2c/Public/js/jquery-3.2.1.min.js
ERR: 无法加载模块:Public

[ 2017-08-23T13:23:08+08:00 ] ::1 /Thinkphp_meddle/b2b2c/Public/pic/coin.jpg
ERR: 无法加载模块:Public

[ 2017-08-23T13:23:08+08:00 ] ::1 /Thinkphp_meddle/b2b2c/Public/pic/code2.jpg
ERR: 无法加载模块:Public

[ 2017-08-23T13:23:08+08:00 ] ::1 /Thinkphp_meddle/b2b2c/Public/pic/code3.jpg
ERR: 无法加载模块:Public

[ 2017-08-23T13:23:08+08:00 ] ::1 /Thinkphp_meddle/b2b2c/Public/fonts/glyphicons-halflings-regular.woff2
ERR: 无法加载模块:Public

[ 2017-08-23T13:23:08+08:00 ] ::1 /Thinkphp_meddle/b2b2c/Public/pic/goods1.jpg
ERR: 无法加载模块:Public

[ 2017-08-23T13:23:08+08:00 ] ::1 /Thinkphp_meddle/b2b2c/Public/pic/goods2.jpg
ERR: 无法加载模块:Public

[ 2017-08-23T13:23:08+08:00 ] ::1 /Thinkphp_meddle/b2b2c/Public/fonts/glyphicons-halflings-regular.woff
ERR: 无法加载模块:Public

[ 2017-08-23T13:23:08+08:00 ] ::1 /Thinkphp_meddle/b2b2c/Public/fonts/glyphicons-halflings-regular.ttf
ERR: 无法加载模块:Public

[ 2017-08-23T13:23:38+08:00 ] ::1 /Thinkphp_meddle/b2b2c/Public/css/header.css
ERR: 无法加载模块:Public

[ 2017-08-23T13:23:38+08:00 ] ::1 /Thinkphp_meddle/b2b2c/Public/pic/code3.jpg
ERR: 无法加载模块:Public

[ 2017-08-23T13:23:38+08:00 ] ::1 /Thinkphp_meddle/b2b2c/Public/pic/goods1.jpg
ERR: 无法加载模块:Public

[ 2017-08-23T13:23:38+08:00 ] ::1 /Thinkphp_meddle/b2b2c/Public/pic/meituan.jpg
ERR: 无法加载模块:Public

[ 2017-08-23T13:23:38+08:00 ] ::1 /Thinkphp_meddle/b2b2c/Public/pic/code2.jpg
ERR: 无法加载模块:Public

[ 2017-08-23T13:23:38+08:00 ] ::1 /Thinkphp_meddle/b2b2c/Public/js/jquery-3.2.1.min.js
ERR: 无法加载模块:Public

[ 2017-08-23T13:23:38+08:00 ] ::1 /Thinkphp_meddle/b2b2c/Public/pic/coin.jpg
ERR: 无法加载模块:Public

[ 2017-08-23T13:23:38+08:00 ] ::1 /Thinkphp_meddle/b2b2c/Public/fonts/glyphicons-halflings-regular.woff2
ERR: 无法加载模块:Public

[ 2017-08-23T13:23:38+08:00 ] ::1 /Thinkphp_meddle/b2b2c/Public/pic/goods2.jpg
ERR: 无法加载模块:Public

[ 2017-08-23T13:23:38+08:00 ] ::1 /Thinkphp_meddle/b2b2c/Public/fonts/glyphicons-halflings-regular.woff
ERR: 无法加载模块:Public

[ 2017-08-23T13:23:38+08:00 ] ::1 /Thinkphp_meddle/b2b2c/Public/fonts/glyphicons-halflings-regular.ttf
ERR: 无法加载模块:Public

[ 2017-08-23T13:28:38+08:00 ] ::1 /Thinkphp_meddle/b2b2c/Public/css/header.css
ERR: 无法加载模块:Public

[ 2017-08-23T13:28:38+08:00 ] ::1 /Thinkphp_meddle/b2b2c/Public/js/jquery-3.2.1.min.js
ERR: 无法加载模块:Public

[ 2017-08-23T13:28:38+08:00 ] ::1 /Thinkphp_meddle/b2b2c/Public/pic/meituan.jpg
ERR: 无法加载模块:Public

[ 2017-08-23T13:28:38+08:00 ] ::1 /Thinkphp_meddle/b2b2c/Public/pic/coin.jpg
ERR: 无法加载模块:Public

[ 2017-08-23T13:28:38+08:00 ] ::1 /Thinkphp_meddle/b2b2c/Public/pic/code3.jpg
ERR: 无法加载模块:Public

[ 2017-08-23T13:28:38+08:00 ] ::1 /Thinkphp_meddle/b2b2c/Public/pic/code2.jpg
ERR: 无法加载模块:Public

[ 2017-08-23T13:28:38+08:00 ] ::1 /Thinkphp_meddle/b2b2c/Public/pic/goods2.jpg
ERR: 无法加载模块:Public

[ 2017-08-23T13:28:38+08:00 ] ::1 /Thinkphp_meddle/b2b2c/Public/fonts/glyphicons-halflings-regular.woff2
ERR: 无法加载模块:Public

[ 2017-08-23T13:28:39+08:00 ] ::1 /Thinkphp_meddle/b2b2c/Public/pic/goods1.jpg
ERR: 无法加载模块:Public

[ 2017-08-23T13:28:39+08:00 ] ::1 /Thinkphp_meddle/b2b2c/Public/fonts/glyphicons-halflings-regular.woff
ERR: 无法加载模块:Public

[ 2017-08-23T13:28:39+08:00 ] ::1 /Thinkphp_meddle/b2b2c/Public/fonts/glyphicons-halflings-regular.ttf
ERR: 无法加载模块:Public

[ 2017-08-23T13:28:40+08:00 ] ::1 /Thinkphp_meddle/b2b2c/Public/js/jquery-3.2.1.min.js
ERR: 无法加载模块:Public

[ 2017-08-23T13:28:40+08:00 ] ::1 /Thinkphp_meddle/b2b2c/Public/css/header.css
ERR: 无法加载模块:Public

[ 2017-08-23T13:28:40+08:00 ] ::1 /Thinkphp_meddle/b2b2c/Public/pic/code2.jpg
ERR: 无法加载模块:Public

[ 2017-08-23T13:28:40+08:00 ] ::1 /Thinkphp_meddle/b2b2c/Public/pic/goods1.jpg
ERR: 无法加载模块:Public

[ 2017-08-23T13:28:40+08:00 ] ::1 /Thinkphp_meddle/b2b2c/Public/pic/meituan.jpg
ERR: 无法加载模块:Public

[ 2017-08-23T13:28:40+08:00 ] ::1 /Thinkphp_meddle/b2b2c/Public/pic/goods2.jpg
ERR: 无法加载模块:Public

[ 2017-08-23T13:28:41+08:00 ] ::1 /Thinkphp_meddle/b2b2c/Public/pic/coin.jpg
ERR: 无法加载模块:Public

[ 2017-08-23T13:28:41+08:00 ] ::1 /Thinkphp_meddle/b2b2c/Public/fonts/glyphicons-halflings-regular.woff2
ERR: 无法加载模块:Public

[ 2017-08-23T13:28:41+08:00 ] ::1 /Thinkphp_meddle/b2b2c/Public/pic/code3.jpg
ERR: 无法加载模块:Public

[ 2017-08-23T13:28:41+08:00 ] ::1 /Thinkphp_meddle/b2b2c/Public/fonts/glyphicons-halflings-regular.woff
ERR: 无法加载模块:Public

[ 2017-08-23T13:28:41+08:00 ] ::1 /Thinkphp_meddle/b2b2c/Public/fonts/glyphicons-halflings-regular.ttf
ERR: 无法加载模块:Public

[ 2017-08-23T13:28:42+08:00 ] ::1 /Thinkphp_meddle/b2b2c/Public/pic/meituan.jpg
ERR: 无法加载模块:Public

[ 2017-08-23T13:28:42+08:00 ] ::1 /Thinkphp_meddle/b2b2c/Public/css/header.css
ERR: 无法加载模块:Public

[ 2017-08-23T13:28:42+08:00 ] ::1 /Thinkphp_meddle/b2b2c/Public/pic/goods1.jpg
ERR: 无法加载模块:Public

[ 2017-08-23T13:28:42+08:00 ] ::1 /Thinkphp_meddle/b2b2c/Public/pic/code3.jpg
ERR: 无法加载模块:Public

[ 2017-08-23T13:28:42+08:00 ] ::1 /Thinkphp_meddle/b2b2c/Public/js/jquery-3.2.1.min.js
ERR: 无法加载模块:Public

[ 2017-08-23T13:28:42+08:00 ] ::1 /Thinkphp_meddle/b2b2c/Public/pic/code2.jpg
ERR: 无法加载模块:Public

[ 2017-08-23T13:28:42+08:00 ] ::1 /Thinkphp_meddle/b2b2c/Public/pic/goods2.jpg
ERR: 无法加载模块:Public

[ 2017-08-23T13:28:42+08:00 ] ::1 /Thinkphp_meddle/b2b2c/Public/pic/coin.jpg
ERR: 无法加载模块:Public

[ 2017-08-23T13:28:42+08:00 ] ::1 /Thinkphp_meddle/b2b2c/Public/fonts/glyphicons-halflings-regular.woff2
ERR: 无法加载模块:Public

[ 2017-08-23T13:28:42+08:00 ] ::1 /Thinkphp_meddle/b2b2c/Public/fonts/glyphicons-halflings-regular.woff
ERR: 无法加载模块:Public

[ 2017-08-23T13:28:42+08:00 ] ::1 /Thinkphp_meddle/b2b2c/Public/fonts/glyphicons-halflings-regular.ttf
ERR: 无法加载模块:Public

[ 2017-08-23T13:28:44+08:00 ] ::1 /Thinkphp_meddle/b2b2c/Public/css/header.css
ERR: 无法加载模块:Public

[ 2017-08-23T13:28:44+08:00 ] ::1 /Thinkphp_meddle/b2b2c/Public/js/jquery-3.2.1.min.js
ERR: 无法加载模块:Public

[ 2017-08-23T13:28:44+08:00 ] ::1 /Thinkphp_meddle/b2b2c/Public/pic/goods1.jpg
ERR: 无法加载模块:Public

[ 2017-08-23T13:28:44+08:00 ] ::1 /Thinkphp_meddle/b2b2c/Public/pic/code3.jpg
ERR: 无法加载模块:Public

[ 2017-08-23T13:28:44+08:00 ] ::1 /Thinkphp_meddle/b2b2c/Public/pic/meituan.jpg
ERR: 无法加载模块:Public

[ 2017-08-23T13:28:44+08:00 ] ::1 /Thinkphp_meddle/b2b2c/Public/pic/code2.jpg
ERR: 无法加载模块:Public

[ 2017-08-23T13:28:44+08:00 ] ::1 /Thinkphp_meddle/b2b2c/Public/pic/coin.jpg
ERR: 无法加载模块:Public

[ 2017-08-23T13:28:44+08:00 ] ::1 /Thinkphp_meddle/b2b2c/Public/pic/goods2.jpg
ERR: 无法加载模块:Public

[ 2017-08-23T13:28:44+08:00 ] ::1 /Thinkphp_meddle/b2b2c/Public/fonts/glyphicons-halflings-regular.woff2
ERR: 无法加载模块:Public

[ 2017-08-23T13:28:44+08:00 ] ::1 /Thinkphp_meddle/b2b2c/Public/fonts/glyphicons-halflings-regular.woff
ERR: 无法加载模块:Public

[ 2017-08-23T13:28:44+08:00 ] ::1 /Thinkphp_meddle/b2b2c/Public/fonts/glyphicons-halflings-regular.ttf
ERR: 无法加载模块:Public

[ 2017-08-23T13:29:38+08:00 ] ::1 /Thinkphp_meddle/b2b2c/Public/css/header.css
ERR: 无法加载模块:Public

[ 2017-08-23T13:29:38+08:00 ] ::1 /Thinkphp_meddle/b2b2c/Public/js/jquery-3.2.1.min.js
ERR: 无法加载模块:Public

[ 2017-08-23T13:29:38+08:00 ] ::1 /Thinkphp_meddle/b2b2c/Public/pic/code3.jpg
ERR: 无法加载模块:Public

[ 2017-08-23T13:29:38+08:00 ] ::1 /Thinkphp_meddle/b2b2c/Public/pic/meituan.jpg
ERR: 无法加载模块:Public

[ 2017-08-23T13:29:38+08:00 ] ::1 /Thinkphp_meddle/b2b2c/Public/pic/code2.jpg
ERR: 无法加载模块:Public

[ 2017-08-23T13:29:38+08:00 ] ::1 /Thinkphp_meddle/b2b2c/Public/pic/coin.jpg
ERR: 无法加载模块:Public

[ 2017-08-23T13:29:38+08:00 ] ::1 /Thinkphp_meddle/b2b2c/Public/fonts/glyphicons-halflings-regular.woff2
ERR: 无法加载模块:Public

[ 2017-08-23T13:29:38+08:00 ] ::1 /Thinkphp_meddle/b2b2c/Public/pic/goods1.jpg
ERR: 无法加载模块:Public

[ 2017-08-23T13:29:38+08:00 ] ::1 /Thinkphp_meddle/b2b2c/Public/pic/goods2.jpg
ERR: 无法加载模块:Public

[ 2017-08-23T13:29:38+08:00 ] ::1 /Thinkphp_meddle/b2b2c/Public/fonts/glyphicons-halflings-regular.woff
ERR: 无法加载模块:Public

[ 2017-08-23T13:29:38+08:00 ] ::1 /Thinkphp_meddle/b2b2c/Public/fonts/glyphicons-halflings-regular.ttf
ERR: 无法加载模块:Public

[ 2017-08-23T13:30:23+08:00 ] ::1 /Thinkphp_meddle/b2b2c/Public/css/header.css
ERR: 无法加载模块:Public

[ 2017-08-23T13:30:23+08:00 ] ::1 /Thinkphp_meddle/b2b2c/Public/pic/meituan.jpg
ERR: 无法加载模块:Public

[ 2017-08-23T13:30:23+08:00 ] ::1 /Thinkphp_meddle/b2b2c/Public/pic/goods2.jpg
ERR: 无法加载模块:Public

[ 2017-08-23T13:30:23+08:00 ] ::1 /Thinkphp_meddle/b2b2c/Public/pic/coin.jpg
ERR: 无法加载模块:Public

[ 2017-08-23T13:30:23+08:00 ] ::1 /Thinkphp_meddle/b2b2c/Public/pic/goods1.jpg
ERR: 无法加载模块:Public

[ 2017-08-23T13:30:23+08:00 ] ::1 /Thinkphp_meddle/b2b2c/Public/pic/code3.jpg
ERR: 无法加载模块:Public

[ 2017-08-23T13:30:23+08:00 ] ::1 /Thinkphp_meddle/b2b2c/Public/fonts/glyphicons-halflings-regular.woff2
ERR: 无法加载模块:Public

[ 2017-08-23T13:30:23+08:00 ] ::1 /Thinkphp_meddle/b2b2c/Public/js/jquery-3.2.1.min.js
ERR: 无法加载模块:Public

[ 2017-08-23T13:30:23+08:00 ] ::1 /Thinkphp_meddle/b2b2c/Public/pic/code2.jpg
ERR: 无法加载模块:Public

[ 2017-08-23T13:30:23+08:00 ] ::1 /Thinkphp_meddle/b2b2c/Public/fonts/glyphicons-halflings-regular.woff
ERR: 无法加载模块:Public

[ 2017-08-23T13:30:23+08:00 ] ::1 /Thinkphp_meddle/b2b2c/Public/fonts/glyphicons-halflings-regular.ttf
ERR: 无法加载模块:Public

[ 2017-08-23T13:30:39+08:00 ] ::1 /Thinkphp_meddle/b2b2c/Public/css/header.css
ERR: 无法加载模块:Public

[ 2017-08-23T13:30:39+08:00 ] ::1 /Thinkphp_meddle/b2b2c/Public/pic/meituan.jpg
ERR: 无法加载模块:Public

[ 2017-08-23T13:30:39+08:00 ] ::1 /Thinkphp_meddle/b2b2c/Public/pic/goods2.jpg
ERR: 无法加载模块:Public

[ 2017-08-23T13:30:39+08:00 ] ::1 /Thinkphp_meddle/b2b2c/Public/pic/code2.jpg
ERR: 无法加载模块:Public

[ 2017-08-23T13:30:39+08:00 ] ::1 /Thinkphp_meddle/b2b2c/Public/pic/coin.jpg
ERR: 无法加载模块:Public

[ 2017-08-23T13:30:39+08:00 ] ::1 /Thinkphp_meddle/b2b2c/Public/js/jquery-3.2.1.min.js
ERR: 无法加载模块:Public

[ 2017-08-23T13:30:39+08:00 ] ::1 /Thinkphp_meddle/b2b2c/Public/pic/goods1.jpg
ERR: 无法加载模块:Public

[ 2017-08-23T13:30:39+08:00 ] ::1 /Thinkphp_meddle/b2b2c/Public/pic/code3.jpg
ERR: 无法加载模块:Public

[ 2017-08-23T13:30:39+08:00 ] ::1 /Thinkphp_meddle/b2b2c/Public/fonts/glyphicons-halflings-regular.woff2
ERR: 无法加载模块:Public

[ 2017-08-23T13:30:39+08:00 ] ::1 /Thinkphp_meddle/b2b2c/Public/fonts/glyphicons-halflings-regular.woff
ERR: 无法加载模块:Public

[ 2017-08-23T13:30:40+08:00 ] ::1 /Thinkphp_meddle/b2b2c/Public/fonts/glyphicons-halflings-regular.ttf
ERR: 无法加载模块:Public

[ 2017-08-23T13:31:05+08:00 ] ::1 /Thinkphp_meddle/b2b2c/Public/css/header.css
ERR: 无法加载模块:Public

[ 2017-08-23T13:31:05+08:00 ] ::1 /Thinkphp_meddle/b2b2c/Public/pic/meituan.jpg
ERR: 无法加载模块:Public

[ 2017-08-23T13:31:05+08:00 ] ::1 /Thinkphp_meddle/b2b2c/Public/pic/code2.jpg
ERR: 无法加载模块:Public

[ 2017-08-23T13:31:06+08:00 ] ::1 /Thinkphp_meddle/b2b2c/Public/js/jquery-3.2.1.min.js
ERR: 无法加载模块:Public

[ 2017-08-23T13:31:06+08:00 ] ::1 /Thinkphp_meddle/b2b2c/Public/pic/goods2.jpg
ERR: 无法加载模块:Public

[ 2017-08-23T13:31:06+08:00 ] ::1 /Thinkphp_meddle/b2b2c/Public/fonts/glyphicons-halflings-regular.woff2
ERR: 无法加载模块:Public

[ 2017-08-23T13:31:06+08:00 ] ::1 /Thinkphp_meddle/b2b2c/Public/pic/code3.jpg
ERR: 无法加载模块:Public

[ 2017-08-23T13:31:06+08:00 ] ::1 /Thinkphp_meddle/b2b2c/Public/pic/goods1.jpg
ERR: 无法加载模块:Public

[ 2017-08-23T13:31:06+08:00 ] ::1 /Thinkphp_meddle/b2b2c/Public/pic/coin.jpg
ERR: 无法加载模块:Public

[ 2017-08-23T13:31:06+08:00 ] ::1 /Thinkphp_meddle/b2b2c/Public/fonts/glyphicons-halflings-regular.woff
ERR: 无法加载模块:Public

[ 2017-08-23T13:31:06+08:00 ] ::1 /Thinkphp_meddle/b2b2c/Public/fonts/glyphicons-halflings-regular.ttf
ERR: 无法加载模块:Public

[ 2017-08-23T13:31:07+08:00 ] ::1 /Thinkphp_meddle/b2b2c/Public/pic/meituan.jpg
ERR: 无法加载模块:Public

[ 2017-08-23T13:31:07+08:00 ] ::1 /Thinkphp_meddle/b2b2c/Public/js/jquery.form.js
ERR: 无法加载模块:Public

[ 2017-08-23T13:31:07+08:00 ] ::1 /Thinkphp_meddle/b2b2c/Public/js/additional-methods.js
ERR: 无法加载模块:Public

[ 2017-08-23T13:31:07+08:00 ] ::1 /Thinkphp_meddle/b2b2c/Public/js/jquery.validate.min.js
ERR: 无法加载模块:Public

[ 2017-08-23T13:31:07+08:00 ] ::1 /Thinkphp_meddle/b2b2c/Public/js/jquery-3.2.1.min.js
ERR: 无法加载模块:Public

[ 2017-08-23T13:31:07+08:00 ] ::1 /Thinkphp_meddle/b2b2c/Public/layer/layer.js
ERR: 无法加载模块:Public

[ 2017-08-23T13:31:07+08:00 ] ::1 /Thinkphp_meddle/b2b2c/Public/js/jquery.validate.min.js
ERR: 无法加载模块:Public

[ 2017-08-23T13:31:07+08:00 ] ::1 /Thinkphp_meddle/b2b2c/Public/js/jquery.form.js
ERR: 无法加载模块:Public

[ 2017-08-23T13:31:07+08:00 ] ::1 /Thinkphp_meddle/b2b2c/Public/js/additional-methods.js
ERR: 无法加载模块:Public

[ 2017-08-23T13:31:07+08:00 ] ::1 /Thinkphp_meddle/b2b2c/Public/layer/layer.js
ERR: 无法加载模块:Public

[ 2017-08-23T13:31:18+08:00 ] ::1 /Thinkphp_meddle/b2b2c/Public/js/jquery.validate.min.js
ERR: 无法加载模块:Public

[ 2017-08-23T13:31:18+08:00 ] ::1 /Thinkphp_meddle/b2b2c/Public/pic/meituan.jpg
ERR: 无法加载模块:Public

[ 2017-08-23T13:31:18+08:00 ] ::1 /Thinkphp_meddle/b2b2c/Public/js/jquery-3.2.1.min.js
ERR: 无法加载模块:Public

[ 2017-08-23T13:31:18+08:00 ] ::1 /Thinkphp_meddle/b2b2c/Public/js/additional-methods.js
ERR: 无法加载模块:Public

[ 2017-08-23T13:31:18+08:00 ] ::1 /Thinkphp_meddle/b2b2c/Public/js/jquery.form.js
ERR: 无法加载模块:Public

[ 2017-08-23T13:31:18+08:00 ] ::1 /Thinkphp_meddle/b2b2c/Public/js/jquery.validate.min.js
ERR: 无法加载模块:Public

[ 2017-08-23T13:31:18+08:00 ] ::1 /Thinkphp_meddle/b2b2c/Public/layer/layer.js
ERR: 无法加载模块:Public

[ 2017-08-23T13:31:18+08:00 ] ::1 /Thinkphp_meddle/b2b2c/Public/js/jquery.form.js
ERR: 无法加载模块:Public

[ 2017-08-23T13:31:18+08:00 ] ::1 /Thinkphp_meddle/b2b2c/Public/js/additional-methods.js
ERR: 无法加载模块:Public

[ 2017-08-23T13:31:19+08:00 ] ::1 /Thinkphp_meddle/b2b2c/Public/layer/layer.js
ERR: 无法加载模块:Public

[ 2017-08-23T13:31:34+08:00 ] ::1 /Thinkphp_meddle/b2b2c/Public/js/jquery-3.2.1.min.js
ERR: 无法加载模块:Public

[ 2017-08-23T13:31:34+08:00 ] ::1 /Thinkphp_meddle/b2b2c/Public/css/header.css
ERR: 无法加载模块:Public

[ 2017-08-23T13:31:34+08:00 ] ::1 /Thinkphp_meddle/b2b2c/Public/pic/coin.jpg
ERR: 无法加载模块:Public

[ 2017-08-23T13:31:34+08:00 ] ::1 /Thinkphp_meddle/b2b2c/Public/pic/goods1.jpg
ERR: 无法加载模块:Public

[ 2017-08-23T13:31:34+08:00 ] ::1 /Thinkphp_meddle/b2b2c/Public/pic/code3.jpg
ERR: 无法加载模块:Public

[ 2017-08-23T13:31:34+08:00 ] ::1 /Thinkphp_meddle/b2b2c/Public/pic/meituan.jpg
ERR: 无法加载模块:Public

[ 2017-08-23T13:31:34+08:00 ] ::1 /Thinkphp_meddle/b2b2c/Public/pic/code2.jpg
ERR: 无法加载模块:Public

[ 2017-08-23T13:31:34+08:00 ] ::1 /Thinkphp_meddle/b2b2c/Public/pic/goods2.jpg
ERR: 无法加载模块:Public

[ 2017-08-23T13:31:34+08:00 ] ::1 /Thinkphp_meddle/b2b2c/Public/fonts/glyphicons-halflings-regular.woff2
ERR: 无法加载模块:Public

[ 2017-08-23T13:31:34+08:00 ] ::1 /Thinkphp_meddle/b2b2c/Public/fonts/glyphicons-halflings-regular.woff
ERR: 无法加载模块:Public

[ 2017-08-23T13:31:34+08:00 ] ::1 /Thinkphp_meddle/b2b2c/Public/fonts/glyphicons-halflings-regular.ttf
ERR: 无法加载模块:Public

[ 2017-08-23T13:31:37+08:00 ] ::1 /Thinkphp_meddle/b2b2c/Public/css/header.css
ERR: 无法加载模块:Public

[ 2017-08-23T13:31:40+08:00 ] ::1 /Thinkphp_meddle/b2b2c/Order/List/all.html
ERR: 无法加载模块:Order

[ 2017-08-23T13:31:46+08:00 ] ::1 /Thinkphp_meddle/b2b2c/Public/css/header.css
ERR: 无法加载模块:Public

[ 2017-08-23T13:31:46+08:00 ] ::1 /Thinkphp_meddle/b2b2c/Public/js/jquery-3.2.1.min.js
ERR: 无法加载模块:Public

[ 2017-08-23T13:31:46+08:00 ] ::1 /Thinkphp_meddle/b2b2c/Public/pic/code3.jpg
ERR: 无法加载模块:Public

[ 2017-08-23T13:31:46+08:00 ] ::1 /Thinkphp_meddle/b2b2c/Public/pic/code2.jpg
ERR: 无法加载模块:Public

[ 2017-08-23T13:31:46+08:00 ] ::1 /Thinkphp_meddle/b2b2c/Public/pic/goods2.jpg
ERR: 无法加载模块:Public

[ 2017-08-23T13:31:46+08:00 ] ::1 /Thinkphp_meddle/b2b2c/Public/pic/coin.jpg
ERR: 无法加载模块:Public

[ 2017-08-23T13:31:46+08:00 ] ::1 /Thinkphp_meddle/b2b2c/Public/pic/meituan.jpg
ERR: 无法加载模块:Public

[ 2017-08-23T13:31:46+08:00 ] ::1 /Thinkphp_meddle/b2b2c/Public/fonts/glyphicons-halflings-regular.woff2
ERR: 无法加载模块:Public

[ 2017-08-23T13:31:46+08:00 ] ::1 /Thinkphp_meddle/b2b2c/Public/pic/goods1.jpg
ERR: 无法加载模块:Public

[ 2017-08-23T13:31:47+08:00 ] ::1 /Thinkphp_meddle/b2b2c/Public/fonts/glyphicons-halflings-regular.woff
ERR: 无法加载模块:Public

[ 2017-08-23T13:31:47+08:00 ] ::1 /Thinkphp_meddle/b2b2c/Public/fonts/glyphicons-halflings-regular.ttf
ERR: 无法加载模块:Public

[ 2017-08-23T13:33:45+08:00 ] ::1 /Thinkphp_meddle/b2b2c/Public/css/header.css
ERR: 无法加载模块:Public

[ 2017-08-23T13:33:45+08:00 ] ::1 /Thinkphp_meddle/b2b2c/Public/js/jquery-3.2.1.min.js
ERR: 无法加载模块:Public

[ 2017-08-23T13:33:45+08:00 ] ::1 /Thinkphp_meddle/b2b2c/Public/pic/coin.jpg
ERR: 无法加载模块:Public

[ 2017-08-23T13:33:45+08:00 ] ::1 /Thinkphp_meddle/b2b2c/Public/pic/code3.jpg
ERR: 无法加载模块:Public

[ 2017-08-23T13:33:45+08:00 ] ::1 /Thinkphp_meddle/b2b2c/Public/pic/meituan.jpg
ERR: 无法加载模块:Public

[ 2017-08-23T13:33:45+08:00 ] ::1 /Thinkphp_meddle/b2b2c/Public/fonts/glyphicons-halflings-regular.woff2
ERR: 无法加载模块:Public

[ 2017-08-23T13:33:45+08:00 ] ::1 /Thinkphp_meddle/b2b2c/Public/pic/code2.jpg
ERR: 无法加载模块:Public

[ 2017-08-23T13:33:45+08:00 ] ::1 /Thinkphp_meddle/b2b2c/Public/pic/goods2.jpg
ERR: 无法加载模块:Public

[ 2017-08-23T13:33:45+08:00 ] ::1 /Thinkphp_meddle/b2b2c/Public/pic/goods1.jpg
ERR: 无法加载模块:Public

[ 2017-08-23T13:33:45+08:00 ] ::1 /Thinkphp_meddle/b2b2c/Public/fonts/glyphicons-halflings-regular.woff
ERR: 无法加载模块:Public

[ 2017-08-23T13:33:45+08:00 ] ::1 /Thinkphp_meddle/b2b2c/Public/fonts/glyphicons-halflings-regular.ttf
ERR: 无法加载模块:Public

[ 2017-08-23T13:34:55+08:00 ] ::1 /Thinkphp_meddle/b2b2c/Public/css/header.css
ERR: 无法加载模块:Public

[ 2017-08-23T13:37:14+08:00 ] ::1 /Thinkphp_meddle/b2b2c/Public/pic/coin.jpg
ERR: 无法加载模块:Public

[ 2017-08-23T13:37:14+08:00 ] ::1 /Thinkphp_meddle/b2b2c/Public/pic/meituan.jpg
ERR: 无法加载模块:Public

[ 2017-08-23T13:37:14+08:00 ] ::1 /Thinkphp_meddle/b2b2c/Public/css/header.css
ERR: 无法加载模块:Public

[ 2017-08-23T13:37:14+08:00 ] ::1 /Thinkphp_meddle/b2b2c/Public/js/jquery-3.2.1.min.js
ERR: 无法加载模块:Public

[ 2017-08-23T13:37:14+08:00 ] ::1 /Thinkphp_meddle/b2b2c/Public/pic/goods2.jpg
ERR: 无法加载模块:Public

[ 2017-08-23T13:37:14+08:00 ] ::1 /Thinkphp_meddle/b2b2c/Public/pic/goods1.jpg
ERR: 无法加载模块:Public

[ 2017-08-23T13:37:14+08:00 ] ::1 /Thinkphp_meddle/b2b2c/Public/pic/code3.jpg
ERR: 无法加载模块:Public

[ 2017-08-23T13:37:14+08:00 ] ::1 /Thinkphp_meddle/b2b2c/Public/pic/code2.jpg
ERR: 无法加载模块:Public

[ 2017-08-23T13:37:14+08:00 ] ::1 /Thinkphp_meddle/b2b2c/Public/fonts/glyphicons-halflings-regular.woff2
ERR: 无法加载模块:Public

[ 2017-08-23T13:37:14+08:00 ] ::1 /Thinkphp_meddle/b2b2c/Public/fonts/glyphicons-halflings-regular.woff
ERR: 无法加载模块:Public

[ 2017-08-23T13:37:15+08:00 ] ::1 /Thinkphp_meddle/b2b2c/Public/fonts/glyphicons-halflings-regular.ttf
ERR: 无法加载模块:Public

[ 2017-08-23T13:38:50+08:00 ] ::1 /Thinkphp_meddle/b2b2c/Public/css/header.css
ERR: 无法加载模块:Public

[ 2017-08-23T13:38:50+08:00 ] ::1 /Thinkphp_meddle/b2b2c/Public/js/jquery-3.2.1.min.js
ERR: 无法加载模块:Public

[ 2017-08-23T13:38:50+08:00 ] ::1 /Thinkphp_meddle/b2b2c/Public/pic/meituan.jpg
ERR: 无法加载模块:Public

[ 2017-08-23T13:38:50+08:00 ] ::1 /Thinkphp_meddle/b2b2c/Public/pic/goods2.jpg
ERR: 无法加载模块:Public

[ 2017-08-23T13:38:50+08:00 ] ::1 /Thinkphp_meddle/b2b2c/Public/pic/coin.jpg
ERR: 无法加载模块:Public

[ 2017-08-23T13:38:50+08:00 ] ::1 /Thinkphp_meddle/b2b2c/Public/pic/goods1.jpg
ERR: 无法加载模块:Public

[ 2017-08-23T13:38:50+08:00 ] ::1 /Thinkphp_meddle/b2b2c/Public/fonts/glyphicons-halflings-regular.woff2
ERR: 无法加载模块:Public

[ 2017-08-23T13:38:50+08:00 ] ::1 /Thinkphp_meddle/b2b2c/Public/fonts/glyphicons-halflings-regular.woff
ERR: 无法加载模块:Public

[ 2017-08-23T13:38:50+08:00 ] ::1 /Thinkphp_meddle/b2b2c/Public/fonts/glyphicons-halflings-regular.ttf
ERR: 无法加载模块:Public

[ 2017-08-23T13:39:09+08:00 ] ::1 /Thinkphp_meddle/b2b2c/Public/css/header.css
ERR: 无法加载模块:Public

[ 2017-08-23T13:39:09+08:00 ] ::1 /Thinkphp_meddle/b2b2c/Public/js/jquery-3.2.1.min.js
ERR: 无法加载模块:Public

[ 2017-08-23T13:39:09+08:00 ] ::1 /Thinkphp_meddle/b2b2c/Public/pic/goods1.jpg
ERR: 无法加载模块:Public

[ 2017-08-23T13:39:09+08:00 ] ::1 /Thinkphp_meddle/b2b2c/Public/pic/goods2.jpg
ERR: 无法加载模块:Public

[ 2017-08-23T13:39:09+08:00 ] ::1 /Thinkphp_meddle/b2b2c/Public/pic/coin.jpg
ERR: 无法加载模块:Public

[ 2017-08-23T13:39:09+08:00 ] ::1 /Thinkphp_meddle/b2b2c/Public/fonts/glyphicons-halflings-regular.woff2
ERR: 无法加载模块:Public

[ 2017-08-23T13:39:09+08:00 ] ::1 /Thinkphp_meddle/b2b2c/Public/pic/meituan.jpg
ERR: 无法加载模块:Public

[ 2017-08-23T13:39:09+08:00 ] ::1 /Thinkphp_meddle/b2b2c/Public/fonts/glyphicons-halflings-regular.woff
ERR: 无法加载模块:Public

[ 2017-08-23T13:39:10+08:00 ] ::1 /Thinkphp_meddle/b2b2c/Public/fonts/glyphicons-halflings-regular.ttf
ERR: 无法加载模块:Public

[ 2017-08-23T13:42:22+08:00 ] ::1 /Thinkphp_meddle/b2b2c/Public/css/header.css
ERR: 无法加载模块:Public

[ 2017-08-23T13:42:22+08:00 ] ::1 /Thinkphp_meddle/b2b2c/Public/pic/coin.jpg
ERR: 无法加载模块:Public

[ 2017-08-23T13:42:22+08:00 ] ::1 /Thinkphp_meddle/b2b2c/Public/fonts/glyphicons-halflings-regular.woff2
ERR: 无法加载模块:Public

[ 2017-08-23T13:42:22+08:00 ] ::1 /Thinkphp_meddle/b2b2c/Public/js/jquery-3.2.1.min.js
ERR: 无法加载模块:Public

[ 2017-08-23T13:42:23+08:00 ] ::1 /Thinkphp_meddle/b2b2c/Public/fonts/glyphicons-halflings-regular.woff
ERR: 无法加载模块:Public

[ 2017-08-23T13:42:23+08:00 ] ::1 /Thinkphp_meddle/b2b2c/Public/pic/meituan.jpg
ERR: 无法加载模块:Public

[ 2017-08-23T13:42:23+08:00 ] ::1 /Thinkphp_meddle/b2b2c/Public/fonts/glyphicons-halflings-regular.ttf
ERR: 无法加载模块:Public

[ 2017-08-23T13:48:36+08:00 ] ::1 /Thinkphp_meddle/b2b2c/Public/css/header.css
ERR: 无法加载模块:Public

[ 2017-08-23T13:48:36+08:00 ] ::1 /Thinkphp_meddle/b2b2c/Public/pic/meituan.jpg
ERR: 无法加载模块:Public

[ 2017-08-23T13:48:36+08:00 ] ::1 /Thinkphp_meddle/b2b2c/Public/js/jquery-3.2.1.min.js
ERR: 无法加载模块:Public

[ 2017-08-23T13:48:36+08:00 ] ::1 /Thinkphp_meddle/b2b2c/Public/fonts/glyphicons-halflings-regular.woff2
ERR: 无法加载模块:Public

[ 2017-08-23T13:48:36+08:00 ] ::1 /Thinkphp_meddle/b2b2c/Public/pic/coin.jpg
ERR: 无法加载模块:Public

[ 2017-08-23T13:48:36+08:00 ] ::1 /Thinkphp_meddle/b2b2c/Public/fonts/glyphicons-halflings-regular.woff
ERR: 无法加载模块:Public

[ 2017-08-23T13:48:36+08:00 ] ::1 /Thinkphp_meddle/b2b2c/Public/fonts/glyphicons-halflings-regular.ttf
ERR: 无法加载模块:Public

[ 2017-08-23T13:48:59+08:00 ] ::1 /Thinkphp_meddle/b2b2c/Public/css/header.css
ERR: 无法加载模块:Public

[ 2017-08-23T13:48:59+08:00 ] ::1 /Thinkphp_meddle/b2b2c/Public/pic/meituan.jpg
ERR: 无法加载模块:Public

[ 2017-08-23T13:48:59+08:00 ] ::1 /Thinkphp_meddle/b2b2c/Public/pic/coin.jpg
ERR: 无法加载模块:Public

[ 2017-08-23T13:48:59+08:00 ] ::1 /Thinkphp_meddle/b2b2c/Public/fonts/glyphicons-halflings-regular.woff2
ERR: 无法加载模块:Public

[ 2017-08-23T13:48:59+08:00 ] ::1 /Thinkphp_meddle/b2b2c/Public/fonts/glyphicons-halflings-regular.woff
ERR: 无法加载模块:Public

[ 2017-08-23T13:48:59+08:00 ] ::1 /Thinkphp_meddle/b2b2c/Public/js/jquery-3.2.1.min.js
ERR: 无法加载模块:Public

[ 2017-08-23T13:48:59+08:00 ] ::1 /Thinkphp_meddle/b2b2c/Public/fonts/glyphicons-halflings-regular.ttf
ERR: 无法加载模块:Public

[ 2017-08-23T13:49:18+08:00 ] ::1 /Thinkphp_meddle/b2b2c/Public/css/header.css
ERR: 无法加载模块:Public

[ 2017-08-23T13:51:16+08:00 ] ::1 /Thinkphp_meddle/b2b2c/Public/css/header.css
ERR: 无法加载模块:Public

[ 2017-08-23T13:51:17+08:00 ] ::1 /Thinkphp_meddle/b2b2c/Public/js/jquery-3.2.1.min.js
ERR: 无法加载模块:Public

[ 2017-08-23T13:51:17+08:00 ] ::1 /Thinkphp_meddle/b2b2c/Public/pic/meituan.jpg
ERR: 无法加载模块:Public

[ 2017-08-23T13:51:17+08:00 ] ::1 /Thinkphp_meddle/b2b2c/Public/fonts/glyphicons-halflings-regular.woff2
ERR: 无法加载模块:Public

[ 2017-08-23T13:51:17+08:00 ] ::1 /Thinkphp_meddle/b2b2c/Public/pic/coin.jpg
ERR: 无法加载模块:Public

[ 2017-08-23T13:51:17+08:00 ] ::1 /Thinkphp_meddle/b2b2c/Public/fonts/glyphicons-halflings-regular.woff
ERR: 无法加载模块:Public

[ 2017-08-23T13:51:17+08:00 ] ::1 /Thinkphp_meddle/b2b2c/Public/fonts/glyphicons-halflings-regular.ttf
ERR: 无法加载模块:Public

[ 2017-08-23T13:51:45+08:00 ] ::1 /Thinkphp_meddle/b2b2c/Public/css/header.css
ERR: 无法加载模块:Public

[ 2017-08-23T13:52:11+08:00 ] ::1 /Thinkphp_meddle/b2b2c/Public/css/header.css
ERR: 无法加载模块:Public

[ 2017-08-23T13:52:12+08:00 ] ::1 /Thinkphp_meddle/b2b2c/Public/pic/coin.jpg
ERR: 无法加载模块:Public

[ 2017-08-23T13:52:12+08:00 ] ::1 /Thinkphp_meddle/b2b2c/Public/js/jquery-3.2.1.min.js
ERR: 无法加载模块:Public

[ 2017-08-23T13:52:12+08:00 ] ::1 /Thinkphp_meddle/b2b2c/Public/pic/meituan.jpg
ERR: 无法加载模块:Public

[ 2017-08-23T13:52:12+08:00 ] ::1 /Thinkphp_meddle/b2b2c/Public/fonts/glyphicons-halflings-regular.woff2
ERR: 无法加载模块:Public

[ 2017-08-23T13:52:12+08:00 ] ::1 /Thinkphp_meddle/b2b2c/Public/fonts/glyphicons-halflings-regular.woff
ERR: 无法加载模块:Public

[ 2017-08-23T13:52:12+08:00 ] ::1 /Thinkphp_meddle/b2b2c/Public/fonts/glyphicons-halflings-regular.ttf
ERR: 无法加载模块:Public

[ 2017-08-23T13:52:30+08:00 ] ::1 /Thinkphp_meddle/b2b2c/Public/css/header.css
ERR: 无法加载模块:Public

[ 2017-08-23T13:53:33+08:00 ] ::1 /Thinkphp_meddle/b2b2c/Public/pic/meituan.jpg
ERR: 无法加载模块:Public

[ 2017-08-23T13:53:33+08:00 ] ::1 /Thinkphp_meddle/b2b2c/Public/css/header.css
ERR: 无法加载模块:Public

[ 2017-08-23T13:53:33+08:00 ] ::1 /Thinkphp_meddle/b2b2c/Public/js/jquery-3.2.1.min.js
ERR: 无法加载模块:Public

[ 2017-08-23T13:53:33+08:00 ] ::1 /Thinkphp_meddle/b2b2c/Public/fonts/glyphicons-halflings-regular.woff2
ERR: 无法加载模块:Public

[ 2017-08-23T13:53:33+08:00 ] ::1 /Thinkphp_meddle/b2b2c/Public/pic/coin.jpg
ERR: 无法加载模块:Public

[ 2017-08-23T13:53:33+08:00 ] ::1 /Thinkphp_meddle/b2b2c/Public/fonts/glyphicons-halflings-regular.woff
ERR: 无法加载模块:Public

[ 2017-08-23T13:53:33+08:00 ] ::1 /Thinkphp_meddle/b2b2c/Public/fonts/glyphicons-halflings-regular.ttf
ERR: 无法加载模块:Public

[ 2017-08-23T13:53:54+08:00 ] ::1 /Thinkphp_meddle/b2b2c/Public/css/header.css
ERR: 无法加载模块:Public

[ 2017-08-23T13:53:54+08:00 ] ::1 /Thinkphp_meddle/b2b2c/Public/js/jquery-3.2.1.min.js
ERR: 无法加载模块:Public

[ 2017-08-23T13:53:54+08:00 ] ::1 /Thinkphp_meddle/b2b2c/Public/pic/meituan.jpg
ERR: 无法加载模块:Public

[ 2017-08-23T13:53:54+08:00 ] ::1 /Thinkphp_meddle/b2b2c/Public/fonts/glyphicons-halflings-regular.woff2
ERR: 无法加载模块:Public

[ 2017-08-23T13:53:54+08:00 ] ::1 /Thinkphp_meddle/b2b2c/Public/pic/coin.jpg
ERR: 无法加载模块:Public

[ 2017-08-23T13:53:55+08:00 ] ::1 /Thinkphp_meddle/b2b2c/Public/fonts/glyphicons-halflings-regular.woff
ERR: 无法加载模块:Public

[ 2017-08-23T13:53:55+08:00 ] ::1 /Thinkphp_meddle/b2b2c/Public/fonts/glyphicons-halflings-regular.ttf
ERR: 无法加载模块:Public

[ 2017-08-23T13:54:01+08:00 ] ::1 /Thinkphp_meddle/b2b2c/Public/css/header.css
ERR: 无法加载模块:Public

[ 2017-08-23T13:55:03+08:00 ] ::1 /Thinkphp_meddle/b2b2c/Public/js/jquery-3.2.1.min.js
ERR: 无法加载模块:Public

[ 2017-08-23T13:55:03+08:00 ] ::1 /Thinkphp_meddle/b2b2c/Public/pic/meituan.jpg
ERR: 无法加载模块:Public

[ 2017-08-23T13:55:03+08:00 ] ::1 /Thinkphp_meddle/b2b2c/Public/css/header.css
ERR: 无法加载模块:Public

[ 2017-08-23T13:55:03+08:00 ] ::1 /Thinkphp_meddle/b2b2c/Public/pic/coin.jpg
ERR: 无法加载模块:Public

[ 2017-08-23T13:55:03+08:00 ] ::1 /Thinkphp_meddle/b2b2c/Public/fonts/glyphicons-halflings-regular.woff2
ERR: 无法加载模块:Public

[ 2017-08-23T13:55:04+08:00 ] ::1 /Thinkphp_meddle/b2b2c/Public/fonts/glyphicons-halflings-regular.woff
ERR: 无法加载模块:Public

[ 2017-08-23T13:55:04+08:00 ] ::1 /Thinkphp_meddle/b2b2c/Public/fonts/glyphicons-halflings-regular.ttf
ERR: 无法加载模块:Public

[ 2017-08-23T13:57:23+08:00 ] ::1 /Thinkphp_meddle/b2b2c/Public/pic/meituan.jpg
ERR: 无法加载模块:Public

[ 2017-08-23T13:57:23+08:00 ] ::1 /Thinkphp_meddle/b2b2c/Public/css/header.css
ERR: 无法加载模块:Public

[ 2017-08-23T13:57:23+08:00 ] ::1 /Thinkphp_meddle/b2b2c/Public/js/jquery-3.2.1.min.js
ERR: 无法加载模块:Public

[ 2017-08-23T13:57:23+08:00 ] ::1 /Thinkphp_meddle/b2b2c/Public/pic/coin.jpg
ERR: 无法加载模块:Public

[ 2017-08-23T13:57:23+08:00 ] ::1 /Thinkphp_meddle/b2b2c/Public/fonts/glyphicons-halflings-regular.woff2
ERR: 无法加载模块:Public

[ 2017-08-23T13:57:23+08:00 ] ::1 /Thinkphp_meddle/b2b2c/Public/fonts/glyphicons-halflings-regular.woff
ERR: 无法加载模块:Public

[ 2017-08-23T13:57:23+08:00 ] ::1 /Thinkphp_meddle/b2b2c/Public/fonts/glyphicons-halflings-regular.ttf
ERR: 无法加载模块:Public

[ 2017-08-23T14:17:54+08:00 ] ::1 /Thinkphp_meddle/b2b2c/Public/Home/bootstrap/css/bootstrap.min.css.map
ERR: 无法加载模块:Public

[ 2017-08-23T14:22:16+08:00 ] ::1 /Thinkphp_meddle/b2b2c/Public/Home/bootstrap/css/bootstrap.min.css.map
ERR: 无法加载模块:Public

[ 2017-08-23T14:29:43+08:00 ] ::1 /Thinkphp_meddle/b2b2c/Public/layer/layer.js
ERR: 无法加载模块:Public

[ 2017-08-23T14:31:19+08:00 ] ::1 /Thinkphp_meddle/b2b2c/Public/layer/layer.js
ERR: 无法加载模块:Public

[ 2017-08-23T14:39:16+08:00 ] ::1 /Thinkphp_meddle/b2b2c/Public/layer/layer.js
ERR: 无法加载模块:Public

[ 2017-08-23T14:41:00+08:00 ] ::1 /Thinkphp_meddle/b2b2c/Public/layer/layer.js
ERR: 无法加载模块:Public

[ 2017-08-23T14:41:03+08:00 ] ::1 /Thinkphp_meddle/b2b2c/Order/List/all/status/1.html
ERR: 无法加载模块:Order

[ 2017-08-23T14:43:08+08:00 ] ::1 /Thinkphp_meddle/b2b2c/Public/layer/layer.js
ERR: 无法加载模块:Public

[ 2017-08-23T14:43:11+08:00 ] ::1 /Thinkphp_meddle/b2b2c/Public/layer/layer.js
ERR: 无法加载模块:Public

[ 2017-08-23T14:46:12+08:00 ] ::1 /Thinkphp_meddle/b2b2c/Public/layer/layer.js
ERR: 无法加载模块:Public

[ 2017-08-23T15:21:06+08:00 ] ::1 /Thinkphp_meddle/b2b2c/Public/Home/css/bootstrap.min.css.map
ERR: 无法加载模块:Public

[ 2017-08-23T15:24:08+08:00 ] ::1 /Thinkphp_meddle/b2b2c/Public/Home/css/bootstrap.min.css.map
ERR: 无法加载模块:Public

[ 2017-08-23T15:39:40+08:00 ] ::1 /Thinkphp_meddle/b2b2c/Public/js/jquery.form.js
ERR: 无法加载模块:Public

[ 2017-08-23T15:39:40+08:00 ] ::1 /Thinkphp_meddle/b2b2c/Public/js/jquery.validate.min.js
ERR: 无法加载模块:Public

[ 2017-08-23T15:39:40+08:00 ] ::1 /Thinkphp_meddle/b2b2c/Public/js/jquery.form.js
ERR: 无法加载模块:Public

[ 2017-08-23T15:41:09+08:00 ] ::1 /Thinkphp_meddle/b2b2c/Public/js/jquery.validate.min.js
ERR: 无法加载模块:Public

[ 2017-08-23T15:41:09+08:00 ] ::1 /Thinkphp_meddle/b2b2c/Public/js/jquery.form.js
ERR: 无法加载模块:Public

[ 2017-08-23T15:41:31+08:00 ] ::1 /Thinkphp_meddle/b2b2c/Public/js/jquery.validate.min.js
ERR: 无法加载模块:Public

[ 2017-08-23T15:41:31+08:00 ] ::1 /Thinkphp_meddle/b2b2c/Public/js/jquery.form.js
ERR: 无法加载模块:Public

[ 2017-08-23T15:41:39+08:00 ] ::1 /Thinkphp_meddle/b2b2c/Public/js/jquery.validate.min.js
ERR: 无法加载模块:Public

[ 2017-08-23T15:41:39+08:00 ] ::1 /Thinkphp_meddle/b2b2c/Public/js/jquery.form.js
ERR: 无法加载模块:Public

[ 2017-08-23T15:41:45+08:00 ] ::1 /Thinkphp_meddle/b2b2c/Public/js/jquery.validate.min.js
ERR: 无法加载模块:Public

[ 2017-08-23T15:41:45+08:00 ] ::1 /Thinkphp_meddle/b2b2c/Public/js/jquery.form.js
ERR: 无法加载模块:Public

[ 2017-08-23T15:42:34+08:00 ] ::1 /Thinkphp_meddle/b2b2c/Public/Home/validation/dist/jquery.validate.min.js
ERR: 无法加载模块:Public

[ 2017-08-23T15:42:34+08:00 ] ::1 /Thinkphp_meddle/b2b2c/Public/Home/jquery1.8.3.min.js
ERR: 无法加载模块:Public

[ 2017-08-23T15:42:34+08:00 ] ::1 /Thinkphp_meddle/b2b2c/Public/Home/validation/dist/additional-methods.js
ERR: 无法加载模块:Public

[ 2017-08-23T15:42:35+08:00 ] ::1 /Thinkphp_meddle/b2b2c/Public/Home/validation/lib/jquery.form.js
ERR: 无法加载模块:Public

[ 2017-08-23T15:42:35+08:00 ] ::1 /Thinkphp_meddle/b2b2c/Public/Home/validation/dist/jquery.validate.min.js
ERR: 无法加载模块:Public

[ 2017-08-23T15:42:35+08:00 ] ::1 /Thinkphp_meddle/b2b2c/Public/Home/validation/dist/additional-methods.js
ERR: 无法加载模块:Public

[ 2017-08-23T15:42:35+08:00 ] ::1 /Thinkphp_meddle/b2b2c/Public/Home/validation/lib/jquery.form.js
ERR: 无法加载模块:Public

[ 2017-08-23T15:42:39+08:00 ] ::1 /Thinkphp_meddle/b2b2c/Public/Home/jquery1.8.3.min.js
ERR: 无法加载模块:Public

[ 2017-08-23T15:47:26+08:00 ] ::1 /Thinkphp_meddle/b2b2c/Public/js/jquery.validate.min.js
ERR: 无法加载模块:Public

[ 2017-08-23T15:47:27+08:00 ] ::1 /Thinkphp_meddle/b2b2c/Public/js/jquery.form.js
ERR: 无法加载模块:Public

[ 2017-08-23T15:53:26+08:00 ] ::1 /Thinkphp_meddle/b2b2c/Public/Home/css/bootstrap.min.css.map
ERR: 无法加载模块:Public

[ 2017-08-23T17:15:52+08:00 ] ::1 /Thinkphp_meddle/b2b2c/Public/Home/css/css3.css
ERR: 无法加载模块:Public

[ 2017-08-23T17:15:55+08:00 ] ::1 /Thinkphp_meddle/b2b2c/Public/Home/2.jpg
ERR: 无法加载模块:Public

[ 2017-08-23T17:15:55+08:00 ] ::1 /Thinkphp_meddle/b2b2c/Public/Home/1.jpg
ERR: 无法加载模块:Public

[ 2017-08-23T17:16:03+08:00 ] ::1 /Thinkphp_meddle/b2b2c/Public/Home/css/css3.css
ERR: 无法加载模块:Public

[ 2017-08-23T17:16:03+08:00 ] ::1 /Thinkphp_meddle/b2b2c/Public/Home/2.jpg
ERR: 无法加载模块:Public

[ 2017-08-23T17:16:03+08:00 ] ::1 /Thinkphp_meddle/b2b2c/Public/Home/1.jpg
ERR: 无法加载模块:Public

[ 2017-08-23T17:16:41+08:00 ] ::1 /Thinkphp_meddle/b2b2c/Public/Home/css/css3.css
ERR: 无法加载模块:Public

[ 2017-08-23T17:16:41+08:00 ] ::1 /Thinkphp_meddle/b2b2c/Public/Home/2.jpg
ERR: 无法加载模块:Public

[ 2017-08-23T17:16:41+08:00 ] ::1 /Thinkphp_meddle/b2b2c/Public/Home/1.jpg
ERR: 无法加载模块:Public

[ 2017-08-23T17:16:58+08:00 ] ::1 /Thinkphp_meddle/b2b2c/Public/Home/css/css3.css
ERR: 无法加载模块:Public

[ 2017-08-23T17:16:58+08:00 ] ::1 /Thinkphp_meddle/b2b2c/Public/Home/2.jpg
ERR: 无法加载模块:Public

[ 2017-08-23T17:16:58+08:00 ] ::1 /Thinkphp_meddle/b2b2c/Public/Home/1.jpg
ERR: 无法加载模块:Public

[ 2017-08-23T17:17:42+08:00 ] ::1 /Thinkphp_meddle/b2b2c/Public/Home/css/css3.css
ERR: 无法加载模块:Public

[ 2017-08-23T17:17:42+08:00 ] ::1 /Thinkphp_meddle/b2b2c/Public/Home/2.jpg
ERR: 无法加载模块:Public

[ 2017-08-23T17:17:42+08:00 ] ::1 /Thinkphp_meddle/b2b2c/Public/Home/1.jpg
ERR: 无法加载模块:Public

[ 2017-08-23T17:19:18+08:00 ] ::1 /Thinkphp_meddle/b2b2c/Public/Home/2.jpg
ERR: 无法加载模块:Public

[ 2017-08-23T17:19:18+08:00 ] ::1 /Thinkphp_meddle/b2b2c/Public/Home/1.jpg
ERR: 无法加载模块:Public

[ 2017-08-23T18:31:23+08:00 ] ::1 /Thinkphp_meddle/b2b2c/Public/Home/bootstrap/js/bootstrap.min.js
ERR: 无法加载模块:Public

[ 2017-08-23T18:31:23+08:00 ] ::1 /Thinkphp_meddle/b2b2c/Public/Home/bootstrap/css/bootstrap.min.css
ERR: 无法加载模块:Public

[ 2017-08-23T19:09:12+08:00 ] ::1 /Thinkphp_meddle/b2b2c/Public/Checkboxes/fonts/glyphicons-halflings-regular.woff2
ERR: 无法加载模块:Public

[ 2017-08-23T19:09:13+08:00 ] ::1 /Thinkphp_meddle/b2b2c/Public/Checkboxes/fonts/glyphicons-halflings-regular.woff
ERR: 无法加载模块:Public

[ 2017-08-23T19:09:13+08:00 ] ::1 /Thinkphp_meddle/b2b2c/Public/Checkboxes/fonts/glyphicons-halflings-regular.ttf
ERR: 无法加载模块:Public

[ 2017-08-23T19:09:47+08:00 ] ::1 /Thinkphp_meddle/b2b2c/Public/Checkboxes/fonts/glyphicons-halflings-regular.woff2
ERR: 无法加载模块:Public

[ 2017-08-23T19:09:47+08:00 ] ::1 /Thinkphp_meddle/b2b2c/Public/Checkboxes/fonts/glyphicons-halflings-regular.woff
ERR: 无法加载模块:Public

[ 2017-08-23T19:09:47+08:00 ] ::1 /Thinkphp_meddle/b2b2c/Public/Checkboxes/fonts/glyphicons-halflings-regular.ttf
ERR: 无法加载模块:Public

[ 2017-08-23T19:09:50+08:00 ] ::1 /Thinkphp_meddle/b2b2c/Public/Checkboxes/fonts/glyphicons-halflings-regular.woff2
ERR: 无法加载模块:Public

[ 2017-08-23T19:09:50+08:00 ] ::1 /Thinkphp_meddle/b2b2c/Public/Checkboxes/fonts/glyphicons-halflings-regular.woff
ERR: 无法加载模块:Public

[ 2017-08-23T19:09:50+08:00 ] ::1 /Thinkphp_meddle/b2b2c/Public/Checkboxes/fonts/glyphicons-halflings-regular.ttf
ERR: 无法加载模块:Public

[ 2017-08-23T19:09:52+08:00 ] ::1 /Thinkphp_meddle/b2b2c/Public/Checkboxes/fonts/glyphicons-halflings-regular.woff2
ERR: 无法加载模块:Public

[ 2017-08-23T19:09:52+08:00 ] ::1 /Thinkphp_meddle/b2b2c/Public/Checkboxes/fonts/glyphicons-halflings-regular.woff
ERR: 无法加载模块:Public

[ 2017-08-23T19:09:52+08:00 ] ::1 /Thinkphp_meddle/b2b2c/Public/Checkboxes/fonts/glyphicons-halflings-regular.ttf
ERR: 无法加载模块:Public

[ 2017-08-23T19:10:00+08:00 ] ::1 /Thinkphp_meddle/b2b2c/Public/Checkboxes/fonts/glyphicons-halflings-regular.woff2
ERR: 无法加载模块:Public

[ 2017-08-23T19:10:00+08:00 ] ::1 /Thinkphp_meddle/b2b2c/Public/Checkboxes/fonts/glyphicons-halflings-regular.woff
ERR: 无法加载模块:Public

[ 2017-08-23T19:10:00+08:00 ] ::1 /Thinkphp_meddle/b2b2c/Public/Checkboxes/fonts/glyphicons-halflings-regular.ttf
ERR: 无法加载模块:Public

[ 2017-08-23T20:02:26+08:00 ] ::1 /Thinkphp_meddle/b2b2c/Public/Home/bootstrap/js/bootstrap.min.js
ERR: 无法加载模块:Public

[ 2017-08-23T20:02:26+08:00 ] ::1 /Thinkphp_meddle/b2b2c/Public/Home/bootstrap/css/bootstrap.min.css
ERR: 无法加载模块:Public

[ 2017-08-23T20:18:32+08:00 ] ::1 /Thinkphp_meddle/b2b2c/Public/Home/bootstrap/css/bootstrap.min.css
ERR: 无法加载模块:Public

[ 2017-08-23T20:18:32+08:00 ] ::1 /Thinkphp_meddle/b2b2c/Public/Home/bootstrap/js/bootstrap.min.js
ERR: 无法加载模块:Public

[ 2017-08-23T20:25:37+08:00 ] ::1 /Thinkphp_meddle/b2b2c/Public/Home/bootstrap/css/bootstrap.min.css
ERR: 无法加载模块:Public

[ 2017-08-23T20:25:37+08:00 ] ::1 /Thinkphp_meddle/b2b2c/Public/Home/bootstrap/js/bootstrap.min.js
ERR: 无法加载模块:Public

[ 2017-08-23T20:37:14+08:00 ] ::1 /Thinkphp_meddle/b2b2c/Public/Home/bootstrap/css/bootstrap.min.css
ERR: 无法加载模块:Public

[ 2017-08-23T20:37:14+08:00 ] ::1 /Thinkphp_meddle/b2b2c/Public/Home/bootstrap/js/bootstrap.min.js
ERR: 无法加载模块:Public

[ 2017-08-23T20:39:04+08:00 ] ::1 /Thinkphp_meddle/b2b2c/Public/Home/bootstrap/css/bootstrap.min.css
ERR: 无法加载模块:Public

[ 2017-08-23T20:39:04+08:00 ] ::1 /Thinkphp_meddle/b2b2c/Public/Home/bootstrap/js/bootstrap.min.js
ERR: 无法加载模块:Public

[ 2017-08-23T21:33:51+08:00 ] ::1 /Thinkphp_meddle/b2b2c/Public/Home/bootstrap/css/bootstrap.min.css
ERR: 无法加载模块:Public

[ 2017-08-23T21:33:51+08:00 ] ::1 /Thinkphp_meddle/b2b2c/Public/Home/bootstrap/js/bootstrap.min.js
ERR: 无法加载模块:Public

