[ 2017-08-16T08:51:40+08:00 ] ::1 /Thinkphp_meddle/b2b2c/Public/Checkboxes/fonts/glyphicons-halflings-regular.woff2
ERR: 无法加载模块:Public

[ 2017-08-16T08:51:40+08:00 ] ::1 /Thinkphp_meddle/b2b2c/Public/Checkboxes/fonts/glyphicons-halflings-regular.woff
ERR: 无法加载模块:Public

[ 2017-08-16T08:51:40+08:00 ] ::1 /Thinkphp_meddle/b2b2c/Public/Checkboxes/fonts/glyphicons-halflings-regular.ttf
ERR: 无法加载模块:Public

[ 2017-08-16T08:51:51+08:00 ] ::1 /Thinkphp_meddle/b2b2c/Public/Checkboxes/fonts/glyphicons-halflings-regular.woff2
ERR: 无法加载模块:Public

[ 2017-08-16T08:51:51+08:00 ] ::1 /Thinkphp_meddle/b2b2c/Public/Checkboxes/fonts/glyphicons-halflings-regular.woff
ERR: 无法加载模块:Public

[ 2017-08-16T08:51:51+08:00 ] ::1 /Thinkphp_meddle/b2b2c/Public/Checkboxes/fonts/glyphicons-halflings-regular.ttf
ERR: 无法加载模块:Public

[ 2017-08-16T08:52:11+08:00 ] ::1 /Thinkphp_meddle/b2b2c/Public/Checkboxes/fonts/glyphicons-halflings-regular.woff2
ERR: 无法加载模块:Public

[ 2017-08-16T08:52:11+08:00 ] ::1 /Thinkphp_meddle/b2b2c/Public/Checkboxes/fonts/glyphicons-halflings-regular.woff
ERR: 无法加载模块:Public

[ 2017-08-16T08:52:11+08:00 ] ::1 /Thinkphp_meddle/b2b2c/Public/Checkboxes/fonts/glyphicons-halflings-regular.ttf
ERR: 无法加载模块:Public

[ 2017-08-16T08:52:21+08:00 ] ::1 /Thinkphp_meddle/b2b2c/Public/Checkboxes/fonts/glyphicons-halflings-regular.woff2
ERR: 无法加载模块:Public

[ 2017-08-16T08:52:21+08:00 ] ::1 /Thinkphp_meddle/b2b2c/Public/Checkboxes/fonts/glyphicons-halflings-regular.woff
ERR: 无法加载模块:Public

[ 2017-08-16T08:52:22+08:00 ] ::1 /Thinkphp_meddle/b2b2c/Public/Checkboxes/fonts/glyphicons-halflings-regular.ttf
ERR: 无法加载模块:Public

[ 2017-08-16T08:52:32+08:00 ] ::1 /Thinkphp_meddle/b2b2c/Public/Checkboxes/fonts/glyphicons-halflings-regular.woff2
ERR: 无法加载模块:Public

[ 2017-08-16T08:52:32+08:00 ] ::1 /Thinkphp_meddle/b2b2c/Public/Checkboxes/fonts/glyphicons-halflings-regular.woff
ERR: 无法加载模块:Public

[ 2017-08-16T08:52:32+08:00 ] ::1 /Thinkphp_meddle/b2b2c/Public/Checkboxes/fonts/glyphicons-halflings-regular.ttf
ERR: 无法加载模块:Public

[ 2017-08-16T10:57:36+08:00 ] ::1 /Thinkphp_meddle/b2b2c/Public/Checkboxes/fonts/glyphicons-halflings-regular.woff2
ERR: 无法加载模块:Public

[ 2017-08-16T10:57:36+08:00 ] ::1 /Thinkphp_meddle/b2b2c/Public/Checkboxes/fonts/glyphicons-halflings-regular.woff
ERR: 无法加载模块:Public

[ 2017-08-16T10:57:36+08:00 ] ::1 /Thinkphp_meddle/b2b2c/Public/Checkboxes/fonts/glyphicons-halflings-regular.ttf
ERR: 无法加载模块:Public

[ 2017-08-16T10:57:47+08:00 ] ::1 /Thinkphp_meddle/b2b2c/Public/Checkboxes/fonts/glyphicons-halflings-regular.woff2
ERR: 无法加载模块:Public

[ 2017-08-16T10:57:47+08:00 ] ::1 /Thinkphp_meddle/b2b2c/Public/Checkboxes/fonts/glyphicons-halflings-regular.woff
ERR: 无法加载模块:Public

[ 2017-08-16T10:57:47+08:00 ] ::1 /Thinkphp_meddle/b2b2c/Public/Checkboxes/fonts/glyphicons-halflings-regular.ttf
ERR: 无法加载模块:Public

[ 2017-08-16T17:34:57+08:00 ] ::1 /Thinkphp_meddle/b2b2c/Public/js/jquery-3.2.1.min.js
ERR: 无法加载模块:Public

[ 2017-08-16T17:34:57+08:00 ] ::1 /Thinkphp_meddle/b2b2c/Public/css/header.css
ERR: 无法加载模块:Public

[ 2017-08-16T17:34:58+08:00 ] ::1 /Thinkphp_meddle/b2b2c/Public/pic/coin.jpg
ERR: 无法加载模块:Public

[ 2017-08-16T17:34:58+08:00 ] ::1 /Thinkphp_meddle/b2b2c/Public/pic/code2.jpg
ERR: 无法加载模块:Public

[ 2017-08-16T17:34:58+08:00 ] ::1 /Thinkphp_meddle/b2b2c/Public/fonts/glyphicons-halflings-regular.woff2
ERR: 无法加载模块:Public

[ 2017-08-16T17:34:58+08:00 ] ::1 /Thinkphp_meddle/b2b2c/Public/pic/goods2.jpg
ERR: 无法加载模块:Public

[ 2017-08-16T17:34:58+08:00 ] ::1 /Thinkphp_meddle/b2b2c/Public/pic/meituan.jpg
ERR: 无法加载模块:Public

[ 2017-08-16T17:34:58+08:00 ] ::1 /Thinkphp_meddle/b2b2c/Public/pic/code3.jpg
ERR: 无法加载模块:Public

[ 2017-08-16T17:34:58+08:00 ] ::1 /Thinkphp_meddle/b2b2c/Public/pic/goods1.jpg
ERR: 无法加载模块:Public

[ 2017-08-16T17:34:59+08:00 ] ::1 /Thinkphp_meddle/b2b2c/Public/fonts/glyphicons-halflings-regular.woff
ERR: 无法加载模块:Public

[ 2017-08-16T17:34:59+08:00 ] ::1 /Thinkphp_meddle/b2b2c/Public/fonts/glyphicons-halflings-regular.ttf
ERR: 无法加载模块:Public

[ 2017-08-16T20:46:01+08:00 ] ::1 /Thinkphp_meddle/b2b2c/Public/Home/css/css1.css,/www/css/cate-nav.css@088bc3b
ERR: 无法加载模块:Public

[ 2017-08-16T20:46:33+08:00 ] ::1 /Thinkphp_meddle/b2b2c/Public/Home/css/css2.css,/www/css/cate-nav.css@088bc3b
ERR: 无法加载模块:Public

