[ 2017-08-18T10:24:10+08:00 ] ::1 /Thinkphp_meddle/b2b2c/Public/Checkboxes/fonts/glyphicons-halflings-regular.woff2
ERR: 无法加载模块:Public

[ 2017-08-18T10:24:10+08:00 ] ::1 /Thinkphp_meddle/b2b2c/Public/Checkboxes/fonts/glyphicons-halflings-regular.woff
ERR: 无法加载模块:Public

[ 2017-08-18T10:24:10+08:00 ] ::1 /Thinkphp_meddle/b2b2c/Public/Checkboxes/fonts/glyphicons-halflings-regular.ttf
ERR: 无法加载模块:Public

[ 2017-08-18T11:23:27+08:00 ] ::1 /Thinkphp_meddle/b2b2c/Public/Checkboxes/fonts/glyphicons-halflings-regular.woff2
ERR: 无法加载模块:Public

[ 2017-08-18T11:23:27+08:00 ] ::1 /Thinkphp_meddle/b2b2c/Public/Checkboxes/fonts/glyphicons-halflings-regular.woff
ERR: 无法加载模块:Public

[ 2017-08-18T11:23:27+08:00 ] ::1 /Thinkphp_meddle/b2b2c/Public/Checkboxes/fonts/glyphicons-halflings-regular.ttf
ERR: 无法加载模块:Public

[ 2017-08-18T17:06:13+08:00 ] ::1 /Thinkphp_meddle/b2b2c/Public/Checkboxes/fonts/glyphicons-halflings-regular.woff2
ERR: 无法加载模块:Public

[ 2017-08-18T17:06:13+08:00 ] ::1 /Thinkphp_meddle/b2b2c/Public/Checkboxes/fonts/glyphicons-halflings-regular.woff
ERR: 无法加载模块:Public

[ 2017-08-18T17:06:13+08:00 ] ::1 /Thinkphp_meddle/b2b2c/Public/Checkboxes/fonts/glyphicons-halflings-regular.ttf
ERR: 无法加载模块:Public

[ 2017-08-18T17:09:42+08:00 ] ::1 /Thinkphp_meddle/b2b2c/Public/Checkboxes/fonts/glyphicons-halflings-regular.woff2
ERR: 无法加载模块:Public

[ 2017-08-18T17:09:42+08:00 ] ::1 /Thinkphp_meddle/b2b2c/Public/Checkboxes/fonts/glyphicons-halflings-regular.woff
ERR: 无法加载模块:Public

[ 2017-08-18T17:09:42+08:00 ] ::1 /Thinkphp_meddle/b2b2c/Public/Checkboxes/fonts/glyphicons-halflings-regular.ttf
ERR: 无法加载模块:Public

[ 2017-08-18T17:22:28+08:00 ] ::1 /Thinkphp_meddle/b2b2c/Public/Checkboxes/fonts/glyphicons-halflings-regular.woff2
ERR: 无法加载模块:Public

[ 2017-08-18T17:22:28+08:00 ] ::1 /Thinkphp_meddle/b2b2c/Public/Checkboxes/fonts/glyphicons-halflings-regular.woff
ERR: 无法加载模块:Public

[ 2017-08-18T17:22:28+08:00 ] ::1 /Thinkphp_meddle/b2b2c/Public/Checkboxes/fonts/glyphicons-halflings-regular.ttf
ERR: 无法加载模块:Public

[ 2017-08-18T17:22:30+08:00 ] ::1 /Thinkphp_meddle/b2b2c/Public/Checkboxes/fonts/glyphicons-halflings-regular.woff2
ERR: 无法加载模块:Public

[ 2017-08-18T17:22:31+08:00 ] ::1 /Thinkphp_meddle/b2b2c/Public/Checkboxes/fonts/glyphicons-halflings-regular.woff
ERR: 无法加载模块:Public

[ 2017-08-18T17:22:31+08:00 ] ::1 /Thinkphp_meddle/b2b2c/Public/Checkboxes/fonts/glyphicons-halflings-regular.ttf
ERR: 无法加载模块:Public

[ 2017-08-18T17:22:34+08:00 ] ::1 /Thinkphp_meddle/b2b2c/Public/Checkboxes/fonts/glyphicons-halflings-regular.woff2
ERR: 无法加载模块:Public

[ 2017-08-18T17:22:34+08:00 ] ::1 /Thinkphp_meddle/b2b2c/Public/Checkboxes/fonts/glyphicons-halflings-regular.woff
ERR: 无法加载模块:Public

[ 2017-08-18T17:22:34+08:00 ] ::1 /Thinkphp_meddle/b2b2c/Public/Checkboxes/fonts/glyphicons-halflings-regular.ttf
ERR: 无法加载模块:Public

[ 2017-08-18T17:23:55+08:00 ] ::1 /Thinkphp_meddle/b2b2c/Public/Checkboxes/fonts/glyphicons-halflings-regular.woff2
ERR: 无法加载模块:Public

[ 2017-08-18T17:23:55+08:00 ] ::1 /Thinkphp_meddle/b2b2c/Public/Checkboxes/fonts/glyphicons-halflings-regular.woff
ERR: 无法加载模块:Public

[ 2017-08-18T17:23:55+08:00 ] ::1 /Thinkphp_meddle/b2b2c/Public/Checkboxes/fonts/glyphicons-halflings-regular.ttf
ERR: 无法加载模块:Public

[ 2017-08-18T17:24:06+08:00 ] ::1 /Thinkphp_meddle/b2b2c/Public/Checkboxes/css/bootstrap.css.map
ERR: 无法加载模块:Public

