[ 2017-08-28T13:32:52+08:00 ] ::1 /Thinkphp_meddle/b2b2c/Public/%7B%7D
ERR: 无法加载模块:Public

[ 2017-08-28T14:08:36+08:00 ] ::1 /Thinkphp_meddle/b2b2c/Public/Checkboxes/css/bootstrap.css.map
ERR: 无法加载模块:Public

[ 2017-08-28T14:09:41+08:00 ] ::1 /Thinkphp_meddle/b2b2c/Public/Checkboxes/css/bootstrap.css.map
ERR: 无法加载模块:Public

[ 2017-08-28T14:09:55+08:00 ] ::1 /Thinkphp_meddle/b2b2c/Public/Checkboxes/css/bootstrap.css.map
ERR: 无法加载模块:Public

[ 2017-08-28T14:10:40+08:00 ] ::1 /Thinkphp_meddle/b2b2c/Public/Checkboxes/css/bootstrap.css.map
ERR: 无法加载模块:Public

[ 2017-08-28T14:18:17+08:00 ] ::1 /Thinkphp_meddle/b2b2c/Public/Checkboxes/css/bootstrap.css.map
ERR: 无法加载模块:Public

[ 2017-08-28T14:20:50+08:00 ] ::1 /Thinkphp_meddle/b2b2c/Public/Checkboxes/css/bootstrap.css.map
ERR: 无法加载模块:Public

[ 2017-08-28T14:21:23+08:00 ] ::1 /Thinkphp_meddle/b2b2c/Public/Checkboxes/css/bootstrap.css.map
ERR: 无法加载模块:Public

[ 2017-08-28T14:30:57+08:00 ] ::1 /Thinkphp_meddle/b2b2c/Public/Checkboxes/css/bootstrap.css.map
ERR: 无法加载模块:Public

[ 2017-08-28T14:31:30+08:00 ] ::1 /Thinkphp_meddle/b2b2c/Public/Checkboxes/css/bootstrap.css.map
ERR: 无法加载模块:Public

[ 2017-08-28T14:31:49+08:00 ] ::1 /Thinkphp_meddle/b2b2c/Public/Checkboxes/css/bootstrap.css.map
ERR: 无法加载模块:Public

[ 2017-08-28T14:32:48+08:00 ] ::1 /Thinkphp_meddle/b2b2c/Public/Checkboxes/css/bootstrap.css.map
ERR: 无法加载模块:Public

[ 2017-08-28T14:34:02+08:00 ] ::1 /Thinkphp_meddle/b2b2c/Public/Checkboxes/css/bootstrap.css.map
ERR: 无法加载模块:Public

[ 2017-08-28T14:37:06+08:00 ] ::1 /Thinkphp_meddle/b2b2c/Public/Checkboxes/css/bootstrap.css.map
ERR: 无法加载模块:Public

[ 2017-08-28T14:37:53+08:00 ] ::1 /Thinkphp_meddle/b2b2c/Public/Checkboxes/css/bootstrap.css.map
ERR: 无法加载模块:Public

[ 2017-08-28T15:17:29+08:00 ] ::1 /Thinkphp_meddle/b2b2c/Public/Checkboxes/fonts/glyphicons-halflings-regular.woff2
ERR: 无法加载模块:Public

[ 2017-08-28T15:17:29+08:00 ] ::1 /Thinkphp_meddle/b2b2c/Public/Checkboxes/fonts/glyphicons-halflings-regular.woff
ERR: 无法加载模块:Public

[ 2017-08-28T15:17:29+08:00 ] ::1 /Thinkphp_meddle/b2b2c/Public/Checkboxes/fonts/glyphicons-halflings-regular.ttf
ERR: 无法加载模块:Public

[ 2017-08-28T15:42:37+08:00 ] ::1 /Thinkphp_meddle/b2b2c/Public/Checkboxes/css/bootstrap.css.map
ERR: 无法加载模块:Public

[ 2017-08-28T16:16:02+08:00 ] ::1 /Thinkphp_meddle/b2b2c/Public/Checkboxes/fonts/glyphicons-halflings-regular.woff2
ERR: 无法加载模块:Public

[ 2017-08-28T16:16:02+08:00 ] ::1 /Thinkphp_meddle/b2b2c/Public/Checkboxes/fonts/glyphicons-halflings-regular.woff
ERR: 无法加载模块:Public

[ 2017-08-28T16:16:02+08:00 ] ::1 /Thinkphp_meddle/b2b2c/Public/Checkboxes/fonts/glyphicons-halflings-regular.ttf
ERR: 无法加载模块:Public

[ 2017-08-28T17:08:14+08:00 ] ::1 /Thinkphp_meddle/b2b2c/Public/Checkboxes/fonts/glyphicons-halflings-regular.woff2
ERR: 无法加载模块:Public

[ 2017-08-28T17:08:14+08:00 ] ::1 /Thinkphp_meddle/b2b2c/Public/Checkboxes/fonts/glyphicons-halflings-regular.woff
ERR: 无法加载模块:Public

[ 2017-08-28T17:08:14+08:00 ] ::1 /Thinkphp_meddle/b2b2c/Public/Checkboxes/fonts/glyphicons-halflings-regular.ttf
ERR: 无法加载模块:Public

[ 2017-08-28T17:08:23+08:00 ] ::1 /Thinkphp_meddle/b2b2c/Public/Checkboxes/fonts/glyphicons-halflings-regular.woff2
ERR: 无法加载模块:Public

[ 2017-08-28T17:08:23+08:00 ] ::1 /Thinkphp_meddle/b2b2c/Public/Checkboxes/fonts/glyphicons-halflings-regular.woff
ERR: 无法加载模块:Public

[ 2017-08-28T17:08:23+08:00 ] ::1 /Thinkphp_meddle/b2b2c/Public/Checkboxes/fonts/glyphicons-halflings-regular.ttf
ERR: 无法加载模块:Public

[ 2017-08-28T17:08:34+08:00 ] ::1 /Thinkphp_meddle/b2b2c/Public/Checkboxes/fonts/glyphicons-halflings-regular.woff2
ERR: 无法加载模块:Public

[ 2017-08-28T17:08:34+08:00 ] ::1 /Thinkphp_meddle/b2b2c/Public/Checkboxes/fonts/glyphicons-halflings-regular.woff
ERR: 无法加载模块:Public

[ 2017-08-28T17:08:34+08:00 ] ::1 /Thinkphp_meddle/b2b2c/Public/Checkboxes/fonts/glyphicons-halflings-regular.ttf
ERR: 无法加载模块:Public

[ 2017-08-28T17:10:10+08:00 ] ::1 /Thinkphp_meddle/b2b2c/Public/Checkboxes/fonts/glyphicons-halflings-regular.woff2
ERR: 无法加载模块:Public

[ 2017-08-28T17:10:10+08:00 ] ::1 /Thinkphp_meddle/b2b2c/Public/Checkboxes/fonts/glyphicons-halflings-regular.woff
ERR: 无法加载模块:Public

[ 2017-08-28T17:10:10+08:00 ] ::1 /Thinkphp_meddle/b2b2c/Public/Checkboxes/fonts/glyphicons-halflings-regular.ttf
ERR: 无法加载模块:Public

[ 2017-08-28T17:10:16+08:00 ] ::1 /Thinkphp_meddle/b2b2c/Public/Checkboxes/fonts/glyphicons-halflings-regular.woff2
ERR: 无法加载模块:Public

[ 2017-08-28T17:10:16+08:00 ] ::1 /Thinkphp_meddle/b2b2c/Public/Checkboxes/fonts/glyphicons-halflings-regular.woff
ERR: 无法加载模块:Public

[ 2017-08-28T17:10:16+08:00 ] ::1 /Thinkphp_meddle/b2b2c/Public/Checkboxes/fonts/glyphicons-halflings-regular.ttf
ERR: 无法加载模块:Public

[ 2017-08-28T18:10:11+08:00 ] ::1 /Thinkphp_meddle/b2b2c/Public/undefined
ERR: 无法加载模块:Public

