[ 2017-08-24T09:17:31+08:00 ] 127.0.0.1 /public/login.html
ERR: 无法加载模块:Public

[ 2017-08-24T09:17:32+08:00 ] 127.0.0.1 /public/login.html
ERR: 无法加载模块:Public

[ 2017-08-24T09:18:00+08:00 ] 127.0.0.1 /public/login.html
ERR: 无法加载模块:Public

[ 2017-08-24T09:18:49+08:00 ] 127.0.0.1 /public/login.html
ERR: 无法加载模块:Public

[ 2017-08-24T09:18:50+08:00 ] 127.0.0.1 /public/login.html
ERR: 无法加载模块:Public

[ 2017-08-24T09:19:12+08:00 ] 127.0.0.1 /public/login.html
ERR: 无法加载模块:Public

[ 2017-08-24T09:20:07+08:00 ] 127.0.0.1 /public/login.html
ERR: 无法加载模块:Public

[ 2017-08-24T09:20:18+08:00 ] ::1 /Thinkphp_meddle/b2b2c/public/login.html
ERR: 无法加载模块:Public

[ 2017-08-24T09:20:48+08:00 ] ::1 /Thinkphp_meddle/b2b2c/public/login.html
ERR: 无法加载模块:Public

[ 2017-08-24T09:21:32+08:00 ] ::1 /Thinkphp_meddle/b2b2c/public/login.html
ERR: 无法加载模块:Public

[ 2017-08-24T09:22:19+08:00 ] ::1 /Thinkphp_meddle/b2b2c/public/login.html
ERR: 无法加载模块:Public

[ 2017-08-24T09:22:22+08:00 ] ::1 /Thinkphp_meddle/b2b2c/public/login.html
ERR: 无法加载模块:Public

[ 2017-08-24T09:22:47+08:00 ] ::1 /Thinkphp_meddle/b2b2c/public/login.html
ERR: 无法加载模块:Public

[ 2017-08-24T09:22:55+08:00 ] ::1 /Thinkphp_meddle/b2b2c/public/login.html
ERR: 无法加载模块:Public

[ 2017-08-24T09:24:02+08:00 ] ::1 /Thinkphp_meddle/b2b2c/public/login.html
ERR: 无法加载模块:Public

[ 2017-08-24T09:24:20+08:00 ] ::1 /Thinkphp_meddle/b2b2c/public/login.html
ERR: 无法加载模块:Public

[ 2017-08-24T09:24:21+08:00 ] ::1 /Thinkphp_meddle/b2b2c/public/login.html
ERR: 无法加载模块:Public

[ 2017-08-24T09:24:22+08:00 ] ::1 /Thinkphp_meddle/b2b2c/public/login.html
ERR: 无法加载模块:Public

[ 2017-08-24T09:24:23+08:00 ] ::1 /Thinkphp_meddle/b2b2c/public/login.html
ERR: 无法加载模块:Public

[ 2017-08-24T09:24:24+08:00 ] ::1 /Thinkphp_meddle/b2b2c/public/login.html
ERR: 无法加载模块:Public

[ 2017-08-24T09:26:25+08:00 ] ::1 /Thinkphp_meddle/b2b2c/public/login.html
ERR: 无法加载模块:Public

[ 2017-08-24T09:26:47+08:00 ] ::1 /Thinkphp_meddle/b2b2c/public/login.html
ERR: 无法加载模块:Public

[ 2017-08-24T09:27:46+08:00 ] ::1 /Thinkphp_meddle/b2b2c/public/login.html
ERR: 无法加载模块:Public

[ 2017-08-24T09:27:51+08:00 ] ::1 /Thinkphp_meddle/b2b2c/public/login.html
ERR: 无法加载模块:Public

[ 2017-08-24T09:28:01+08:00 ] ::1 /Thinkphp_meddle/b2b2c/public/login.html
ERR: 无法加载模块:Public

[ 2017-08-24T09:28:27+08:00 ] ::1 /Thinkphp_meddle/b2b2c/public/login.html
ERR: 无法加载模块:Public

[ 2017-08-24T09:28:51+08:00 ] ::1 /Thinkphp_meddle/b2b2c/public/login.html
ERR: 无法加载模块:Public

[ 2017-08-24T09:30:21+08:00 ] ::1 /Thinkphp_meddle/b2b2c/public/login.html
ERR: 无法加载模块:Public

[ 2017-08-24T09:34:57+08:00 ] ::1 /Thinkphp_meddle/b2b2c/public/login.html
ERR: 无法加载模块:Public

[ 2017-08-24T09:34:58+08:00 ] ::1 /Thinkphp_meddle/b2b2c/public/login.html
ERR: 无法加载模块:Public

[ 2017-08-24T09:35:18+08:00 ] ::1 /Thinkphp_meddle/b2b2c/public/login.html
ERR: 无法加载模块:Public

[ 2017-08-24T09:37:26+08:00 ] ::1 /Thinkphp_meddle/b2b2c/public/login.html
ERR: 无法加载模块:Public

[ 2017-08-24T09:38:25+08:00 ] ::1 /Thinkphp_meddle/b2b2c/public/login.html
ERR: 无法加载模块:Public

[ 2017-08-24T09:38:34+08:00 ] ::1 /Thinkphp_meddle/b2b2c/public/login.html
ERR: 无法加载模块:Public

[ 2017-08-24T09:38:40+08:00 ] ::1 /Thinkphp_meddle/b2b2c/public/login.html
ERR: 无法加载模块:Public

[ 2017-08-24T09:46:39+08:00 ] ::1 /Thinkphp_meddle/b2b2c/public/login.html
ERR: 无法加载模块:Public

[ 2017-08-24T09:47:11+08:00 ] ::1 /Thinkphp_meddle/b2b2c/public/login.html
ERR: 无法加载模块:Public

[ 2017-08-24T09:47:52+08:00 ] ::1 /Thinkphp_meddle/b2b2c/public/login.html
ERR: 无法加载模块:Public

[ 2017-08-24T09:48:13+08:00 ] ::1 /Thinkphp_meddle/b2b2c/public/login.html
ERR: 无法加载模块:Public

[ 2017-08-24T09:48:18+08:00 ] ::1 /Thinkphp_meddle/b2b2c/public/login.html
ERR: 无法加载模块:Public

[ 2017-08-24T09:48:37+08:00 ] ::1 /Thinkphp_meddle/b2b2c/public/login.html
ERR: 无法加载模块:Public

[ 2017-08-24T09:48:44+08:00 ] ::1 /Thinkphp_meddle/b2b2c/public/login.html
ERR: 无法加载模块:Public

[ 2017-08-24T09:50:17+08:00 ] ::1 /Thinkphp_meddle/b2b2c/public/login.html
ERR: 无法加载模块:Public

[ 2017-08-24T09:50:22+08:00 ] ::1 /Thinkphp_meddle/b2b2c/public/login.html
ERR: 无法加载模块:Public

[ 2017-08-24T09:51:33+08:00 ] ::1 /Thinkphp_meddle/b2b2c/public/login.html
ERR: 无法加载模块:Public

[ 2017-08-24T09:52:59+08:00 ] ::1 /Thinkphp_meddle/b2b2c/public/login.html
ERR: 无法加载模块:Public

[ 2017-08-24T09:53:04+08:00 ] ::1 /Thinkphp_meddle/b2b2c/Index/login.html
ERR: 无法加载模块:Login

[ 2017-08-24T09:57:07+08:00 ] ::1 /Thinkphp_meddle/b2b2c/Thinkphp_meddle/b2b2c/Home/Index/login.html.html
ERR: 无法加载模块:Thinkphp_meddle

[ 2017-08-24T09:57:30+08:00 ] ::1 /Thinkphp_meddle/b2b2c/Thinkphp_meddle/b2b2c/Home/Index/login.html.html
ERR: 无法加载模块:Thinkphp_meddle

[ 2017-08-24T09:57:58+08:00 ] ::1 /Thinkphp_meddle/b2b2c/Thinkphp_meddle/b2b2c/Home/Index/login.html.html
ERR: 无法加载模块:Thinkphp_meddle

[ 2017-08-24T09:58:02+08:00 ] ::1 /Thinkphp_meddle/b2b2c/Thinkphp_meddle/b2b2c/Home/Index/login.html.html
ERR: 无法加载模块:Thinkphp_meddle

[ 2017-08-24T09:58:04+08:00 ] ::1 /Thinkphp_meddle/b2b2c/Thinkphp_meddle/b2b2c/Home/Index/login.html.html
ERR: 无法加载模块:Thinkphp_meddle

[ 2017-08-24T09:59:33+08:00 ] ::1 /Thinkphp_meddle/b2b2c/Thinkphp_meddle/b2b2c/Home/Index/login.html
ERR: 无法加载模块:Thinkphp_meddle

[ 2017-08-24T10:00:22+08:00 ] ::1 /Thinkphp_meddle/b2b2c/Thinkphp_meddle/b2b2c/Home/Index/login.html
ERR: 无法加载模块:Thinkphp_meddle

[ 2017-08-24T10:00:27+08:00 ] ::1 /Thinkphp_meddle/b2b2c/Index/index.html
ERR: 无法加载模块:Index

[ 2017-08-24T10:00:45+08:00 ] ::1 /Thinkphp_meddle/b2b2c/Index/index.html
ERR: 无法加载模块:Index

[ 2017-08-24T10:01:24+08:00 ] ::1 /Thinkphp_meddle/b2b2c/Public/Home/jquery1.8.3.min.js
ERR: 无法加载模块:Public

[ 2017-08-24T10:27:05+08:00 ] ::1 /Thinkphp_meddle/b2b2c/Public/Checkboxes/fonts/glyphicons-halflings-regular.woff2
ERR: 无法加载模块:Public

[ 2017-08-24T10:27:05+08:00 ] ::1 /Thinkphp_meddle/b2b2c/Public/Checkboxes/fonts/glyphicons-halflings-regular.woff
ERR: 无法加载模块:Public

[ 2017-08-24T10:27:06+08:00 ] ::1 /Thinkphp_meddle/b2b2c/Public/Checkboxes/fonts/glyphicons-halflings-regular.ttf
ERR: 无法加载模块:Public

[ 2017-08-24T10:28:44+08:00 ] ::1 /Thinkphp_meddle/b2b2c/Public/Checkboxes/fonts/glyphicons-halflings-regular.woff2
ERR: 无法加载模块:Public

[ 2017-08-24T10:28:44+08:00 ] ::1 /Thinkphp_meddle/b2b2c/Public/Checkboxes/fonts/glyphicons-halflings-regular.woff
ERR: 无法加载模块:Public

[ 2017-08-24T10:28:44+08:00 ] ::1 /Thinkphp_meddle/b2b2c/Public/Checkboxes/fonts/glyphicons-halflings-regular.ttf
ERR: 无法加载模块:Public

[ 2017-08-24T10:48:28+08:00 ] ::1 /Thinkphp_meddle/b2b2c/Public/Home/validation/lib/jquery.form.js
ERR: 无法加载模块:Public

[ 2017-08-24T10:48:28+08:00 ] ::1 /Thinkphp_meddle/b2b2c/Public/Home/jquery1.8.3.min.js
ERR: 无法加载模块:Public

[ 2017-08-24T10:48:28+08:00 ] ::1 /Thinkphp_meddle/b2b2c/Public/Home/validation/dist/additional-methods.js
ERR: 无法加载模块:Public

[ 2017-08-24T10:48:28+08:00 ] ::1 /Thinkphp_meddle/b2b2c/Public/Home/validation/dist/jquery.validate.min.js
ERR: 无法加载模块:Public

[ 2017-08-24T10:48:28+08:00 ] ::1 /Thinkphp_meddle/b2b2c/Public/Home/validation/dist/additional-methods.js
ERR: 无法加载模块:Public

[ 2017-08-24T10:48:28+08:00 ] ::1 /Thinkphp_meddle/b2b2c/Public/Home/validation/lib/jquery.form.js
ERR: 无法加载模块:Public

[ 2017-08-24T10:48:33+08:00 ] ::1 /Thinkphp_meddle/b2b2c/Public/Home/jquery1.8.3.min.js
ERR: 无法加载模块:Public

[ 2017-08-24T13:33:31+08:00 ] ::1 /Thinkphp_meddle/b2b2c/Public/Checkboxes/fonts/glyphicons-halflings-regular.woff2
ERR: 无法加载模块:Public

[ 2017-08-24T13:33:31+08:00 ] ::1 /Thinkphp_meddle/b2b2c/Public/Checkboxes/fonts/glyphicons-halflings-regular.woff
ERR: 无法加载模块:Public

[ 2017-08-24T13:33:31+08:00 ] ::1 /Thinkphp_meddle/b2b2c/Public/Checkboxes/fonts/glyphicons-halflings-regular.ttf
ERR: 无法加载模块:Public

[ 2017-08-24T13:33:45+08:00 ] ::1 /Thinkphp_meddle/b2b2c/Public/Checkboxes/fonts/glyphicons-halflings-regular.woff2
ERR: 无法加载模块:Public

[ 2017-08-24T13:33:45+08:00 ] ::1 /Thinkphp_meddle/b2b2c/Public/Checkboxes/fonts/glyphicons-halflings-regular.woff
ERR: 无法加载模块:Public

[ 2017-08-24T13:33:45+08:00 ] ::1 /Thinkphp_meddle/b2b2c/Public/Checkboxes/fonts/glyphicons-halflings-regular.ttf
ERR: 无法加载模块:Public

[ 2017-08-24T13:34:22+08:00 ] ::1 /Thinkphp_meddle/b2b2c/Public/Checkboxes/fonts/glyphicons-halflings-regular.woff2
ERR: 无法加载模块:Public

[ 2017-08-24T13:34:22+08:00 ] ::1 /Thinkphp_meddle/b2b2c/Public/Checkboxes/fonts/glyphicons-halflings-regular.woff
ERR: 无法加载模块:Public

[ 2017-08-24T13:34:23+08:00 ] ::1 /Thinkphp_meddle/b2b2c/Public/Checkboxes/fonts/glyphicons-halflings-regular.ttf
ERR: 无法加载模块:Public

[ 2017-08-24T13:35:21+08:00 ] ::1 /Thinkphp_meddle/b2b2c/Public/Checkboxes/fonts/glyphicons-halflings-regular.woff2
ERR: 无法加载模块:Public

[ 2017-08-24T13:35:21+08:00 ] ::1 /Thinkphp_meddle/b2b2c/Public/Checkboxes/fonts/glyphicons-halflings-regular.woff
ERR: 无法加载模块:Public

[ 2017-08-24T13:35:21+08:00 ] ::1 /Thinkphp_meddle/b2b2c/Public/Checkboxes/fonts/glyphicons-halflings-regular.ttf
ERR: 无法加载模块:Public

[ 2017-08-24T13:35:31+08:00 ] ::1 /Thinkphp_meddle/b2b2c/Public/Checkboxes/fonts/glyphicons-halflings-regular.woff2
ERR: 无法加载模块:Public

[ 2017-08-24T13:35:32+08:00 ] ::1 /Thinkphp_meddle/b2b2c/Public/Checkboxes/fonts/glyphicons-halflings-regular.woff
ERR: 无法加载模块:Public

[ 2017-08-24T13:35:32+08:00 ] ::1 /Thinkphp_meddle/b2b2c/Public/Checkboxes/fonts/glyphicons-halflings-regular.ttf
ERR: 无法加载模块:Public

[ 2017-08-24T13:35:38+08:00 ] ::1 /Thinkphp_meddle/b2b2c/Public/Checkboxes/fonts/glyphicons-halflings-regular.woff2
ERR: 无法加载模块:Public

[ 2017-08-24T13:35:38+08:00 ] ::1 /Thinkphp_meddle/b2b2c/Public/Checkboxes/fonts/glyphicons-halflings-regular.woff
ERR: 无法加载模块:Public

[ 2017-08-24T13:35:38+08:00 ] ::1 /Thinkphp_meddle/b2b2c/Public/Checkboxes/fonts/glyphicons-halflings-regular.ttf
ERR: 无法加载模块:Public

[ 2017-08-24T13:40:01+08:00 ] ::1 /Thinkphp_meddle/b2b2c/Public/Checkboxes/fonts/glyphicons-halflings-regular.woff2
ERR: 无法加载模块:Public

[ 2017-08-24T13:40:01+08:00 ] ::1 /Thinkphp_meddle/b2b2c/Public/Checkboxes/fonts/glyphicons-halflings-regular.woff
ERR: 无法加载模块:Public

[ 2017-08-24T13:40:01+08:00 ] ::1 /Thinkphp_meddle/b2b2c/Public/Checkboxes/fonts/glyphicons-halflings-regular.ttf
ERR: 无法加载模块:Public

[ 2017-08-24T14:29:17+08:00 ] ::1 /Thinkphp_meddle/b2b2c/Public/Home/bootstrap/css/bootstrap.min.css
ERR: 无法加载模块:Public

[ 2017-08-24T14:29:17+08:00 ] ::1 /Thinkphp_meddle/b2b2c/Public/Home/bootstrap/js/bootstrap.min.js
ERR: 无法加载模块:Public

[ 2017-08-24T14:29:36+08:00 ] ::1 /Thinkphp_meddle/b2b2c/Public/Home/bootstrap/js/bootstrap.min.js
ERR: 无法加载模块:Public

[ 2017-08-24T14:29:36+08:00 ] ::1 /Thinkphp_meddle/b2b2c/Public/Home/bootstrap/css/bootstrap.min.css
ERR: 无法加载模块:Public

[ 2017-08-24T14:30:36+08:00 ] ::1 /Thinkphp_meddle/b2b2c/Public/Home/bootstrap/css/bootstrap.min.css
ERR: 无法加载模块:Public

[ 2017-08-24T14:30:36+08:00 ] ::1 /Thinkphp_meddle/b2b2c/Public/Home/bootstrap/js/bootstrap.min.js
ERR: 无法加载模块:Public

[ 2017-08-24T14:31:45+08:00 ] ::1 /Thinkphp_meddle/b2b2c/Public/Home/bootstrap/css/bootstrap.min.css
ERR: 无法加载模块:Public

[ 2017-08-24T14:31:45+08:00 ] ::1 /Thinkphp_meddle/b2b2c/Public/Home/bootstrap/js/bootstrap.min.js
ERR: 无法加载模块:Public

[ 2017-08-24T14:31:55+08:00 ] ::1 /Thinkphp_meddle/b2b2c/Public/Home/bootstrap/js/bootstrap.min.js
ERR: 无法加载模块:Public

[ 2017-08-24T14:31:55+08:00 ] ::1 /Thinkphp_meddle/b2b2c/Public/Home/bootstrap/css/bootstrap.min.css
ERR: 无法加载模块:Public

[ 2017-08-24T14:32:15+08:00 ] ::1 /Thinkphp_meddle/b2b2c/Public/Home/bootstrap/css/bootstrap.min.css
ERR: 无法加载模块:Public

[ 2017-08-24T14:32:15+08:00 ] ::1 /Thinkphp_meddle/b2b2c/Public/Home/bootstrap/js/bootstrap.min.js
ERR: 无法加载模块:Public

[ 2017-08-24T14:32:24+08:00 ] ::1 /Thinkphp_meddle/b2b2c/Public/Home/bootstrap/css/bootstrap.min.css
ERR: 无法加载模块:Public

[ 2017-08-24T14:32:24+08:00 ] ::1 /Thinkphp_meddle/b2b2c/Public/Home/bootstrap/js/bootstrap.min.js
ERR: 无法加载模块:Public

[ 2017-08-24T14:34:05+08:00 ] ::1 /Thinkphp_meddle/b2b2c/Public/Home/bootstrap/css/bootstrap.min.css
ERR: 无法加载模块:Public

[ 2017-08-24T14:34:05+08:00 ] ::1 /Thinkphp_meddle/b2b2c/Public/Home/bootstrap/js/bootstrap.min.js
ERR: 无法加载模块:Public

[ 2017-08-24T14:34:05+08:00 ] ::1 /Thinkphp_meddle/b2b2c/Public/Home/bootstrap/js/bootstrap.min.js
ERR: 无法加载模块:Public

[ 2017-08-24T14:34:16+08:00 ] ::1 /Thinkphp_meddle/b2b2c/Public/Home/bootstrap/css/bootstrap.min.css
ERR: 无法加载模块:Public

[ 2017-08-24T14:34:16+08:00 ] ::1 /Thinkphp_meddle/b2b2c/Public/Home/bootstrap/js/bootstrap.min.js
ERR: 无法加载模块:Public

[ 2017-08-24T14:34:25+08:00 ] ::1 /Thinkphp_meddle/b2b2c/Public/Home/bootstrap/css/bootstrap.min.css
ERR: 无法加载模块:Public

[ 2017-08-24T14:34:25+08:00 ] ::1 /Thinkphp_meddle/b2b2c/Public/Home/bootstrap/js/bootstrap.min.js
ERR: 无法加载模块:Public

[ 2017-08-24T14:35:01+08:00 ] ::1 /Thinkphp_meddle/b2b2c/Public/Home/jquery1.8.3.min.js
ERR: 无法加载模块:Public

[ 2017-08-24T14:35:01+08:00 ] ::1 /Thinkphp_meddle/b2b2c/Public/Home/validation/dist/additional-methods.js
ERR: 无法加载模块:Public

[ 2017-08-24T14:35:01+08:00 ] ::1 /Thinkphp_meddle/b2b2c/Public/Home/validation/dist/jquery.validate.min.js
ERR: 无法加载模块:Public

[ 2017-08-24T14:35:01+08:00 ] ::1 /Thinkphp_meddle/b2b2c/Public/Home/validation/dist/additional-methods.js
ERR: 无法加载模块:Public

[ 2017-08-24T14:35:01+08:00 ] ::1 /Thinkphp_meddle/b2b2c/Public/Home/validation/lib/jquery.form.js
ERR: 无法加载模块:Public

[ 2017-08-24T14:35:23+08:00 ] ::1 /Thinkphp_meddle/b2b2c/Public/Home/validation/dist/additional-methods.js
ERR: 无法加载模块:Public

[ 2017-08-24T14:35:23+08:00 ] ::1 /Thinkphp_meddle/b2b2c/Public/Home/jquery1.8.3.min.js
ERR: 无法加载模块:Public

[ 2017-08-24T14:35:23+08:00 ] ::1 /Thinkphp_meddle/b2b2c/Public/Home/validation/dist/jquery.validate.min.js
ERR: 无法加载模块:Public

[ 2017-08-24T14:35:23+08:00 ] ::1 /Thinkphp_meddle/b2b2c/Public/Home/validation/lib/jquery.form.js
ERR: 无法加载模块:Public

[ 2017-08-24T14:35:23+08:00 ] ::1 /Thinkphp_meddle/b2b2c/Public/Home/validation/dist/jquery.validate.min.js
ERR: 无法加载模块:Public

[ 2017-08-24T14:35:23+08:00 ] ::1 /Thinkphp_meddle/b2b2c/Public/Home/validation/dist/additional-methods.js
ERR: 无法加载模块:Public

[ 2017-08-24T14:35:23+08:00 ] ::1 /Thinkphp_meddle/b2b2c/Public/Home/validation/lib/jquery.form.js
ERR: 无法加载模块:Public

[ 2017-08-24T14:35:24+08:00 ] ::1 /Thinkphp_meddle/b2b2c/Public/Home/jquery1.8.3.min.js
ERR: 无法加载模块:Public

[ 2017-08-24T14:36:23+08:00 ] ::1 /Thinkphp_meddle/b2b2c/Public/Home/bootstrap/css/bootstrap.min.css
ERR: 无法加载模块:Public

[ 2017-08-24T14:36:23+08:00 ] ::1 /Thinkphp_meddle/b2b2c/Public/Home/bootstrap/js/bootstrap.min.js
ERR: 无法加载模块:Public

[ 2017-08-24T14:36:23+08:00 ] ::1 /Thinkphp_meddle/b2b2c/Public/Home/bootstrap/js/bootstrap.min.js
ERR: 无法加载模块:Public

[ 2017-08-24T14:43:37+08:00 ] ::1 /Thinkphp_meddle/b2b2c/Public/Home/bootstrap/css/bootstrap.min.css
ERR: 无法加载模块:Public

[ 2017-08-24T14:43:37+08:00 ] ::1 /Thinkphp_meddle/b2b2c/Public/Home/bootstrap/js/bootstrap.min.js
ERR: 无法加载模块:Public

[ 2017-08-24T14:45:24+08:00 ] ::1 /Thinkphp_meddle/b2b2c/Public/Home/bootstrap/css/bootstrap.min.css
ERR: 无法加载模块:Public

[ 2017-08-24T14:45:24+08:00 ] ::1 /Thinkphp_meddle/b2b2c/Public/Home/bootstrap/js/bootstrap.min.js
ERR: 无法加载模块:Public

[ 2017-08-24T14:46:37+08:00 ] ::1 /Thinkphp_meddle/b2b2c/Public/Home/bootstrap/css/bootstrap.min.css
ERR: 无法加载模块:Public

[ 2017-08-24T14:46:37+08:00 ] ::1 /Thinkphp_meddle/b2b2c/Public/Home/bootstrap/js/bootstrap.min.js
ERR: 无法加载模块:Public

[ 2017-08-24T14:46:38+08:00 ] ::1 /Thinkphp_meddle/b2b2c/Public/Home/bootstrap/js/bootstrap.min.js
ERR: 无法加载模块:Public

[ 2017-08-24T14:48:31+08:00 ] ::1 /Thinkphp_meddle/b2b2c/Public/Home/bootstrap/css/bootstrap.min.css
ERR: 无法加载模块:Public

[ 2017-08-24T14:48:31+08:00 ] ::1 /Thinkphp_meddle/b2b2c/Public/Home/bootstrap/js/bootstrap.min.js
ERR: 无法加载模块:Public

[ 2017-08-24T14:48:57+08:00 ] ::1 /Thinkphp_meddle/b2b2c/Public/Home/bootstrap/css/bootstrap.min.css
ERR: 无法加载模块:Public

[ 2017-08-24T14:48:57+08:00 ] ::1 /Thinkphp_meddle/b2b2c/Public/Home/bootstrap/js/bootstrap.min.js
ERR: 无法加载模块:Public

[ 2017-08-24T14:48:58+08:00 ] ::1 /Thinkphp_meddle/b2b2c/Public/Home/bootstrap/js/bootstrap.min.js
ERR: 无法加载模块:Public

[ 2017-08-24T19:16:29+08:00 ] ::1 /Thinkphp_meddle/b2b2c/Public/Checkboxes/fonts/glyphicons-halflings-regular.woff2
ERR: 无法加载模块:Public

[ 2017-08-24T19:16:29+08:00 ] ::1 /Thinkphp_meddle/b2b2c/Public/Checkboxes/fonts/glyphicons-halflings-regular.woff
ERR: 无法加载模块:Public

[ 2017-08-24T19:16:29+08:00 ] ::1 /Thinkphp_meddle/b2b2c/Public/Checkboxes/fonts/glyphicons-halflings-regular.ttf
ERR: 无法加载模块:Public

[ 2017-08-24T19:16:40+08:00 ] ::1 /Thinkphp_meddle/b2b2c/Public/Checkboxes/fonts/glyphicons-halflings-regular.woff2
ERR: 无法加载模块:Public

[ 2017-08-24T19:16:40+08:00 ] ::1 /Thinkphp_meddle/b2b2c/Public/Checkboxes/fonts/glyphicons-halflings-regular.woff
ERR: 无法加载模块:Public

[ 2017-08-24T19:16:40+08:00 ] ::1 /Thinkphp_meddle/b2b2c/Public/Checkboxes/fonts/glyphicons-halflings-regular.ttf
ERR: 无法加载模块:Public

[ 2017-08-24T19:16:47+08:00 ] ::1 /Thinkphp_meddle/b2b2c/Public/Checkboxes/fonts/glyphicons-halflings-regular.woff2
ERR: 无法加载模块:Public

[ 2017-08-24T19:16:47+08:00 ] ::1 /Thinkphp_meddle/b2b2c/Public/Checkboxes/fonts/glyphicons-halflings-regular.woff
ERR: 无法加载模块:Public

[ 2017-08-24T19:16:47+08:00 ] ::1 /Thinkphp_meddle/b2b2c/Public/Checkboxes/fonts/glyphicons-halflings-regular.ttf
ERR: 无法加载模块:Public

[ 2017-08-24T20:58:46+08:00 ] ::1 /Thinkphp_meddle/b2b2c/Public/Home/bootstrap/js/bootstrap.min.js
ERR: 无法加载模块:Public

[ 2017-08-24T20:58:46+08:00 ] ::1 /Thinkphp_meddle/b2b2c/Public/Home/bootstrap/css/bootstrap.min.css
ERR: 无法加载模块:Public

[ 2017-08-24T21:03:31+08:00 ] ::1 /Thinkphp_meddle/b2b2c/Public/Home/jquery1.8.3.min.js
ERR: 无法加载模块:Public

[ 2017-08-24T21:13:25+08:00 ] ::1 /Thinkphp_meddle/b2b2c/Public/Home/bootstrap/css/bootstrap.min.css
ERR: 无法加载模块:Public

[ 2017-08-24T21:13:27+08:00 ] ::1 /Thinkphp_meddle/b2b2c/Public/Home/bootstrap/js/bootstrap.min.js
ERR: 无法加载模块:Public

[ 2017-08-24T21:29:53+08:00 ] ::1 /Thinkphp_meddle/b2b2c/Hone/Index/comment.html
ERR: 无法加载模块:Hone

[ 2017-08-24T21:30:07+08:00 ] ::1 /Thinkphp_meddle/b2b2c/Hone/Index/comment.html
ERR: 无法加载模块:Hone

[ 2017-08-24T22:51:11+08:00 ] ::1 /Thinkphp_meddle/b2b2c/Public/Checkboxes/fonts/glyphicons-halflings-regular.woff2
ERR: 无法加载模块:Public

[ 2017-08-24T22:51:11+08:00 ] ::1 /Thinkphp_meddle/b2b2c/Public/Checkboxes/fonts/glyphicons-halflings-regular.woff
ERR: 无法加载模块:Public

[ 2017-08-24T22:51:11+08:00 ] ::1 /Thinkphp_meddle/b2b2c/Public/Checkboxes/fonts/glyphicons-halflings-regular.ttf
ERR: 无法加载模块:Public

