[ 2017-08-13T13:20:49+08:00 ] ::1 /Thinkphp_meddle/b2b2c/Public/img/loading.gif
ERR: 无法加载模块:Public

[ 2017-08-13T13:38:02+08:00 ] ::1 /Thinkphp_meddle/b2b2c/Public/img/loading.gif
ERR: 无法加载模块:Public

[ 2017-08-13T13:43:16+08:00 ] ::1 /Thinkphp_meddle/b2b2c/Public/img/loading.gif
ERR: 无法加载模块:Public

[ 2017-08-13T13:47:31+08:00 ] ::1 /Thinkphp_meddle/b2b2c/Public/img/loading.gif
ERR: 无法加载模块:Public

[ 2017-08-13T13:57:52+08:00 ] ::1 /Thinkphp_meddle/b2b2c/Public/img/loading.gif
ERR: 无法加载模块:Public

[ 2017-08-13T14:04:39+08:00 ] ::1 /Thinkphp_meddle/b2b2c/Public/h-uilib/DD_belatedPNG_0.0.8a-min.js
ERR: 无法加载模块:Public

[ 2017-08-13T14:04:40+08:00 ] ::1 /Thinkphp_meddle/b2b2c/Public/h-uilib/DD_belatedPNG_0.0.8a-min.js
ERR: 无法加载模块:Public

[ 2017-08-13T14:05:30+08:00 ] ::1 /Thinkphp_meddle/b2b2c/Public/h-uilib/DD_belatedPNG_0.0.8a-min.js
ERR: 无法加载模块:Public

[ 2017-08-13T14:05:30+08:00 ] ::1 /Thinkphp_meddle/b2b2c/Public/h-uilib/html5shiv.js
ERR: 无法加载模块:Public

[ 2017-08-13T14:05:30+08:00 ] ::1 /Thinkphp_meddle/b2b2c/Public/h-uilib/respond.min.js
ERR: 无法加载模块:Public

[ 2017-08-13T14:05:31+08:00 ] ::1 /Thinkphp_meddle/b2b2c/Public/h-uilib/html5shiv.js
ERR: 无法加载模块:Public

[ 2017-08-13T14:05:31+08:00 ] ::1 /Thinkphp_meddle/b2b2c/Public/h-uilib/respond.min.js
ERR: 无法加载模块:Public

[ 2017-08-13T14:05:31+08:00 ] ::1 /Thinkphp_meddle/b2b2c/Public/h-uilib/DD_belatedPNG_0.0.8a-min.js
ERR: 无法加载模块:Public

[ 2017-08-13T14:05:41+08:00 ] ::1 /Thinkphp_meddle/b2b2c/Public/h-uilib/DD_belatedPNG_0.0.8a-min.js
ERR: 无法加载模块:Public

[ 2017-08-13T14:05:41+08:00 ] ::1 /Thinkphp_meddle/b2b2c/Public/h-uilib/html5shiv.js
ERR: 无法加载模块:Public

[ 2017-08-13T14:05:41+08:00 ] ::1 /Thinkphp_meddle/b2b2c/Public/h-uilib/respond.min.js
ERR: 无法加载模块:Public

[ 2017-08-13T14:05:41+08:00 ] ::1 /Thinkphp_meddle/b2b2c/Public/h-uilib/DD_belatedPNG_0.0.8a-min.js
ERR: 无法加载模块:Public

[ 2017-08-13T14:06:47+08:00 ] ::1 /Thinkphp_meddle/b2b2c/Public/h-uilib/respond.min.js
ERR: 无法加载模块:Public

[ 2017-08-13T14:06:47+08:00 ] ::1 /Thinkphp_meddle/b2b2c/Public/h-uilib/html5shiv.js
ERR: 无法加载模块:Public

[ 2017-08-13T14:06:47+08:00 ] ::1 /Thinkphp_meddle/b2b2c/Public/h-uilib/DD_belatedPNG_0.0.8a-min.js
ERR: 无法加载模块:Public

[ 2017-08-13T14:06:47+08:00 ] ::1 /Thinkphp_meddle/b2b2c/Public/img/loading.gif
ERR: 无法加载模块:Public

[ 2017-08-13T14:07:56+08:00 ] ::1 /Thinkphp_meddle/b2b2c/Public/h-uilib/respond.min.js
ERR: 无法加载模块:Public

[ 2017-08-13T14:07:56+08:00 ] ::1 /Thinkphp_meddle/b2b2c/Public/h-uilib/html5shiv.js
ERR: 无法加载模块:Public

[ 2017-08-13T14:07:56+08:00 ] ::1 /Thinkphp_meddle/b2b2c/Public/h-uilib/DD_belatedPNG_0.0.8a-min.js
ERR: 无法加载模块:Public

[ 2017-08-13T14:07:57+08:00 ] ::1 /Thinkphp_meddle/b2b2c/Public/h-uilib/respond.min.js
ERR: 无法加载模块:Public

[ 2017-08-13T14:07:57+08:00 ] ::1 /Thinkphp_meddle/b2b2c/Public/h-uilib/DD_belatedPNG_0.0.8a-min.js
ERR: 无法加载模块:Public

[ 2017-08-13T14:07:57+08:00 ] ::1 /Thinkphp_meddle/b2b2c/Public/img/loading.gif
ERR: 无法加载模块:Public

[ 2017-08-13T14:08:05+08:00 ] ::1 /Thinkphp_meddle/b2b2c/Public/h-uilib/html5shiv.js
ERR: 无法加载模块:Public

[ 2017-08-13T14:08:05+08:00 ] ::1 /Thinkphp_meddle/b2b2c/Public/h-uilib/respond.min.js
ERR: 无法加载模块:Public

[ 2017-08-13T14:08:05+08:00 ] ::1 /Thinkphp_meddle/b2b2c/Public/h-uilib/DD_belatedPNG_0.0.8a-min.js
ERR: 无法加载模块:Public

[ 2017-08-13T14:10:00+08:00 ] ::1 /Thinkphp_meddle/b2b2c/Public/h-uilib/respond.min.js
ERR: 无法加载模块:Public

[ 2017-08-13T14:10:00+08:00 ] ::1 /Thinkphp_meddle/b2b2c/Public/h-uilib/html5shiv.js
ERR: 无法加载模块:Public

[ 2017-08-13T14:10:00+08:00 ] ::1 /Thinkphp_meddle/b2b2c/Public/h-uilib/DD_belatedPNG_0.0.8a-min.js
ERR: 无法加载模块:Public

[ 2017-08-13T14:10:00+08:00 ] ::1 /Thinkphp_meddle/b2b2c/Public/h-uilib/respond.min.js
ERR: 无法加载模块:Public

[ 2017-08-13T14:10:00+08:00 ] ::1 /Thinkphp_meddle/b2b2c/Public/h-uilib/DD_belatedPNG_0.0.8a-min.js
ERR: 无法加载模块:Public

[ 2017-08-13T14:10:20+08:00 ] ::1 /Thinkphp_meddle/b2b2c/Public/h-uilib/DD_belatedPNG_0.0.8a-min.js
ERR: 无法加载模块:Public

[ 2017-08-13T14:10:20+08:00 ] ::1 /Thinkphp_meddle/b2b2c/Public/h-uilib/respond.min.js
ERR: 无法加载模块:Public

[ 2017-08-13T14:10:20+08:00 ] ::1 /Thinkphp_meddle/b2b2c/Public/h-uilib/html5shiv.js
ERR: 无法加载模块:Public

[ 2017-08-13T14:10:20+08:00 ] ::1 /Thinkphp_meddle/b2b2c/Public/h-uilib/respond.min.js
ERR: 无法加载模块:Public

[ 2017-08-13T14:10:20+08:00 ] ::1 /Thinkphp_meddle/b2b2c/Public/h-uilib/DD_belatedPNG_0.0.8a-min.js
ERR: 无法加载模块:Public

[ 2017-08-13T14:10:24+08:00 ] ::1 /Thinkphp_meddle/b2b2c/Public/h-uilib/html5shiv.js
ERR: 无法加载模块:Public

[ 2017-08-13T14:10:24+08:00 ] ::1 /Thinkphp_meddle/b2b2c/Public/h-uilib/html5shiv.js
ERR: 无法加载模块:Public

[ 2017-08-13T14:10:24+08:00 ] ::1 /Thinkphp_meddle/b2b2c/Public/h-uilib/respond.min.js
ERR: 无法加载模块:Public

[ 2017-08-13T14:10:25+08:00 ] ::1 /Thinkphp_meddle/b2b2c/Public/h-uilib/DD_belatedPNG_0.0.8a-min.js
ERR: 无法加载模块:Public

[ 2017-08-13T14:11:18+08:00 ] ::1 /Thinkphp_meddle/b2b2c/Public/h-uilib/respond.min.js
ERR: 无法加载模块:Public

[ 2017-08-13T14:11:18+08:00 ] ::1 /Thinkphp_meddle/b2b2c/Public/h-uilib/html5shiv.js
ERR: 无法加载模块:Public

[ 2017-08-13T14:11:18+08:00 ] ::1 /Thinkphp_meddle/b2b2c/Public/h-uilib/DD_belatedPNG_0.0.8a-min.js
ERR: 无法加载模块:Public

[ 2017-08-13T14:11:18+08:00 ] ::1 /Thinkphp_meddle/b2b2c/Public/h-uilib/respond.min.js
ERR: 无法加载模块:Public

[ 2017-08-13T14:11:18+08:00 ] ::1 /Thinkphp_meddle/b2b2c/Public/h-uilib/DD_belatedPNG_0.0.8a-min.js
ERR: 无法加载模块:Public

[ 2017-08-13T14:11:42+08:00 ] ::1 /Thinkphp_meddle/b2b2c/Public/h-uilib/DD_belatedPNG_0.0.8a-min.js
ERR: 无法加载模块:Public

[ 2017-08-13T14:11:42+08:00 ] ::1 /Thinkphp_meddle/b2b2c/Public/h-uilib/html5shiv.js
ERR: 无法加载模块:Public

[ 2017-08-13T14:11:42+08:00 ] ::1 /Thinkphp_meddle/b2b2c/Public/h-uilib/respond.min.js
ERR: 无法加载模块:Public

[ 2017-08-13T14:11:42+08:00 ] ::1 /Thinkphp_meddle/b2b2c/Public/h-uilib/DD_belatedPNG_0.0.8a-min.js
ERR: 无法加载模块:Public

[ 2017-08-13T14:12:32+08:00 ] ::1 /Thinkphp_meddle/b2b2c/Public/h-uilib/html5shiv.js
ERR: 无法加载模块:Public

[ 2017-08-13T14:12:32+08:00 ] ::1 /Thinkphp_meddle/b2b2c/Public/h-uilib/DD_belatedPNG_0.0.8a-min.js
ERR: 无法加载模块:Public

[ 2017-08-13T14:12:32+08:00 ] ::1 /Thinkphp_meddle/b2b2c/Public/h-uilib/respond.min.js
ERR: 无法加载模块:Public

[ 2017-08-13T14:12:32+08:00 ] ::1 /Thinkphp_meddle/b2b2c/Public/h-uilib/respond.min.js
ERR: 无法加载模块:Public

[ 2017-08-13T14:12:32+08:00 ] ::1 /Thinkphp_meddle/b2b2c/Public/h-uilib/DD_belatedPNG_0.0.8a-min.js
ERR: 无法加载模块:Public

[ 2017-08-13T14:12:40+08:00 ] ::1 /Thinkphp_meddle/b2b2c/Public/img/loading.gif
ERR: 无法加载模块:Public

[ 2017-08-13T14:14:25+08:00 ] ::1 /Thinkphp_meddle/b2b2c/Public/h-uilib/html5shiv.js
ERR: 无法加载模块:Public

[ 2017-08-13T14:14:25+08:00 ] ::1 /Thinkphp_meddle/b2b2c/Public/h-uilib/respond.min.js
ERR: 无法加载模块:Public

[ 2017-08-13T14:14:25+08:00 ] ::1 /Thinkphp_meddle/b2b2c/Public/h-uilib/DD_belatedPNG_0.0.8a-min.js
ERR: 无法加载模块:Public

[ 2017-08-13T14:14:56+08:00 ] ::1 /Thinkphp_meddle/b2b2c/Public/h-uilib/DD_belatedPNG_0.0.8a-min.js
ERR: 无法加载模块:Public

[ 2017-08-13T14:14:56+08:00 ] ::1 /Thinkphp_meddle/b2b2c/Public/h-uilib/html5shiv.js
ERR: 无法加载模块:Public

[ 2017-08-13T14:14:56+08:00 ] ::1 /Thinkphp_meddle/b2b2c/Public/h-uilib/respond.min.js
ERR: 无法加载模块:Public

[ 2017-08-13T14:14:56+08:00 ] ::1 /Thinkphp_meddle/b2b2c/Public/h-uilib/DD_belatedPNG_0.0.8a-min.js
ERR: 无法加载模块:Public

[ 2017-08-13T15:26:26+08:00 ] ::1 /Thinkphp_meddle/b2b2c/Public/h-uilib/html5shiv.js
ERR: 无法加载模块:Public

[ 2017-08-13T15:26:26+08:00 ] ::1 /Thinkphp_meddle/b2b2c/Public/h-uilib/DD_belatedPNG_0.0.8a-min.js
ERR: 无法加载模块:Public

[ 2017-08-13T15:26:26+08:00 ] ::1 /Thinkphp_meddle/b2b2c/Public/h-uilib/respond.min.js
ERR: 无法加载模块:Public

[ 2017-08-13T15:26:26+08:00 ] ::1 /Thinkphp_meddle/b2b2c/Public/h-uilib/DD_belatedPNG_0.0.8a-min.js
ERR: 无法加载模块:Public

[ 2017-08-13T15:32:36+08:00 ] ::1 /Thinkphp_meddle/b2b2c/Public/h-uilib/DD_belatedPNG_0.0.8a-min.js
ERR: 无法加载模块:Public

[ 2017-08-13T15:32:36+08:00 ] ::1 /Thinkphp_meddle/b2b2c/Public/h-uilib/html5shiv.js
ERR: 无法加载模块:Public

[ 2017-08-13T15:32:36+08:00 ] ::1 /Thinkphp_meddle/b2b2c/Public/h-uilib/respond.min.js
ERR: 无法加载模块:Public

[ 2017-08-13T15:32:36+08:00 ] ::1 /Thinkphp_meddle/b2b2c/Public/h-uilib/DD_belatedPNG_0.0.8a-min.js
ERR: 无法加载模块:Public

[ 2017-08-13T15:55:09+08:00 ] ::1 /Thinkphp_meddle/b2b2c/Public/h-uilib/html5shiv.js
ERR: 无法加载模块:Public

[ 2017-08-13T15:55:09+08:00 ] ::1 /Thinkphp_meddle/b2b2c/Public/h-uilib/DD_belatedPNG_0.0.8a-min.js
ERR: 无法加载模块:Public

[ 2017-08-13T15:55:09+08:00 ] ::1 /Thinkphp_meddle/b2b2c/Public/h-uilib/respond.min.js
ERR: 无法加载模块:Public

[ 2017-08-13T15:55:09+08:00 ] ::1 /Thinkphp_meddle/b2b2c/Public/h-uilib/DD_belatedPNG_0.0.8a-min.js
ERR: 无法加载模块:Public

[ 2017-08-13T16:00:05+08:00 ] ::1 /Thinkphp_meddle/b2b2c/Public/Checkboxes/fonts/glyphicons-halflings-regular.woff2
ERR: 无法加载模块:Public

[ 2017-08-13T16:00:05+08:00 ] ::1 /Thinkphp_meddle/b2b2c/Public/Checkboxes/fonts/glyphicons-halflings-regular.woff
ERR: 无法加载模块:Public

[ 2017-08-13T16:00:05+08:00 ] ::1 /Thinkphp_meddle/b2b2c/Public/Checkboxes/fonts/glyphicons-halflings-regular.ttf
ERR: 无法加载模块:Public

[ 2017-08-13T16:00:13+08:00 ] ::1 /Thinkphp_meddle/b2b2c/Public/Checkboxes/fonts/glyphicons-halflings-regular.woff2
ERR: 无法加载模块:Public

[ 2017-08-13T16:00:13+08:00 ] ::1 /Thinkphp_meddle/b2b2c/Public/Checkboxes/fonts/glyphicons-halflings-regular.woff
ERR: 无法加载模块:Public

[ 2017-08-13T16:00:14+08:00 ] ::1 /Thinkphp_meddle/b2b2c/Public/Checkboxes/fonts/glyphicons-halflings-regular.ttf
ERR: 无法加载模块:Public

[ 2017-08-13T16:01:45+08:00 ] ::1 /Thinkphp_meddle/b2b2c/Public/h-uilib/respond.min.js
ERR: 无法加载模块:Public

[ 2017-08-13T16:01:45+08:00 ] ::1 /Thinkphp_meddle/b2b2c/Public/h-uilib/html5shiv.js
ERR: 无法加载模块:Public

[ 2017-08-13T16:01:45+08:00 ] ::1 /Thinkphp_meddle/b2b2c/Public/h-uilib/DD_belatedPNG_0.0.8a-min.js
ERR: 无法加载模块:Public

[ 2017-08-13T16:01:45+08:00 ] ::1 /Thinkphp_meddle/b2b2c/Public/h-uilib/respond.min.js
ERR: 无法加载模块:Public

[ 2017-08-13T16:01:45+08:00 ] ::1 /Thinkphp_meddle/b2b2c/Public/h-uilib/DD_belatedPNG_0.0.8a-min.js
ERR: 无法加载模块:Public

[ 2017-08-13T16:02:32+08:00 ] ::1 /Thinkphp_meddle/b2b2c/Public/h-uilib/respond.min.js
ERR: 无法加载模块:Public

[ 2017-08-13T16:02:32+08:00 ] ::1 /Thinkphp_meddle/b2b2c/Public/h-uilib/html5shiv.js
ERR: 无法加载模块:Public

[ 2017-08-13T16:02:32+08:00 ] ::1 /Thinkphp_meddle/b2b2c/Public/h-uilib/DD_belatedPNG_0.0.8a-min.js
ERR: 无法加载模块:Public

[ 2017-08-13T16:02:32+08:00 ] ::1 /Thinkphp_meddle/b2b2c/Public/h-uilib/respond.min.js
ERR: 无法加载模块:Public

[ 2017-08-13T16:02:32+08:00 ] ::1 /Thinkphp_meddle/b2b2c/Public/h-uilib/DD_belatedPNG_0.0.8a-min.js
ERR: 无法加载模块:Public

[ 2017-08-13T16:02:39+08:00 ] ::1 /Thinkphp_meddle/b2b2c/Public/h-uilib/html5shiv.js
ERR: 无法加载模块:Public

[ 2017-08-13T16:02:39+08:00 ] ::1 /Thinkphp_meddle/b2b2c/Public/h-uilib/respond.min.js
ERR: 无法加载模块:Public

[ 2017-08-13T16:02:39+08:00 ] ::1 /Thinkphp_meddle/b2b2c/Public/h-uilib/DD_belatedPNG_0.0.8a-min.js
ERR: 无法加载模块:Public

[ 2017-08-13T16:04:28+08:00 ] ::1 /Thinkphp_meddle/b2b2c/Public/h-uilib/html5shiv.js
ERR: 无法加载模块:Public

[ 2017-08-13T16:04:28+08:00 ] ::1 /Thinkphp_meddle/b2b2c/Public/h-uilib/DD_belatedPNG_0.0.8a-min.js
ERR: 无法加载模块:Public

[ 2017-08-13T16:04:28+08:00 ] ::1 /Thinkphp_meddle/b2b2c/Public/h-uilib/respond.min.js
ERR: 无法加载模块:Public

[ 2017-08-13T16:04:28+08:00 ] ::1 /Thinkphp_meddle/b2b2c/Public/h-uilib/DD_belatedPNG_0.0.8a-min.js
ERR: 无法加载模块:Public

[ 2017-08-13T16:05:45+08:00 ] ::1 /Thinkphp_meddle/b2b2c/Public/h-uilib/respond.min.js
ERR: 无法加载模块:Public

[ 2017-08-13T16:05:45+08:00 ] ::1 /Thinkphp_meddle/b2b2c/Public/h-uilib/html5shiv.js
ERR: 无法加载模块:Public

[ 2017-08-13T16:05:45+08:00 ] ::1 /Thinkphp_meddle/b2b2c/Public/h-uilib/DD_belatedPNG_0.0.8a-min.js
ERR: 无法加载模块:Public

[ 2017-08-13T16:05:45+08:00 ] ::1 /Thinkphp_meddle/b2b2c/Public/h-uilib/respond.min.js
ERR: 无法加载模块:Public

[ 2017-08-13T16:05:45+08:00 ] ::1 /Thinkphp_meddle/b2b2c/Public/h-uilib/DD_belatedPNG_0.0.8a-min.js
ERR: 无法加载模块:Public

[ 2017-08-13T16:59:49+08:00 ] ::1 /Thinkphp_meddle/b2b2c/Public/h-uilib/html5shiv.js
ERR: 无法加载模块:Public

[ 2017-08-13T16:59:49+08:00 ] ::1 /Thinkphp_meddle/b2b2c/Public/h-uilib/respond.min.js
ERR: 无法加载模块:Public

[ 2017-08-13T16:59:49+08:00 ] ::1 /Thinkphp_meddle/b2b2c/Public/h-uilib/DD_belatedPNG_0.0.8a-min.js
ERR: 无法加载模块:Public

[ 2017-08-13T17:00:06+08:00 ] ::1 /Thinkphp_meddle/b2b2c/Public/h-uilib/html5shiv.js
ERR: 无法加载模块:Public

[ 2017-08-13T17:00:07+08:00 ] ::1 /Thinkphp_meddle/b2b2c/Public/h-uilib/respond.min.js
ERR: 无法加载模块:Public

[ 2017-08-13T17:00:08+08:00 ] ::1 /Thinkphp_meddle/b2b2c/Public/h-uilib/DD_belatedPNG_0.0.8a-min.js
ERR: 无法加载模块:Public

[ 2017-08-13T17:02:09+08:00 ] ::1 /Thinkphp_meddle/b2b2c/Public/h-uilib/html5shiv.js
ERR: 无法加载模块:Public

[ 2017-08-13T17:02:09+08:00 ] ::1 /Thinkphp_meddle/b2b2c/Public/h-uilib/respond.min.js
ERR: 无法加载模块:Public

[ 2017-08-13T17:02:09+08:00 ] ::1 /Thinkphp_meddle/b2b2c/Public/h-uilib/DD_belatedPNG_0.0.8a-min.js
ERR: 无法加载模块:Public

[ 2017-08-13T17:02:20+08:00 ] ::1 /Thinkphp_meddle/b2b2c/Public/h-uilib/respond.min.js
ERR: 无法加载模块:Public

[ 2017-08-13T17:02:20+08:00 ] ::1 /Thinkphp_meddle/b2b2c/Public/h-uilib/DD_belatedPNG_0.0.8a-min.js
ERR: 无法加载模块:Public

[ 2017-08-13T17:02:20+08:00 ] ::1 /Thinkphp_meddle/b2b2c/Public/h-uilib/html5shiv.js
ERR: 无法加载模块:Public

[ 2017-08-13T17:02:20+08:00 ] ::1 /Thinkphp_meddle/b2b2c/Public/h-uilib/respond.min.js
ERR: 无法加载模块:Public

[ 2017-08-13T17:02:20+08:00 ] ::1 /Thinkphp_meddle/b2b2c/Public/h-uilib/DD_belatedPNG_0.0.8a-min.js
ERR: 无法加载模块:Public

[ 2017-08-13T17:02:39+08:00 ] ::1 /Thinkphp_meddle/b2b2c/Public/h-uilib/html5shiv.js
ERR: 无法加载模块:Public

[ 2017-08-13T17:02:39+08:00 ] ::1 /Thinkphp_meddle/b2b2c/Public/h-uilib/DD_belatedPNG_0.0.8a-min.js
ERR: 无法加载模块:Public

[ 2017-08-13T17:02:39+08:00 ] ::1 /Thinkphp_meddle/b2b2c/Public/h-uilib/respond.min.js
ERR: 无法加载模块:Public

[ 2017-08-13T17:02:39+08:00 ] ::1 /Thinkphp_meddle/b2b2c/Public/h-uilib/DD_belatedPNG_0.0.8a-min.js
ERR: 无法加载模块:Public

[ 2017-08-13T17:02:48+08:00 ] ::1 /Thinkphp_meddle/b2b2c/Public/h-uilib/html5shiv.js
ERR: 无法加载模块:Public

[ 2017-08-13T17:02:48+08:00 ] ::1 /Thinkphp_meddle/b2b2c/Public/h-uilib/DD_belatedPNG_0.0.8a-min.js
ERR: 无法加载模块:Public

[ 2017-08-13T17:02:48+08:00 ] ::1 /Thinkphp_meddle/b2b2c/Public/h-uilib/respond.min.js
ERR: 无法加载模块:Public

[ 2017-08-13T17:02:48+08:00 ] ::1 /Thinkphp_meddle/b2b2c/Public/h-uilib/DD_belatedPNG_0.0.8a-min.js
ERR: 无法加载模块:Public

[ 2017-08-13T17:03:23+08:00 ] ::1 /Thinkphp_meddle/b2b2c/Public/h-uilib/respond.min.js
ERR: 无法加载模块:Public

[ 2017-08-13T17:03:23+08:00 ] ::1 /Thinkphp_meddle/b2b2c/Public/h-uilib/html5shiv.js
ERR: 无法加载模块:Public

[ 2017-08-13T17:03:23+08:00 ] ::1 /Thinkphp_meddle/b2b2c/Public/h-uilib/DD_belatedPNG_0.0.8a-min.js
ERR: 无法加载模块:Public

[ 2017-08-13T17:03:23+08:00 ] ::1 /Thinkphp_meddle/b2b2c/Public/h-uilib/respond.min.js
ERR: 无法加载模块:Public

[ 2017-08-13T17:03:23+08:00 ] ::1 /Thinkphp_meddle/b2b2c/Public/h-uilib/DD_belatedPNG_0.0.8a-min.js
ERR: 无法加载模块:Public

[ 2017-08-13T17:09:43+08:00 ] ::1 /Thinkphp_meddle/b2b2c/Public/h-uilib/DD_belatedPNG_0.0.8a-min.js
ERR: 无法加载模块:Public

[ 2017-08-13T17:09:43+08:00 ] ::1 /Thinkphp_meddle/b2b2c/Public/h-uilib/html5shiv.js
ERR: 无法加载模块:Public

[ 2017-08-13T17:09:43+08:00 ] ::1 /Thinkphp_meddle/b2b2c/Public/h-uilib/respond.min.js
ERR: 无法加载模块:Public

[ 2017-08-13T17:09:43+08:00 ] ::1 /Thinkphp_meddle/b2b2c/Public/h-uilib/DD_belatedPNG_0.0.8a-min.js
ERR: 无法加载模块:Public

[ 2017-08-13T17:14:40+08:00 ] ::1 /Thinkphp_meddle/b2b2c/Public/h-uilib/DD_belatedPNG_0.0.8a-min.js
ERR: 无法加载模块:Public

[ 2017-08-13T17:14:40+08:00 ] ::1 /Thinkphp_meddle/b2b2c/Public/h-uilib/respond.min.js
ERR: 无法加载模块:Public

[ 2017-08-13T17:14:40+08:00 ] ::1 /Thinkphp_meddle/b2b2c/Public/h-uilib/html5shiv.js
ERR: 无法加载模块:Public

[ 2017-08-13T17:14:40+08:00 ] ::1 /Thinkphp_meddle/b2b2c/Public/h-uilib/respond.min.js
ERR: 无法加载模块:Public

[ 2017-08-13T17:14:40+08:00 ] ::1 /Thinkphp_meddle/b2b2c/Public/h-uilib/DD_belatedPNG_0.0.8a-min.js
ERR: 无法加载模块:Public

[ 2017-08-13T17:20:29+08:00 ] ::1 /Thinkphp_meddle/b2b2c/Public/h-uilib/html5shiv.js
ERR: 无法加载模块:Public

[ 2017-08-13T17:20:29+08:00 ] ::1 /Thinkphp_meddle/b2b2c/Public/h-uilib/respond.min.js
ERR: 无法加载模块:Public

[ 2017-08-13T17:20:29+08:00 ] ::1 /Thinkphp_meddle/b2b2c/Public/h-uilib/DD_belatedPNG_0.0.8a-min.js
ERR: 无法加载模块:Public

[ 2017-08-13T17:40:15+08:00 ] ::1 /Thinkphp_meddle/b2b2c/Public/h-uilib/respond.min.js
ERR: 无法加载模块:Public

[ 2017-08-13T17:40:15+08:00 ] ::1 /Thinkphp_meddle/b2b2c/Public/h-uilib/html5shiv.js
ERR: 无法加载模块:Public

[ 2017-08-13T17:40:15+08:00 ] ::1 /Thinkphp_meddle/b2b2c/Public/h-uilib/DD_belatedPNG_0.0.8a-min.js
ERR: 无法加载模块:Public

[ 2017-08-13T17:40:15+08:00 ] ::1 /Thinkphp_meddle/b2b2c/Public/h-uilib/respond.min.js
ERR: 无法加载模块:Public

[ 2017-08-13T17:40:15+08:00 ] ::1 /Thinkphp_meddle/b2b2c/Public/h-uilib/DD_belatedPNG_0.0.8a-min.js
ERR: 无法加载模块:Public

[ 2017-08-13T17:41:40+08:00 ] ::1 /Thinkphp_meddle/b2b2c/Public/h-uilib/respond.min.js
ERR: 无法加载模块:Public

[ 2017-08-13T17:41:40+08:00 ] ::1 /Thinkphp_meddle/b2b2c/Public/h-uilib/html5shiv.js
ERR: 无法加载模块:Public

[ 2017-08-13T17:41:40+08:00 ] ::1 /Thinkphp_meddle/b2b2c/Public/h-uilib/DD_belatedPNG_0.0.8a-min.js
ERR: 无法加载模块:Public

[ 2017-08-13T17:41:40+08:00 ] ::1 /Thinkphp_meddle/b2b2c/Public/h-uilib/respond.min.js
ERR: 无法加载模块:Public

[ 2017-08-13T17:41:41+08:00 ] ::1 /Thinkphp_meddle/b2b2c/Public/h-uilib/DD_belatedPNG_0.0.8a-min.js
ERR: 无法加载模块:Public

[ 2017-08-13T17:42:37+08:00 ] ::1 /Thinkphp_meddle/b2b2c/Public/h-uilib/DD_belatedPNG_0.0.8a-min.js
ERR: 无法加载模块:Public

[ 2017-08-13T17:42:37+08:00 ] ::1 /Thinkphp_meddle/b2b2c/Public/h-uilib/respond.min.js
ERR: 无法加载模块:Public

[ 2017-08-13T17:42:37+08:00 ] ::1 /Thinkphp_meddle/b2b2c/Public/h-uilib/html5shiv.js
ERR: 无法加载模块:Public

[ 2017-08-13T17:42:37+08:00 ] ::1 /Thinkphp_meddle/b2b2c/Public/h-uilib/respond.min.js
ERR: 无法加载模块:Public

[ 2017-08-13T17:42:37+08:00 ] ::1 /Thinkphp_meddle/b2b2c/Public/h-uilib/DD_belatedPNG_0.0.8a-min.js
ERR: 无法加载模块:Public

[ 2017-08-13T17:45:36+08:00 ] ::1 /Thinkphp_meddle/b2b2c/Public/h-uilib/respond.min.js
ERR: 无法加载模块:Public

[ 2017-08-13T17:45:36+08:00 ] ::1 /Thinkphp_meddle/b2b2c/Public/h-uilib/DD_belatedPNG_0.0.8a-min.js
ERR: 无法加载模块:Public

[ 2017-08-13T17:45:36+08:00 ] ::1 /Thinkphp_meddle/b2b2c/Public/h-uilib/html5shiv.js
ERR: 无法加载模块:Public

[ 2017-08-13T17:45:36+08:00 ] ::1 /Thinkphp_meddle/b2b2c/Public/h-uilib/respond.min.js
ERR: 无法加载模块:Public

[ 2017-08-13T17:45:36+08:00 ] ::1 /Thinkphp_meddle/b2b2c/Public/h-uilib/DD_belatedPNG_0.0.8a-min.js
ERR: 无法加载模块:Public

[ 2017-08-13T20:16:48+08:00 ] ::1 /Thinkphp_meddle/b2b2c/Public/h-uilib/respond.min.js
ERR: 无法加载模块:Public

[ 2017-08-13T20:16:48+08:00 ] ::1 /Thinkphp_meddle/b2b2c/Public/h-uilib/html5shiv.js
ERR: 无法加载模块:Public

[ 2017-08-13T20:16:48+08:00 ] ::1 /Thinkphp_meddle/b2b2c/Public/h-uilib/DD_belatedPNG_0.0.8a-min.js
ERR: 无法加载模块:Public

[ 2017-08-13T20:16:48+08:00 ] ::1 /Thinkphp_meddle/b2b2c/Public/h-uilib/respond.min.js
ERR: 无法加载模块:Public

[ 2017-08-13T20:16:48+08:00 ] ::1 /Thinkphp_meddle/b2b2c/Public/h-uilib/DD_belatedPNG_0.0.8a-min.js
ERR: 无法加载模块:Public

[ 2017-08-13T20:18:30+08:00 ] ::1 /Thinkphp_meddle/b2b2c/Public/h-uilib/html5shiv.js
ERR: 无法加载模块:Public

[ 2017-08-13T20:18:30+08:00 ] ::1 /Thinkphp_meddle/b2b2c/Public/h-uilib/respond.min.js
ERR: 无法加载模块:Public

[ 2017-08-13T20:18:30+08:00 ] ::1 /Thinkphp_meddle/b2b2c/Public/h-uilib/DD_belatedPNG_0.0.8a-min.js
ERR: 无法加载模块:Public

[ 2017-08-13T20:54:35+08:00 ] ::1 /Thinkphp_meddle/b2b2c/Public/h-uilib/DD_belatedPNG_0.0.8a-min.js
ERR: 无法加载模块:Public

[ 2017-08-13T20:54:35+08:00 ] ::1 /Thinkphp_meddle/b2b2c/Public/h-uilib/html5shiv.js
ERR: 无法加载模块:Public

[ 2017-08-13T20:54:35+08:00 ] ::1 /Thinkphp_meddle/b2b2c/Public/h-uilib/respond.min.js
ERR: 无法加载模块:Public

[ 2017-08-13T20:54:35+08:00 ] ::1 /Thinkphp_meddle/b2b2c/Public/h-uilib/DD_belatedPNG_0.0.8a-min.js
ERR: 无法加载模块:Public

[ 2017-08-13T21:26:10+08:00 ] ::1 /Thinkphp_meddle/b2b2c/Public/h-uilib/DD_belatedPNG_0.0.8a-min.js
ERR: 无法加载模块:Public

[ 2017-08-13T21:26:10+08:00 ] ::1 /Thinkphp_meddle/b2b2c/Public/h-uilib/html5shiv.js
ERR: 无法加载模块:Public

[ 2017-08-13T21:26:10+08:00 ] ::1 /Thinkphp_meddle/b2b2c/Public/h-uilib/respond.min.js
ERR: 无法加载模块:Public

[ 2017-08-13T21:26:10+08:00 ] ::1 /Thinkphp_meddle/b2b2c/Public/h-uilib/html5shiv.js
ERR: 无法加载模块:Public

[ 2017-08-13T21:26:10+08:00 ] ::1 /Thinkphp_meddle/b2b2c/Public/h-uilib/respond.min.js
ERR: 无法加载模块:Public

[ 2017-08-13T21:26:10+08:00 ] ::1 /Thinkphp_meddle/b2b2c/Public/h-uilib/DD_belatedPNG_0.0.8a-min.js
ERR: 无法加载模块:Public

[ 2017-08-13T21:28:43+08:00 ] ::1 /Thinkphp_meddle/b2b2c/Public/h-uilib/html5shiv.js
ERR: 无法加载模块:Public

[ 2017-08-13T21:28:43+08:00 ] ::1 /Thinkphp_meddle/b2b2c/Public/h-uilib/respond.min.js
ERR: 无法加载模块:Public

[ 2017-08-13T21:28:43+08:00 ] ::1 /Thinkphp_meddle/b2b2c/Public/h-uilib/DD_belatedPNG_0.0.8a-min.js
ERR: 无法加载模块:Public

[ 2017-08-13T21:30:14+08:00 ] ::1 /Thinkphp_meddle/b2b2c/Public/h-uilib/respond.min.js
ERR: 无法加载模块:Public

[ 2017-08-13T21:30:14+08:00 ] ::1 /Thinkphp_meddle/b2b2c/Public/h-uilib/DD_belatedPNG_0.0.8a-min.js
ERR: 无法加载模块:Public

[ 2017-08-13T21:30:14+08:00 ] ::1 /Thinkphp_meddle/b2b2c/Public/h-uilib/html5shiv.js
ERR: 无法加载模块:Public

[ 2017-08-13T21:30:14+08:00 ] ::1 /Thinkphp_meddle/b2b2c/Public/h-uilib/respond.min.js
ERR: 无法加载模块:Public

[ 2017-08-13T21:30:14+08:00 ] ::1 /Thinkphp_meddle/b2b2c/Public/h-uilib/DD_belatedPNG_0.0.8a-min.js
ERR: 无法加载模块:Public

[ 2017-08-13T21:31:28+08:00 ] ::1 /Thinkphp_meddle/b2b2c/Public/h-uilib/html5shiv.js
ERR: 无法加载模块:Public

[ 2017-08-13T21:31:28+08:00 ] ::1 /Thinkphp_meddle/b2b2c/Public/h-uilib/respond.min.js
ERR: 无法加载模块:Public

[ 2017-08-13T21:31:28+08:00 ] ::1 /Thinkphp_meddle/b2b2c/Public/h-uilib/DD_belatedPNG_0.0.8a-min.js
ERR: 无法加载模块:Public

[ 2017-08-13T21:37:48+08:00 ] ::1 /Thinkphp_meddle/b2b2c/Public/h-uilib/html5shiv.js
ERR: 无法加载模块:Public

[ 2017-08-13T21:37:48+08:00 ] ::1 /Thinkphp_meddle/b2b2c/Public/h-uilib/respond.min.js
ERR: 无法加载模块:Public

[ 2017-08-13T21:37:48+08:00 ] ::1 /Thinkphp_meddle/b2b2c/Public/h-uilib/DD_belatedPNG_0.0.8a-min.js
ERR: 无法加载模块:Public

[ 2017-08-13T21:41:43+08:00 ] ::1 /Thinkphp_meddle/b2b2c/Public/h-uilib/respond.min.js
ERR: 无法加载模块:Public

[ 2017-08-13T21:41:43+08:00 ] ::1 /Thinkphp_meddle/b2b2c/Public/h-uilib/html5shiv.js
ERR: 无法加载模块:Public

[ 2017-08-13T21:41:43+08:00 ] ::1 /Thinkphp_meddle/b2b2c/Public/h-uilib/DD_belatedPNG_0.0.8a-min.js
ERR: 无法加载模块:Public

[ 2017-08-13T21:41:43+08:00 ] ::1 /Thinkphp_meddle/b2b2c/Public/h-uilib/respond.min.js
ERR: 无法加载模块:Public

[ 2017-08-13T21:41:44+08:00 ] ::1 /Thinkphp_meddle/b2b2c/Public/h-uilib/DD_belatedPNG_0.0.8a-min.js
ERR: 无法加载模块:Public

[ 2017-08-13T21:41:58+08:00 ] ::1 /Thinkphp_meddle/b2b2c/Public/h-uilib/html5shiv.js
ERR: 无法加载模块:Public

[ 2017-08-13T21:41:58+08:00 ] ::1 /Thinkphp_meddle/b2b2c/Public/h-uilib/respond.min.js
ERR: 无法加载模块:Public

[ 2017-08-13T21:41:59+08:00 ] ::1 /Thinkphp_meddle/b2b2c/Public/h-uilib/DD_belatedPNG_0.0.8a-min.js
ERR: 无法加载模块:Public

[ 2017-08-13T21:44:40+08:00 ] ::1 /Thinkphp_meddle/b2b2c/Public/h-uilib/DD_belatedPNG_0.0.8a-min.js
ERR: 无法加载模块:Public

