[ 2017-08-20T15:48:07+08:00 ] ::1 /Thinkphp_meddle/b2b2c/Public/Home/css/img/icon-mtgroup@2x.4zl0bc.png
ERR: 无法加载模块:Public

[ 2017-08-20T15:50:22+08:00 ] ::1 /Thinkphp_meddle/b2b2c/Public/Home/css/img/icon-mtgroup@2x.4zl0bc.png
ERR: 无法加载模块:Public

[ 2017-08-20T15:50:48+08:00 ] ::1 /Thinkphp_meddle/b2b2c/Public/Home/css/img/icon-mtgroup@2x.4zl0bc.png
ERR: 无法加载模块:Public

[ 2017-08-20T15:54:12+08:00 ] ::1 /Thinkphp_meddle/b2b2c/Public/Home/css/img/icon-mtgroup@2x.4zl0bc.png
ERR: 无法加载模块:Public

[ 2017-08-20T15:56:44+08:00 ] ::1 /Thinkphp_meddle/b2b2c/Public/Home/css/img/icon-mtgroup@2x.4zl0bc.png
ERR: 无法加载模块:Public

[ 2017-08-20T15:59:19+08:00 ] ::1 /Thinkphp_meddle/b2b2c/Public/Home/css/img/icon-mtgroup@2x.4zl0bc.png
ERR: 无法加载模块:Public

[ 2017-08-20T15:59:24+08:00 ] ::1 /Thinkphp_meddle/b2b2c/Public/Home/css/img/icon-mtgroup@2x.4zl0bc.png
ERR: 无法加载模块:Public

[ 2017-08-20T15:59:50+08:00 ] ::1 /Thinkphp_meddle/b2b2c/Public/Home/css/img/icon-mtgroup@2x.4zl0bc.png
ERR: 无法加载模块:Public

[ 2017-08-20T16:00:14+08:00 ] ::1 /Thinkphp_meddle/b2b2c/Public/Home/css/img/icon-mtgroup@2x.4zl0bc.png
ERR: 无法加载模块:Public

[ 2017-08-20T16:03:26+08:00 ] ::1 /Thinkphp_meddle/b2b2c/Public/Home/css/img/icon-mtgroup@2x.4zl0bc.png
ERR: 无法加载模块:Public

[ 2017-08-20T16:04:26+08:00 ] ::1 /Thinkphp_meddle/b2b2c/Public/Home/css/img/icon-mtgroup@2x.4zl0bc.png
ERR: 无法加载模块:Public

[ 2017-08-20T20:00:03+08:00 ] ::1 /Thinkphp_meddle/b2b2c/Public/Checkboxes/fonts/glyphicons-halflings-regular.woff2
ERR: 无法加载模块:Public

[ 2017-08-20T20:00:03+08:00 ] ::1 /Thinkphp_meddle/b2b2c/Public/Checkboxes/fonts/glyphicons-halflings-regular.woff
ERR: 无法加载模块:Public

[ 2017-08-20T20:00:03+08:00 ] ::1 /Thinkphp_meddle/b2b2c/Public/Checkboxes/fonts/glyphicons-halflings-regular.ttf
ERR: 无法加载模块:Public

[ 2017-08-20T20:00:31+08:00 ] ::1 /Thinkphp_meddle/b2b2c/Public/Checkboxes/fonts/glyphicons-halflings-regular.woff2
ERR: 无法加载模块:Public

[ 2017-08-20T20:00:31+08:00 ] ::1 /Thinkphp_meddle/b2b2c/Public/Checkboxes/fonts/glyphicons-halflings-regular.woff
ERR: 无法加载模块:Public

[ 2017-08-20T20:00:31+08:00 ] ::1 /Thinkphp_meddle/b2b2c/Public/Checkboxes/fonts/glyphicons-halflings-regular.ttf
ERR: 无法加载模块:Public

[ 2017-08-20T20:12:58+08:00 ] ::1 /Thinkphp_meddle/b2b2c/Public/Checkboxes/fonts/glyphicons-halflings-regular.woff2
ERR: 无法加载模块:Public

[ 2017-08-20T20:12:58+08:00 ] ::1 /Thinkphp_meddle/b2b2c/Public/Checkboxes/fonts/glyphicons-halflings-regular.woff
ERR: 无法加载模块:Public

[ 2017-08-20T20:12:58+08:00 ] ::1 /Thinkphp_meddle/b2b2c/Public/Checkboxes/fonts/glyphicons-halflings-regular.ttf
ERR: 无法加载模块:Public

[ 2017-08-20T20:16:33+08:00 ] ::1 /Thinkphp_meddle/b2b2c/Public/Checkboxes/fonts/glyphicons-halflings-regular.woff2
ERR: 无法加载模块:Public

[ 2017-08-20T20:16:33+08:00 ] ::1 /Thinkphp_meddle/b2b2c/Public/Checkboxes/fonts/glyphicons-halflings-regular.woff
ERR: 无法加载模块:Public

[ 2017-08-20T20:16:33+08:00 ] ::1 /Thinkphp_meddle/b2b2c/Public/Checkboxes/fonts/glyphicons-halflings-regular.ttf
ERR: 无法加载模块:Public

[ 2017-08-20T20:35:02+08:00 ] ::1 /Thinkphp_meddle/b2b2c/Public/Checkboxes/fonts/glyphicons-halflings-regular.woff2
ERR: 无法加载模块:Public

[ 2017-08-20T20:35:02+08:00 ] ::1 /Thinkphp_meddle/b2b2c/Public/Checkboxes/fonts/glyphicons-halflings-regular.woff
ERR: 无法加载模块:Public

[ 2017-08-20T20:35:02+08:00 ] ::1 /Thinkphp_meddle/b2b2c/Public/Checkboxes/fonts/glyphicons-halflings-regular.ttf
ERR: 无法加载模块:Public

[ 2017-08-20T20:35:46+08:00 ] ::1 /Thinkphp_meddle/b2b2c/Public/Checkboxes/fonts/glyphicons-halflings-regular.woff2
ERR: 无法加载模块:Public

[ 2017-08-20T20:35:46+08:00 ] ::1 /Thinkphp_meddle/b2b2c/Public/Checkboxes/fonts/glyphicons-halflings-regular.woff
ERR: 无法加载模块:Public

[ 2017-08-20T20:35:46+08:00 ] ::1 /Thinkphp_meddle/b2b2c/Public/Checkboxes/fonts/glyphicons-halflings-regular.ttf
ERR: 无法加载模块:Public

[ 2017-08-20T20:36:05+08:00 ] ::1 /Thinkphp_meddle/b2b2c/Public/Checkboxes/fonts/glyphicons-halflings-regular.woff2
ERR: 无法加载模块:Public

[ 2017-08-20T20:36:05+08:00 ] ::1 /Thinkphp_meddle/b2b2c/Public/Checkboxes/fonts/glyphicons-halflings-regular.woff
ERR: 无法加载模块:Public

[ 2017-08-20T20:36:05+08:00 ] ::1 /Thinkphp_meddle/b2b2c/Public/Checkboxes/fonts/glyphicons-halflings-regular.ttf
ERR: 无法加载模块:Public

[ 2017-08-20T20:36:08+08:00 ] ::1 /Thinkphp_meddle/b2b2c/Public/Checkboxes/fonts/glyphicons-halflings-regular.woff2
ERR: 无法加载模块:Public

[ 2017-08-20T20:36:08+08:00 ] ::1 /Thinkphp_meddle/b2b2c/Public/Checkboxes/fonts/glyphicons-halflings-regular.woff
ERR: 无法加载模块:Public

[ 2017-08-20T20:36:08+08:00 ] ::1 /Thinkphp_meddle/b2b2c/Public/Checkboxes/fonts/glyphicons-halflings-regular.ttf
ERR: 无法加载模块:Public

[ 2017-08-20T20:39:55+08:00 ] ::1 /Thinkphp_meddle/b2b2c/Public/Checkboxes/fonts/glyphicons-halflings-regular.woff2
ERR: 无法加载模块:Public

[ 2017-08-20T20:39:55+08:00 ] ::1 /Thinkphp_meddle/b2b2c/Public/Checkboxes/fonts/glyphicons-halflings-regular.woff
ERR: 无法加载模块:Public

[ 2017-08-20T20:39:55+08:00 ] ::1 /Thinkphp_meddle/b2b2c/Public/Checkboxes/fonts/glyphicons-halflings-regular.ttf
ERR: 无法加载模块:Public

[ 2017-08-20T20:40:35+08:00 ] ::1 /Thinkphp_meddle/b2b2c/Public/Checkboxes/fonts/glyphicons-halflings-regular.woff2
ERR: 无法加载模块:Public

[ 2017-08-20T20:40:35+08:00 ] ::1 /Thinkphp_meddle/b2b2c/Public/Checkboxes/fonts/glyphicons-halflings-regular.woff
ERR: 无法加载模块:Public

[ 2017-08-20T20:40:35+08:00 ] ::1 /Thinkphp_meddle/b2b2c/Public/Checkboxes/fonts/glyphicons-halflings-regular.ttf
ERR: 无法加载模块:Public

