[ 2017-08-12T10:08:46+08:00 ] ::1 /Thinkphp_meddle/b2b2c/Public/static/h-ui/css/H-ui.min.css
ERR: 无法加载模块:Public

[ 2017-08-12T10:08:46+08:00 ] ::1 /Thinkphp_meddle/b2b2c/Public/lib/webuploader/0.1.5/webuploader.css
ERR: 无法加载模块:Public

[ 2017-08-12T10:08:46+08:00 ] ::1 /Thinkphp_meddle/b2b2c/Public/static/h-ui.admin/skin/default/skin.css
ERR: 无法加载模块:Public

[ 2017-08-12T10:08:46+08:00 ] ::1 /Thinkphp_meddle/b2b2c/Public/lib/Hui-iconfont/1.0.8/iconfont.css
ERR: 无法加载模块:Public

[ 2017-08-12T10:08:46+08:00 ] ::1 /Thinkphp_meddle/b2b2c/Public/static/h-ui.admin/css/H-ui.admin.css
ERR: 无法加载模块:Public

[ 2017-08-12T10:08:46+08:00 ] ::1 /Thinkphp_meddle/b2b2c/Public/lib/jquery/1.9.1/jquery.min.js
ERR: 无法加载模块:Public

[ 2017-08-12T10:08:46+08:00 ] ::1 /Thinkphp_meddle/b2b2c/Public/lib/layer/2.4/layer.js
ERR: 无法加载模块:Public

[ 2017-08-12T10:08:46+08:00 ] ::1 /Thinkphp_meddle/b2b2c/Public/static/h-ui/js/H-ui.min.js
ERR: 无法加载模块:Public

[ 2017-08-12T10:08:46+08:00 ] ::1 /Thinkphp_meddle/b2b2c/Public/lib/jquery.validation/1.14.0/messages_zh.js
ERR: 无法加载模块:Public

[ 2017-08-12T10:08:46+08:00 ] ::1 /Thinkphp_meddle/b2b2c/Public/static/h-ui.admin/js/H-ui.admin.js
ERR: 无法加载模块:Public

[ 2017-08-12T10:08:46+08:00 ] ::1 /Thinkphp_meddle/b2b2c/Public/static/h-ui.admin/css/style.css
ERR: 无法加载模块:Public

[ 2017-08-12T10:08:46+08:00 ] ::1 /Thinkphp_meddle/b2b2c/Public/lib/jquery.validation/1.14.0/jquery.validate.js
ERR: 无法加载模块:Public

[ 2017-08-12T10:08:46+08:00 ] ::1 /Thinkphp_meddle/b2b2c/Public/lib/webuploader/0.1.5/webuploader.min.js
ERR: 无法加载模块:Public

[ 2017-08-12T10:08:46+08:00 ] ::1 /Thinkphp_meddle/b2b2c/Public/lib/jquery.validation/1.14.0/validate-methods.js
ERR: 无法加载模块:Public

[ 2017-08-12T10:08:46+08:00 ] ::1 /Thinkphp_meddle/b2b2c/Public/lib/layer/2.4/layer.js
ERR: 无法加载模块:Public

[ 2017-08-12T10:08:46+08:00 ] ::1 /Thinkphp_meddle/b2b2c/Public/static/h-ui/js/H-ui.min.js
ERR: 无法加载模块:Public

[ 2017-08-12T10:08:46+08:00 ] ::1 /Thinkphp_meddle/b2b2c/Public/static/h-ui.admin/js/H-ui.admin.js
ERR: 无法加载模块:Public

[ 2017-08-12T10:08:46+08:00 ] ::1 /Thinkphp_meddle/b2b2c/Public/lib/jquery.validation/1.14.0/jquery.validate.js
ERR: 无法加载模块:Public

[ 2017-08-12T10:08:46+08:00 ] ::1 /Thinkphp_meddle/b2b2c/Public/lib/jquery.validation/1.14.0/validate-methods.js
ERR: 无法加载模块:Public

[ 2017-08-12T10:08:46+08:00 ] ::1 /Thinkphp_meddle/b2b2c/Public/lib/jquery.validation/1.14.0/messages_zh.js
ERR: 无法加载模块:Public

[ 2017-08-12T10:08:46+08:00 ] ::1 /Thinkphp_meddle/b2b2c/Public/lib/webuploader/0.1.5/webuploader.min.js
ERR: 无法加载模块:Public

[ 2017-08-12T10:41:15+08:00 ] ::1 /Thinkphp_meddle/b2b2c/Public/lib/webuploader/0.1.5/server/fileupload.php
ERR: 无法加载模块:Public

[ 2017-08-12T10:41:20+08:00 ] ::1 /Thinkphp_meddle/b2b2c/Public/lib/webuploader/0.1.5/server/fileupload.php
ERR: 无法加载模块:Public

[ 2017-08-12T10:41:28+08:00 ] ::1 /Thinkphp_meddle/b2b2c/Public/lib/webuploader/0.1.5/server/fileupload.php
ERR: 无法加载模块:Public

[ 2017-08-12T10:41:55+08:00 ] ::1 /Thinkphp_meddle/b2b2c/Public/lib/webuploader/0.1.5/server/fileupload.php
ERR: 无法加载模块:Public

[ 2017-08-12T10:44:07+08:00 ] ::1 /Thinkphp_meddle/b2b2c/Public/lib/webuploader/0.1.5/server/fileupload.php
ERR: 无法加载模块:Public

[ 2017-08-12T10:44:15+08:00 ] ::1 /Thinkphp_meddle/b2b2c/Public/lib/webuploader/0.1.5/server/fileupload.php
ERR: 无法加载模块:Public

[ 2017-08-12T10:45:42+08:00 ] ::1 /Thinkphp_meddle/b2b2c/Public/lib/webuploader/0.1.5/server/fileupload.php
ERR: 无法加载模块:Public

[ 2017-08-12T15:11:47+08:00 ] ::1 /Thinkphp_meddle/b2b2c/Public/Checkboxes/fonts/glyphicons-halflings-regular.woff2
ERR: 无法加载模块:Public

[ 2017-08-12T15:11:48+08:00 ] ::1 /Thinkphp_meddle/b2b2c/Public/Checkboxes/fonts/glyphicons-halflings-regular.woff
ERR: 无法加载模块:Public

[ 2017-08-12T15:11:48+08:00 ] ::1 /Thinkphp_meddle/b2b2c/Public/Checkboxes/fonts/glyphicons-halflings-regular.ttf
ERR: 无法加载模块:Public

[ 2017-08-12T15:11:48+08:00 ] ::1 /Thinkphp_meddle/b2b2c/Public/Checkboxes/fonts/glyphicons-halflings-regular.woff2
ERR: 无法加载模块:Public

[ 2017-08-12T15:11:48+08:00 ] ::1 /Thinkphp_meddle/b2b2c/Public/Checkboxes/fonts/glyphicons-halflings-regular.woff
ERR: 无法加载模块:Public

[ 2017-08-12T15:11:48+08:00 ] ::1 /Thinkphp_meddle/b2b2c/Public/Checkboxes/fonts/glyphicons-halflings-regular.ttf
ERR: 无法加载模块:Public

[ 2017-08-12T15:12:44+08:00 ] ::1 /Thinkphp_meddle/b2b2c/Public/Checkboxes/fonts/glyphicons-halflings-regular.woff2
ERR: 无法加载模块:Public

[ 2017-08-12T15:12:45+08:00 ] ::1 /Thinkphp_meddle/b2b2c/Public/Checkboxes/fonts/glyphicons-halflings-regular.woff
ERR: 无法加载模块:Public

[ 2017-08-12T15:12:45+08:00 ] ::1 /Thinkphp_meddle/b2b2c/Public/Checkboxes/fonts/glyphicons-halflings-regular.ttf
ERR: 无法加载模块:Public

[ 2017-08-12T22:28:04+08:00 ] ::1 /Thinkphp_meddle/b2b2c/Public/img/loading.gif
ERR: 无法加载模块:Public

[ 2017-08-12T22:28:44+08:00 ] ::1 /Thinkphp_meddle/b2b2c/Public/img/loading.gif
ERR: 无法加载模块:Public

[ 2017-08-12T22:40:06+08:00 ] ::1 /Thinkphp_meddle/b2b2c/Public/img/loading.gif
ERR: 无法加载模块:Public

