[ 2017-08-07T19:55:34+08:00 ] ::1 /Thinkphp_meddle/b2b2c/Admin/public/verify.html
ERR: 无法加载模块:Thinkphp_meddle

[ 2017-08-07T19:55:49+08:00 ] ::1 /Thinkphp_meddle/b2b2c/Admin/public/verify.html
ERR: 无法加载模块:Thinkphp_meddle

[ 2017-08-07T19:55:55+08:00 ] ::1 /Thinkphp_meddle/b2b2c/Admin/public/login.html
ERR: 无法加载模块:Thinkphp_meddle

[ 2017-08-07T19:56:05+08:00 ] ::1 /Thinkphp_meddle/b2b2c/Admin/index/index
ERR: 无法加载模块:Thinkphp_meddle

[ 2017-08-07T19:56:10+08:00 ] ::1 /Thinkphp_meddle/b2b2c/Admin/index/index
ERR: 无法加载模块:Thinkphp_meddle

[ 2017-08-07T19:56:33+08:00 ] ::1 /Thinkphp_meddle/b2b2c/Admin/index/index
ERR: 无法加载模块:Thinkphp_meddle

[ 2017-08-07T19:56:35+08:00 ] ::1 /Thinkphp_meddle/b2b2c/Admin/index/index
ERR: 无法加载模块:Thinkphp_meddle

[ 2017-08-07T19:57:04+08:00 ] ::1 /Thinkphp_meddle/b2b2c/Admin/index/index
ERR: 无法加载模块:Thinkphp_meddle

[ 2017-08-07T19:57:32+08:00 ] ::1 /Thinkphp_meddle/b2b2c/Admin/public/login.html
ERR: 无法加载模块:Thinkphp_meddle

[ 2017-08-07T19:59:18+08:00 ] ::1 /Thinkphp_meddle/b2b2c/Admin/public/login.html
ERR: 无法加载模块:Thinkphp_meddle

[ 2017-08-07T19:59:37+08:00 ] ::1 /Thinkphp_meddle/b2b2c/Admin/public/login.html
ERR: 无法加载模块:Thinkphp_meddle

[ 2017-08-07T19:59:38+08:00 ] ::1 /Thinkphp_meddle/b2b2c/Admin/public/login.html
ERR: 无法加载模块:Thinkphp_meddle

[ 2017-08-07T19:59:39+08:00 ] ::1 /Thinkphp_meddle/b2b2c/Admin/public/login.html
ERR: 无法加载模块:Thinkphp_meddle

[ 2017-08-07T19:59:40+08:00 ] ::1 /Thinkphp_meddle/b2b2c/Admin/public/login.html
ERR: 无法加载模块:Thinkphp_meddle

[ 2017-08-07T19:59:41+08:00 ] ::1 /Thinkphp_meddle/b2b2c/Admin/public/login.html
ERR: 无法加载模块:Thinkphp_meddle

[ 2017-08-07T20:00:03+08:00 ] ::1 /Thinkphp_meddle/b2b2c/Admin/public/login.html
ERR: 无法加载模块:Thinkphp_meddle

[ 2017-08-07T20:00:04+08:00 ] ::1 /Thinkphp_meddle/b2b2c/Admin/public/login.html
ERR: 无法加载模块:Thinkphp_meddle

[ 2017-08-07T20:00:23+08:00 ] ::1 /Thinkphp_meddle/b2b2c/Admin/index/index
ERR: 无法加载模块:Thinkphp_meddle

[ 2017-08-07T20:01:13+08:00 ] ::1 /Thinkphp_meddle/b2b2c/Admin/index/index
ERR: 无法加载模块:Thinkphp_meddle

[ 2017-08-07T20:01:40+08:00 ] ::1 /Thinkphp_meddle/b2b2c/Admin/public/login.html
ERR: 无法加载模块:Thinkphp_meddle

[ 2017-08-07T20:02:22+08:00 ] ::1 /Thinkphp_meddle/b2b2c/Admin/public/login.html
ERR: 无法加载模块:Thinkphp_meddle

[ 2017-08-07T20:02:24+08:00 ] ::1 /Thinkphp_meddle/b2b2c/Admin/public/login.html
ERR: 无法加载模块:Thinkphp_meddle

[ 2017-08-07T20:02:25+08:00 ] ::1 /Thinkphp_meddle/b2b2c/Admin/public/login.html
ERR: 无法加载模块:Thinkphp_meddle

[ 2017-08-07T20:02:34+08:00 ] ::1 /Thinkphp_meddle/b2b2c/Admin/index/index
ERR: 无法加载模块:Thinkphp_meddle

[ 2017-08-07T20:05:27+08:00 ] ::1 /Thinkphp_meddle/b2b2c/Admin/index/index
INFO: [ app_init ] --START--
INFO: Run Behavior\BuildLiteBehavior [ RunTime:0.000000s ]
INFO: [ app_init ] --END-- [ RunTime:0.002000s ]
ERR: 无法加载模块:Thinkphp_meddle

[ 2017-08-07T20:05:29+08:00 ] ::1 /Thinkphp_meddle/b2b2c/Admin/index/index
INFO: [ app_init ] --START--
INFO: Run Behavior\BuildLiteBehavior [ RunTime:0.000000s ]
INFO: [ app_init ] --END-- [ RunTime:0.002000s ]
ERR: 无法加载模块:Thinkphp_meddle

[ 2017-08-07T20:32:23+08:00 ] ::1 /Thinkphp_meddle/b2b2c/Admin/public/verify.html
ERR: 无法加载模块:Thinkphp_meddle

[ 2017-08-07T20:32:54+08:00 ] ::1 /Thinkphp_meddle/b2b2c/Admin/public/login.html
ERR: 无法加载模块:Thinkphp_meddle

[ 2017-08-07T20:33:09+08:00 ] ::1 /Thinkphp_meddle/b2b2c/Admin/index/index
ERR: 无法加载模块:Thinkphp_meddle

[ 2017-08-07T20:33:14+08:00 ] ::1 /Thinkphp_meddle/b2b2c/Admin/index/index
ERR: 无法加载模块:Thinkphp_meddle

