[ 2017-08-21T08:34:04+08:00 ] ::1 /Thinkphp_meddle/b2b2c/Admin/Order/delete_all.html
INFO: [ app_begin ] --START--
INFO: Run Behavior\ReadHtmlCacheBehavior [ RunTime:0.001000s ]
INFO: [ app_begin ] --END-- [ RunTime:0.002000s ]
NOTIC: [2048] Declaration of Common\Model\AdminNavModel::getTreeData() should be compatible with Common\Model\BaseModel::getTreeData($type = 'tree', $order = '', $name = 'name', $child = 'id', $parent = 'pid') D:\webserver\wamp64\www\Thinkphp_meddle\b2b2c\Application\Admin\Model\AdminNavModel.class.php 第 14 行.
SQL: SHOW COLUMNS FROM `h_admin_nav` [ RunTime:0.0170s ]
SQL: SELECT * FROM `h_admin_nav` WHERE ( pc_level=1 )  [ RunTime:0.0000s ]
SQL: SELECT * FROM `h_admin_nav` WHERE ( pc_level=2 )  [ RunTime:0.0000s ]
SQL: delete from h_order where o_id in  (8,9,16,22,27,28,29,30)  [ RunTime:0.0340s ]
SQL: select * from h_order_detail where detail_oid='8' [ RunTime:0.0000s ]
SQL: select * from h_order_detail where detail_oid='9' [ RunTime:0.0000s ]
SQL: select * from h_order_detail where detail_oid='16' [ RunTime:0.0000s ]
SQL: select * from h_order_detail where detail_oid='22' [ RunTime:0.0000s ]
SQL: select * from h_order_detail where detail_oid='27' [ RunTime:0.0000s ]
SQL: select * from h_order_detail where detail_oid='28' [ RunTime:0.0000s ]
SQL: select * from h_order_detail where detail_oid='29' [ RunTime:0.0000s ]
SQL: select * from h_order_detail where detail_oid='30' [ RunTime:0.0000s ]
SQL: delete from h_order_detail where detail_id in (9,10,17,23,28,29,30,31)  [ RunTime:0.0000s ]
INFO: [ app_end ] --START--
INFO: Run Behavior\ShowPageTraceBehavior [ RunTime:0.002000s ]
INFO: [ app_end ] --END-- [ RunTime:0.002000s ]

[ 2017-08-21T08:34:20+08:00 ] ::1 /Thinkphp_meddle/b2b2c/Admin/Order/delete_all.html
INFO: [ app_begin ] --START--
INFO: Run Behavior\ReadHtmlCacheBehavior [ RunTime:0.002000s ]
INFO: [ app_begin ] --END-- [ RunTime:0.003000s ]
NOTIC: [2048] Declaration of Common\Model\AdminNavModel::getTreeData() should be compatible with Common\Model\BaseModel::getTreeData($type = 'tree', $order = '', $name = 'name', $child = 'id', $parent = 'pid') D:\webserver\wamp64\www\Thinkphp_meddle\b2b2c\Application\Admin\Model\AdminNavModel.class.php 第 14 行.
SQL: SHOW COLUMNS FROM `h_admin_nav` [ RunTime:0.0020s ]
SQL: SELECT * FROM `h_admin_nav` WHERE ( pc_level=1 )  [ RunTime:0.0010s ]
SQL: SELECT * FROM `h_admin_nav` WHERE ( pc_level=2 )  [ RunTime:0.0010s ]
SQL: delete from h_order where o_id in  (31,32,33,34,35,36,37,38)  [ RunTime:0.0260s ]
SQL: select * from h_order_detail where detail_oid='31' [ RunTime:0.0370s ]
SQL: select * from h_order_detail where detail_oid='32' [ RunTime:0.0010s ]
SQL: select * from h_order_detail where detail_oid='33' [ RunTime:0.0010s ]
SQL: select * from h_order_detail where detail_oid='34' [ RunTime:0.0010s ]
SQL: select * from h_order_detail where detail_oid='35' [ RunTime:0.0010s ]
SQL: select * from h_order_detail where detail_oid='36' [ RunTime:0.0010s ]
SQL: select * from h_order_detail where detail_oid='37' [ RunTime:0.0010s ]
SQL: select * from h_order_detail where detail_oid='38' [ RunTime:0.0010s ]
SQL: delete from h_order_detail where detail_id in (32,33,34,35,36,37,38,39)  [ RunTime:0.0010s ]
INFO: [ app_end ] --START--
INFO: Run Behavior\ShowPageTraceBehavior [ RunTime:0.001000s ]
INFO: [ app_end ] --END-- [ RunTime:0.002000s ]

[ 2017-08-21T08:34:34+08:00 ] ::1 /Thinkphp_meddle/b2b2c/Admin/Order/delete_all.html
INFO: [ app_begin ] --START--
INFO: Run Behavior\ReadHtmlCacheBehavior [ RunTime:0.001000s ]
INFO: [ app_begin ] --END-- [ RunTime:0.002000s ]
NOTIC: [2048] Declaration of Common\Model\AdminNavModel::getTreeData() should be compatible with Common\Model\BaseModel::getTreeData($type = 'tree', $order = '', $name = 'name', $child = 'id', $parent = 'pid') D:\webserver\wamp64\www\Thinkphp_meddle\b2b2c\Application\Admin\Model\AdminNavModel.class.php 第 14 行.
SQL: SHOW COLUMNS FROM `h_admin_nav` [ RunTime:0.0010s ]
SQL: SELECT * FROM `h_admin_nav` WHERE ( pc_level=1 )  [ RunTime:0.0010s ]
SQL: SELECT * FROM `h_admin_nav` WHERE ( pc_level=2 )  [ RunTime:0.0010s ]
SQL: delete from h_order where o_id in  (39,40,41,42,43,44,45,46)  [ RunTime:0.0110s ]
SQL: select * from h_order_detail where detail_oid='39' [ RunTime:0.0010s ]
SQL: select * from h_order_detail where detail_oid='40' [ RunTime:0.0010s ]
SQL: select * from h_order_detail where detail_oid='41' [ RunTime:0.0010s ]
SQL: select * from h_order_detail where detail_oid='42' [ RunTime:0.0000s ]
SQL: select * from h_order_detail where detail_oid='43' [ RunTime:0.0000s ]
SQL: select * from h_order_detail where detail_oid='44' [ RunTime:0.0000s ]
SQL: select * from h_order_detail where detail_oid='45' [ RunTime:0.0000s ]
SQL: select * from h_order_detail where detail_oid='46' [ RunTime:0.0000s ]
SQL: delete from h_order_detail where detail_id in (40,41,42,43,44,45,46,47)  [ RunTime:0.0000s ]
INFO: [ app_end ] --START--
INFO: Run Behavior\ShowPageTraceBehavior [ RunTime:0.001000s ]
INFO: [ app_end ] --END-- [ RunTime:0.002001s ]

[ 2017-08-21T08:34:47+08:00 ] ::1 /Thinkphp_meddle/b2b2c/Admin/Order/delete_all.html
INFO: [ app_begin ] --START--
INFO: Run Behavior\ReadHtmlCacheBehavior [ RunTime:0.002000s ]
INFO: [ app_begin ] --END-- [ RunTime:0.003000s ]
NOTIC: [2048] Declaration of Common\Model\AdminNavModel::getTreeData() should be compatible with Common\Model\BaseModel::getTreeData($type = 'tree', $order = '', $name = 'name', $child = 'id', $parent = 'pid') D:\webserver\wamp64\www\Thinkphp_meddle\b2b2c\Application\Admin\Model\AdminNavModel.class.php 第 14 行.
SQL: SHOW COLUMNS FROM `h_admin_nav` [ RunTime:0.0080s ]
SQL: SELECT * FROM `h_admin_nav` WHERE ( pc_level=1 )  [ RunTime:0.0010s ]
SQL: SELECT * FROM `h_admin_nav` WHERE ( pc_level=2 )  [ RunTime:0.0010s ]
SQL: delete from h_order where o_id in  (47,48,49,50,51,52,53,54)  [ RunTime:0.0530s ]
SQL: select * from h_order_detail where detail_oid='47' [ RunTime:0.0010s ]
SQL: select * from h_order_detail where detail_oid='48' [ RunTime:0.0000s ]
SQL: select * from h_order_detail where detail_oid='49' [ RunTime:0.0000s ]
SQL: select * from h_order_detail where detail_oid='50' [ RunTime:0.0130s ]
SQL: select * from h_order_detail where detail_oid='51' [ RunTime:0.0000s ]
SQL: select * from h_order_detail where detail_oid='52' [ RunTime:0.0000s ]
SQL: select * from h_order_detail where detail_oid='53' [ RunTime:0.0000s ]
SQL: select * from h_order_detail where detail_oid='54' [ RunTime:0.0000s ]
SQL: delete from h_order_detail where detail_id in (48,49,50,51,52,53,54,55)  [ RunTime:0.0010s ]
INFO: [ app_end ] --START--
INFO: Run Behavior\ShowPageTraceBehavior [ RunTime:0.002000s ]
INFO: [ app_end ] --END-- [ RunTime:0.002000s ]

[ 2017-08-21T08:35:01+08:00 ] ::1 /Thinkphp_meddle/b2b2c/Admin/Order/delete_all.html
INFO: [ app_begin ] --START--
INFO: Run Behavior\ReadHtmlCacheBehavior [ RunTime:0.002000s ]
INFO: [ app_begin ] --END-- [ RunTime:0.002000s ]
NOTIC: [2048] Declaration of Common\Model\AdminNavModel::getTreeData() should be compatible with Common\Model\BaseModel::getTreeData($type = 'tree', $order = '', $name = 'name', $child = 'id', $parent = 'pid') D:\webserver\wamp64\www\Thinkphp_meddle\b2b2c\Application\Admin\Model\AdminNavModel.class.php 第 14 行.
SQL: SHOW COLUMNS FROM `h_admin_nav` [ RunTime:0.0190s ]
SQL: SELECT * FROM `h_admin_nav` WHERE ( pc_level=1 )  [ RunTime:0.0010s ]
SQL: SELECT * FROM `h_admin_nav` WHERE ( pc_level=2 )  [ RunTime:0.0020s ]
SQL: delete from h_order where o_id in  (55,56,57,58,59,60,61,62)  [ RunTime:0.0010s ]
SQL: select * from h_order_detail where detail_oid='55' [ RunTime:0.0010s ]
SQL: select * from h_order_detail where detail_oid='56' [ RunTime:0.0010s ]
SQL: select * from h_order_detail where detail_oid='57' [ RunTime:0.0010s ]
SQL: select * from h_order_detail where detail_oid='58' [ RunTime:0.0010s ]
SQL: select * from h_order_detail where detail_oid='59' [ RunTime:0.0010s ]
SQL: select * from h_order_detail where detail_oid='60' [ RunTime:0.0000s ]
SQL: select * from h_order_detail where detail_oid='61' [ RunTime:0.0000s ]
SQL: select * from h_order_detail where detail_oid='62' [ RunTime:0.0000s ]
SQL: delete from h_order_detail where detail_id in (56,57,58,59,60,61,62,63)  [ RunTime:0.0000s ]
INFO: [ app_end ] --START--
INFO: Run Behavior\ShowPageTraceBehavior [ RunTime:0.001000s ]
INFO: [ app_end ] --END-- [ RunTime:0.002000s ]

[ 2017-08-21T08:35:14+08:00 ] ::1 /Thinkphp_meddle/b2b2c/Admin/Order/delete_all.html
INFO: [ app_begin ] --START--
INFO: Run Behavior\ReadHtmlCacheBehavior [ RunTime:0.001000s ]
INFO: [ app_begin ] --END-- [ RunTime:0.002000s ]
NOTIC: [2048] Declaration of Common\Model\AdminNavModel::getTreeData() should be compatible with Common\Model\BaseModel::getTreeData($type = 'tree', $order = '', $name = 'name', $child = 'id', $parent = 'pid') D:\webserver\wamp64\www\Thinkphp_meddle\b2b2c\Application\Admin\Model\AdminNavModel.class.php 第 14 行.
SQL: SHOW COLUMNS FROM `h_admin_nav` [ RunTime:0.0010s ]
SQL: SELECT * FROM `h_admin_nav` WHERE ( pc_level=1 )  [ RunTime:0.0010s ]
SQL: SELECT * FROM `h_admin_nav` WHERE ( pc_level=2 )  [ RunTime:0.0000s ]
SQL: delete from h_order where o_id in  (63,64,65,66,67,68,69,70)  [ RunTime:0.0170s ]
SQL: select * from h_order_detail where detail_oid='63' [ RunTime:0.0490s ]
SQL: select * from h_order_detail where detail_oid='64' [ RunTime:0.0010s ]
SQL: select * from h_order_detail where detail_oid='65' [ RunTime:0.0000s ]
SQL: select * from h_order_detail where detail_oid='66' [ RunTime:0.0000s ]
SQL: select * from h_order_detail where detail_oid='67' [ RunTime:0.0000s ]
SQL: select * from h_order_detail where detail_oid='68' [ RunTime:0.0010s ]
SQL: select * from h_order_detail where detail_oid='69' [ RunTime:0.0010s ]
SQL: select * from h_order_detail where detail_oid='70' [ RunTime:0.0000s ]
SQL: delete from h_order_detail where detail_id in (64,65,66,67,68,69,70,71)  [ RunTime:0.0230s ]
INFO: [ app_end ] --START--
INFO: Run Behavior\ShowPageTraceBehavior [ RunTime:0.002000s ]
INFO: [ app_end ] --END-- [ RunTime:0.002000s ]

[ 2017-08-21T08:35:24+08:00 ] ::1 /Thinkphp_meddle/b2b2c/Admin/Order/delete_all.html
INFO: [ app_begin ] --START--
INFO: Run Behavior\ReadHtmlCacheBehavior [ RunTime:0.001000s ]
INFO: [ app_begin ] --END-- [ RunTime:0.003000s ]
NOTIC: [2048] Declaration of Common\Model\AdminNavModel::getTreeData() should be compatible with Common\Model\BaseModel::getTreeData($type = 'tree', $order = '', $name = 'name', $child = 'id', $parent = 'pid') D:\webserver\wamp64\www\Thinkphp_meddle\b2b2c\Application\Admin\Model\AdminNavModel.class.php 第 14 行.
SQL: SHOW COLUMNS FROM `h_admin_nav` [ RunTime:0.0270s ]
SQL: SELECT * FROM `h_admin_nav` WHERE ( pc_level=1 )  [ RunTime:0.0010s ]
SQL: SELECT * FROM `h_admin_nav` WHERE ( pc_level=2 )  [ RunTime:0.0010s ]
SQL: delete from h_order where o_id in  (71,72,73,74,75)  [ RunTime:0.0070s ]
SQL: select * from h_order_detail where detail_oid='71' [ RunTime:0.0010s ]
SQL: select * from h_order_detail where detail_oid='72' [ RunTime:0.0010s ]
SQL: select * from h_order_detail where detail_oid='73' [ RunTime:0.0000s ]
SQL: select * from h_order_detail where detail_oid='74' [ RunTime:0.0070s ]
SQL: select * from h_order_detail where detail_oid='75' [ RunTime:0.0010s ]
SQL: delete from h_order_detail where detail_id in (72,73,74,75,76)  [ RunTime:0.0000s ]
INFO: [ app_end ] --START--
INFO: Run Behavior\ShowPageTraceBehavior [ RunTime:0.002000s ]
INFO: [ app_end ] --END-- [ RunTime:0.002000s ]

[ 2017-08-21T08:38:05+08:00 ] ::1 /Thinkphp_meddle/b2b2c/Admin/Product/addr_change.html
INFO: [ app_begin ] --START--
INFO: Run Behavior\ReadHtmlCacheBehavior [ RunTime:0.001000s ]
INFO: [ app_begin ] --END-- [ RunTime:0.003000s ]
NOTIC: [2048] Declaration of Common\Model\AdminNavModel::getTreeData() should be compatible with Common\Model\BaseModel::getTreeData($type = 'tree', $order = '', $name = 'name', $child = 'id', $parent = 'pid') D:\webserver\wamp64\www\Thinkphp_meddle\b2b2c\Application\Admin\Model\AdminNavModel.class.php 第 14 行.
SQL: SHOW COLUMNS FROM `h_admin_nav` [ RunTime:0.0740s ]
SQL: SELECT * FROM `h_admin_nav` WHERE ( pc_level=1 )  [ RunTime:0.0010s ]
SQL: SELECT * FROM `h_admin_nav` WHERE ( pc_level=2 )  [ RunTime:0.0010s ]
SQL: SHOW COLUMNS FROM `h_area` [ RunTime:0.0030s ]
SQL: SELECT * FROM `h_area` WHERE ( fid='1' )  [ RunTime:0.4400s ]

[ 2017-08-21T09:00:31+08:00 ] ::1 /Thinkphp_meddle/b2b2c/Admin/Product/add_cate.html
ERR: 1364:Field 'pc_hot' doesn't have a default value
 [ SQL语句 ] : INSERT INTO `h_product_cate` (`pc_name`,`pc_level`,`pc_show`) VALUES ('阿萨德撒','1','1')

[ 2017-08-21T09:02:21+08:00 ] ::1 /Thinkphp_meddle/b2b2c/Admin/Nav/delete.html?id=9
INFO: [ app_begin ] --START--
INFO: Run Behavior\ReadHtmlCacheBehavior [ RunTime:0.001000s ]
INFO: [ app_begin ] --END-- [ RunTime:0.002000s ]
NOTIC: [2048] Declaration of Common\Model\AdminNavModel::getTreeData() should be compatible with Common\Model\BaseModel::getTreeData($type = 'tree', $order = '', $name = 'name', $child = 'id', $parent = 'pid') D:\webserver\wamp64\www\Thinkphp_meddle\b2b2c\Application\Admin\Model\AdminNavModel.class.php 第 14 行.
SQL: SHOW COLUMNS FROM `h_admin_nav` [ RunTime:0.0080s ]
SQL: SELECT * FROM `h_admin_nav` WHERE ( pc_level=1 )  [ RunTime:0.0020s ]
SQL: SELECT * FROM `h_admin_nav` WHERE ( pc_level=2 )  [ RunTime:0.0010s ]
SQL: SHOW COLUMNS FROM `h_auth_rule` [ RunTime:0.0300s ]
SQL: SELECT * FROM `h_admin_nav` WHERE `id` = 9 LIMIT 1   [ RunTime:0.0000s ]
SQL: SELECT * FROM `h_admin_nav` WHERE `fid` = 9 LIMIT 1   [ RunTime:0.0000s ]
INFO: [ app_end ] --START--
INFO: Run Behavior\ShowPageTraceBehavior [ RunTime:0.002000s ]
INFO: [ app_end ] --END-- [ RunTime:0.002000s ]

[ 2017-08-21T09:42:46+08:00 ] ::1 /Thinkphp_meddle/b2b2c/Admin/Product/edit.html
ERR: 非法操作:edit

[ 2017-08-21T10:38:28+08:00 ] ::1 /Thinkphp_meddle/b2b2c/Admin/Order/delete_cate.html?id=11
INFO: [ app_begin ] --START--
INFO: Run Behavior\ReadHtmlCacheBehavior [ RunTime:0.013001s ]
INFO: [ app_begin ] --END-- [ RunTime:0.015001s ]
NOTIC: [2048] Declaration of Common\Model\AdminNavModel::getTreeData() should be compatible with Common\Model\BaseModel::getTreeData($type = 'tree', $order = '', $name = 'name', $child = 'id', $parent = 'pid') D:\webserver\wamp64\www\Thinkphp_meddle\b2b2c\Application\Admin\Model\AdminNavModel.class.php 第 14 行.
SQL: SHOW COLUMNS FROM `h_admin_nav` [ RunTime:0.1010s ]
SQL: SELECT * FROM `h_admin_nav` WHERE ( pc_level=1 )  [ RunTime:0.0010s ]
SQL: SELECT * FROM `h_admin_nav` WHERE ( pc_level=2 )  [ RunTime:0.0010s ]
ERR: 非法操作:delete_cate

[ 2017-08-21T10:39:03+08:00 ] ::1 /Thinkphp_meddle/b2b2c/Admin/Product/delete_cate.html?id=8
INFO: [ app_begin ] --START--
INFO: Run Behavior\ReadHtmlCacheBehavior [ RunTime:0.002000s ]
INFO: [ app_begin ] --END-- [ RunTime:0.003000s ]
NOTIC: [2048] Declaration of Common\Model\AdminNavModel::getTreeData() should be compatible with Common\Model\BaseModel::getTreeData($type = 'tree', $order = '', $name = 'name', $child = 'id', $parent = 'pid') D:\webserver\wamp64\www\Thinkphp_meddle\b2b2c\Application\Admin\Model\AdminNavModel.class.php 第 14 行.
SQL: SHOW COLUMNS FROM `h_admin_nav` [ RunTime:0.0080s ]
SQL: SELECT * FROM `h_admin_nav` WHERE ( pc_level=1 )  [ RunTime:0.0110s ]
SQL: SELECT * FROM `h_admin_nav` WHERE ( pc_level=2 )  [ RunTime:0.0010s ]
INFO: [ app_end ] --START--
INFO: Run Behavior\ShowPageTraceBehavior [ RunTime:0.002000s ]
INFO: [ app_end ] --END-- [ RunTime:0.002000s ]

[ 2017-08-21T10:42:17+08:00 ] ::1 /Thinkphp_meddle/b2b2c/Admin/Product/delete_cate.html?id=11
INFO: [ app_begin ] --START--
INFO: Run Behavior\ReadHtmlCacheBehavior [ RunTime:0.002000s ]
INFO: [ app_begin ] --END-- [ RunTime:0.003000s ]
NOTIC: [2048] Declaration of Common\Model\AdminNavModel::getTreeData() should be compatible with Common\Model\BaseModel::getTreeData($type = 'tree', $order = '', $name = 'name', $child = 'id', $parent = 'pid') D:\webserver\wamp64\www\Thinkphp_meddle\b2b2c\Application\Admin\Model\AdminNavModel.class.php 第 14 行.
SQL: SHOW COLUMNS FROM `h_admin_nav` [ RunTime:0.0330s ]
SQL: SELECT * FROM `h_admin_nav` WHERE ( pc_level=1 )  [ RunTime:0.0000s ]
SQL: SELECT * FROM `h_admin_nav` WHERE ( pc_level=2 )  [ RunTime:0.0010s ]
INFO: [ app_end ] --START--
INFO: Run Behavior\ShowPageTraceBehavior [ RunTime:0.002000s ]
INFO: [ app_end ] --END-- [ RunTime:0.002000s ]

[ 2017-08-21T10:53:51+08:00 ] ::1 /Thinkphp_meddle/b2b2c/Admin/Product/delete_cate.html?id=38
INFO: [ app_begin ] --START--
INFO: Run Behavior\ReadHtmlCacheBehavior [ RunTime:0.001000s ]
INFO: [ app_begin ] --END-- [ RunTime:0.003000s ]
NOTIC: [2048] Declaration of Common\Model\AdminNavModel::getTreeData() should be compatible with Common\Model\BaseModel::getTreeData($type = 'tree', $order = '', $name = 'name', $child = 'id', $parent = 'pid') D:\webserver\wamp64\www\Thinkphp_meddle\b2b2c\Application\Admin\Model\AdminNavModel.class.php 第 14 行.
SQL: SHOW COLUMNS FROM `h_admin_nav` [ RunTime:0.0310s ]
SQL: SELECT * FROM `h_admin_nav` WHERE ( pc_level=1 )  [ RunTime:0.0010s ]
SQL: SELECT * FROM `h_admin_nav` WHERE ( pc_level=2 )  [ RunTime:0.0010s ]
SQL: SHOW COLUMNS FROM `h_product_cate` [ RunTime:0.0010s ]
SQL: SELECT * FROM `h_product_cate` WHERE ( pc_fid='38' )  [ RunTime:0.0010s ]
SQL: DELETE FROM `h_product_cate` WHERE ( pc_id='38' ) [ RunTime:0.0320s ]
INFO: [ app_end ] --START--
INFO: Run Behavior\ShowPageTraceBehavior [ RunTime:0.002000s ]
INFO: [ app_end ] --END-- [ RunTime:0.002000s ]

[ 2017-08-21T10:54:04+08:00 ] ::1 /Thinkphp_meddle/b2b2c/Admin/Product/delete_cate.html?id=5
INFO: [ app_begin ] --START--
INFO: Run Behavior\ReadHtmlCacheBehavior [ RunTime:0.001000s ]
INFO: [ app_begin ] --END-- [ RunTime:0.003000s ]
NOTIC: [2048] Declaration of Common\Model\AdminNavModel::getTreeData() should be compatible with Common\Model\BaseModel::getTreeData($type = 'tree', $order = '', $name = 'name', $child = 'id', $parent = 'pid') D:\webserver\wamp64\www\Thinkphp_meddle\b2b2c\Application\Admin\Model\AdminNavModel.class.php 第 14 行.
SQL: SHOW COLUMNS FROM `h_admin_nav` [ RunTime:0.0410s ]
SQL: SELECT * FROM `h_admin_nav` WHERE ( pc_level=1 )  [ RunTime:0.0010s ]
SQL: SELECT * FROM `h_admin_nav` WHERE ( pc_level=2 )  [ RunTime:0.0010s ]
SQL: SHOW COLUMNS FROM `h_product_cate` [ RunTime:0.0010s ]
SQL: SELECT * FROM `h_product_cate` WHERE ( pc_fid='5' )  [ RunTime:0.0010s ]
INFO: [ app_end ] --START--
INFO: Run Behavior\ShowPageTraceBehavior [ RunTime:0.001000s ]
INFO: [ app_end ] --END-- [ RunTime:0.002000s ]

[ 2017-08-21T11:20:08+08:00 ] ::1 /Thinkphp_meddle/b2b2c/Admin/Product/datadel.html
INFO: [ app_begin ] --START--
INFO: Run Behavior\ReadHtmlCacheBehavior [ RunTime:0.001000s ]
INFO: [ app_begin ] --END-- [ RunTime:0.003001s ]
NOTIC: [2048] Declaration of Common\Model\AdminNavModel::getTreeData() should be compatible with Common\Model\BaseModel::getTreeData($type = 'tree', $order = '', $name = 'name', $child = 'id', $parent = 'pid') D:\webserver\wamp64\www\Thinkphp_meddle\b2b2c\Application\Admin\Model\AdminNavModel.class.php 第 14 行.
SQL: SHOW COLUMNS FROM `h_admin_nav` [ RunTime:0.0650s ]
SQL: SELECT * FROM `h_admin_nav` WHERE ( pc_level=1 )  [ RunTime:0.0010s ]
SQL: SELECT * FROM `h_admin_nav` WHERE ( pc_level=2 )  [ RunTime:0.0010s ]
SQL: SHOW COLUMNS FROM `h_product` [ RunTime:0.0010s ]
ERR: 1292:Truncated incorrect DOUBLE value: '7,14'
 [ SQL语句 ] : DELETE FROM `h_product` WHERE ( p_id in('7,14') )
ERR: 1292:Truncated incorrect DOUBLE value: '7,14'
 [ SQL语句 ] : DELETE FROM `h_product` WHERE ( p_id in('7,14') )

[ 2017-08-21T11:25:47+08:00 ] ::1 /Thinkphp_meddle/b2b2c/Admin/Product/datadel.html
INFO: [ app_begin ] --START--
INFO: Run Behavior\ReadHtmlCacheBehavior [ RunTime:0.003000s ]
INFO: [ app_begin ] --END-- [ RunTime:0.005000s ]
NOTIC: [2048] Declaration of Common\Model\AdminNavModel::getTreeData() should be compatible with Common\Model\BaseModel::getTreeData($type = 'tree', $order = '', $name = 'name', $child = 'id', $parent = 'pid') D:\webserver\wamp64\www\Thinkphp_meddle\b2b2c\Application\Admin\Model\AdminNavModel.class.php 第 14 行.
SQL: SHOW COLUMNS FROM `h_admin_nav` [ RunTime:0.0270s ]
SQL: SELECT * FROM `h_admin_nav` WHERE ( pc_level=1 )  [ RunTime:0.0010s ]
SQL: SELECT * FROM `h_admin_nav` WHERE ( pc_level=2 )  [ RunTime:0.0010s ]
SQL: SHOW COLUMNS FROM `h_product` [ RunTime:0.0020s ]
SQL: DELETE FROM `h_product` WHERE ( p_id in('') ) [ RunTime:0.0010s ]
INFO: [ app_end ] --START--
INFO: Run Behavior\ShowPageTraceBehavior [ RunTime:0.002000s ]
INFO: [ app_end ] --END-- [ RunTime:0.002000s ]

[ 2017-08-21T11:26:01+08:00 ] ::1 /Thinkphp_meddle/b2b2c/Admin/Product/datadel.html
INFO: [ app_begin ] --START--
INFO: Run Behavior\ReadHtmlCacheBehavior [ RunTime:0.001000s ]
INFO: [ app_begin ] --END-- [ RunTime:0.002000s ]
NOTIC: [2048] Declaration of Common\Model\AdminNavModel::getTreeData() should be compatible with Common\Model\BaseModel::getTreeData($type = 'tree', $order = '', $name = 'name', $child = 'id', $parent = 'pid') D:\webserver\wamp64\www\Thinkphp_meddle\b2b2c\Application\Admin\Model\AdminNavModel.class.php 第 14 行.
SQL: SHOW COLUMNS FROM `h_admin_nav` [ RunTime:0.0760s ]
SQL: SELECT * FROM `h_admin_nav` WHERE ( pc_level=1 )  [ RunTime:0.0010s ]
SQL: SELECT * FROM `h_admin_nav` WHERE ( pc_level=2 )  [ RunTime:0.0010s ]
SQL: SHOW COLUMNS FROM `h_product` [ RunTime:0.0020s ]
ERR: 1292:Truncated incorrect DOUBLE value: '7,14'
 [ SQL语句 ] : DELETE FROM `h_product` WHERE ( p_id in('7,14') )
ERR: 1292:Truncated incorrect DOUBLE value: '7,14'
 [ SQL语句 ] : DELETE FROM `h_product` WHERE ( p_id in('7,14') )

[ 2017-08-21T13:04:34+08:00 ] ::1 /Thinkphp_meddle/b2b2c/Admin/Product/addr_change.html
INFO: [ app_begin ] --START--
INFO: Run Behavior\ReadHtmlCacheBehavior [ RunTime:0.001000s ]
INFO: [ app_begin ] --END-- [ RunTime:0.002000s ]
NOTIC: [2048] Declaration of Common\Model\AdminNavModel::getTreeData() should be compatible with Common\Model\BaseModel::getTreeData($type = 'tree', $order = '', $name = 'name', $child = 'id', $parent = 'pid') D:\webserver\wamp64\www\Thinkphp_meddle\b2b2c\Application\Admin\Model\AdminNavModel.class.php 第 14 行.
SQL: SHOW COLUMNS FROM `h_admin_nav` [ RunTime:0.0360s ]
SQL: SELECT * FROM `h_admin_nav` WHERE ( pc_level=1 )  [ RunTime:0.0120s ]
SQL: SELECT * FROM `h_admin_nav` WHERE ( pc_level=2 )  [ RunTime:0.0010s ]
SQL: SHOW COLUMNS FROM `h_area` [ RunTime:0.1210s ]
SQL: SELECT * FROM `h_area` WHERE ( fid='1' )  [ RunTime:0.1820s ]

[ 2017-08-21T13:04:38+08:00 ] ::1 /Thinkphp_meddle/b2b2c/Admin/Product/addr_change.html
INFO: [ app_begin ] --START--
INFO: Run Behavior\ReadHtmlCacheBehavior [ RunTime:0.003000s ]
INFO: [ app_begin ] --END-- [ RunTime:0.005000s ]
NOTIC: [2048] Declaration of Common\Model\AdminNavModel::getTreeData() should be compatible with Common\Model\BaseModel::getTreeData($type = 'tree', $order = '', $name = 'name', $child = 'id', $parent = 'pid') D:\webserver\wamp64\www\Thinkphp_meddle\b2b2c\Application\Admin\Model\AdminNavModel.class.php 第 14 行.
SQL: SHOW COLUMNS FROM `h_admin_nav` [ RunTime:0.0290s ]
SQL: SELECT * FROM `h_admin_nav` WHERE ( pc_level=1 )  [ RunTime:0.0020s ]
SQL: SELECT * FROM `h_admin_nav` WHERE ( pc_level=2 )  [ RunTime:0.0090s ]
SQL: SHOW COLUMNS FROM `h_area` [ RunTime:0.0040s ]
SQL: SELECT * FROM `h_area` WHERE ( fid='1' )  [ RunTime:0.0080s ]

[ 2017-08-21T13:04:43+08:00 ] ::1 /Thinkphp_meddle/b2b2c/Admin/Product/addr_change.html
INFO: [ app_begin ] --START--
INFO: Run Behavior\ReadHtmlCacheBehavior [ RunTime:0.002001s ]
INFO: [ app_begin ] --END-- [ RunTime:0.003001s ]
NOTIC: [2048] Declaration of Common\Model\AdminNavModel::getTreeData() should be compatible with Common\Model\BaseModel::getTreeData($type = 'tree', $order = '', $name = 'name', $child = 'id', $parent = 'pid') D:\webserver\wamp64\www\Thinkphp_meddle\b2b2c\Application\Admin\Model\AdminNavModel.class.php 第 14 行.
SQL: SHOW COLUMNS FROM `h_admin_nav` [ RunTime:0.0150s ]
SQL: SELECT * FROM `h_admin_nav` WHERE ( pc_level=1 )  [ RunTime:0.0010s ]
SQL: SELECT * FROM `h_admin_nav` WHERE ( pc_level=2 )  [ RunTime:0.0020s ]
SQL: SHOW COLUMNS FROM `h_area` [ RunTime:0.0160s ]
SQL: SELECT * FROM `h_area` WHERE ( fid='1' )  [ RunTime:0.0180s ]

[ 2017-08-21T13:04:50+08:00 ] ::1 /Thinkphp_meddle/b2b2c/Admin/Product/addr_change.html
INFO: [ app_begin ] --START--
INFO: Run Behavior\ReadHtmlCacheBehavior [ RunTime:0.001000s ]
INFO: [ app_begin ] --END-- [ RunTime:0.004001s ]
NOTIC: [2048] Declaration of Common\Model\AdminNavModel::getTreeData() should be compatible with Common\Model\BaseModel::getTreeData($type = 'tree', $order = '', $name = 'name', $child = 'id', $parent = 'pid') D:\webserver\wamp64\www\Thinkphp_meddle\b2b2c\Application\Admin\Model\AdminNavModel.class.php 第 14 行.
SQL: SHOW COLUMNS FROM `h_admin_nav` [ RunTime:0.0220s ]
SQL: SELECT * FROM `h_admin_nav` WHERE ( pc_level=1 )  [ RunTime:0.0010s ]
SQL: SELECT * FROM `h_admin_nav` WHERE ( pc_level=2 )  [ RunTime:0.0000s ]
SQL: SHOW COLUMNS FROM `h_area` [ RunTime:0.0410s ]
SQL: SELECT * FROM `h_area` WHERE ( fid='1' )  [ RunTime:0.0050s ]

[ 2017-08-21T13:21:39+08:00 ] ::1 /Thinkphp_meddle/b2b2c/Admin/public/login.html
INFO: [ app_begin ] --START--
INFO: Run Behavior\ReadHtmlCacheBehavior [ RunTime:0.001000s ]
INFO: [ app_begin ] --END-- [ RunTime:0.003000s ]

[ 2017-08-21T13:21:50+08:00 ] ::1 /Thinkphp_meddle/b2b2c/Admin/public/login.html
INFO: [ app_begin ] --START--
INFO: Run Behavior\ReadHtmlCacheBehavior [ RunTime:0.001000s ]
INFO: [ app_begin ] --END-- [ RunTime:0.003000s ]
SQL: SHOW COLUMNS FROM `h_admin` [ RunTime:0.0320s ]
SQL: SELECT * FROM `h_admin` WHERE ( admin_name='admin' )  [ RunTime:0.1200s ]
SQL: UPDATE `h_admin` SET `admin_id`='1',`admin_name`='admin',`admin_password`='21232f297a57a5a743894a0e4a801fc3',`status`='1',`last_login_ip`='0.0.0.0',`last_login_time`='2017',`email`=NULL,`phone`='13952876486',`register_time`='1502362446',`supadmin`='1' WHERE ( admin_name='admin' ) [ RunTime:0.1040s ]

[ 2017-08-21T17:09:54+08:00 ] ::1 /Thinkphp_meddle/b2b2c/Admin/public/login.html
INFO: [ app_begin ] --START--
INFO: Run Behavior\ReadHtmlCacheBehavior [ RunTime:0.002000s ]
INFO: [ app_begin ] --END-- [ RunTime:0.005001s ]
SQL: SHOW COLUMNS FROM `h_admin` [ RunTime:0.0720s ]
SQL: SELECT * FROM `h_admin` WHERE ( admin_name='admin' )  [ RunTime:0.1240s ]
SQL: UPDATE `h_admin` SET `admin_id`='1',`admin_name`='admin',`admin_password`='21232f297a57a5a743894a0e4a801fc3',`status`='1',`last_login_ip`='0.0.0.0',`last_login_time`='2017',`email`=NULL,`phone`='13952876486',`register_time`='1502362446',`supadmin`='1' WHERE ( admin_name='admin' ) [ RunTime:0.1330s ]

[ 2017-08-21T19:32:28+08:00 ] ::1 /Thinkphp_meddle/b2b2c/Admin/public/login.html
INFO: [ app_begin ] --START--
INFO: Run Behavior\ReadHtmlCacheBehavior [ RunTime:0.005000s ]
INFO: [ app_begin ] --END-- [ RunTime:0.006000s ]
SQL: SHOW COLUMNS FROM `h_admin` [ RunTime:0.0650s ]
SQL: SELECT * FROM `h_admin` WHERE ( admin_name='biubiubiubiu' )  [ RunTime:0.0010s ]
SQL: UPDATE `h_admin` SET `admin_id`='2',`admin_name`='biubiubiubiu',`admin_password`='4deff9159dbe3005a4abb3acf1164f05',`status`='1',`last_login_ip`='0.0.0.0',`last_login_time`='2017',`email`=NULL,`phone`='17551106486',`register_time`='1502362446',`supadmin`='0' WHERE ( admin_name='biubiubiubiu' ) [ RunTime:0.0210s ]

[ 2017-08-21T19:33:40+08:00 ] ::1 /Thinkphp_meddle/b2b2c/Admin/Product/addr_change.html
INFO: [ app_begin ] --START--
INFO: Run Behavior\ReadHtmlCacheBehavior [ RunTime:0.003000s ]
INFO: [ app_begin ] --END-- [ RunTime:0.005000s ]
SQL: select * from h_auth_group_access aga inner join h_auth_group ag on ag.gid=aga.group_id where aga.uid='2' [ RunTime:0.0330s ]
SQL: SHOW COLUMNS FROM `h_auth_rule` [ RunTime:0.0020s ]
SQL: SELECT * FROM `h_auth_rule` WHERE ( name='Admin/Product/addr_change' ) LIMIT 1   [ RunTime:0.0130s ]

[ 2017-08-21T19:33:54+08:00 ] ::1 /Thinkphp_meddle/b2b2c/Admin/Product/addr_change.html
INFO: [ app_begin ] --START--
INFO: Run Behavior\ReadHtmlCacheBehavior [ RunTime:0.001000s ]
INFO: [ app_begin ] --END-- [ RunTime:0.002000s ]
SQL: select * from h_auth_group_access aga inner join h_auth_group ag on ag.gid=aga.group_id where aga.uid='2' [ RunTime:0.0400s ]
SQL: SHOW COLUMNS FROM `h_auth_rule` [ RunTime:0.0010s ]
SQL: SELECT * FROM `h_auth_rule` WHERE ( name='Admin/Product/addr_change' ) LIMIT 1   [ RunTime:0.0010s ]

[ 2017-08-21T19:33:55+08:00 ] ::1 /Thinkphp_meddle/b2b2c/Admin/Product/addr_change.html
INFO: [ app_begin ] --START--
INFO: Run Behavior\ReadHtmlCacheBehavior [ RunTime:0.001000s ]
INFO: [ app_begin ] --END-- [ RunTime:0.002001s ]
SQL: select * from h_auth_group_access aga inner join h_auth_group ag on ag.gid=aga.group_id where aga.uid='2' [ RunTime:0.0090s ]
SQL: SHOW COLUMNS FROM `h_auth_rule` [ RunTime:0.0010s ]
SQL: SELECT * FROM `h_auth_rule` WHERE ( name='Admin/Product/addr_change' ) LIMIT 1   [ RunTime:0.0010s ]

[ 2017-08-21T19:33:56+08:00 ] ::1 /Thinkphp_meddle/b2b2c/Admin/Product/addr_change.html
INFO: [ app_begin ] --START--
INFO: Run Behavior\ReadHtmlCacheBehavior [ RunTime:0.001000s ]
INFO: [ app_begin ] --END-- [ RunTime:0.003000s ]
SQL: select * from h_auth_group_access aga inner join h_auth_group ag on ag.gid=aga.group_id where aga.uid='2' [ RunTime:0.0160s ]
SQL: SHOW COLUMNS FROM `h_auth_rule` [ RunTime:0.0010s ]
SQL: SELECT * FROM `h_auth_rule` WHERE ( name='Admin/Product/addr_change' ) LIMIT 1   [ RunTime:0.0010s ]

[ 2017-08-21T19:33:57+08:00 ] ::1 /Thinkphp_meddle/b2b2c/Admin/Product/addr_change.html
INFO: [ app_begin ] --START--
INFO: Run Behavior\ReadHtmlCacheBehavior [ RunTime:0.001000s ]
INFO: [ app_begin ] --END-- [ RunTime:0.003001s ]
SQL: select * from h_auth_group_access aga inner join h_auth_group ag on ag.gid=aga.group_id where aga.uid='2' [ RunTime:0.0010s ]
SQL: SHOW COLUMNS FROM `h_auth_rule` [ RunTime:0.0010s ]
SQL: SELECT * FROM `h_auth_rule` WHERE ( name='Admin/Product/addr_change' ) LIMIT 1   [ RunTime:0.0000s ]

[ 2017-08-21T19:33:58+08:00 ] ::1 /Thinkphp_meddle/b2b2c/Admin/Product/addr_change.html
INFO: [ app_begin ] --START--
INFO: Run Behavior\ReadHtmlCacheBehavior [ RunTime:0.001001s ]
INFO: [ app_begin ] --END-- [ RunTime:0.002001s ]
SQL: select * from h_auth_group_access aga inner join h_auth_group ag on ag.gid=aga.group_id where aga.uid='2' [ RunTime:0.0020s ]
SQL: SHOW COLUMNS FROM `h_auth_rule` [ RunTime:0.0020s ]
SQL: SELECT * FROM `h_auth_rule` WHERE ( name='Admin/Product/addr_change' ) LIMIT 1   [ RunTime:0.0010s ]

[ 2017-08-21T19:33:58+08:00 ] ::1 /Thinkphp_meddle/b2b2c/Admin/Product/addr_change.html
INFO: [ app_begin ] --START--
INFO: Run Behavior\ReadHtmlCacheBehavior [ RunTime:0.002000s ]
INFO: [ app_begin ] --END-- [ RunTime:0.002000s ]
SQL: select * from h_auth_group_access aga inner join h_auth_group ag on ag.gid=aga.group_id where aga.uid='2' [ RunTime:0.0100s ]
SQL: SHOW COLUMNS FROM `h_auth_rule` [ RunTime:0.0010s ]
SQL: SELECT * FROM `h_auth_rule` WHERE ( name='Admin/Product/addr_change' ) LIMIT 1   [ RunTime:0.0010s ]

[ 2017-08-21T19:34:01+08:00 ] ::1 /Thinkphp_meddle/b2b2c/Admin/Product/addr_change.html
INFO: [ app_begin ] --START--
INFO: Run Behavior\ReadHtmlCacheBehavior [ RunTime:0.001000s ]
INFO: [ app_begin ] --END-- [ RunTime:0.002000s ]
SQL: select * from h_auth_group_access aga inner join h_auth_group ag on ag.gid=aga.group_id where aga.uid='2' [ RunTime:0.0400s ]
SQL: SHOW COLUMNS FROM `h_auth_rule` [ RunTime:0.0020s ]
SQL: SELECT * FROM `h_auth_rule` WHERE ( name='Admin/Product/addr_change' ) LIMIT 1   [ RunTime:0.0010s ]

[ 2017-08-21T19:34:01+08:00 ] ::1 /Thinkphp_meddle/b2b2c/Admin/Product/addr_change.html
INFO: [ app_begin ] --START--
INFO: Run Behavior\ReadHtmlCacheBehavior [ RunTime:0.002000s ]
INFO: [ app_begin ] --END-- [ RunTime:0.002000s ]
SQL: select * from h_auth_group_access aga inner join h_auth_group ag on ag.gid=aga.group_id where aga.uid='2' [ RunTime:0.0160s ]
SQL: SHOW COLUMNS FROM `h_auth_rule` [ RunTime:0.0020s ]
SQL: SELECT * FROM `h_auth_rule` WHERE ( name='Admin/Product/addr_change' ) LIMIT 1   [ RunTime:0.0010s ]

[ 2017-08-21T19:34:03+08:00 ] ::1 /Thinkphp_meddle/b2b2c/Admin/Product/addr_change.html
INFO: [ app_begin ] --START--
INFO: Run Behavior\ReadHtmlCacheBehavior [ RunTime:0.001000s ]
INFO: [ app_begin ] --END-- [ RunTime:0.002000s ]
SQL: select * from h_auth_group_access aga inner join h_auth_group ag on ag.gid=aga.group_id where aga.uid='2' [ RunTime:0.0010s ]
SQL: SHOW COLUMNS FROM `h_auth_rule` [ RunTime:0.0020s ]
SQL: SELECT * FROM `h_auth_rule` WHERE ( name='Admin/Product/addr_change' ) LIMIT 1   [ RunTime:0.0000s ]

[ 2017-08-21T19:34:03+08:00 ] ::1 /Thinkphp_meddle/b2b2c/Admin/Product/addr_change.html
INFO: [ app_begin ] --START--
INFO: Run Behavior\ReadHtmlCacheBehavior [ RunTime:0.001000s ]
INFO: [ app_begin ] --END-- [ RunTime:0.002000s ]
SQL: select * from h_auth_group_access aga inner join h_auth_group ag on ag.gid=aga.group_id where aga.uid='2' [ RunTime:0.0240s ]
SQL: SHOW COLUMNS FROM `h_auth_rule` [ RunTime:0.0020s ]
SQL: SELECT * FROM `h_auth_rule` WHERE ( name='Admin/Product/addr_change' ) LIMIT 1   [ RunTime:0.0010s ]

[ 2017-08-21T19:46:23+08:00 ] ::1 /Thinkphp_meddle/b2b2c/Admin/Product/addr_change.html
INFO: [ app_begin ] --START--
INFO: Run Behavior\ReadHtmlCacheBehavior [ RunTime:0.001000s ]
INFO: [ app_begin ] --END-- [ RunTime:0.003000s ]
SQL: select * from h_auth_group_access aga inner join h_auth_group ag on ag.gid=aga.group_id where aga.uid='2' [ RunTime:0.0000s ]
SQL: SHOW COLUMNS FROM `h_auth_rule` [ RunTime:0.0010s ]
SQL: SELECT * FROM `h_auth_rule` WHERE ( name='Admin/Product/addr_change' ) LIMIT 1   [ RunTime:0.0010s ]

[ 2017-08-21T19:46:29+08:00 ] ::1 /Thinkphp_meddle/b2b2c/Admin/Product/addr_change.html
INFO: [ app_begin ] --START--
INFO: Run Behavior\ReadHtmlCacheBehavior [ RunTime:0.002000s ]
INFO: [ app_begin ] --END-- [ RunTime:0.004000s ]
SQL: select * from h_auth_group_access aga inner join h_auth_group ag on ag.gid=aga.group_id where aga.uid='2' [ RunTime:0.0000s ]
SQL: SHOW COLUMNS FROM `h_auth_rule` [ RunTime:0.0010s ]
SQL: SELECT * FROM `h_auth_rule` WHERE ( name='Admin/Product/addr_change' ) LIMIT 1   [ RunTime:0.0010s ]

[ 2017-08-21T19:46:29+08:00 ] ::1 /Thinkphp_meddle/b2b2c/Admin/Product/addr_change.html
INFO: [ app_begin ] --START--
INFO: Run Behavior\ReadHtmlCacheBehavior [ RunTime:0.002000s ]
INFO: [ app_begin ] --END-- [ RunTime:0.002000s ]
SQL: select * from h_auth_group_access aga inner join h_auth_group ag on ag.gid=aga.group_id where aga.uid='2' [ RunTime:0.0010s ]
SQL: SHOW COLUMNS FROM `h_auth_rule` [ RunTime:0.0010s ]
SQL: SELECT * FROM `h_auth_rule` WHERE ( name='Admin/Product/addr_change' ) LIMIT 1   [ RunTime:0.0010s ]

[ 2017-08-21T19:46:30+08:00 ] ::1 /Thinkphp_meddle/b2b2c/Admin/Product/addr_change.html
INFO: [ app_begin ] --START--
INFO: Run Behavior\ReadHtmlCacheBehavior [ RunTime:0.001000s ]
INFO: [ app_begin ] --END-- [ RunTime:0.003000s ]
SQL: select * from h_auth_group_access aga inner join h_auth_group ag on ag.gid=aga.group_id where aga.uid='2' [ RunTime:0.0010s ]
SQL: SHOW COLUMNS FROM `h_auth_rule` [ RunTime:0.0010s ]
SQL: SELECT * FROM `h_auth_rule` WHERE ( name='Admin/Product/addr_change' ) LIMIT 1   [ RunTime:0.0010s ]

[ 2017-08-21T19:46:31+08:00 ] ::1 /Thinkphp_meddle/b2b2c/Admin/Product/addr_change.html
INFO: [ app_begin ] --START--
INFO: Run Behavior\ReadHtmlCacheBehavior [ RunTime:0.001000s ]
INFO: [ app_begin ] --END-- [ RunTime:0.002000s ]
SQL: select * from h_auth_group_access aga inner join h_auth_group ag on ag.gid=aga.group_id where aga.uid='2' [ RunTime:0.0000s ]
SQL: SHOW COLUMNS FROM `h_auth_rule` [ RunTime:0.0020s ]
SQL: SELECT * FROM `h_auth_rule` WHERE ( name='Admin/Product/addr_change' ) LIMIT 1   [ RunTime:0.0010s ]

[ 2017-08-21T19:47:10+08:00 ] ::1 /Thinkphp_meddle/b2b2c/Admin/Product/addr_change.html
INFO: [ app_begin ] --START--
INFO: Run Behavior\ReadHtmlCacheBehavior [ RunTime:0.002000s ]
INFO: [ app_begin ] --END-- [ RunTime:0.004000s ]
SQL: select * from h_auth_group_access aga inner join h_auth_group ag on ag.gid=aga.group_id where aga.uid='2' [ RunTime:0.0010s ]
SQL: SHOW COLUMNS FROM `h_auth_rule` [ RunTime:0.0020s ]
SQL: SELECT * FROM `h_auth_rule` WHERE ( name='Admin/Product/addr_change' ) LIMIT 1   [ RunTime:0.0010s ]

[ 2017-08-21T19:47:23+08:00 ] ::1 /Thinkphp_meddle/b2b2c/Admin/Product/addr_change.html
INFO: [ app_begin ] --START--
INFO: Run Behavior\ReadHtmlCacheBehavior [ RunTime:0.002000s ]
INFO: [ app_begin ] --END-- [ RunTime:0.003000s ]
SQL: select * from h_auth_group_access aga inner join h_auth_group ag on ag.gid=aga.group_id where aga.uid='2' [ RunTime:0.0010s ]
SQL: SHOW COLUMNS FROM `h_auth_rule` [ RunTime:0.0020s ]
SQL: SELECT * FROM `h_auth_rule` WHERE ( name='Admin/Product/addr_change' ) LIMIT 1   [ RunTime:0.0020s ]

[ 2017-08-21T19:51:16+08:00 ] ::1 /Thinkphp_meddle/b2b2c/Admin/public/login.html
INFO: [ app_begin ] --START--
INFO: Run Behavior\ReadHtmlCacheBehavior [ RunTime:0.001000s ]
INFO: [ app_begin ] --END-- [ RunTime:0.002000s ]
SQL: SHOW COLUMNS FROM `h_admin` [ RunTime:0.0010s ]
SQL: SELECT * FROM `h_admin` WHERE ( admin_name='admin' )  [ RunTime:0.0010s ]
SQL: UPDATE `h_admin` SET `admin_id`='1',`admin_name`='admin',`admin_password`='21232f297a57a5a743894a0e4a801fc3',`status`='1',`last_login_ip`='0.0.0.0',`last_login_time`='2017',`email`=NULL,`phone`='13952876486',`register_time`='1502362446',`supadmin`='1' WHERE ( admin_name='admin' ) [ RunTime:0.0280s ]

[ 2017-08-21T19:51:56+08:00 ] ::1 /Thinkphp_meddle/b2b2c/Admin/public/login.html
INFO: [ app_begin ] --START--
INFO: Run Behavior\ReadHtmlCacheBehavior [ RunTime:0.001000s ]
INFO: [ app_begin ] --END-- [ RunTime:0.003001s ]
SQL: SHOW COLUMNS FROM `h_admin` [ RunTime:0.0010s ]
SQL: SELECT * FROM `h_admin` WHERE ( admin_name='biubiubiubiu' )  [ RunTime:0.0010s ]
SQL: UPDATE `h_admin` SET `admin_id`='2',`admin_name`='biubiubiubiu',`admin_password`='4deff9159dbe3005a4abb3acf1164f05',`status`='1',`last_login_ip`='0.0.0.0',`last_login_time`='2017',`email`=NULL,`phone`='17551106486',`register_time`='1502362446',`supadmin`='0' WHERE ( admin_name='biubiubiubiu' ) [ RunTime:0.0170s ]

[ 2017-08-21T19:52:03+08:00 ] ::1 /Thinkphp_meddle/b2b2c/Admin/Product/addr_change.html
INFO: [ app_begin ] --START--
INFO: Run Behavior\ReadHtmlCacheBehavior [ RunTime:0.001000s ]
INFO: [ app_begin ] --END-- [ RunTime:0.003000s ]
SQL: select * from h_auth_group_access aga inner join h_auth_group ag on ag.gid=aga.group_id where aga.uid='2' [ RunTime:0.0010s ]
SQL: SHOW COLUMNS FROM `h_auth_rule` [ RunTime:0.0020s ]
SQL: SELECT * FROM `h_auth_rule` WHERE ( name='Admin/Product/addr_change' ) LIMIT 1   [ RunTime:0.0000s ]
NOTIC: [2048] Declaration of Common\Model\AdminNavModel::getTreeData() should be compatible with Common\Model\BaseModel::getTreeData($type = 'tree', $order = '', $name = 'name', $child = 'id', $parent = 'pid') D:\webserver\wamp64\www\Thinkphp_meddle\b2b2c\Application\Admin\Model\AdminNavModel.class.php 第 14 行.
SQL: SHOW COLUMNS FROM `h_admin_nav` [ RunTime:0.0010s ]
SQL: SELECT * FROM `h_admin_nav` WHERE ( pc_level=1 )  [ RunTime:0.0010s ]
SQL: SELECT * FROM `h_admin_nav` WHERE ( pc_level=2 )  [ RunTime:0.0010s ]
SQL: SHOW COLUMNS FROM `h_area` [ RunTime:0.1000s ]
SQL: SELECT * FROM `h_area` WHERE ( fid='1' )  [ RunTime:0.2720s ]

[ 2017-08-21T19:52:05+08:00 ] ::1 /Thinkphp_meddle/b2b2c/Admin/Product/addr_change.html
INFO: [ app_begin ] --START--
INFO: Run Behavior\ReadHtmlCacheBehavior [ RunTime:0.002000s ]
INFO: [ app_begin ] --END-- [ RunTime:0.003000s ]
SQL: select * from h_auth_group_access aga inner join h_auth_group ag on ag.gid=aga.group_id where aga.uid='2' [ RunTime:0.0010s ]
SQL: SHOW COLUMNS FROM `h_auth_rule` [ RunTime:0.0010s ]
SQL: SELECT * FROM `h_auth_rule` WHERE ( name='Admin/Product/addr_change' ) LIMIT 1   [ RunTime:0.0010s ]
NOTIC: [2048] Declaration of Common\Model\AdminNavModel::getTreeData() should be compatible with Common\Model\BaseModel::getTreeData($type = 'tree', $order = '', $name = 'name', $child = 'id', $parent = 'pid') D:\webserver\wamp64\www\Thinkphp_meddle\b2b2c\Application\Admin\Model\AdminNavModel.class.php 第 14 行.
SQL: SHOW COLUMNS FROM `h_admin_nav` [ RunTime:0.0020s ]
SQL: SELECT * FROM `h_admin_nav` WHERE ( pc_level=1 )  [ RunTime:0.0010s ]
SQL: SELECT * FROM `h_admin_nav` WHERE ( pc_level=2 )  [ RunTime:0.0010s ]
SQL: SHOW COLUMNS FROM `h_area` [ RunTime:0.0350s ]
SQL: SELECT * FROM `h_area` WHERE ( fid='3' )  [ RunTime:0.0040s ]

[ 2017-08-21T19:52:05+08:00 ] ::1 /Thinkphp_meddle/b2b2c/Admin/Product/addr_change.html
INFO: [ app_begin ] --START--
INFO: Run Behavior\ReadHtmlCacheBehavior [ RunTime:0.001000s ]
INFO: [ app_begin ] --END-- [ RunTime:0.002001s ]
SQL: select * from h_auth_group_access aga inner join h_auth_group ag on ag.gid=aga.group_id where aga.uid='2' [ RunTime:0.0010s ]
SQL: SHOW COLUMNS FROM `h_auth_rule` [ RunTime:0.0010s ]
SQL: SELECT * FROM `h_auth_rule` WHERE ( name='Admin/Product/addr_change' ) LIMIT 1   [ RunTime:0.0000s ]
NOTIC: [2048] Declaration of Common\Model\AdminNavModel::getTreeData() should be compatible with Common\Model\BaseModel::getTreeData($type = 'tree', $order = '', $name = 'name', $child = 'id', $parent = 'pid') D:\webserver\wamp64\www\Thinkphp_meddle\b2b2c\Application\Admin\Model\AdminNavModel.class.php 第 14 行.
SQL: SHOW COLUMNS FROM `h_admin_nav` [ RunTime:0.0010s ]
SQL: SELECT * FROM `h_admin_nav` WHERE ( pc_level=1 )  [ RunTime:0.0010s ]
SQL: SELECT * FROM `h_admin_nav` WHERE ( pc_level=2 )  [ RunTime:0.0000s ]
SQL: SHOW COLUMNS FROM `h_area` [ RunTime:0.0090s ]
SQL: SELECT * FROM `h_area` WHERE ( fid='36' )  [ RunTime:0.0350s ]

[ 2017-08-21T19:52:08+08:00 ] ::1 /Thinkphp_meddle/b2b2c/Admin/Product/cate_change.html?id=3&_=1503316322843
INFO: [ app_begin ] --START--
INFO: Run Behavior\ReadHtmlCacheBehavior [ RunTime:0.002000s ]
INFO: [ app_begin ] --END-- [ RunTime:0.003000s ]
SQL: select * from h_auth_group_access aga inner join h_auth_group ag on ag.gid=aga.group_id where aga.uid='2' [ RunTime:0.0010s ]
SQL: SHOW COLUMNS FROM `h_auth_rule` [ RunTime:0.0010s ]
SQL: SELECT * FROM `h_auth_rule` WHERE ( name='Admin/Product/cate_change' ) LIMIT 1   [ RunTime:0.0000s ]

[ 2017-08-21T19:54:22+08:00 ] ::1 /Thinkphp_meddle/b2b2c/Admin/public/login.html
INFO: [ app_begin ] --START--
INFO: Run Behavior\ReadHtmlCacheBehavior [ RunTime:0.002000s ]
INFO: [ app_begin ] --END-- [ RunTime:0.004000s ]
SQL: SHOW COLUMNS FROM `h_admin` [ RunTime:0.0020s ]
SQL: SELECT * FROM `h_admin` WHERE ( admin_name='admin' )  [ RunTime:0.0010s ]
SQL: UPDATE `h_admin` SET `admin_id`='1',`admin_name`='admin',`admin_password`='21232f297a57a5a743894a0e4a801fc3',`status`='1',`last_login_ip`='0.0.0.0',`last_login_time`='2017',`email`=NULL,`phone`='13952876486',`register_time`='1502362446',`supadmin`='1' WHERE ( admin_name='admin' ) [ RunTime:0.0110s ]

[ 2017-08-21T19:54:57+08:00 ] ::1 /Thinkphp_meddle/b2b2c/Admin/public/login.html
INFO: [ app_begin ] --START--
INFO: Run Behavior\ReadHtmlCacheBehavior [ RunTime:0.002001s ]
INFO: [ app_begin ] --END-- [ RunTime:0.003001s ]
SQL: SHOW COLUMNS FROM `h_admin` [ RunTime:0.0020s ]
SQL: SELECT * FROM `h_admin` WHERE ( admin_name='biubiubiubiu' )  [ RunTime:0.0010s ]
SQL: UPDATE `h_admin` SET `admin_id`='2',`admin_name`='biubiubiubiu',`admin_password`='4deff9159dbe3005a4abb3acf1164f05',`status`='1',`last_login_ip`='0.0.0.0',`last_login_time`='2017',`email`=NULL,`phone`='17551106486',`register_time`='1502362446',`supadmin`='0' WHERE ( admin_name='biubiubiubiu' ) [ RunTime:0.0400s ]

[ 2017-08-21T19:55:03+08:00 ] ::1 /Thinkphp_meddle/b2b2c/Admin/Product/addr_change.html
INFO: [ app_begin ] --START--
INFO: Run Behavior\ReadHtmlCacheBehavior [ RunTime:0.002001s ]
INFO: [ app_begin ] --END-- [ RunTime:0.004001s ]
SQL: select * from h_auth_group_access aga inner join h_auth_group ag on ag.gid=aga.group_id where aga.uid='2' [ RunTime:0.0010s ]
SQL: SHOW COLUMNS FROM `h_auth_rule` [ RunTime:0.0020s ]
SQL: SELECT * FROM `h_auth_rule` WHERE ( name='Admin/Product/addr_change' ) LIMIT 1   [ RunTime:0.0000s ]
NOTIC: [2048] Declaration of Common\Model\AdminNavModel::getTreeData() should be compatible with Common\Model\BaseModel::getTreeData($type = 'tree', $order = '', $name = 'name', $child = 'id', $parent = 'pid') D:\webserver\wamp64\www\Thinkphp_meddle\b2b2c\Application\Admin\Model\AdminNavModel.class.php 第 14 行.
SQL: SHOW COLUMNS FROM `h_admin_nav` [ RunTime:0.0020s ]
SQL: SELECT * FROM `h_admin_nav` WHERE ( pc_level=1 )  [ RunTime:0.0010s ]
SQL: SELECT * FROM `h_admin_nav` WHERE ( pc_level=2 )  [ RunTime:0.0000s ]
SQL: SHOW COLUMNS FROM `h_area` [ RunTime:0.0010s ]
SQL: SELECT * FROM `h_area` WHERE ( fid='1' )  [ RunTime:0.0060s ]

[ 2017-08-21T19:55:05+08:00 ] ::1 /Thinkphp_meddle/b2b2c/Admin/Product/addr_change.html
INFO: [ app_begin ] --START--
INFO: Run Behavior\ReadHtmlCacheBehavior [ RunTime:0.001000s ]
INFO: [ app_begin ] --END-- [ RunTime:0.004001s ]
SQL: select * from h_auth_group_access aga inner join h_auth_group ag on ag.gid=aga.group_id where aga.uid='2' [ RunTime:0.0010s ]
SQL: SHOW COLUMNS FROM `h_auth_rule` [ RunTime:0.0010s ]
SQL: SELECT * FROM `h_auth_rule` WHERE ( name='Admin/Product/addr_change' ) LIMIT 1   [ RunTime:0.0010s ]
NOTIC: [2048] Declaration of Common\Model\AdminNavModel::getTreeData() should be compatible with Common\Model\BaseModel::getTreeData($type = 'tree', $order = '', $name = 'name', $child = 'id', $parent = 'pid') D:\webserver\wamp64\www\Thinkphp_meddle\b2b2c\Application\Admin\Model\AdminNavModel.class.php 第 14 行.
SQL: SHOW COLUMNS FROM `h_admin_nav` [ RunTime:0.0040s ]
SQL: SELECT * FROM `h_admin_nav` WHERE ( pc_level=1 )  [ RunTime:0.0010s ]
SQL: SELECT * FROM `h_admin_nav` WHERE ( pc_level=2 )  [ RunTime:0.0010s ]
SQL: SHOW COLUMNS FROM `h_area` [ RunTime:0.0050s ]
SQL: SELECT * FROM `h_area` WHERE ( fid='2' )  [ RunTime:0.0050s ]

[ 2017-08-21T19:55:05+08:00 ] ::1 /Thinkphp_meddle/b2b2c/Admin/Product/addr_change.html
INFO: [ app_begin ] --START--
INFO: Run Behavior\ReadHtmlCacheBehavior [ RunTime:0.001000s ]
INFO: [ app_begin ] --END-- [ RunTime:0.004000s ]
SQL: select * from h_auth_group_access aga inner join h_auth_group ag on ag.gid=aga.group_id where aga.uid='2' [ RunTime:0.0140s ]
SQL: SHOW COLUMNS FROM `h_auth_rule` [ RunTime:0.0020s ]
SQL: SELECT * FROM `h_auth_rule` WHERE ( name='Admin/Product/addr_change' ) LIMIT 1   [ RunTime:0.0020s ]
NOTIC: [2048] Declaration of Common\Model\AdminNavModel::getTreeData() should be compatible with Common\Model\BaseModel::getTreeData($type = 'tree', $order = '', $name = 'name', $child = 'id', $parent = 'pid') D:\webserver\wamp64\www\Thinkphp_meddle\b2b2c\Application\Admin\Model\AdminNavModel.class.php 第 14 行.
SQL: SHOW COLUMNS FROM `h_admin_nav` [ RunTime:0.0010s ]
SQL: SELECT * FROM `h_admin_nav` WHERE ( pc_level=1 )  [ RunTime:0.0010s ]
SQL: SELECT * FROM `h_admin_nav` WHERE ( pc_level=2 )  [ RunTime:0.0010s ]
SQL: SHOW COLUMNS FROM `h_area` [ RunTime:0.0320s ]
SQL: SELECT * FROM `h_area` WHERE ( fid='52' )  [ RunTime:0.0060s ]

[ 2017-08-21T19:55:09+08:00 ] ::1 /Thinkphp_meddle/b2b2c/Admin/Product/cate_change.html?id=2&_=1503316503684
INFO: [ app_begin ] --START--
INFO: Run Behavior\ReadHtmlCacheBehavior [ RunTime:0.002000s ]
INFO: [ app_begin ] --END-- [ RunTime:0.003000s ]
SQL: select * from h_auth_group_access aga inner join h_auth_group ag on ag.gid=aga.group_id where aga.uid='2' [ RunTime:0.0010s ]
SQL: SHOW COLUMNS FROM `h_auth_rule` [ RunTime:0.0010s ]
SQL: SELECT * FROM `h_auth_rule` WHERE ( name='Admin/Product/cate_change' ) LIMIT 1   [ RunTime:0.0010s ]
NOTIC: [2048] Declaration of Common\Model\AdminNavModel::getTreeData() should be compatible with Common\Model\BaseModel::getTreeData($type = 'tree', $order = '', $name = 'name', $child = 'id', $parent = 'pid') D:\webserver\wamp64\www\Thinkphp_meddle\b2b2c\Application\Admin\Model\AdminNavModel.class.php 第 14 行.
SQL: SHOW COLUMNS FROM `h_admin_nav` [ RunTime:0.0010s ]
SQL: SELECT * FROM `h_admin_nav` WHERE ( pc_level=1 )  [ RunTime:0.0010s ]
SQL: SELECT * FROM `h_admin_nav` WHERE ( pc_level=2 )  [ RunTime:0.0010s ]
NOTIC: [2048] Declaration of Common\Model\ProductCateModel::add() should be compatible with Think\Model::add($data = '', $options = Array, $replace = false) D:\webserver\wamp64\www\Thinkphp_meddle\b2b2c\Application\Admin\Model\ProductCateModel.class.php 第 34 行.
NOTIC: [2048] Declaration of Common\Model\ProductCateModel::save() should be compatible with Think\Model::save($data = '', $options = Array) D:\webserver\wamp64\www\Thinkphp_meddle\b2b2c\Application\Admin\Model\ProductCateModel.class.php 第 34 行.
NOTIC: [2048] Declaration of Common\Model\ProductCateModel::delete() should be compatible with Think\Model::delete($options = Array) D:\webserver\wamp64\www\Thinkphp_meddle\b2b2c\Application\Admin\Model\ProductCateModel.class.php 第 34 行.
SQL: SHOW COLUMNS FROM `h_product_cate` [ RunTime:0.0010s ]
SQL: SELECT * FROM `h_product_cate` WHERE (  pc_fid=2 )  [ RunTime:0.0010s ]

[ 2017-08-21T19:55:12+08:00 ] ::1 /Thinkphp_meddle/b2b2c/Admin/Product/cate_change.html?id=3&_=1503316503685
INFO: [ app_begin ] --START--
INFO: Run Behavior\ReadHtmlCacheBehavior [ RunTime:0.001000s ]
INFO: [ app_begin ] --END-- [ RunTime:0.003000s ]
SQL: select * from h_auth_group_access aga inner join h_auth_group ag on ag.gid=aga.group_id where aga.uid='2' [ RunTime:0.0010s ]
SQL: SHOW COLUMNS FROM `h_auth_rule` [ RunTime:0.0010s ]
SQL: SELECT * FROM `h_auth_rule` WHERE ( name='Admin/Product/cate_change' ) LIMIT 1   [ RunTime:0.0010s ]
NOTIC: [2048] Declaration of Common\Model\AdminNavModel::getTreeData() should be compatible with Common\Model\BaseModel::getTreeData($type = 'tree', $order = '', $name = 'name', $child = 'id', $parent = 'pid') D:\webserver\wamp64\www\Thinkphp_meddle\b2b2c\Application\Admin\Model\AdminNavModel.class.php 第 14 行.
SQL: SHOW COLUMNS FROM `h_admin_nav` [ RunTime:0.0020s ]
SQL: SELECT * FROM `h_admin_nav` WHERE ( pc_level=1 )  [ RunTime:0.0010s ]
SQL: SELECT * FROM `h_admin_nav` WHERE ( pc_level=2 )  [ RunTime:0.0010s ]
NOTIC: [2048] Declaration of Common\Model\ProductCateModel::add() should be compatible with Think\Model::add($data = '', $options = Array, $replace = false) D:\webserver\wamp64\www\Thinkphp_meddle\b2b2c\Application\Admin\Model\ProductCateModel.class.php 第 34 行.
NOTIC: [2048] Declaration of Common\Model\ProductCateModel::save() should be compatible with Think\Model::save($data = '', $options = Array) D:\webserver\wamp64\www\Thinkphp_meddle\b2b2c\Application\Admin\Model\ProductCateModel.class.php 第 34 行.
NOTIC: [2048] Declaration of Common\Model\ProductCateModel::delete() should be compatible with Think\Model::delete($options = Array) D:\webserver\wamp64\www\Thinkphp_meddle\b2b2c\Application\Admin\Model\ProductCateModel.class.php 第 34 行.
SQL: SHOW COLUMNS FROM `h_product_cate` [ RunTime:0.0400s ]
SQL: SELECT * FROM `h_product_cate` WHERE (  pc_fid=3 )  [ RunTime:0.0010s ]

[ 2017-08-21T19:59:28+08:00 ] ::1 /Thinkphp_meddle/b2b2c/Admin/Product/addr_change.html
INFO: [ app_begin ] --START--
INFO: Run Behavior\ReadHtmlCacheBehavior [ RunTime:0.002000s ]
INFO: [ app_begin ] --END-- [ RunTime:0.003000s ]
SQL: select * from h_auth_group_access aga inner join h_auth_group ag on ag.gid=aga.group_id where aga.uid='2' [ RunTime:0.0010s ]
SQL: SHOW COLUMNS FROM `h_auth_rule` [ RunTime:0.0020s ]
SQL: SELECT * FROM `h_auth_rule` WHERE ( name='Admin/Product/addr_change' ) LIMIT 1   [ RunTime:0.0000s ]
NOTIC: [2048] Declaration of Common\Model\AdminNavModel::getTreeData() should be compatible with Common\Model\BaseModel::getTreeData($type = 'tree', $order = '', $name = 'name', $child = 'id', $parent = 'pid') D:\webserver\wamp64\www\Thinkphp_meddle\b2b2c\Application\Admin\Model\AdminNavModel.class.php 第 14 行.
SQL: SHOW COLUMNS FROM `h_admin_nav` [ RunTime:0.0010s ]
SQL: SELECT * FROM `h_admin_nav` WHERE ( pc_level=1 )  [ RunTime:0.0220s ]
SQL: SELECT * FROM `h_admin_nav` WHERE ( pc_level=2 )  [ RunTime:0.0010s ]
SQL: SHOW COLUMNS FROM `h_area` [ RunTime:0.0240s ]
SQL: SELECT * FROM `h_area` WHERE ( fid='8' )  [ RunTime:0.0190s ]

[ 2017-08-21T19:59:28+08:00 ] ::1 /Thinkphp_meddle/b2b2c/Admin/Product/addr_change.html
INFO: [ app_begin ] --START--
INFO: Run Behavior\ReadHtmlCacheBehavior [ RunTime:0.001000s ]
INFO: [ app_begin ] --END-- [ RunTime:0.003000s ]
SQL: select * from h_auth_group_access aga inner join h_auth_group ag on ag.gid=aga.group_id where aga.uid='2' [ RunTime:0.0010s ]
SQL: SHOW COLUMNS FROM `h_auth_rule` [ RunTime:0.0010s ]
SQL: SELECT * FROM `h_auth_rule` WHERE ( name='Admin/Product/addr_change' ) LIMIT 1   [ RunTime:0.0010s ]
NOTIC: [2048] Declaration of Common\Model\AdminNavModel::getTreeData() should be compatible with Common\Model\BaseModel::getTreeData($type = 'tree', $order = '', $name = 'name', $child = 'id', $parent = 'pid') D:\webserver\wamp64\www\Thinkphp_meddle\b2b2c\Application\Admin\Model\AdminNavModel.class.php 第 14 行.
SQL: SHOW COLUMNS FROM `h_admin_nav` [ RunTime:0.0010s ]
SQL: SELECT * FROM `h_admin_nav` WHERE ( pc_level=1 )  [ RunTime:0.0010s ]
SQL: SELECT * FROM `h_admin_nav` WHERE ( pc_level=2 )  [ RunTime:0.0010s ]
SQL: SHOW COLUMNS FROM `h_area` [ RunTime:0.0240s ]
SQL: SELECT * FROM `h_area` WHERE ( fid='111' )  [ RunTime:0.0220s ]

[ 2017-08-21T19:59:31+08:00 ] ::1 /Thinkphp_meddle/b2b2c/Admin/Product/addr_change.html
INFO: [ app_begin ] --START--
INFO: Run Behavior\ReadHtmlCacheBehavior [ RunTime:0.001000s ]
INFO: [ app_begin ] --END-- [ RunTime:0.003000s ]
SQL: select * from h_auth_group_access aga inner join h_auth_group ag on ag.gid=aga.group_id where aga.uid='2' [ RunTime:0.0010s ]
SQL: SHOW COLUMNS FROM `h_auth_rule` [ RunTime:0.0010s ]
SQL: SELECT * FROM `h_auth_rule` WHERE ( name='Admin/Product/addr_change' ) LIMIT 1   [ RunTime:0.0010s ]
NOTIC: [2048] Declaration of Common\Model\AdminNavModel::getTreeData() should be compatible with Common\Model\BaseModel::getTreeData($type = 'tree', $order = '', $name = 'name', $child = 'id', $parent = 'pid') D:\webserver\wamp64\www\Thinkphp_meddle\b2b2c\Application\Admin\Model\AdminNavModel.class.php 第 14 行.
SQL: SHOW COLUMNS FROM `h_admin_nav` [ RunTime:0.0010s ]
SQL: SELECT * FROM `h_admin_nav` WHERE ( pc_level=1 )  [ RunTime:0.0010s ]
SQL: SELECT * FROM `h_admin_nav` WHERE ( pc_level=2 )  [ RunTime:0.0010s ]
SQL: SHOW COLUMNS FROM `h_area` [ RunTime:0.0500s ]
SQL: SELECT * FROM `h_area` WHERE ( fid='16' )  [ RunTime:0.0050s ]

[ 2017-08-21T19:59:31+08:00 ] ::1 /Thinkphp_meddle/b2b2c/Admin/Product/addr_change.html
INFO: [ app_begin ] --START--
INFO: Run Behavior\ReadHtmlCacheBehavior [ RunTime:0.002000s ]
INFO: [ app_begin ] --END-- [ RunTime:0.003000s ]
SQL: select * from h_auth_group_access aga inner join h_auth_group ag on ag.gid=aga.group_id where aga.uid='2' [ RunTime:0.0000s ]
SQL: SHOW COLUMNS FROM `h_auth_rule` [ RunTime:0.0020s ]
SQL: SELECT * FROM `h_auth_rule` WHERE ( name='Admin/Product/addr_change' ) LIMIT 1   [ RunTime:0.0010s ]
NOTIC: [2048] Declaration of Common\Model\AdminNavModel::getTreeData() should be compatible with Common\Model\BaseModel::getTreeData($type = 'tree', $order = '', $name = 'name', $child = 'id', $parent = 'pid') D:\webserver\wamp64\www\Thinkphp_meddle\b2b2c\Application\Admin\Model\AdminNavModel.class.php 第 14 行.
SQL: SHOW COLUMNS FROM `h_admin_nav` [ RunTime:0.0020s ]
SQL: SELECT * FROM `h_admin_nav` WHERE ( pc_level=1 )  [ RunTime:0.0010s ]
SQL: SELECT * FROM `h_admin_nav` WHERE ( pc_level=2 )  [ RunTime:0.0000s ]
SQL: SHOW COLUMNS FROM `h_area` [ RunTime:0.0020s ]
SQL: SELECT * FROM `h_area` WHERE ( fid='220' )  [ RunTime:0.0050s ]

[ 2017-08-21T20:00:20+08:00 ] ::1 /Thinkphp_meddle/b2b2c/Admin/Product/cate_change.html?id=4&_=1503316503686
INFO: [ app_begin ] --START--
INFO: Run Behavior\ReadHtmlCacheBehavior [ RunTime:0.002000s ]
INFO: [ app_begin ] --END-- [ RunTime:0.002000s ]
SQL: select * from h_auth_group_access aga inner join h_auth_group ag on ag.gid=aga.group_id where aga.uid='2' [ RunTime:0.0030s ]
SQL: SHOW COLUMNS FROM `h_auth_rule` [ RunTime:0.0020s ]
SQL: SELECT * FROM `h_auth_rule` WHERE ( name='Admin/Product/cate_change' ) LIMIT 1   [ RunTime:0.0010s ]
NOTIC: [2048] Declaration of Common\Model\AdminNavModel::getTreeData() should be compatible with Common\Model\BaseModel::getTreeData($type = 'tree', $order = '', $name = 'name', $child = 'id', $parent = 'pid') D:\webserver\wamp64\www\Thinkphp_meddle\b2b2c\Application\Admin\Model\AdminNavModel.class.php 第 14 行.
SQL: SHOW COLUMNS FROM `h_admin_nav` [ RunTime:0.0040s ]
SQL: SELECT * FROM `h_admin_nav` WHERE ( pc_level=1 )  [ RunTime:0.0010s ]
SQL: SELECT * FROM `h_admin_nav` WHERE ( pc_level=2 )  [ RunTime:0.0010s ]
NOTIC: [2048] Declaration of Common\Model\ProductCateModel::add() should be compatible with Think\Model::add($data = '', $options = Array, $replace = false) D:\webserver\wamp64\www\Thinkphp_meddle\b2b2c\Application\Admin\Model\ProductCateModel.class.php 第 34 行.
NOTIC: [2048] Declaration of Common\Model\ProductCateModel::save() should be compatible with Think\Model::save($data = '', $options = Array) D:\webserver\wamp64\www\Thinkphp_meddle\b2b2c\Application\Admin\Model\ProductCateModel.class.php 第 34 行.
NOTIC: [2048] Declaration of Common\Model\ProductCateModel::delete() should be compatible with Think\Model::delete($options = Array) D:\webserver\wamp64\www\Thinkphp_meddle\b2b2c\Application\Admin\Model\ProductCateModel.class.php 第 34 行.
SQL: SHOW COLUMNS FROM `h_product_cate` [ RunTime:0.0320s ]
SQL: SELECT * FROM `h_product_cate` WHERE (  pc_fid=4 )  [ RunTime:0.0320s ]

[ 2017-08-21T20:00:24+08:00 ] ::1 /Thinkphp_meddle/b2b2c/Admin/Product/cate_change.html?id=5&_=1503316503687
INFO: [ app_begin ] --START--
INFO: Run Behavior\ReadHtmlCacheBehavior [ RunTime:0.001000s ]
INFO: [ app_begin ] --END-- [ RunTime:0.002000s ]
SQL: select * from h_auth_group_access aga inner join h_auth_group ag on ag.gid=aga.group_id where aga.uid='2' [ RunTime:0.0010s ]
SQL: SHOW COLUMNS FROM `h_auth_rule` [ RunTime:0.0010s ]
SQL: SELECT * FROM `h_auth_rule` WHERE ( name='Admin/Product/cate_change' ) LIMIT 1   [ RunTime:0.0010s ]
NOTIC: [2048] Declaration of Common\Model\AdminNavModel::getTreeData() should be compatible with Common\Model\BaseModel::getTreeData($type = 'tree', $order = '', $name = 'name', $child = 'id', $parent = 'pid') D:\webserver\wamp64\www\Thinkphp_meddle\b2b2c\Application\Admin\Model\AdminNavModel.class.php 第 14 行.
SQL: SHOW COLUMNS FROM `h_admin_nav` [ RunTime:0.0010s ]
SQL: SELECT * FROM `h_admin_nav` WHERE ( pc_level=1 )  [ RunTime:0.0000s ]
SQL: SELECT * FROM `h_admin_nav` WHERE ( pc_level=2 )  [ RunTime:0.0010s ]
NOTIC: [2048] Declaration of Common\Model\ProductCateModel::add() should be compatible with Think\Model::add($data = '', $options = Array, $replace = false) D:\webserver\wamp64\www\Thinkphp_meddle\b2b2c\Application\Admin\Model\ProductCateModel.class.php 第 34 行.
NOTIC: [2048] Declaration of Common\Model\ProductCateModel::save() should be compatible with Think\Model::save($data = '', $options = Array) D:\webserver\wamp64\www\Thinkphp_meddle\b2b2c\Application\Admin\Model\ProductCateModel.class.php 第 34 行.
NOTIC: [2048] Declaration of Common\Model\ProductCateModel::delete() should be compatible with Think\Model::delete($options = Array) D:\webserver\wamp64\www\Thinkphp_meddle\b2b2c\Application\Admin\Model\ProductCateModel.class.php 第 34 行.
SQL: SHOW COLUMNS FROM `h_product_cate` [ RunTime:0.0010s ]
SQL: SELECT * FROM `h_product_cate` WHERE (  pc_fid=5 )  [ RunTime:0.0010s ]

[ 2017-08-21T20:05:10+08:00 ] ::1 /Thinkphp_meddle/b2b2c/Admin/Product/addProduct/pid/%24m.p_id.html
ERR: 1406:Data too long for column 'p_mobile' at row 1
 [ SQL语句 ] : INSERT INTO `h_product` (`p_name`,`p_rname`,`p_provid`,`p_cityid`,`p_counid`,`p_detailaddr`,`p_mobile`,`p_fpcid`,`p_spcid`,`p_order`,`p_comment`,`p_pubtime`,`p_endtime`,`p_gprice`,`p_sprice`,`p_keywords`,`p_pic`,`p_introduce`,`p_detailintroduce`,`p_theme`,`p_uid`,`p_cityname`,`p_counname`) VALUES ('【酒店】欢乐时光钟点房5小时，免费WiFi。本店客房温馨舒适，服务周到热情，竭诚欢迎您的光临。','【瑞金路沿线】万爱情侣主题酒店','16','220','1838','秦淮区解放路46号（距离西安门地铁站4号出口800米）','025-84520521','5','35','0','0','2017-08-21 19:55:03','2017-10-20 20:05:10','149','299','酒吧','undefined;undefined;undefined','仅售149元！价值299元的万爱情侣主题酒店欢乐时光钟点房5小时，免费WiFi。本店客房温馨舒适，服务周到热情，竭诚欢迎您的光临。去远方，在浏览风景的同时寻找自己，旅行带给你精神的释放，安逸的睡眠让你神清气爽。虽风雨兼程，也要安心休息。停留是为了更好地出发，一个房间一段独特温馨的记忆。','&lt;h2 class=&quot;content-title&quot; style=&quot;margin: 0px; padding: 20px 0px 10px; font-size: 18px; font-family: &amp;quot;Hiragino Sans GB&amp;quot;, &amp;quot; Microsoft YaHei&amp;quot;, &amp;quot;WenQuanYi Micro Hei&amp;quot;, arial, sans-serif; color: rgb(51, 51, 51); -webkit-font-smoothing: antialiased; border-bottom: 2px solid rgb(119, 119, 119); border-top: none; border-right: none; border-left: none; border-image: initial;&quot;&gt;购买须知&lt;/h2&gt;&lt;ul style=&quot;margin: 0px; padding: 0px; border-bottom: 1px solid rgb(238, 238, 238); background: rgb(249, 249, 249);&quot; class=&quot; list-paddingleft-2&quot;&gt;&lt;li&gt;&lt;p&gt;有效期&lt;/p&gt;&lt;/li&gt;&lt;li&gt;&lt;p&gt;2017.4.23 至 2017.10.24（周末、法定节假日通用）&lt;/p&gt;&lt;/li&gt;&lt;li&gt;&lt;p&gt;使用时间&lt;/p&gt;&lt;/li&gt;&lt;li&gt;&lt;p&gt;10:00-18:00&lt;/p&gt;&lt;/li&gt;&lt;li&gt;&lt;p&gt;预约方式&lt;/p&gt;&lt;/li&gt;&lt;li&gt;&lt;p&gt;电话预约，提前1小时&lt;/p&gt;&lt;/li&gt;&lt;li&gt;&lt;p&gt;入住须知&lt;/p&gt;&lt;/li&gt;&lt;li&gt;&lt;p&gt;入住需要押金，金额以前台为准,并出示身份证（一人一证）
欢乐时光限住2名成人入住，身高1.2米（不含）以上算成人
请不要携带宠物入住&lt;/p&gt;&lt;/li&gt;&lt;li&gt;&lt;p&gt;使用规则&lt;/p&gt;&lt;/li&gt;&lt;li&gt;&lt;p&gt;&lt;br/&gt;&lt;/p&gt;&lt;/li&gt;&lt;ul style=&quot;list-style-type: square;&quot; class=&quot; list-paddingleft-2&quot;&gt;&lt;li&gt;&lt;p&gt;不可与其他优惠同享&lt;/p&gt;&lt;/li&gt;&lt;li&gt;&lt;p&gt;美团券密码一旦验证即代表消费成功，不可申请“随时退款”和“过期退款”，请您合理安排验证时间&lt;/p&gt;&lt;/li&gt;&lt;li&gt;&lt;p&gt;不可使用美团券叠加使用&lt;/p&gt;&lt;/li&gt;&lt;/ul&gt;&lt;/ul&gt;&lt;h2 class=&quot;content-title&quot; style=&quot;margin: 0px; padding: 20px 0px 10px; font-size: 18px; font-family: &amp;quot;Hiragino Sans GB&amp;quot;, &amp;quot; Microsoft YaHei&amp;quot;, &amp;quot;WenQuanYi Micro Hei&amp;quot;, arial, sans-serif; color: rgb(51, 51, 51); -webkit-font-smoothing: antialiased; border-bottom: 2px solid rgb(119, 119, 119); border-top: none; border-right: none; border-left: none; border-image: initial;&quot;&gt;本单详情&lt;/h2&gt;&lt;p class=&quot;standard-bar&quot; style=&quot;margin-top: 10px; margin-bottom: 10px; padding: 0px 6px; color: rgb(51, 51, 51); border-radius: 0px; font-weight: 700; background: rgb(238, 238, 238); font-stretch: normal; font-size: 16px; line-height: 36px; border-left: 4px solid rgb(43, 184, 170);&quot;&gt;温馨入住&lt;/p&gt;&lt;table width=&quot;100%&quot; class=&quot;table-layout-fixed&quot;&gt;&lt;tbody&gt;&lt;tr class=&quot;firstRow&quot;&gt;&lt;td style=&quot;margin: 0px; padding: 0px;&quot;&gt;&lt;span style=&quot;vertical-align: text-top;&quot;&gt;&lt;img src=&quot;http://p1.meituan.net/deal/201211/15/icon_1115221415.jpg@PC&quot;/&gt;&lt;/span&gt;&lt;/td&gt;&lt;td style=&quot;margin: 0px; padding: 0px;&quot;&gt;&lt;span style=&quot;vertical-align: text-top;&quot;&gt;&lt;img src=&quot;http://p1.meituan.net/deal/201211/15/icon_wifi.jpg@PC&quot;/&gt;&lt;/span&gt;&lt;/td&gt;&lt;td style=&quot;margin: 0px; padding: 0px;&quot;&gt;&lt;span style=&quot;vertical-align: text-top;&quot;&gt;&lt;img src=&quot;http://p1.meituan.net/deal/201211/15/icon_1115221414.jpg@PC&quot;/&gt;&lt;/span&gt;&lt;/td&gt;&lt;td style=&quot;margin: 0px; padding: 0px;&quot;&gt;&lt;span style=&quot;vertical-align: text-top;&quot;&gt;&lt;img src=&quot;http://p1.meituan.net/deal/201211/15/icon_1115221413.jpg@PC&quot;/&gt;&lt;/span&gt;&lt;/td&gt;&lt;td style=&quot;margin: 0px; padding: 0px;&quot;&gt;&lt;br/&gt;&lt;/td&gt;&lt;td style=&quot;margin: 0px; padding: 0px;&quot;&gt;&lt;br/&gt;&lt;/td&gt;&lt;td style=&quot;margin: 0px; padding: 0px;&quot;&gt;&lt;br/&gt;&lt;/td&gt;&lt;/tr&gt;&lt;/tbody&gt;&lt;/table&gt;&lt;table class=&quot;deal-menu&quot; width=&quot;701&quot;&gt;&lt;tbody&gt;&lt;tr class=&quot;firstRow&quot;&gt;&lt;th class=&quot;name&quot; colspan=&quot;2&quot; style=&quot;margin: 0px; padding-top: 8px; padding-bottom: 8px; text-align: left; background: rgb(240, 240, 240); border-right-style: none; border-right-color: rgb(232, 232, 232); border-bottom-color: rgb(232, 232, 232); border-left: none; border-top: none; word-break: break-all; word-wrap: break-word; color: rgb(51, 51, 51); width: auto;&quot;&gt;套餐内容&lt;/th&gt;&lt;th class=&quot;price&quot; style=&quot;margin: 0px; padding-top: 8px; padding-bottom: 8px; text-align: center; font-family: arial, sans-serif; color: rgb(51, 51, 51); background: rgb(240, 240, 240); border-right-style: none; border-right-color: rgb(232, 232, 232); border-bottom-color: rgb(232, 232, 232); border-left-style: none; border-left-color: rgb(232, 232, 232); border-top: none; word-break: break-all; word-wrap: break-word; width: 85.2174px;&quot;&gt;单价&lt;/th&gt;&lt;th class=&quot;amount&quot; style=&quot;margin: 0px; padding-top: 8px; padding-bottom: 8px; text-align: center; background: rgb(240, 240, 240); border-right-style: none; border-right-color: rgb(232, 232, 232); border-bottom-color: rgb(232, 232, 232); border-left-style: none; border-left-color: rgb(232, 232, 232); border-top: none; word-break: break-all; word-wrap: break-word; color: rgb(51, 51, 51); width: 85.2174px;&quot;&gt;数量/规格&lt;/th&gt;&lt;th class=&quot;subtotal&quot; style=&quot;margin: 0px; padding-top: 8px; padding-bottom: 8px; text-align: right; background: rgb(240, 240, 240); border-right: none; border-bottom-color: rgb(232, 232, 232); border-left-style: none; border-left-color: rgb(232, 232, 232); border-top: none; word-break: break-all; word-wrap: break-word; color: rgb(51, 51, 51); width: 85.2174px; font-family: arial, sans-serif;&quot;&gt;小计&lt;/th&gt;&lt;/tr&gt;&lt;tr&gt;&lt;td rowspan=&quot;1&quot; class=&quot;subline subline-left&quot; style=&quot;margin: 0px; padding-top: 8px; padding-bottom: 8px; background-image: initial; background-position: initial; background-size: initial; background-repeat: initial; background-attachment: initial; background-origin: initial; background-clip: initial; border-style: none dotted dotted none; border-right-color: rgb(232, 232, 232); border-bottom-color: rgb(232, 232, 232); border-left-width: initial; border-left-color: initial; border-top-width: initial; border-top-color: initial; word-break: break-all; word-wrap: break-word; color: rgb(102, 102, 102); font-weight: 700;&quot; width=&quot;133&quot;&gt;&lt;span class=&quot;title&quot; style=&quot;padding: 0px 10px 0px 0px;&quot;&gt;房型&lt;/span&gt;&lt;/td&gt;&lt;td class=&quot;name&quot; style=&quot;margin: 0px; padding-top: 8px; padding-bottom: 8px; background-image: initial; background-position: initial; background-size: initial; background-repeat: initial; background-attachment: initial; background-origin: initial; background-clip: initial; border-style: none none dotted; border-right-color: rgb(232, 232, 232); border-bottom-color: rgb(232, 232, 232); border-left-width: initial; border-left-color: initial; border-top-width: initial; border-top-color: initial; word-break: break-all; word-wrap: break-word; color: rgb(102, 102, 102);&quot; width=&quot;NaN&quot;&gt;欢乐时光&lt;/td&gt;&lt;td class=&quot;price&quot; style=&quot;margin: 0px; padding-top: 8px; padding-bottom: 8px; font-family: arial, sans-serif; color: rgb(102, 102, 102); background-image: initial; background-position: initial; background-size: initial; background-repeat: initial; background-attachment: initial; background-origin: initial; background-clip: initial; border-style: none none dotted; border-right-color: rgb(232, 232, 232); border-bottom-color: rgb(232, 232, 232); border-left-color: rgb(232, 232, 232); border-top-width: initial; border-top-color: initial; word-break: break-all; word-wrap: break-word; text-align: center;&quot; width=&quot;85&quot;&gt;¥299&lt;/td&gt;&lt;td class=&quot;amount&quot; style=&quot;margin: 0px; padding-top: 8px; padding-bottom: 8px; background-image: initial; background-position: initial; background-size: initial; background-repeat: initial; background-attachment: initial; background-origin: initial; background-clip: initial; border-style: none none dotted; border-right-color: rgb(232, 232, 232); border-bottom-color: rgb(232, 232, 232); border-left-color: rgb(232, 232, 232); border-top-width: initial; border-top-color: initial; word-break: break-all; word-wrap: break-word; color: rgb(102, 102, 102); text-align: center;&quot; width=&quot;85&quot;&gt;1间&lt;/td&gt;&lt;td class=&quot;subtotal&quot; style=&quot;margin: 0px; padding-top: 8px; padding-bottom: 8px; background-image: initial; background-position: initial; background-size: initial; background-repeat: initial; background-attachment: initial; background-origin: initial; background-clip: initial; border-right: none; border-bottom-style: dotted; border-bottom-color: rgb(232, 232, 232); border-left-style: none; border-left-color: rgb(232, 232, 232); border-top: none; word-break: break-all; word-wrap: break-word; color: rgb(102, 102, 102); text-align: right; font-family: arial, sans-serif;&quot; width=&quot;85&quot;&gt;¥299&lt;/td&gt;&lt;/tr&gt;&lt;/tbody&gt;&lt;/table&gt;&lt;p class=&quot;deal-menu-summary&quot; style=&quot;margin-top: 10px; margin-bottom: 10px; padding: 0px 10px 10px; text-align: right; border-bottom: 1px solid rgb(232, 232, 232); font-stretch: normal; line-height: 24px;&quot;&gt;价值:&lt;span class=&quot;Apple-converted-space&quot;&gt;&amp;nbsp;&lt;/span&gt;&lt;span class=&quot;inline-block worth&quot; style=&quot;display: inline-block; zoom: 1; min-width: 10px; font-family: arial, sans-serif; word-break: normal; word-wrap: normal; padding-right: 20px; text-align: left;&quot;&gt;¥299&lt;/span&gt;美团价:&lt;span class=&quot;Apple-converted-space&quot;&gt;&amp;nbsp;&lt;/span&gt;&lt;span class=&quot;inline-block worth price&quot; style=&quot;font-family: arial, sans-serif; color: rgb(234, 79, 1); display: inline-block; zoom: 1; min-width: 10px; word-break: normal; word-wrap: normal; padding-right: 0px; text-align: left; font-weight: bold;&quot;&gt;¥&lt;em class=&quot;inline-block ps_16 pngfix&quot; style=&quot;vertical-align: text-bottom; width: 10px; height: 17px; display: inline-block; zoom: 1; background-image: url(&amp;quot;http://s1.meituan.net/www/css/si/pricesp/16/d8bd3f0cb3.vd34c2b11.png&amp;quot;); background-position: -60px 0px;&quot;&gt;&lt;/em&gt;&lt;em class=&quot;inline-block ps_16 pngfix&quot; style=&quot;vertical-align: text-bottom; width: 10px; height: 17px; display: inline-block; zoom: 1; background-image: url(&amp;quot;http://s1.meituan.net/www/css/si/pricesp/16/d8bd3f0cb3.vd34c2b11.png&amp;quot;); background-position: -50px -48px;&quot;&gt;&lt;/em&gt;&lt;em class=&quot;inline-block ps_16 pngfix&quot; style=&quot;vertical-align: text-bottom; width: 10px; height: 17px; display: inline-block; zoom: 1; background-image: url(&amp;quot;http://s1.meituan.net/www/css/si/pricesp/16/d8bd3f0cb3.vd34c2b11.png&amp;quot;); background-position: -20px -48px;&quot;&gt;&lt;/em&gt;&lt;/span&gt;&lt;/p&gt;&lt;ul class=&quot;list list-paddingleft-2&quot; style=&quot;margin-top: 10px; margin-bottom: 15px; padding: 0px 0px 0px 18px;&quot;&gt;&lt;li&gt;&lt;p&gt;提供免费宽带服务+免费WiFi服务+热水洗浴&lt;/p&gt;&lt;/li&gt;&lt;li&gt;&lt;p&gt;欢乐时光有窗&lt;/p&gt;&lt;/li&gt;&lt;li&gt;&lt;p&gt;欢乐时光：1张圆床直径2.2米&lt;/p&gt;&lt;/li&gt;&lt;/ul&gt;&lt;h2 class=&quot;content-title&quot; style=&quot;margin: 0px; padding: 20px 0px 10px; font-size: 18px; font-family: &amp;quot;Hiragino Sans GB&amp;quot;, &amp;quot; Microsoft YaHei&amp;quot;, &amp;quot;WenQuanYi Micro Hei&amp;quot;, arial, sans-serif; color: rgb(51, 51, 51); -webkit-font-smoothing: antialiased; border-bottom: 2px solid rgb(119, 119, 119); border-top: none; border-right: none; border-left: none; border-image: initial;&quot;&gt;商家介绍&lt;/h2&gt;&lt;p class=&quot;standard-bar&quot; style=&quot;margin-top: 10px; margin-bottom: 10px; padding: 0px 6px; color: rgb(51, 51, 51); border-radius: 0px; font-weight: 700; background: rgb(238, 238, 238); font-stretch: normal; font-size: 16px; line-height: 36px; border-left: 4px solid rgb(43, 184, 170);&quot;&gt;万爱情侣主题酒店（解放路店）&lt;/p&gt;&lt;p style=&quot;margin-top: 10px; margin-bottom: 10px; padding: 0px; font-stretch: normal; line-height: 24px;&quot;&gt;&lt;span style=&quot;color:gray&quot;&gt;※以下为部分房间图，店内各房型略有差异，以商家实际安排为准。&lt;/span&gt;&lt;/p&gt;&lt;p style=&quot;margin-top: 10px; margin-bottom: 10px; padding: 0px; font-stretch: normal; line-height: 24px;&quot;&gt;本店客房温馨舒适，服务周到热情，竭诚欢迎您的光临。去远方，在浏览风景的同时寻找自己，旅行带给你精神的释放，安逸的睡眠让你神清气爽。虽风雨兼程，也要安心休息。停留是为了更好地出发，一个房间一段独特温馨的记忆。&lt;/p&gt;&lt;p&gt;&lt;img height=&quot;&quot; src=&quot;http://p1.meituan.net/hotel/b5805baf508d29423fc01d8127513b11490194.jpg@PC&quot; alt=&quot;万爱情侣主题酒店-美团&quot; class=&quot;standard-image&quot;/&gt;&lt;img height=&quot;&quot; src=&quot;/ueditor/php/upload/image/20170821/1503316900822595.png&quot; alt=&quot;万爱情侣主题酒店-美团&quot; class=&quot;standard-image&quot;/&gt;&lt;img height=&quot;&quot; src=&quot;http://p1.meituan.net/hotel/0115775e6816e38518b2d37b0d20c895116548.jpg@PC&quot; alt=&quot;万爱情侣主题酒店-美团&quot; class=&quot;standard-image&quot;/&gt;&lt;/p&gt;&lt;p&gt;&lt;br/&gt;&lt;/p&gt;','Upload/them/2017-08-21/599acc767e41a.png','2','南京','秦淮区')

[ 2017-08-21T20:07:11+08:00 ] ::1 /Thinkphp_meddle/b2b2c/Admin/public/login.html
INFO: [ app_begin ] --START--
INFO: Run Behavior\ReadHtmlCacheBehavior [ RunTime:0.002000s ]
INFO: [ app_begin ] --END-- [ RunTime:0.004000s ]
SQL: SHOW COLUMNS FROM `h_admin` [ RunTime:0.0020s ]
SQL: SELECT * FROM `h_admin` WHERE ( admin_name='admin' )  [ RunTime:0.0000s ]
SQL: UPDATE `h_admin` SET `admin_id`='1',`admin_name`='admin',`admin_password`='21232f297a57a5a743894a0e4a801fc3',`status`='1',`last_login_ip`='0.0.0.0',`last_login_time`='2017',`email`=NULL,`phone`='13952876486',`register_time`='1502362446',`supadmin`='1' WHERE ( admin_name='admin' ) [ RunTime:0.0820s ]

[ 2017-08-21T20:11:09+08:00 ] ::1 /Thinkphp_meddle/b2b2c/Admin/public/login.html
INFO: [ app_begin ] --START--
INFO: Run Behavior\ReadHtmlCacheBehavior [ RunTime:0.001000s ]
INFO: [ app_begin ] --END-- [ RunTime:0.003000s ]

[ 2017-08-21T20:11:19+08:00 ] ::1 /Thinkphp_meddle/b2b2c/Admin/public/login.html
INFO: [ app_begin ] --START--
INFO: Run Behavior\ReadHtmlCacheBehavior [ RunTime:0.002000s ]
INFO: [ app_begin ] --END-- [ RunTime:0.003000s ]
SQL: SHOW COLUMNS FROM `h_admin` [ RunTime:0.0020s ]
SQL: SELECT * FROM `h_admin` WHERE ( admin_name='biubiubiubiu' )  [ RunTime:0.0400s ]
SQL: UPDATE `h_admin` SET `admin_id`='2',`admin_name`='biubiubiubiu',`admin_password`='4deff9159dbe3005a4abb3acf1164f05',`status`='1',`last_login_ip`='0.0.0.0',`last_login_time`='2017',`email`=NULL,`phone`='17551106486',`register_time`='1502362446',`supadmin`='0' WHERE ( admin_name='biubiubiubiu' ) [ RunTime:0.0040s ]

[ 2017-08-21T20:11:39+08:00 ] ::1 /Thinkphp_meddle/b2b2c/Admin/Product/product_stop.html
INFO: [ app_begin ] --START--
INFO: Run Behavior\ReadHtmlCacheBehavior [ RunTime:0.002000s ]
INFO: [ app_begin ] --END-- [ RunTime:0.003000s ]
SQL: select * from h_auth_group_access aga inner join h_auth_group ag on ag.gid=aga.group_id where aga.uid='2' [ RunTime:0.0010s ]
SQL: SHOW COLUMNS FROM `h_auth_rule` [ RunTime:0.0010s ]
SQL: SELECT * FROM `h_auth_rule` WHERE ( name='Admin/Product/product_stop' ) LIMIT 1   [ RunTime:0.0010s ]
NOTIC: [2048] Declaration of Common\Model\AdminNavModel::getTreeData() should be compatible with Common\Model\BaseModel::getTreeData($type = 'tree', $order = '', $name = 'name', $child = 'id', $parent = 'pid') D:\webserver\wamp64\www\Thinkphp_meddle\b2b2c\Application\Admin\Model\AdminNavModel.class.php 第 14 行.
SQL: SHOW COLUMNS FROM `h_admin_nav` [ RunTime:0.0010s ]
SQL: SELECT * FROM `h_admin_nav` WHERE ( pc_level=1 )  [ RunTime:0.0010s ]
SQL: SELECT * FROM `h_admin_nav` WHERE ( pc_level=2 )  [ RunTime:0.0010s ]
SQL: SHOW COLUMNS FROM `h_product` [ RunTime:0.0030s ]
SQL: UPDATE `h_product` SET `p_show`='0' WHERE ( p_id='15' ) [ RunTime:0.0030s ]
INFO: [ app_end ] --START--
INFO: Run Behavior\ShowPageTraceBehavior [ RunTime:0.002001s ]
INFO: [ app_end ] --END-- [ RunTime:0.002001s ]

[ 2017-08-21T20:11:42+08:00 ] ::1 /Thinkphp_meddle/b2b2c/Admin/Product/product_start.html
INFO: [ app_begin ] --START--
INFO: Run Behavior\ReadHtmlCacheBehavior [ RunTime:0.001000s ]
INFO: [ app_begin ] --END-- [ RunTime:0.002000s ]
SQL: select * from h_auth_group_access aga inner join h_auth_group ag on ag.gid=aga.group_id where aga.uid='2' [ RunTime:0.0010s ]
SQL: SHOW COLUMNS FROM `h_auth_rule` [ RunTime:0.0010s ]
SQL: SELECT * FROM `h_auth_rule` WHERE ( name='Admin/Product/product_start' ) LIMIT 1   [ RunTime:0.0010s ]
NOTIC: [2048] Declaration of Common\Model\AdminNavModel::getTreeData() should be compatible with Common\Model\BaseModel::getTreeData($type = 'tree', $order = '', $name = 'name', $child = 'id', $parent = 'pid') D:\webserver\wamp64\www\Thinkphp_meddle\b2b2c\Application\Admin\Model\AdminNavModel.class.php 第 14 行.
SQL: SHOW COLUMNS FROM `h_admin_nav` [ RunTime:0.0010s ]
SQL: SELECT * FROM `h_admin_nav` WHERE ( pc_level=1 )  [ RunTime:0.0010s ]
SQL: SELECT * FROM `h_admin_nav` WHERE ( pc_level=2 )  [ RunTime:0.0000s ]
SQL: SHOW COLUMNS FROM `h_product` [ RunTime:0.0010s ]
SQL: UPDATE `h_product` SET `p_show`='1' WHERE ( p_id='15' ) [ RunTime:0.0030s ]
INFO: [ app_end ] --START--
INFO: Run Behavior\ShowPageTraceBehavior [ RunTime:0.001000s ]
INFO: [ app_end ] --END-- [ RunTime:0.002000s ]

