[ 2017-08-13T13:20:20+08:00 ] ::1 /Thinkphp_meddle/b2b2c/Admin/public/login.html
INFO: [ app_begin ] --START--
INFO: Run Behavior\ReadHtmlCacheBehavior [ RunTime:0.001000s ]
INFO: [ app_begin ] --END-- [ RunTime:0.002000s ]
SQL: SHOW COLUMNS FROM `h_admin` [ RunTime:0.0330s ]
SQL: SELECT * FROM `h_admin` WHERE ( admin_name='admin' )  [ RunTime:0.0010s ]
SQL: UPDATE `h_admin` SET `admin_id`='1',`admin_name`='admin',`admin_password`='21232f297a57a5a743894a0e4a801fc3',`status`='1',`last_login_ip`='0.0.0.0',`last_login_time`='1502601620',`avatar`=NULL,`email`=NULL,`email_code`=NULL,`phone`='13952876486',`register_time`='1502362446',`supadmin`='1' WHERE ( admin_name='admin' ) [ RunTime:0.0020s ]

[ 2017-08-13T13:37:56+08:00 ] ::1 /Thinkphp_meddle/b2b2c/Admin/public/login.html
INFO: [ app_begin ] --START--
INFO: Run Behavior\ReadHtmlCacheBehavior [ RunTime:0.006001s ]
INFO: [ app_begin ] --END-- [ RunTime:0.008001s ]
SQL: SHOW COLUMNS FROM `h_admin` [ RunTime:0.0040s ]
SQL: SELECT * FROM `h_admin` WHERE ( admin_name='admin' )  [ RunTime:0.0010s ]
SQL: UPDATE `h_admin` SET `admin_id`='1',`admin_name`='admin',`admin_password`='21232f297a57a5a743894a0e4a801fc3',`status`='1',`last_login_ip`='0.0.0.0',`last_login_time`='1502602676',`avatar`=NULL,`email`=NULL,`email_code`=NULL,`phone`='13952876486',`register_time`='1502362446',`supadmin`='1' WHERE ( admin_name='admin' ) [ RunTime:0.0020s ]

[ 2017-08-13T13:47:24+08:00 ] ::1 /Thinkphp_meddle/b2b2c/Admin/public/login.html
INFO: [ app_begin ] --START--
INFO: Run Behavior\ReadHtmlCacheBehavior [ RunTime:0.001000s ]
INFO: [ app_begin ] --END-- [ RunTime:0.003000s ]
SQL: SHOW COLUMNS FROM `h_admin` [ RunTime:0.0040s ]
SQL: SELECT * FROM `h_admin` WHERE ( admin_name='admin' )  [ RunTime:0.0010s ]
SQL: UPDATE `h_admin` SET `admin_id`='1',`admin_name`='admin',`admin_password`='21232f297a57a5a743894a0e4a801fc3',`status`='1',`last_login_ip`='0.0.0.0',`last_login_time`='1502603244',`avatar`=NULL,`email`=NULL,`email_code`=NULL,`phone`='13952876486',`register_time`='1502362446',`supadmin`='1' WHERE ( admin_name='admin' ) [ RunTime:0.0020s ]

[ 2017-08-13T14:06:41+08:00 ] ::1 /Thinkphp_meddle/b2b2c/Admin/public/login.html
INFO: [ app_begin ] --START--
INFO: Run Behavior\ReadHtmlCacheBehavior [ RunTime:0.001000s ]
INFO: [ app_begin ] --END-- [ RunTime:0.002000s ]
SQL: SHOW COLUMNS FROM `h_admin` [ RunTime:0.0040s ]
SQL: SELECT * FROM `h_admin` WHERE ( admin_name='admin' )  [ RunTime:0.0010s ]
SQL: UPDATE `h_admin` SET `admin_id`='1',`admin_name`='admin',`admin_password`='21232f297a57a5a743894a0e4a801fc3',`status`='1',`last_login_ip`='0.0.0.0',`last_login_time`='1502604401',`avatar`=NULL,`email`=NULL,`email_code`=NULL,`phone`='13952876486',`register_time`='1502362446',`supadmin`='1' WHERE ( admin_name='admin' ) [ RunTime:0.0060s ]

[ 2017-08-13T16:56:32+08:00 ] ::1 /Thinkphp_meddle/b2b2c/Admin/Product/add_product.html
ERR: 1064:You have an error in your SQL syntax; check the manual that corresponds to your MySQL server version for the right syntax to use near 'where pc_level=1 )' at line 1
 [ SQL语句 ] : SELECT * FROM `h_product_cate` WHERE ( where pc_level=1 ) 

[ 2017-08-13T16:59:03+08:00 ] ::1 /Thinkphp_meddle/b2b2c/Admin/Product/add_product.html
ERR: 模板不存在:./Application/Admin/View/Product/add_product.html

[ 2017-08-13T16:59:30+08:00 ] ::1 /Thinkphp_meddle/b2b2c/Admin/Product/add_product.html
ERR: 非法操作:add_product

[ 2017-08-13T17:14:46+08:00 ] ::1 /Thinkphp_meddle/b2b2c/Admin/Product/%E5%9C%B0%E5%9D%80?id=5&_=1502615680302
INFO: [ app_begin ] --START--
INFO: Run Behavior\ReadHtmlCacheBehavior [ RunTime:0.002000s ]
INFO: [ app_begin ] --END-- [ RunTime:0.002000s ]
NOTIC: [2048] Declaration of Common\Model\AdminNavModel::getTreeData() should be compatible with Common\Model\BaseModel::getTreeData($type = 'tree', $order = '', $name = 'name', $child = 'id', $parent = 'pid') D:\webserver\wamp64\www\Thinkphp_meddle\b2b2c\Application\Admin\Model\AdminNavModel.class.php 第 14 行.
SQL: SHOW COLUMNS FROM `h_admin_nav` [ RunTime:0.0220s ]
SQL: SELECT * FROM `h_admin_nav` WHERE ( pc_level=1 )  [ RunTime:0.0010s ]
SQL: SELECT * FROM `h_admin_nav` WHERE ( pc_level=2 )  [ RunTime:0.0040s ]
ERR: 非法操作:地址

[ 2017-08-13T17:14:48+08:00 ] ::1 /Thinkphp_meddle/b2b2c/Admin/Product/%E5%9C%B0%E5%9D%80?id=1&_=1502615680303
INFO: [ app_begin ] --START--
INFO: Run Behavior\ReadHtmlCacheBehavior [ RunTime:0.002000s ]
INFO: [ app_begin ] --END-- [ RunTime:0.002000s ]
NOTIC: [2048] Declaration of Common\Model\AdminNavModel::getTreeData() should be compatible with Common\Model\BaseModel::getTreeData($type = 'tree', $order = '', $name = 'name', $child = 'id', $parent = 'pid') D:\webserver\wamp64\www\Thinkphp_meddle\b2b2c\Application\Admin\Model\AdminNavModel.class.php 第 14 行.
SQL: SHOW COLUMNS FROM `h_admin_nav` [ RunTime:0.0020s ]
SQL: SELECT * FROM `h_admin_nav` WHERE ( pc_level=1 )  [ RunTime:0.0010s ]
SQL: SELECT * FROM `h_admin_nav` WHERE ( pc_level=2 )  [ RunTime:0.0000s ]
ERR: 非法操作:地址

[ 2017-08-13T17:20:34+08:00 ] ::1 /Thinkphp_meddle/b2b2c/Admin/Product/%E5%9C%B0%E5%9D%80?id=2&_=1502616029967
INFO: [ app_begin ] --START--
INFO: Run Behavior\ReadHtmlCacheBehavior [ RunTime:0.002000s ]
INFO: [ app_begin ] --END-- [ RunTime:0.003000s ]
NOTIC: [2048] Declaration of Common\Model\AdminNavModel::getTreeData() should be compatible with Common\Model\BaseModel::getTreeData($type = 'tree', $order = '', $name = 'name', $child = 'id', $parent = 'pid') D:\webserver\wamp64\www\Thinkphp_meddle\b2b2c\Application\Admin\Model\AdminNavModel.class.php 第 14 行.
SQL: SHOW COLUMNS FROM `h_admin_nav` [ RunTime:0.0350s ]
SQL: SELECT * FROM `h_admin_nav` WHERE ( pc_level=1 )  [ RunTime:0.0010s ]
SQL: SELECT * FROM `h_admin_nav` WHERE ( pc_level=2 )  [ RunTime:0.0010s ]
ERR: 非法操作:地址

[ 2017-08-13T17:20:36+08:00 ] ::1 /Thinkphp_meddle/b2b2c/Admin/Product/%E5%9C%B0%E5%9D%80?id=1&_=1502616029968
INFO: [ app_begin ] --START--
INFO: Run Behavior\ReadHtmlCacheBehavior [ RunTime:0.001000s ]
INFO: [ app_begin ] --END-- [ RunTime:0.003000s ]
NOTIC: [2048] Declaration of Common\Model\AdminNavModel::getTreeData() should be compatible with Common\Model\BaseModel::getTreeData($type = 'tree', $order = '', $name = 'name', $child = 'id', $parent = 'pid') D:\webserver\wamp64\www\Thinkphp_meddle\b2b2c\Application\Admin\Model\AdminNavModel.class.php 第 14 行.
SQL: SHOW COLUMNS FROM `h_admin_nav` [ RunTime:0.0220s ]
SQL: SELECT * FROM `h_admin_nav` WHERE ( pc_level=1 )  [ RunTime:0.0000s ]
SQL: SELECT * FROM `h_admin_nav` WHERE ( pc_level=2 )  [ RunTime:0.0000s ]
ERR: 非法操作:地址

[ 2017-08-13T17:20:40+08:00 ] ::1 /Thinkphp_meddle/b2b2c/Admin/Product/%E5%9C%B0%E5%9D%80?id=2&_=1502616029969
INFO: [ app_begin ] --START--
INFO: Run Behavior\ReadHtmlCacheBehavior [ RunTime:0.002001s ]
INFO: [ app_begin ] --END-- [ RunTime:0.003001s ]
NOTIC: [2048] Declaration of Common\Model\AdminNavModel::getTreeData() should be compatible with Common\Model\BaseModel::getTreeData($type = 'tree', $order = '', $name = 'name', $child = 'id', $parent = 'pid') D:\webserver\wamp64\www\Thinkphp_meddle\b2b2c\Application\Admin\Model\AdminNavModel.class.php 第 14 行.
SQL: SHOW COLUMNS FROM `h_admin_nav` [ RunTime:0.0400s ]
SQL: SELECT * FROM `h_admin_nav` WHERE ( pc_level=1 )  [ RunTime:0.0010s ]
SQL: SELECT * FROM `h_admin_nav` WHERE ( pc_level=2 )  [ RunTime:0.0080s ]
ERR: 非法操作:地址

[ 2017-08-13T17:20:43+08:00 ] ::1 /Thinkphp_meddle/b2b2c/Admin/Product/%E5%9C%B0%E5%9D%80?id=3&_=1502616029970
INFO: [ app_begin ] --START--
INFO: Run Behavior\ReadHtmlCacheBehavior [ RunTime:0.002000s ]
INFO: [ app_begin ] --END-- [ RunTime:0.003000s ]
NOTIC: [2048] Declaration of Common\Model\AdminNavModel::getTreeData() should be compatible with Common\Model\BaseModel::getTreeData($type = 'tree', $order = '', $name = 'name', $child = 'id', $parent = 'pid') D:\webserver\wamp64\www\Thinkphp_meddle\b2b2c\Application\Admin\Model\AdminNavModel.class.php 第 14 行.
SQL: SHOW COLUMNS FROM `h_admin_nav` [ RunTime:0.0110s ]
SQL: SELECT * FROM `h_admin_nav` WHERE ( pc_level=1 )  [ RunTime:0.0010s ]
SQL: SELECT * FROM `h_admin_nav` WHERE ( pc_level=2 )  [ RunTime:0.0010s ]
ERR: 非法操作:地址

[ 2017-08-13T17:20:44+08:00 ] ::1 /Thinkphp_meddle/b2b2c/Admin/Product/%E5%9C%B0%E5%9D%80?id=2&_=1502616029971
INFO: [ app_begin ] --START--
INFO: Run Behavior\ReadHtmlCacheBehavior [ RunTime:0.002000s ]
INFO: [ app_begin ] --END-- [ RunTime:0.003000s ]
NOTIC: [2048] Declaration of Common\Model\AdminNavModel::getTreeData() should be compatible with Common\Model\BaseModel::getTreeData($type = 'tree', $order = '', $name = 'name', $child = 'id', $parent = 'pid') D:\webserver\wamp64\www\Thinkphp_meddle\b2b2c\Application\Admin\Model\AdminNavModel.class.php 第 14 行.
SQL: SHOW COLUMNS FROM `h_admin_nav` [ RunTime:0.0010s ]
SQL: SELECT * FROM `h_admin_nav` WHERE ( pc_level=1 )  [ RunTime:0.0010s ]
SQL: SELECT * FROM `h_admin_nav` WHERE ( pc_level=2 )  [ RunTime:0.0000s ]
ERR: 非法操作:地址

[ 2017-08-13T17:20:47+08:00 ] ::1 /Thinkphp_meddle/b2b2c/Admin/Product/%E5%9C%B0%E5%9D%80?id=1&_=1502616029972
INFO: [ app_begin ] --START--
INFO: Run Behavior\ReadHtmlCacheBehavior [ RunTime:0.002000s ]
INFO: [ app_begin ] --END-- [ RunTime:0.003000s ]
NOTIC: [2048] Declaration of Common\Model\AdminNavModel::getTreeData() should be compatible with Common\Model\BaseModel::getTreeData($type = 'tree', $order = '', $name = 'name', $child = 'id', $parent = 'pid') D:\webserver\wamp64\www\Thinkphp_meddle\b2b2c\Application\Admin\Model\AdminNavModel.class.php 第 14 行.
SQL: SHOW COLUMNS FROM `h_admin_nav` [ RunTime:0.0020s ]
SQL: SELECT * FROM `h_admin_nav` WHERE ( pc_level=1 )  [ RunTime:0.0200s ]
SQL: SELECT * FROM `h_admin_nav` WHERE ( pc_level=2 )  [ RunTime:0.0010s ]
ERR: 非法操作:地址

[ 2017-08-13T17:40:18+08:00 ] ::1 /Thinkphp_meddle/b2b2c/Admin/Product/cate_change.html?id=2&_=1502617215938
INFO: [ app_begin ] --START--
INFO: Run Behavior\ReadHtmlCacheBehavior [ RunTime:0.002001s ]
INFO: [ app_begin ] --END-- [ RunTime:0.003001s ]
NOTIC: [2048] Declaration of Common\Model\AdminNavModel::getTreeData() should be compatible with Common\Model\BaseModel::getTreeData($type = 'tree', $order = '', $name = 'name', $child = 'id', $parent = 'pid') D:\webserver\wamp64\www\Thinkphp_meddle\b2b2c\Application\Admin\Model\AdminNavModel.class.php 第 14 行.
SQL: SHOW COLUMNS FROM `h_admin_nav` [ RunTime:0.0010s ]
SQL: SELECT * FROM `h_admin_nav` WHERE ( pc_level=1 )  [ RunTime:0.0010s ]
SQL: SELECT * FROM `h_admin_nav` WHERE ( pc_level=2 )  [ RunTime:0.0010s ]
NOTIC: [2048] Declaration of Common\Model\ProductCateModel::add() should be compatible with Think\Model::add($data = '', $options = Array, $replace = false) D:\webserver\wamp64\www\Thinkphp_meddle\b2b2c\Application\Admin\Model\ProductCateModel.class.php 第 34 行.
NOTIC: [2048] Declaration of Common\Model\ProductCateModel::save() should be compatible with Think\Model::save($data = '', $options = Array) D:\webserver\wamp64\www\Thinkphp_meddle\b2b2c\Application\Admin\Model\ProductCateModel.class.php 第 34 行.
NOTIC: [2048] Declaration of Common\Model\ProductCateModel::delete() should be compatible with Think\Model::delete($options = Array) D:\webserver\wamp64\www\Thinkphp_meddle\b2b2c\Application\Admin\Model\ProductCateModel.class.php 第 34 行.
SQL: SHOW COLUMNS FROM `h_product_cate` [ RunTime:0.0980s ]
SQL: SELECT * FROM `h_product_cate` WHERE (  pc_fid=2 )  [ RunTime:0.0010s ]

[ 2017-08-13T17:40:20+08:00 ] ::1 /Thinkphp_meddle/b2b2c/Admin/Product/cate_change.html?id=3&_=1502617215939
INFO: [ app_begin ] --START--
INFO: Run Behavior\ReadHtmlCacheBehavior [ RunTime:0.002000s ]
INFO: [ app_begin ] --END-- [ RunTime:0.003000s ]
NOTIC: [2048] Declaration of Common\Model\AdminNavModel::getTreeData() should be compatible with Common\Model\BaseModel::getTreeData($type = 'tree', $order = '', $name = 'name', $child = 'id', $parent = 'pid') D:\webserver\wamp64\www\Thinkphp_meddle\b2b2c\Application\Admin\Model\AdminNavModel.class.php 第 14 行.
SQL: SHOW COLUMNS FROM `h_admin_nav` [ RunTime:0.0100s ]
SQL: SELECT * FROM `h_admin_nav` WHERE ( pc_level=1 )  [ RunTime:0.0010s ]
SQL: SELECT * FROM `h_admin_nav` WHERE ( pc_level=2 )  [ RunTime:0.0010s ]
NOTIC: [2048] Declaration of Common\Model\ProductCateModel::add() should be compatible with Think\Model::add($data = '', $options = Array, $replace = false) D:\webserver\wamp64\www\Thinkphp_meddle\b2b2c\Application\Admin\Model\ProductCateModel.class.php 第 34 行.
NOTIC: [2048] Declaration of Common\Model\ProductCateModel::save() should be compatible with Think\Model::save($data = '', $options = Array) D:\webserver\wamp64\www\Thinkphp_meddle\b2b2c\Application\Admin\Model\ProductCateModel.class.php 第 34 行.
NOTIC: [2048] Declaration of Common\Model\ProductCateModel::delete() should be compatible with Think\Model::delete($options = Array) D:\webserver\wamp64\www\Thinkphp_meddle\b2b2c\Application\Admin\Model\ProductCateModel.class.php 第 34 行.
SQL: SHOW COLUMNS FROM `h_product_cate` [ RunTime:0.0120s ]
SQL: SELECT * FROM `h_product_cate` WHERE (  pc_fid=3 )  [ RunTime:0.0010s ]

[ 2017-08-13T17:40:22+08:00 ] ::1 /Thinkphp_meddle/b2b2c/Admin/Product/cate_change.html?id=4&_=1502617215940
INFO: [ app_begin ] --START--
INFO: Run Behavior\ReadHtmlCacheBehavior [ RunTime:0.002000s ]
INFO: [ app_begin ] --END-- [ RunTime:0.003000s ]
NOTIC: [2048] Declaration of Common\Model\AdminNavModel::getTreeData() should be compatible with Common\Model\BaseModel::getTreeData($type = 'tree', $order = '', $name = 'name', $child = 'id', $parent = 'pid') D:\webserver\wamp64\www\Thinkphp_meddle\b2b2c\Application\Admin\Model\AdminNavModel.class.php 第 14 行.
SQL: SHOW COLUMNS FROM `h_admin_nav` [ RunTime:0.0250s ]
SQL: SELECT * FROM `h_admin_nav` WHERE ( pc_level=1 )  [ RunTime:0.0010s ]
SQL: SELECT * FROM `h_admin_nav` WHERE ( pc_level=2 )  [ RunTime:0.0010s ]
NOTIC: [2048] Declaration of Common\Model\ProductCateModel::add() should be compatible with Think\Model::add($data = '', $options = Array, $replace = false) D:\webserver\wamp64\www\Thinkphp_meddle\b2b2c\Application\Admin\Model\ProductCateModel.class.php 第 34 行.
NOTIC: [2048] Declaration of Common\Model\ProductCateModel::save() should be compatible with Think\Model::save($data = '', $options = Array) D:\webserver\wamp64\www\Thinkphp_meddle\b2b2c\Application\Admin\Model\ProductCateModel.class.php 第 34 行.
NOTIC: [2048] Declaration of Common\Model\ProductCateModel::delete() should be compatible with Think\Model::delete($options = Array) D:\webserver\wamp64\www\Thinkphp_meddle\b2b2c\Application\Admin\Model\ProductCateModel.class.php 第 34 行.
SQL: SHOW COLUMNS FROM `h_product_cate` [ RunTime:0.0190s ]
SQL: SELECT * FROM `h_product_cate` WHERE (  pc_fid=4 )  [ RunTime:0.0000s ]

[ 2017-08-13T17:40:42+08:00 ] ::1 /Thinkphp_meddle/b2b2c/Admin/Product/cate_change.html?id=2&_=1502617215941
INFO: [ app_begin ] --START--
INFO: Run Behavior\ReadHtmlCacheBehavior [ RunTime:0.001000s ]
INFO: [ app_begin ] --END-- [ RunTime:0.002000s ]
NOTIC: [2048] Declaration of Common\Model\AdminNavModel::getTreeData() should be compatible with Common\Model\BaseModel::getTreeData($type = 'tree', $order = '', $name = 'name', $child = 'id', $parent = 'pid') D:\webserver\wamp64\www\Thinkphp_meddle\b2b2c\Application\Admin\Model\AdminNavModel.class.php 第 14 行.
SQL: SHOW COLUMNS FROM `h_admin_nav` [ RunTime:0.0020s ]
SQL: SELECT * FROM `h_admin_nav` WHERE ( pc_level=1 )  [ RunTime:0.0010s ]
SQL: SELECT * FROM `h_admin_nav` WHERE ( pc_level=2 )  [ RunTime:0.0010s ]
NOTIC: [2048] Declaration of Common\Model\ProductCateModel::add() should be compatible with Think\Model::add($data = '', $options = Array, $replace = false) D:\webserver\wamp64\www\Thinkphp_meddle\b2b2c\Application\Admin\Model\ProductCateModel.class.php 第 34 行.
NOTIC: [2048] Declaration of Common\Model\ProductCateModel::save() should be compatible with Think\Model::save($data = '', $options = Array) D:\webserver\wamp64\www\Thinkphp_meddle\b2b2c\Application\Admin\Model\ProductCateModel.class.php 第 34 行.
NOTIC: [2048] Declaration of Common\Model\ProductCateModel::delete() should be compatible with Think\Model::delete($options = Array) D:\webserver\wamp64\www\Thinkphp_meddle\b2b2c\Application\Admin\Model\ProductCateModel.class.php 第 34 行.
SQL: SHOW COLUMNS FROM `h_product_cate` [ RunTime:0.0010s ]
SQL: SELECT * FROM `h_product_cate` WHERE (  pc_fid=2 )  [ RunTime:0.0010s ]

[ 2017-08-13T17:41:45+08:00 ] ::1 /Thinkphp_meddle/b2b2c/Admin/Product/cate_change.html?id=3&_=1502617301306
INFO: [ app_begin ] --START--
INFO: Run Behavior\ReadHtmlCacheBehavior [ RunTime:0.002001s ]
INFO: [ app_begin ] --END-- [ RunTime:0.003001s ]
NOTIC: [2048] Declaration of Common\Model\AdminNavModel::getTreeData() should be compatible with Common\Model\BaseModel::getTreeData($type = 'tree', $order = '', $name = 'name', $child = 'id', $parent = 'pid') D:\webserver\wamp64\www\Thinkphp_meddle\b2b2c\Application\Admin\Model\AdminNavModel.class.php 第 14 行.
SQL: SHOW COLUMNS FROM `h_admin_nav` [ RunTime:0.0010s ]
SQL: SELECT * FROM `h_admin_nav` WHERE ( pc_level=1 )  [ RunTime:0.0010s ]
SQL: SELECT * FROM `h_admin_nav` WHERE ( pc_level=2 )  [ RunTime:0.0010s ]
NOTIC: [2048] Declaration of Common\Model\ProductCateModel::add() should be compatible with Think\Model::add($data = '', $options = Array, $replace = false) D:\webserver\wamp64\www\Thinkphp_meddle\b2b2c\Application\Admin\Model\ProductCateModel.class.php 第 34 行.
NOTIC: [2048] Declaration of Common\Model\ProductCateModel::save() should be compatible with Think\Model::save($data = '', $options = Array) D:\webserver\wamp64\www\Thinkphp_meddle\b2b2c\Application\Admin\Model\ProductCateModel.class.php 第 34 行.
NOTIC: [2048] Declaration of Common\Model\ProductCateModel::delete() should be compatible with Think\Model::delete($options = Array) D:\webserver\wamp64\www\Thinkphp_meddle\b2b2c\Application\Admin\Model\ProductCateModel.class.php 第 34 行.
SQL: SHOW COLUMNS FROM `h_product_cate` [ RunTime:0.0020s ]
SQL: SELECT * FROM `h_product_cate` WHERE (  pc_fid=3 )  [ RunTime:0.0060s ]

[ 2017-08-13T17:41:52+08:00 ] ::1 /Thinkphp_meddle/b2b2c/Admin/Product/cate_change.html?id=2&_=1502617301307
INFO: [ app_begin ] --START--
INFO: Run Behavior\ReadHtmlCacheBehavior [ RunTime:0.001000s ]
INFO: [ app_begin ] --END-- [ RunTime:0.003000s ]
NOTIC: [2048] Declaration of Common\Model\AdminNavModel::getTreeData() should be compatible with Common\Model\BaseModel::getTreeData($type = 'tree', $order = '', $name = 'name', $child = 'id', $parent = 'pid') D:\webserver\wamp64\www\Thinkphp_meddle\b2b2c\Application\Admin\Model\AdminNavModel.class.php 第 14 行.
SQL: SHOW COLUMNS FROM `h_admin_nav` [ RunTime:0.0360s ]
SQL: SELECT * FROM `h_admin_nav` WHERE ( pc_level=1 )  [ RunTime:0.0010s ]
SQL: SELECT * FROM `h_admin_nav` WHERE ( pc_level=2 )  [ RunTime:0.0000s ]
NOTIC: [2048] Declaration of Common\Model\ProductCateModel::add() should be compatible with Think\Model::add($data = '', $options = Array, $replace = false) D:\webserver\wamp64\www\Thinkphp_meddle\b2b2c\Application\Admin\Model\ProductCateModel.class.php 第 34 行.
NOTIC: [2048] Declaration of Common\Model\ProductCateModel::save() should be compatible with Think\Model::save($data = '', $options = Array) D:\webserver\wamp64\www\Thinkphp_meddle\b2b2c\Application\Admin\Model\ProductCateModel.class.php 第 34 行.
NOTIC: [2048] Declaration of Common\Model\ProductCateModel::delete() should be compatible with Think\Model::delete($options = Array) D:\webserver\wamp64\www\Thinkphp_meddle\b2b2c\Application\Admin\Model\ProductCateModel.class.php 第 34 行.
SQL: SHOW COLUMNS FROM `h_product_cate` [ RunTime:0.0010s ]
SQL: SELECT * FROM `h_product_cate` WHERE (  pc_fid=2 )  [ RunTime:0.0010s ]

[ 2017-08-13T17:42:40+08:00 ] ::1 /Thinkphp_meddle/b2b2c/Admin/Product/cate_change.html?id=2&_=1502617357891
INFO: [ app_begin ] --START--
INFO: Run Behavior\ReadHtmlCacheBehavior [ RunTime:0.002000s ]
INFO: [ app_begin ] --END-- [ RunTime:0.003000s ]
NOTIC: [2048] Declaration of Common\Model\AdminNavModel::getTreeData() should be compatible with Common\Model\BaseModel::getTreeData($type = 'tree', $order = '', $name = 'name', $child = 'id', $parent = 'pid') D:\webserver\wamp64\www\Thinkphp_meddle\b2b2c\Application\Admin\Model\AdminNavModel.class.php 第 14 行.
SQL: SHOW COLUMNS FROM `h_admin_nav` [ RunTime:0.0020s ]
SQL: SELECT * FROM `h_admin_nav` WHERE ( pc_level=1 )  [ RunTime:0.0010s ]
SQL: SELECT * FROM `h_admin_nav` WHERE ( pc_level=2 )  [ RunTime:0.0010s ]
NOTIC: [2048] Declaration of Common\Model\ProductCateModel::add() should be compatible with Think\Model::add($data = '', $options = Array, $replace = false) D:\webserver\wamp64\www\Thinkphp_meddle\b2b2c\Application\Admin\Model\ProductCateModel.class.php 第 34 行.
NOTIC: [2048] Declaration of Common\Model\ProductCateModel::save() should be compatible with Think\Model::save($data = '', $options = Array) D:\webserver\wamp64\www\Thinkphp_meddle\b2b2c\Application\Admin\Model\ProductCateModel.class.php 第 34 行.
NOTIC: [2048] Declaration of Common\Model\ProductCateModel::delete() should be compatible with Think\Model::delete($options = Array) D:\webserver\wamp64\www\Thinkphp_meddle\b2b2c\Application\Admin\Model\ProductCateModel.class.php 第 34 行.
SQL: SHOW COLUMNS FROM `h_product_cate` [ RunTime:0.0030s ]
SQL: SELECT * FROM `h_product_cate` WHERE (  pc_fid=2 )  [ RunTime:0.0010s ]

[ 2017-08-13T17:42:46+08:00 ] ::1 /Thinkphp_meddle/b2b2c/Admin/Product/cate_change.html?id=3&_=1502617357892
INFO: [ app_begin ] --START--
INFO: Run Behavior\ReadHtmlCacheBehavior [ RunTime:0.001000s ]
INFO: [ app_begin ] --END-- [ RunTime:0.003000s ]
NOTIC: [2048] Declaration of Common\Model\AdminNavModel::getTreeData() should be compatible with Common\Model\BaseModel::getTreeData($type = 'tree', $order = '', $name = 'name', $child = 'id', $parent = 'pid') D:\webserver\wamp64\www\Thinkphp_meddle\b2b2c\Application\Admin\Model\AdminNavModel.class.php 第 14 行.
SQL: SHOW COLUMNS FROM `h_admin_nav` [ RunTime:0.0330s ]
SQL: SELECT * FROM `h_admin_nav` WHERE ( pc_level=1 )  [ RunTime:0.0010s ]
SQL: SELECT * FROM `h_admin_nav` WHERE ( pc_level=2 )  [ RunTime:0.0010s ]
NOTIC: [2048] Declaration of Common\Model\ProductCateModel::add() should be compatible with Think\Model::add($data = '', $options = Array, $replace = false) D:\webserver\wamp64\www\Thinkphp_meddle\b2b2c\Application\Admin\Model\ProductCateModel.class.php 第 34 行.
NOTIC: [2048] Declaration of Common\Model\ProductCateModel::save() should be compatible with Think\Model::save($data = '', $options = Array) D:\webserver\wamp64\www\Thinkphp_meddle\b2b2c\Application\Admin\Model\ProductCateModel.class.php 第 34 行.
NOTIC: [2048] Declaration of Common\Model\ProductCateModel::delete() should be compatible with Think\Model::delete($options = Array) D:\webserver\wamp64\www\Thinkphp_meddle\b2b2c\Application\Admin\Model\ProductCateModel.class.php 第 34 行.
SQL: SHOW COLUMNS FROM `h_product_cate` [ RunTime:0.0010s ]
SQL: SELECT * FROM `h_product_cate` WHERE (  pc_fid=3 )  [ RunTime:0.0000s ]

[ 2017-08-13T17:45:39+08:00 ] ::1 /Thinkphp_meddle/b2b2c/Admin/Product/cate_change.html?id=2&_=1502617536861
INFO: [ app_begin ] --START--
INFO: Run Behavior\ReadHtmlCacheBehavior [ RunTime:0.001000s ]
INFO: [ app_begin ] --END-- [ RunTime:0.003000s ]
NOTIC: [2048] Declaration of Common\Model\AdminNavModel::getTreeData() should be compatible with Common\Model\BaseModel::getTreeData($type = 'tree', $order = '', $name = 'name', $child = 'id', $parent = 'pid') D:\webserver\wamp64\www\Thinkphp_meddle\b2b2c\Application\Admin\Model\AdminNavModel.class.php 第 14 行.
SQL: SHOW COLUMNS FROM `h_admin_nav` [ RunTime:0.0020s ]
SQL: SELECT * FROM `h_admin_nav` WHERE ( pc_level=1 )  [ RunTime:0.0000s ]
SQL: SELECT * FROM `h_admin_nav` WHERE ( pc_level=2 )  [ RunTime:0.0000s ]
NOTIC: [2048] Declaration of Common\Model\ProductCateModel::add() should be compatible with Think\Model::add($data = '', $options = Array, $replace = false) D:\webserver\wamp64\www\Thinkphp_meddle\b2b2c\Application\Admin\Model\ProductCateModel.class.php 第 34 行.
NOTIC: [2048] Declaration of Common\Model\ProductCateModel::save() should be compatible with Think\Model::save($data = '', $options = Array) D:\webserver\wamp64\www\Thinkphp_meddle\b2b2c\Application\Admin\Model\ProductCateModel.class.php 第 34 行.
NOTIC: [2048] Declaration of Common\Model\ProductCateModel::delete() should be compatible with Think\Model::delete($options = Array) D:\webserver\wamp64\www\Thinkphp_meddle\b2b2c\Application\Admin\Model\ProductCateModel.class.php 第 34 行.
SQL: SHOW COLUMNS FROM `h_product_cate` [ RunTime:0.0030s ]
SQL: SELECT * FROM `h_product_cate` WHERE (  pc_fid=2 )  [ RunTime:0.0000s ]

[ 2017-08-13T17:45:41+08:00 ] ::1 /Thinkphp_meddle/b2b2c/Admin/Product/cate_change.html?id=3&_=1502617536862
INFO: [ app_begin ] --START--
INFO: Run Behavior\ReadHtmlCacheBehavior [ RunTime:0.002000s ]
INFO: [ app_begin ] --END-- [ RunTime:0.002000s ]
NOTIC: [2048] Declaration of Common\Model\AdminNavModel::getTreeData() should be compatible with Common\Model\BaseModel::getTreeData($type = 'tree', $order = '', $name = 'name', $child = 'id', $parent = 'pid') D:\webserver\wamp64\www\Thinkphp_meddle\b2b2c\Application\Admin\Model\AdminNavModel.class.php 第 14 行.
SQL: SHOW COLUMNS FROM `h_admin_nav` [ RunTime:0.0010s ]
SQL: SELECT * FROM `h_admin_nav` WHERE ( pc_level=1 )  [ RunTime:0.0000s ]
SQL: SELECT * FROM `h_admin_nav` WHERE ( pc_level=2 )  [ RunTime:0.0000s ]
NOTIC: [2048] Declaration of Common\Model\ProductCateModel::add() should be compatible with Think\Model::add($data = '', $options = Array, $replace = false) D:\webserver\wamp64\www\Thinkphp_meddle\b2b2c\Application\Admin\Model\ProductCateModel.class.php 第 34 行.
NOTIC: [2048] Declaration of Common\Model\ProductCateModel::save() should be compatible with Think\Model::save($data = '', $options = Array) D:\webserver\wamp64\www\Thinkphp_meddle\b2b2c\Application\Admin\Model\ProductCateModel.class.php 第 34 行.
NOTIC: [2048] Declaration of Common\Model\ProductCateModel::delete() should be compatible with Think\Model::delete($options = Array) D:\webserver\wamp64\www\Thinkphp_meddle\b2b2c\Application\Admin\Model\ProductCateModel.class.php 第 34 行.
SQL: SHOW COLUMNS FROM `h_product_cate` [ RunTime:0.0020s ]
SQL: SELECT * FROM `h_product_cate` WHERE (  pc_fid=3 )  [ RunTime:0.0010s ]

[ 2017-08-13T17:45:45+08:00 ] ::1 /Thinkphp_meddle/b2b2c/Admin/Product/cate_change.html?id=5&_=1502617536863
INFO: [ app_begin ] --START--
INFO: Run Behavior\ReadHtmlCacheBehavior [ RunTime:0.001000s ]
INFO: [ app_begin ] --END-- [ RunTime:0.003001s ]
NOTIC: [2048] Declaration of Common\Model\AdminNavModel::getTreeData() should be compatible with Common\Model\BaseModel::getTreeData($type = 'tree', $order = '', $name = 'name', $child = 'id', $parent = 'pid') D:\webserver\wamp64\www\Thinkphp_meddle\b2b2c\Application\Admin\Model\AdminNavModel.class.php 第 14 行.
SQL: SHOW COLUMNS FROM `h_admin_nav` [ RunTime:0.0090s ]
SQL: SELECT * FROM `h_admin_nav` WHERE ( pc_level=1 )  [ RunTime:0.0140s ]
SQL: SELECT * FROM `h_admin_nav` WHERE ( pc_level=2 )  [ RunTime:0.0010s ]
NOTIC: [2048] Declaration of Common\Model\ProductCateModel::add() should be compatible with Think\Model::add($data = '', $options = Array, $replace = false) D:\webserver\wamp64\www\Thinkphp_meddle\b2b2c\Application\Admin\Model\ProductCateModel.class.php 第 34 行.
NOTIC: [2048] Declaration of Common\Model\ProductCateModel::save() should be compatible with Think\Model::save($data = '', $options = Array) D:\webserver\wamp64\www\Thinkphp_meddle\b2b2c\Application\Admin\Model\ProductCateModel.class.php 第 34 行.
NOTIC: [2048] Declaration of Common\Model\ProductCateModel::delete() should be compatible with Think\Model::delete($options = Array) D:\webserver\wamp64\www\Thinkphp_meddle\b2b2c\Application\Admin\Model\ProductCateModel.class.php 第 34 行.
SQL: SHOW COLUMNS FROM `h_product_cate` [ RunTime:0.0010s ]
SQL: SELECT * FROM `h_product_cate` WHERE (  pc_fid=5 )  [ RunTime:0.0010s ]

[ 2017-08-13T17:45:49+08:00 ] ::1 /Thinkphp_meddle/b2b2c/Admin/Product/cate_change.html?id=1&_=1502617536864
INFO: [ app_begin ] --START--
INFO: Run Behavior\ReadHtmlCacheBehavior [ RunTime:0.001000s ]
INFO: [ app_begin ] --END-- [ RunTime:0.003000s ]
NOTIC: [2048] Declaration of Common\Model\AdminNavModel::getTreeData() should be compatible with Common\Model\BaseModel::getTreeData($type = 'tree', $order = '', $name = 'name', $child = 'id', $parent = 'pid') D:\webserver\wamp64\www\Thinkphp_meddle\b2b2c\Application\Admin\Model\AdminNavModel.class.php 第 14 行.
SQL: SHOW COLUMNS FROM `h_admin_nav` [ RunTime:0.0020s ]
SQL: SELECT * FROM `h_admin_nav` WHERE ( pc_level=1 )  [ RunTime:0.0000s ]
SQL: SELECT * FROM `h_admin_nav` WHERE ( pc_level=2 )  [ RunTime:0.0000s ]
NOTIC: [2048] Declaration of Common\Model\ProductCateModel::add() should be compatible with Think\Model::add($data = '', $options = Array, $replace = false) D:\webserver\wamp64\www\Thinkphp_meddle\b2b2c\Application\Admin\Model\ProductCateModel.class.php 第 34 行.
NOTIC: [2048] Declaration of Common\Model\ProductCateModel::save() should be compatible with Think\Model::save($data = '', $options = Array) D:\webserver\wamp64\www\Thinkphp_meddle\b2b2c\Application\Admin\Model\ProductCateModel.class.php 第 34 行.
NOTIC: [2048] Declaration of Common\Model\ProductCateModel::delete() should be compatible with Think\Model::delete($options = Array) D:\webserver\wamp64\www\Thinkphp_meddle\b2b2c\Application\Admin\Model\ProductCateModel.class.php 第 34 行.
SQL: SHOW COLUMNS FROM `h_product_cate` [ RunTime:0.0020s ]
SQL: SELECT * FROM `h_product_cate` WHERE (  pc_fid=1 )  [ RunTime:0.0160s ]

[ 2017-08-13T17:45:51+08:00 ] ::1 /Thinkphp_meddle/b2b2c/Admin/Product/cate_change.html?id=2&_=1502617536865
INFO: [ app_begin ] --START--
INFO: Run Behavior\ReadHtmlCacheBehavior [ RunTime:0.001000s ]
INFO: [ app_begin ] --END-- [ RunTime:0.003000s ]
NOTIC: [2048] Declaration of Common\Model\AdminNavModel::getTreeData() should be compatible with Common\Model\BaseModel::getTreeData($type = 'tree', $order = '', $name = 'name', $child = 'id', $parent = 'pid') D:\webserver\wamp64\www\Thinkphp_meddle\b2b2c\Application\Admin\Model\AdminNavModel.class.php 第 14 行.
SQL: SHOW COLUMNS FROM `h_admin_nav` [ RunTime:0.0020s ]
SQL: SELECT * FROM `h_admin_nav` WHERE ( pc_level=1 )  [ RunTime:0.0010s ]
SQL: SELECT * FROM `h_admin_nav` WHERE ( pc_level=2 )  [ RunTime:0.0010s ]
NOTIC: [2048] Declaration of Common\Model\ProductCateModel::add() should be compatible with Think\Model::add($data = '', $options = Array, $replace = false) D:\webserver\wamp64\www\Thinkphp_meddle\b2b2c\Application\Admin\Model\ProductCateModel.class.php 第 34 行.
NOTIC: [2048] Declaration of Common\Model\ProductCateModel::save() should be compatible with Think\Model::save($data = '', $options = Array) D:\webserver\wamp64\www\Thinkphp_meddle\b2b2c\Application\Admin\Model\ProductCateModel.class.php 第 34 行.
NOTIC: [2048] Declaration of Common\Model\ProductCateModel::delete() should be compatible with Think\Model::delete($options = Array) D:\webserver\wamp64\www\Thinkphp_meddle\b2b2c\Application\Admin\Model\ProductCateModel.class.php 第 34 行.
SQL: SHOW COLUMNS FROM `h_product_cate` [ RunTime:0.0020s ]
SQL: SELECT * FROM `h_product_cate` WHERE (  pc_fid=2 )  [ RunTime:0.0000s ]

[ 2017-08-13T17:45:54+08:00 ] ::1 /Thinkphp_meddle/b2b2c/Admin/Product/cate_change.html?id=3&_=1502617536866
INFO: [ app_begin ] --START--
INFO: Run Behavior\ReadHtmlCacheBehavior [ RunTime:0.001000s ]
INFO: [ app_begin ] --END-- [ RunTime:0.002000s ]
NOTIC: [2048] Declaration of Common\Model\AdminNavModel::getTreeData() should be compatible with Common\Model\BaseModel::getTreeData($type = 'tree', $order = '', $name = 'name', $child = 'id', $parent = 'pid') D:\webserver\wamp64\www\Thinkphp_meddle\b2b2c\Application\Admin\Model\AdminNavModel.class.php 第 14 行.
SQL: SHOW COLUMNS FROM `h_admin_nav` [ RunTime:0.0250s ]
SQL: SELECT * FROM `h_admin_nav` WHERE ( pc_level=1 )  [ RunTime:0.0010s ]
SQL: SELECT * FROM `h_admin_nav` WHERE ( pc_level=2 )  [ RunTime:0.0010s ]
NOTIC: [2048] Declaration of Common\Model\ProductCateModel::add() should be compatible with Think\Model::add($data = '', $options = Array, $replace = false) D:\webserver\wamp64\www\Thinkphp_meddle\b2b2c\Application\Admin\Model\ProductCateModel.class.php 第 34 行.
NOTIC: [2048] Declaration of Common\Model\ProductCateModel::save() should be compatible with Think\Model::save($data = '', $options = Array) D:\webserver\wamp64\www\Thinkphp_meddle\b2b2c\Application\Admin\Model\ProductCateModel.class.php 第 34 行.
NOTIC: [2048] Declaration of Common\Model\ProductCateModel::delete() should be compatible with Think\Model::delete($options = Array) D:\webserver\wamp64\www\Thinkphp_meddle\b2b2c\Application\Admin\Model\ProductCateModel.class.php 第 34 行.
SQL: SHOW COLUMNS FROM `h_product_cate` [ RunTime:0.0020s ]
SQL: SELECT * FROM `h_product_cate` WHERE (  pc_fid=3 )  [ RunTime:0.0010s ]

[ 2017-08-13T17:45:56+08:00 ] ::1 /Thinkphp_meddle/b2b2c/Admin/Product/cate_change.html?id=4&_=1502617536867
INFO: [ app_begin ] --START--
INFO: Run Behavior\ReadHtmlCacheBehavior [ RunTime:0.001000s ]
INFO: [ app_begin ] --END-- [ RunTime:0.004000s ]
NOTIC: [2048] Declaration of Common\Model\AdminNavModel::getTreeData() should be compatible with Common\Model\BaseModel::getTreeData($type = 'tree', $order = '', $name = 'name', $child = 'id', $parent = 'pid') D:\webserver\wamp64\www\Thinkphp_meddle\b2b2c\Application\Admin\Model\AdminNavModel.class.php 第 14 行.
SQL: SHOW COLUMNS FROM `h_admin_nav` [ RunTime:0.0330s ]
SQL: SELECT * FROM `h_admin_nav` WHERE ( pc_level=1 )  [ RunTime:0.0010s ]
SQL: SELECT * FROM `h_admin_nav` WHERE ( pc_level=2 )  [ RunTime:0.0010s ]
NOTIC: [2048] Declaration of Common\Model\ProductCateModel::add() should be compatible with Think\Model::add($data = '', $options = Array, $replace = false) D:\webserver\wamp64\www\Thinkphp_meddle\b2b2c\Application\Admin\Model\ProductCateModel.class.php 第 34 行.
NOTIC: [2048] Declaration of Common\Model\ProductCateModel::save() should be compatible with Think\Model::save($data = '', $options = Array) D:\webserver\wamp64\www\Thinkphp_meddle\b2b2c\Application\Admin\Model\ProductCateModel.class.php 第 34 行.
NOTIC: [2048] Declaration of Common\Model\ProductCateModel::delete() should be compatible with Think\Model::delete($options = Array) D:\webserver\wamp64\www\Thinkphp_meddle\b2b2c\Application\Admin\Model\ProductCateModel.class.php 第 34 行.
SQL: SHOW COLUMNS FROM `h_product_cate` [ RunTime:0.0030s ]
SQL: SELECT * FROM `h_product_cate` WHERE (  pc_fid=4 )  [ RunTime:0.0000s ]

[ 2017-08-13T17:45:57+08:00 ] ::1 /Thinkphp_meddle/b2b2c/Admin/Product/cate_change.html?id=5&_=1502617536868
INFO: [ app_begin ] --START--
INFO: Run Behavior\ReadHtmlCacheBehavior [ RunTime:0.001000s ]
INFO: [ app_begin ] --END-- [ RunTime:0.003000s ]
NOTIC: [2048] Declaration of Common\Model\AdminNavModel::getTreeData() should be compatible with Common\Model\BaseModel::getTreeData($type = 'tree', $order = '', $name = 'name', $child = 'id', $parent = 'pid') D:\webserver\wamp64\www\Thinkphp_meddle\b2b2c\Application\Admin\Model\AdminNavModel.class.php 第 14 行.
SQL: SHOW COLUMNS FROM `h_admin_nav` [ RunTime:0.0020s ]
SQL: SELECT * FROM `h_admin_nav` WHERE ( pc_level=1 )  [ RunTime:0.0010s ]
SQL: SELECT * FROM `h_admin_nav` WHERE ( pc_level=2 )  [ RunTime:0.0010s ]
NOTIC: [2048] Declaration of Common\Model\ProductCateModel::add() should be compatible with Think\Model::add($data = '', $options = Array, $replace = false) D:\webserver\wamp64\www\Thinkphp_meddle\b2b2c\Application\Admin\Model\ProductCateModel.class.php 第 34 行.
NOTIC: [2048] Declaration of Common\Model\ProductCateModel::save() should be compatible with Think\Model::save($data = '', $options = Array) D:\webserver\wamp64\www\Thinkphp_meddle\b2b2c\Application\Admin\Model\ProductCateModel.class.php 第 34 行.
NOTIC: [2048] Declaration of Common\Model\ProductCateModel::delete() should be compatible with Think\Model::delete($options = Array) D:\webserver\wamp64\www\Thinkphp_meddle\b2b2c\Application\Admin\Model\ProductCateModel.class.php 第 34 行.
SQL: SHOW COLUMNS FROM `h_product_cate` [ RunTime:0.0010s ]
SQL: SELECT * FROM `h_product_cate` WHERE (  pc_fid=5 )  [ RunTime:0.0010s ]

[ 2017-08-13T17:46:11+08:00 ] ::1 /Thinkphp_meddle/b2b2c/Admin/Product/cate_change.html?id=2&_=1502617536869
INFO: [ app_begin ] --START--
INFO: Run Behavior\ReadHtmlCacheBehavior [ RunTime:0.002000s ]
INFO: [ app_begin ] --END-- [ RunTime:0.003000s ]
NOTIC: [2048] Declaration of Common\Model\AdminNavModel::getTreeData() should be compatible with Common\Model\BaseModel::getTreeData($type = 'tree', $order = '', $name = 'name', $child = 'id', $parent = 'pid') D:\webserver\wamp64\www\Thinkphp_meddle\b2b2c\Application\Admin\Model\AdminNavModel.class.php 第 14 行.
SQL: SHOW COLUMNS FROM `h_admin_nav` [ RunTime:0.0100s ]
SQL: SELECT * FROM `h_admin_nav` WHERE ( pc_level=1 )  [ RunTime:0.0080s ]
SQL: SELECT * FROM `h_admin_nav` WHERE ( pc_level=2 )  [ RunTime:0.0010s ]
NOTIC: [2048] Declaration of Common\Model\ProductCateModel::add() should be compatible with Think\Model::add($data = '', $options = Array, $replace = false) D:\webserver\wamp64\www\Thinkphp_meddle\b2b2c\Application\Admin\Model\ProductCateModel.class.php 第 34 行.
NOTIC: [2048] Declaration of Common\Model\ProductCateModel::save() should be compatible with Think\Model::save($data = '', $options = Array) D:\webserver\wamp64\www\Thinkphp_meddle\b2b2c\Application\Admin\Model\ProductCateModel.class.php 第 34 行.
NOTIC: [2048] Declaration of Common\Model\ProductCateModel::delete() should be compatible with Think\Model::delete($options = Array) D:\webserver\wamp64\www\Thinkphp_meddle\b2b2c\Application\Admin\Model\ProductCateModel.class.php 第 34 行.
SQL: SHOW COLUMNS FROM `h_product_cate` [ RunTime:0.0010s ]
SQL: SELECT * FROM `h_product_cate` WHERE (  pc_fid=2 )  [ RunTime:0.0010s ]

[ 2017-08-13T17:46:14+08:00 ] ::1 /Thinkphp_meddle/b2b2c/Admin/Product/cate_change.html?id=3&_=1502617536870
INFO: [ app_begin ] --START--
INFO: Run Behavior\ReadHtmlCacheBehavior [ RunTime:0.002000s ]
INFO: [ app_begin ] --END-- [ RunTime:0.003000s ]
NOTIC: [2048] Declaration of Common\Model\AdminNavModel::getTreeData() should be compatible with Common\Model\BaseModel::getTreeData($type = 'tree', $order = '', $name = 'name', $child = 'id', $parent = 'pid') D:\webserver\wamp64\www\Thinkphp_meddle\b2b2c\Application\Admin\Model\AdminNavModel.class.php 第 14 行.
SQL: SHOW COLUMNS FROM `h_admin_nav` [ RunTime:0.0020s ]
SQL: SELECT * FROM `h_admin_nav` WHERE ( pc_level=1 )  [ RunTime:0.0010s ]
SQL: SELECT * FROM `h_admin_nav` WHERE ( pc_level=2 )  [ RunTime:0.0010s ]
NOTIC: [2048] Declaration of Common\Model\ProductCateModel::add() should be compatible with Think\Model::add($data = '', $options = Array, $replace = false) D:\webserver\wamp64\www\Thinkphp_meddle\b2b2c\Application\Admin\Model\ProductCateModel.class.php 第 34 行.
NOTIC: [2048] Declaration of Common\Model\ProductCateModel::save() should be compatible with Think\Model::save($data = '', $options = Array) D:\webserver\wamp64\www\Thinkphp_meddle\b2b2c\Application\Admin\Model\ProductCateModel.class.php 第 34 行.
NOTIC: [2048] Declaration of Common\Model\ProductCateModel::delete() should be compatible with Think\Model::delete($options = Array) D:\webserver\wamp64\www\Thinkphp_meddle\b2b2c\Application\Admin\Model\ProductCateModel.class.php 第 34 行.
SQL: SHOW COLUMNS FROM `h_product_cate` [ RunTime:0.0010s ]
SQL: SELECT * FROM `h_product_cate` WHERE (  pc_fid=3 )  [ RunTime:0.0010s ]

[ 2017-08-13T17:46:15+08:00 ] ::1 /Thinkphp_meddle/b2b2c/Admin/Product/cate_change.html?id=1&_=1502617536871
INFO: [ app_begin ] --START--
INFO: Run Behavior\ReadHtmlCacheBehavior [ RunTime:0.001000s ]
INFO: [ app_begin ] --END-- [ RunTime:0.002000s ]
NOTIC: [2048] Declaration of Common\Model\AdminNavModel::getTreeData() should be compatible with Common\Model\BaseModel::getTreeData($type = 'tree', $order = '', $name = 'name', $child = 'id', $parent = 'pid') D:\webserver\wamp64\www\Thinkphp_meddle\b2b2c\Application\Admin\Model\AdminNavModel.class.php 第 14 行.
SQL: SHOW COLUMNS FROM `h_admin_nav` [ RunTime:0.0290s ]
SQL: SELECT * FROM `h_admin_nav` WHERE ( pc_level=1 )  [ RunTime:0.0010s ]
SQL: SELECT * FROM `h_admin_nav` WHERE ( pc_level=2 )  [ RunTime:0.0010s ]
NOTIC: [2048] Declaration of Common\Model\ProductCateModel::add() should be compatible with Think\Model::add($data = '', $options = Array, $replace = false) D:\webserver\wamp64\www\Thinkphp_meddle\b2b2c\Application\Admin\Model\ProductCateModel.class.php 第 34 行.
NOTIC: [2048] Declaration of Common\Model\ProductCateModel::save() should be compatible with Think\Model::save($data = '', $options = Array) D:\webserver\wamp64\www\Thinkphp_meddle\b2b2c\Application\Admin\Model\ProductCateModel.class.php 第 34 行.
NOTIC: [2048] Declaration of Common\Model\ProductCateModel::delete() should be compatible with Think\Model::delete($options = Array) D:\webserver\wamp64\www\Thinkphp_meddle\b2b2c\Application\Admin\Model\ProductCateModel.class.php 第 34 行.
SQL: SHOW COLUMNS FROM `h_product_cate` [ RunTime:0.0030s ]
SQL: SELECT * FROM `h_product_cate` WHERE (  pc_fid=1 )  [ RunTime:0.0010s ]

[ 2017-08-13T22:32:10+08:00 ] ::1 /Thinkphp_meddle/b2b2c/Admin/Product/cate_change.html?id=3&_=1502634717607
INFO: [ app_begin ] --START--
INFO: Run Behavior\ReadHtmlCacheBehavior [ RunTime:0.001000s ]
INFO: [ app_begin ] --END-- [ RunTime:0.002001s ]
NOTIC: [2048] Declaration of Common\Model\AdminNavModel::getTreeData() should be compatible with Common\Model\BaseModel::getTreeData($type = 'tree', $order = '', $name = 'name', $child = 'id', $parent = 'pid') D:\webserver\wamp64\www\Thinkphp_meddle\b2b2c\Application\Admin\Model\AdminNavModel.class.php 第 14 行.
SQL: SHOW COLUMNS FROM `h_admin_nav` [ RunTime:0.0090s ]
SQL: SELECT * FROM `h_admin_nav` WHERE ( pc_level=1 )  [ RunTime:0.0010s ]
SQL: SELECT * FROM `h_admin_nav` WHERE ( pc_level=2 )  [ RunTime:0.0010s ]
NOTIC: [2048] Declaration of Common\Model\ProductCateModel::add() should be compatible with Think\Model::add($data = '', $options = Array, $replace = false) D:\webserver\wamp64\www\Thinkphp_meddle\b2b2c\Application\Admin\Model\ProductCateModel.class.php 第 34 行.
NOTIC: [2048] Declaration of Common\Model\ProductCateModel::save() should be compatible with Think\Model::save($data = '', $options = Array) D:\webserver\wamp64\www\Thinkphp_meddle\b2b2c\Application\Admin\Model\ProductCateModel.class.php 第 34 行.
NOTIC: [2048] Declaration of Common\Model\ProductCateModel::delete() should be compatible with Think\Model::delete($options = Array) D:\webserver\wamp64\www\Thinkphp_meddle\b2b2c\Application\Admin\Model\ProductCateModel.class.php 第 34 行.
SQL: SHOW COLUMNS FROM `h_product_cate` [ RunTime:0.0010s ]
SQL: SELECT * FROM `h_product_cate` WHERE (  pc_fid=3 )  [ RunTime:0.0200s ]

[ 2017-08-13T22:32:30+08:00 ] ::1 /Thinkphp_meddle/b2b2c/Admin/Product/cate_change.html?id=2&_=1502634740331
INFO: [ app_begin ] --START--
INFO: Run Behavior\ReadHtmlCacheBehavior [ RunTime:0.001000s ]
INFO: [ app_begin ] --END-- [ RunTime:0.002000s ]
NOTIC: [2048] Declaration of Common\Model\AdminNavModel::getTreeData() should be compatible with Common\Model\BaseModel::getTreeData($type = 'tree', $order = '', $name = 'name', $child = 'id', $parent = 'pid') D:\webserver\wamp64\www\Thinkphp_meddle\b2b2c\Application\Admin\Model\AdminNavModel.class.php 第 14 行.
SQL: SHOW COLUMNS FROM `h_admin_nav` [ RunTime:0.0130s ]
SQL: SELECT * FROM `h_admin_nav` WHERE ( pc_level=1 )  [ RunTime:0.0010s ]
SQL: SELECT * FROM `h_admin_nav` WHERE ( pc_level=2 )  [ RunTime:0.0020s ]
NOTIC: [2048] Declaration of Common\Model\ProductCateModel::add() should be compatible with Think\Model::add($data = '', $options = Array, $replace = false) D:\webserver\wamp64\www\Thinkphp_meddle\b2b2c\Application\Admin\Model\ProductCateModel.class.php 第 34 行.
NOTIC: [2048] Declaration of Common\Model\ProductCateModel::save() should be compatible with Think\Model::save($data = '', $options = Array) D:\webserver\wamp64\www\Thinkphp_meddle\b2b2c\Application\Admin\Model\ProductCateModel.class.php 第 34 行.
NOTIC: [2048] Declaration of Common\Model\ProductCateModel::delete() should be compatible with Think\Model::delete($options = Array) D:\webserver\wamp64\www\Thinkphp_meddle\b2b2c\Application\Admin\Model\ProductCateModel.class.php 第 34 行.
SQL: SHOW COLUMNS FROM `h_product_cate` [ RunTime:0.0010s ]
SQL: SELECT * FROM `h_product_cate` WHERE (  pc_fid=2 )  [ RunTime:0.0000s ]

[ 2017-08-13T22:32:31+08:00 ] ::1 /Thinkphp_meddle/b2b2c/Admin/Product/cate_change.html?id=3&_=1502634740332
INFO: [ app_begin ] --START--
INFO: Run Behavior\ReadHtmlCacheBehavior [ RunTime:0.002000s ]
INFO: [ app_begin ] --END-- [ RunTime:0.003000s ]
NOTIC: [2048] Declaration of Common\Model\AdminNavModel::getTreeData() should be compatible with Common\Model\BaseModel::getTreeData($type = 'tree', $order = '', $name = 'name', $child = 'id', $parent = 'pid') D:\webserver\wamp64\www\Thinkphp_meddle\b2b2c\Application\Admin\Model\AdminNavModel.class.php 第 14 行.
SQL: SHOW COLUMNS FROM `h_admin_nav` [ RunTime:0.0020s ]
SQL: SELECT * FROM `h_admin_nav` WHERE ( pc_level=1 )  [ RunTime:0.0010s ]
SQL: SELECT * FROM `h_admin_nav` WHERE ( pc_level=2 )  [ RunTime:0.0010s ]
NOTIC: [2048] Declaration of Common\Model\ProductCateModel::add() should be compatible with Think\Model::add($data = '', $options = Array, $replace = false) D:\webserver\wamp64\www\Thinkphp_meddle\b2b2c\Application\Admin\Model\ProductCateModel.class.php 第 34 行.
NOTIC: [2048] Declaration of Common\Model\ProductCateModel::save() should be compatible with Think\Model::save($data = '', $options = Array) D:\webserver\wamp64\www\Thinkphp_meddle\b2b2c\Application\Admin\Model\ProductCateModel.class.php 第 34 行.
NOTIC: [2048] Declaration of Common\Model\ProductCateModel::delete() should be compatible with Think\Model::delete($options = Array) D:\webserver\wamp64\www\Thinkphp_meddle\b2b2c\Application\Admin\Model\ProductCateModel.class.php 第 34 行.
SQL: SHOW COLUMNS FROM `h_product_cate` [ RunTime:0.0010s ]
SQL: SELECT * FROM `h_product_cate` WHERE (  pc_fid=3 )  [ RunTime:0.0010s ]

[ 2017-08-13T22:32:33+08:00 ] ::1 /Thinkphp_meddle/b2b2c/Admin/Product/cate_change.html?id=4&_=1502634740333
INFO: [ app_begin ] --START--
INFO: Run Behavior\ReadHtmlCacheBehavior [ RunTime:0.001000s ]
INFO: [ app_begin ] --END-- [ RunTime:0.003000s ]
NOTIC: [2048] Declaration of Common\Model\AdminNavModel::getTreeData() should be compatible with Common\Model\BaseModel::getTreeData($type = 'tree', $order = '', $name = 'name', $child = 'id', $parent = 'pid') D:\webserver\wamp64\www\Thinkphp_meddle\b2b2c\Application\Admin\Model\AdminNavModel.class.php 第 14 行.
SQL: SHOW COLUMNS FROM `h_admin_nav` [ RunTime:0.0020s ]
SQL: SELECT * FROM `h_admin_nav` WHERE ( pc_level=1 )  [ RunTime:0.0010s ]
SQL: SELECT * FROM `h_admin_nav` WHERE ( pc_level=2 )  [ RunTime:0.0010s ]
NOTIC: [2048] Declaration of Common\Model\ProductCateModel::add() should be compatible with Think\Model::add($data = '', $options = Array, $replace = false) D:\webserver\wamp64\www\Thinkphp_meddle\b2b2c\Application\Admin\Model\ProductCateModel.class.php 第 34 行.
NOTIC: [2048] Declaration of Common\Model\ProductCateModel::save() should be compatible with Think\Model::save($data = '', $options = Array) D:\webserver\wamp64\www\Thinkphp_meddle\b2b2c\Application\Admin\Model\ProductCateModel.class.php 第 34 行.
NOTIC: [2048] Declaration of Common\Model\ProductCateModel::delete() should be compatible with Think\Model::delete($options = Array) D:\webserver\wamp64\www\Thinkphp_meddle\b2b2c\Application\Admin\Model\ProductCateModel.class.php 第 34 行.
SQL: SHOW COLUMNS FROM `h_product_cate` [ RunTime:0.0100s ]
SQL: SELECT * FROM `h_product_cate` WHERE (  pc_fid=4 )  [ RunTime:0.0010s ]

[ 2017-08-13T22:32:35+08:00 ] ::1 /Thinkphp_meddle/b2b2c/Admin/Product/cate_change.html?id=5&_=1502634740334
INFO: [ app_begin ] --START--
INFO: Run Behavior\ReadHtmlCacheBehavior [ RunTime:0.002000s ]
INFO: [ app_begin ] --END-- [ RunTime:0.005000s ]
NOTIC: [2048] Declaration of Common\Model\AdminNavModel::getTreeData() should be compatible with Common\Model\BaseModel::getTreeData($type = 'tree', $order = '', $name = 'name', $child = 'id', $parent = 'pid') D:\webserver\wamp64\www\Thinkphp_meddle\b2b2c\Application\Admin\Model\AdminNavModel.class.php 第 14 行.
SQL: SHOW COLUMNS FROM `h_admin_nav` [ RunTime:0.0420s ]
SQL: SELECT * FROM `h_admin_nav` WHERE ( pc_level=1 )  [ RunTime:0.0010s ]
SQL: SELECT * FROM `h_admin_nav` WHERE ( pc_level=2 )  [ RunTime:0.0010s ]
NOTIC: [2048] Declaration of Common\Model\ProductCateModel::add() should be compatible with Think\Model::add($data = '', $options = Array, $replace = false) D:\webserver\wamp64\www\Thinkphp_meddle\b2b2c\Application\Admin\Model\ProductCateModel.class.php 第 34 行.
NOTIC: [2048] Declaration of Common\Model\ProductCateModel::save() should be compatible with Think\Model::save($data = '', $options = Array) D:\webserver\wamp64\www\Thinkphp_meddle\b2b2c\Application\Admin\Model\ProductCateModel.class.php 第 34 行.
NOTIC: [2048] Declaration of Common\Model\ProductCateModel::delete() should be compatible with Think\Model::delete($options = Array) D:\webserver\wamp64\www\Thinkphp_meddle\b2b2c\Application\Admin\Model\ProductCateModel.class.php 第 34 行.
SQL: SHOW COLUMNS FROM `h_product_cate` [ RunTime:0.0020s ]
SQL: SELECT * FROM `h_product_cate` WHERE (  pc_fid=5 )  [ RunTime:0.0010s ]

[ 2017-08-13T22:32:36+08:00 ] ::1 /Thinkphp_meddle/b2b2c/Admin/Product/cate_change.html?id=2&_=1502634740335
INFO: [ app_begin ] --START--
INFO: Run Behavior\ReadHtmlCacheBehavior [ RunTime:0.002000s ]
INFO: [ app_begin ] --END-- [ RunTime:0.004000s ]
NOTIC: [2048] Declaration of Common\Model\AdminNavModel::getTreeData() should be compatible with Common\Model\BaseModel::getTreeData($type = 'tree', $order = '', $name = 'name', $child = 'id', $parent = 'pid') D:\webserver\wamp64\www\Thinkphp_meddle\b2b2c\Application\Admin\Model\AdminNavModel.class.php 第 14 行.
SQL: SHOW COLUMNS FROM `h_admin_nav` [ RunTime:0.0020s ]
SQL: SELECT * FROM `h_admin_nav` WHERE ( pc_level=1 )  [ RunTime:0.0010s ]
SQL: SELECT * FROM `h_admin_nav` WHERE ( pc_level=2 )  [ RunTime:0.0010s ]
NOTIC: [2048] Declaration of Common\Model\ProductCateModel::add() should be compatible with Think\Model::add($data = '', $options = Array, $replace = false) D:\webserver\wamp64\www\Thinkphp_meddle\b2b2c\Application\Admin\Model\ProductCateModel.class.php 第 34 行.
NOTIC: [2048] Declaration of Common\Model\ProductCateModel::save() should be compatible with Think\Model::save($data = '', $options = Array) D:\webserver\wamp64\www\Thinkphp_meddle\b2b2c\Application\Admin\Model\ProductCateModel.class.php 第 34 行.
NOTIC: [2048] Declaration of Common\Model\ProductCateModel::delete() should be compatible with Think\Model::delete($options = Array) D:\webserver\wamp64\www\Thinkphp_meddle\b2b2c\Application\Admin\Model\ProductCateModel.class.php 第 34 行.
SQL: SHOW COLUMNS FROM `h_product_cate` [ RunTime:0.0450s ]
SQL: SELECT * FROM `h_product_cate` WHERE (  pc_fid=2 )  [ RunTime:0.0010s ]

[ 2017-08-13T22:32:37+08:00 ] ::1 /Thinkphp_meddle/b2b2c/Admin/Product/cate_change.html?id=1&_=1502634740336
INFO: [ app_begin ] --START--
INFO: Run Behavior\ReadHtmlCacheBehavior [ RunTime:0.002000s ]
INFO: [ app_begin ] --END-- [ RunTime:0.003000s ]
NOTIC: [2048] Declaration of Common\Model\AdminNavModel::getTreeData() should be compatible with Common\Model\BaseModel::getTreeData($type = 'tree', $order = '', $name = 'name', $child = 'id', $parent = 'pid') D:\webserver\wamp64\www\Thinkphp_meddle\b2b2c\Application\Admin\Model\AdminNavModel.class.php 第 14 行.
SQL: SHOW COLUMNS FROM `h_admin_nav` [ RunTime:0.0340s ]
SQL: SELECT * FROM `h_admin_nav` WHERE ( pc_level=1 )  [ RunTime:0.0000s ]
SQL: SELECT * FROM `h_admin_nav` WHERE ( pc_level=2 )  [ RunTime:0.0000s ]
NOTIC: [2048] Declaration of Common\Model\ProductCateModel::add() should be compatible with Think\Model::add($data = '', $options = Array, $replace = false) D:\webserver\wamp64\www\Thinkphp_meddle\b2b2c\Application\Admin\Model\ProductCateModel.class.php 第 34 行.
NOTIC: [2048] Declaration of Common\Model\ProductCateModel::save() should be compatible with Think\Model::save($data = '', $options = Array) D:\webserver\wamp64\www\Thinkphp_meddle\b2b2c\Application\Admin\Model\ProductCateModel.class.php 第 34 行.
NOTIC: [2048] Declaration of Common\Model\ProductCateModel::delete() should be compatible with Think\Model::delete($options = Array) D:\webserver\wamp64\www\Thinkphp_meddle\b2b2c\Application\Admin\Model\ProductCateModel.class.php 第 34 行.
SQL: SHOW COLUMNS FROM `h_product_cate` [ RunTime:0.0010s ]
SQL: SELECT * FROM `h_product_cate` WHERE (  pc_fid=1 )  [ RunTime:0.0010s ]

[ 2017-08-13T22:32:39+08:00 ] ::1 /Thinkphp_meddle/b2b2c/Admin/Product/cate_change.html?id=3&_=1502634740337
INFO: [ app_begin ] --START--
INFO: Run Behavior\ReadHtmlCacheBehavior [ RunTime:0.002000s ]
INFO: [ app_begin ] --END-- [ RunTime:0.003000s ]
NOTIC: [2048] Declaration of Common\Model\AdminNavModel::getTreeData() should be compatible with Common\Model\BaseModel::getTreeData($type = 'tree', $order = '', $name = 'name', $child = 'id', $parent = 'pid') D:\webserver\wamp64\www\Thinkphp_meddle\b2b2c\Application\Admin\Model\AdminNavModel.class.php 第 14 行.
SQL: SHOW COLUMNS FROM `h_admin_nav` [ RunTime:0.0010s ]
SQL: SELECT * FROM `h_admin_nav` WHERE ( pc_level=1 )  [ RunTime:0.0000s ]
SQL: SELECT * FROM `h_admin_nav` WHERE ( pc_level=2 )  [ RunTime:0.0000s ]
NOTIC: [2048] Declaration of Common\Model\ProductCateModel::add() should be compatible with Think\Model::add($data = '', $options = Array, $replace = false) D:\webserver\wamp64\www\Thinkphp_meddle\b2b2c\Application\Admin\Model\ProductCateModel.class.php 第 34 行.
NOTIC: [2048] Declaration of Common\Model\ProductCateModel::save() should be compatible with Think\Model::save($data = '', $options = Array) D:\webserver\wamp64\www\Thinkphp_meddle\b2b2c\Application\Admin\Model\ProductCateModel.class.php 第 34 行.
NOTIC: [2048] Declaration of Common\Model\ProductCateModel::delete() should be compatible with Think\Model::delete($options = Array) D:\webserver\wamp64\www\Thinkphp_meddle\b2b2c\Application\Admin\Model\ProductCateModel.class.php 第 34 行.
SQL: SHOW COLUMNS FROM `h_product_cate` [ RunTime:0.0010s ]
SQL: SELECT * FROM `h_product_cate` WHERE (  pc_fid=3 )  [ RunTime:0.0010s ]

[ 2017-08-13T22:32:40+08:00 ] ::1 /Thinkphp_meddle/b2b2c/Admin/Product/cate_change.html?id=4&_=1502634740338
INFO: [ app_begin ] --START--
INFO: Run Behavior\ReadHtmlCacheBehavior [ RunTime:0.004001s ]
INFO: [ app_begin ] --END-- [ RunTime:0.005001s ]
NOTIC: [2048] Declaration of Common\Model\AdminNavModel::getTreeData() should be compatible with Common\Model\BaseModel::getTreeData($type = 'tree', $order = '', $name = 'name', $child = 'id', $parent = 'pid') D:\webserver\wamp64\www\Thinkphp_meddle\b2b2c\Application\Admin\Model\AdminNavModel.class.php 第 14 行.
SQL: SHOW COLUMNS FROM `h_admin_nav` [ RunTime:0.0090s ]
SQL: SELECT * FROM `h_admin_nav` WHERE ( pc_level=1 )  [ RunTime:0.0010s ]
SQL: SELECT * FROM `h_admin_nav` WHERE ( pc_level=2 )  [ RunTime:0.0040s ]
NOTIC: [2048] Declaration of Common\Model\ProductCateModel::add() should be compatible with Think\Model::add($data = '', $options = Array, $replace = false) D:\webserver\wamp64\www\Thinkphp_meddle\b2b2c\Application\Admin\Model\ProductCateModel.class.php 第 34 行.
NOTIC: [2048] Declaration of Common\Model\ProductCateModel::save() should be compatible with Think\Model::save($data = '', $options = Array) D:\webserver\wamp64\www\Thinkphp_meddle\b2b2c\Application\Admin\Model\ProductCateModel.class.php 第 34 行.
NOTIC: [2048] Declaration of Common\Model\ProductCateModel::delete() should be compatible with Think\Model::delete($options = Array) D:\webserver\wamp64\www\Thinkphp_meddle\b2b2c\Application\Admin\Model\ProductCateModel.class.php 第 34 行.
SQL: SHOW COLUMNS FROM `h_product_cate` [ RunTime:0.0020s ]
SQL: SELECT * FROM `h_product_cate` WHERE (  pc_fid=4 )  [ RunTime:0.0010s ]

[ 2017-08-13T22:32:42+08:00 ] ::1 /Thinkphp_meddle/b2b2c/Admin/Product/cate_change.html?id=5&_=1502634740339
INFO: [ app_begin ] --START--
INFO: Run Behavior\ReadHtmlCacheBehavior [ RunTime:0.001000s ]
INFO: [ app_begin ] --END-- [ RunTime:0.002000s ]
NOTIC: [2048] Declaration of Common\Model\AdminNavModel::getTreeData() should be compatible with Common\Model\BaseModel::getTreeData($type = 'tree', $order = '', $name = 'name', $child = 'id', $parent = 'pid') D:\webserver\wamp64\www\Thinkphp_meddle\b2b2c\Application\Admin\Model\AdminNavModel.class.php 第 14 行.
SQL: SHOW COLUMNS FROM `h_admin_nav` [ RunTime:0.0010s ]
SQL: SELECT * FROM `h_admin_nav` WHERE ( pc_level=1 )  [ RunTime:0.0010s ]
SQL: SELECT * FROM `h_admin_nav` WHERE ( pc_level=2 )  [ RunTime:0.0000s ]
NOTIC: [2048] Declaration of Common\Model\ProductCateModel::add() should be compatible with Think\Model::add($data = '', $options = Array, $replace = false) D:\webserver\wamp64\www\Thinkphp_meddle\b2b2c\Application\Admin\Model\ProductCateModel.class.php 第 34 行.
NOTIC: [2048] Declaration of Common\Model\ProductCateModel::save() should be compatible with Think\Model::save($data = '', $options = Array) D:\webserver\wamp64\www\Thinkphp_meddle\b2b2c\Application\Admin\Model\ProductCateModel.class.php 第 34 行.
NOTIC: [2048] Declaration of Common\Model\ProductCateModel::delete() should be compatible with Think\Model::delete($options = Array) D:\webserver\wamp64\www\Thinkphp_meddle\b2b2c\Application\Admin\Model\ProductCateModel.class.php 第 34 行.
SQL: SHOW COLUMNS FROM `h_product_cate` [ RunTime:0.0010s ]
SQL: SELECT * FROM `h_product_cate` WHERE (  pc_fid=5 )  [ RunTime:0.0010s ]

[ 2017-08-13T22:32:43+08:00 ] ::1 /Thinkphp_meddle/b2b2c/Admin/Product/cate_change.html?id=3&_=1502634740340
INFO: [ app_begin ] --START--
INFO: Run Behavior\ReadHtmlCacheBehavior [ RunTime:0.001000s ]
INFO: [ app_begin ] --END-- [ RunTime:0.003001s ]
NOTIC: [2048] Declaration of Common\Model\AdminNavModel::getTreeData() should be compatible with Common\Model\BaseModel::getTreeData($type = 'tree', $order = '', $name = 'name', $child = 'id', $parent = 'pid') D:\webserver\wamp64\www\Thinkphp_meddle\b2b2c\Application\Admin\Model\AdminNavModel.class.php 第 14 行.
SQL: SHOW COLUMNS FROM `h_admin_nav` [ RunTime:0.0030s ]
SQL: SELECT * FROM `h_admin_nav` WHERE ( pc_level=1 )  [ RunTime:0.0000s ]
SQL: SELECT * FROM `h_admin_nav` WHERE ( pc_level=2 )  [ RunTime:0.0170s ]
NOTIC: [2048] Declaration of Common\Model\ProductCateModel::add() should be compatible with Think\Model::add($data = '', $options = Array, $replace = false) D:\webserver\wamp64\www\Thinkphp_meddle\b2b2c\Application\Admin\Model\ProductCateModel.class.php 第 34 行.
NOTIC: [2048] Declaration of Common\Model\ProductCateModel::save() should be compatible with Think\Model::save($data = '', $options = Array) D:\webserver\wamp64\www\Thinkphp_meddle\b2b2c\Application\Admin\Model\ProductCateModel.class.php 第 34 行.
NOTIC: [2048] Declaration of Common\Model\ProductCateModel::delete() should be compatible with Think\Model::delete($options = Array) D:\webserver\wamp64\www\Thinkphp_meddle\b2b2c\Application\Admin\Model\ProductCateModel.class.php 第 34 行.
SQL: SHOW COLUMNS FROM `h_product_cate` [ RunTime:0.0010s ]
SQL: SELECT * FROM `h_product_cate` WHERE (  pc_fid=3 )  [ RunTime:0.0010s ]

