[ 2017-08-09T09:53:51+08:00 ] ::1 /Thinkphp_meddle/b2b2c/Admin/public/login.html
INFO: [ app_begin ] --START--
INFO: Run Behavior\ReadHtmlCacheBehavior [ RunTime:0.001000s ]
INFO: [ app_begin ] --END-- [ RunTime:0.003000s ]
SQL: SHOW COLUMNS FROM `h_admin` [ RunTime:0.1080s ]
SQL: SELECT * FROM `h_admin` WHERE ( admin_name='admin' )  [ RunTime:0.0130s ]
SQL: UPDATE `h_admin` SET `admin_id`='1',`admin_name`='admin',`admin_password`='21232f297a57a5a743894a0e4a801fc3',`status`='1',`last_login_ip`='0.0.0.0',`last_login_time`='1502243630',`avatar`=NULL,`email`=NULL,`email_code`=NULL,`phone`='13952876486',`register_time`=NULL,`supadmin`='1' WHERE ( admin_name='admin' ) [ RunTime:0.0930s ]

[ 2017-08-09T09:56:10+08:00 ] ::1 /Thinkphp_meddle/b2b2c/Admin/public/login.html
INFO: [ app_begin ] --START--
INFO: Run Behavior\ReadHtmlCacheBehavior [ RunTime:0.002000s ]
INFO: [ app_begin ] --END-- [ RunTime:0.003000s ]
SQL: SHOW COLUMNS FROM `h_admin` [ RunTime:0.0160s ]
SQL: SELECT * FROM `h_admin` WHERE ( admin_name='admin' )  [ RunTime:0.0010s ]
SQL: UPDATE `h_admin` SET `admin_id`='1',`admin_name`='admin',`admin_password`='21232f297a57a5a743894a0e4a801fc3',`status`='1',`last_login_ip`='0.0.0.0',`last_login_time`='1502243770',`avatar`=NULL,`email`=NULL,`email_code`=NULL,`phone`='13952876486',`register_time`=NULL,`supadmin`='1' WHERE ( admin_name='admin' ) [ RunTime:0.0020s ]

[ 2017-08-09T09:56:18+08:00 ] ::1 /Thinkphp_meddle/b2b2c/Admin/Rule/index.html
ERR: 1054:Unknown column 'id' in 'order clause'
 [ SQL语句 ] : SELECT * FROM `h_auth_rule` ORDER BY id is null,`id` 

[ 2017-08-09T10:12:20+08:00 ] ::1 /Thinkphp_meddle/b2b2c/Admin/Nav/add.html
ERR: 1364:Field 'fid' doesn't have a default value
 [ SQL语句 ] : INSERT INTO `h_admin_nav` (`name`,`mca`) VALUES ('sdf','dddd')

[ 2017-08-09T10:20:00+08:00 ] ::1 /Thinkphp_meddle/b2b2c/Admin/Nav/add.html
ERR: 1364:Field 'fid' doesn't have a default value
 [ SQL语句 ] : INSERT INTO `h_admin_nav` (`id`,`name`,`mca`) VALUES ('0','fsdfsf','ffffff')

[ 2017-08-09T10:25:41+08:00 ] ::1 /Thinkphp_meddle/b2b2c/Admin/Nav/add.html
ERR: 1364:Field 'fid' doesn't have a default value
 [ SQL语句 ] : INSERT INTO `h_admin_nav` (`id`,`name`,`mca`) VALUES ('0','asdasd','ddddd')

[ 2017-08-09T10:27:07+08:00 ] ::1 /Thinkphp_meddle/b2b2c/Admin/Nav/add.html
ERR: 1364:Field 'pc_level' doesn't have a default value
 [ SQL语句 ] : INSERT INTO `h_admin_nav` (`fid`,`name`,`mca`) VALUES ('0','sada','dddd')

[ 2017-08-09T11:19:05+08:00 ] ::1 /Thinkphp_meddle/b2b2c/Admin/public/login.html
INFO: [ app_begin ] --START--
INFO: Run Behavior\ReadHtmlCacheBehavior [ RunTime:0.002000s ]
INFO: [ app_begin ] --END-- [ RunTime:0.003000s ]
SQL: SHOW COLUMNS FROM `h_admin` [ RunTime:2.8812s ]
SQL: SELECT * FROM `h_admin` WHERE ( admin_name='biubiubiubiu' )  [ RunTime:0.0010s ]

[ 2017-08-09T11:20:08+08:00 ] ::1 /Thinkphp_meddle/b2b2c/Admin/public/login.html
INFO: [ app_begin ] --START--
INFO: Run Behavior\ReadHtmlCacheBehavior [ RunTime:0.002001s ]
INFO: [ app_begin ] --END-- [ RunTime:0.003001s ]
SQL: SHOW COLUMNS FROM `h_admin` [ RunTime:0.0220s ]
SQL: SELECT * FROM `h_admin` WHERE ( admin_name='biubiubiubiu' )  [ RunTime:0.0010s ]
SQL: UPDATE `h_admin` SET `admin_id`='2',`admin_name`='biubiubiubiu',`admin_password`='4deff9159dbe3005a4abb3acf1164f05',`status`='1',`last_login_ip`='0.0.0.0',`last_login_time`='1502248808',`avatar`=NULL,`email`=NULL,`email_code`=NULL,`phone`='17551106486',`register_time`=NULL,`supadmin`='0' WHERE ( admin_name='biubiubiubiu' ) [ RunTime:0.0010s ]

[ 2017-08-09T11:20:43+08:00 ] ::1 /Thinkphp_meddle/b2b2c/Admin/User/index.html
ERR: 无法加载控制器:User

[ 2017-08-09T11:26:53+08:00 ] ::1 /Thinkphp_meddle/b2b2c/Admin/public/login.html
INFO: [ app_begin ] --START--
INFO: Run Behavior\ReadHtmlCacheBehavior [ RunTime:0.001000s ]
INFO: [ app_begin ] --END-- [ RunTime:0.002000s ]
SQL: SHOW COLUMNS FROM `h_admin` [ RunTime:0.0030s ]
SQL: SELECT * FROM `h_admin` WHERE ( admin_name='admin' )  [ RunTime:0.0010s ]
SQL: UPDATE `h_admin` SET `admin_id`='1',`admin_name`='admin',`admin_password`='21232f297a57a5a743894a0e4a801fc3',`status`='1',`last_login_ip`='0.0.0.0',`last_login_time`='1502249213',`avatar`=NULL,`email`=NULL,`email_code`=NULL,`phone`='13952876486',`register_time`=NULL,`supadmin`='1' WHERE ( admin_name='admin' ) [ RunTime:0.0100s ]

[ 2017-08-09T13:25:36+08:00 ] ::1 /Thinkphp_meddle/b2b2c/Admin/Rule/index.html
ERR: 1054:Unknown column 'id' in 'order clause'
 [ SQL语句 ] : SELECT * FROM `h_auth_rule` ORDER BY id is null,`id` 

[ 2017-08-09T13:26:39+08:00 ] ::1 /Thinkphp_meddle/b2b2c/Admin/Nav/delete/id/22.html
ERR: 1054:Unknown column 'pid' in 'where clause'
 [ SQL语句 ] : SELECT COUNT(*) AS tp_count FROM `h_admin_nav` WHERE `pid` = '22' LIMIT 1  

[ 2017-08-09T13:37:43+08:00 ] ::1 /Thinkphp_meddle/b2b2c/Admin/Nav/add.html
ERR: 1054:Unknown column 'pid' in 'where clause'
 [ SQL语句 ] : SELECT `mca` FROM `h_admin_nav` WHERE `id` = 1 AND `pid` = 0 LIMIT 1  

[ 2017-08-09T14:27:13+08:00 ] ::1 /Thinkphp_meddle/b2b2c/Admin/Nav/delete/id/24.html
ERR: 1054:Unknown column 'pid' in 'where clause'
 [ SQL语句 ] : SELECT COUNT(*) AS tp_count FROM `h_admin_nav` WHERE `pid` = '24' LIMIT 1  

[ 2017-08-09T14:36:53+08:00 ] ::1 /Thinkphp_meddle/b2b2c/Admin/Rule/index.html
ERR: 1054:Unknown column 'id' in 'order clause'
 [ SQL语句 ] : SELECT * FROM `h_auth_rule` ORDER BY id is null,`id` 

[ 2017-08-09T14:42:58+08:00 ] ::1 /Thinkphp_meddle/b2b2c/Admin/Nav/add
ERR: 模板不存在:./Application/Admin/View/admin/index/index.html

[ 2017-08-09T14:56:58+08:00 ] ::1 /Thinkphp_meddle/b2b2c/Admin/public/login.html
INFO: [ app_begin ] --START--
INFO: Run Behavior\ReadHtmlCacheBehavior [ RunTime:0.002000s ]
INFO: [ app_begin ] --END-- [ RunTime:0.003000s ]
SQL: SHOW COLUMNS FROM `h_admin` [ RunTime:0.0580s ]
SQL: SELECT * FROM `h_admin` WHERE ( admin_name='biubiubiubiu' )  [ RunTime:0.1070s ]

[ 2017-08-09T14:57:16+08:00 ] ::1 /Thinkphp_meddle/b2b2c/Admin/public/login.html
INFO: [ app_begin ] --START--
INFO: Run Behavior\ReadHtmlCacheBehavior [ RunTime:0.003000s ]
INFO: [ app_begin ] --END-- [ RunTime:0.004000s ]
SQL: SHOW COLUMNS FROM `h_admin` [ RunTime:0.1040s ]
SQL: SELECT * FROM `h_admin` WHERE ( admin_name='biubiubiubiu' )  [ RunTime:0.0010s ]
SQL: UPDATE `h_admin` SET `admin_id`='2',`admin_name`='biubiubiubiu',`admin_password`='4deff9159dbe3005a4abb3acf1164f05',`status`='1',`last_login_ip`='0.0.0.0',`last_login_time`='1502261836',`avatar`=NULL,`email`=NULL,`email_code`=NULL,`phone`='17551106486',`register_time`=NULL,`supadmin`='0' WHERE ( admin_name='biubiubiubiu' ) [ RunTime:0.0570s ]

[ 2017-08-09T15:05:32+08:00 ] ::1 /Thinkphp_meddle/b2b2c/Admin/public/login.html
INFO: [ app_begin ] --START--
INFO: Run Behavior\ReadHtmlCacheBehavior [ RunTime:0.002000s ]
INFO: [ app_begin ] --END-- [ RunTime:0.003000s ]
SQL: SHOW COLUMNS FROM `h_admin` [ RunTime:0.1290s ]
SQL: SELECT * FROM `h_admin` WHERE ( admin_name='admin' )  [ RunTime:0.0160s ]
SQL: UPDATE `h_admin` SET `admin_id`='1',`admin_name`='admin',`admin_password`='21232f297a57a5a743894a0e4a801fc3',`status`='1',`last_login_ip`='0.0.0.0',`last_login_time`='1502262332',`avatar`=NULL,`email`=NULL,`email_code`=NULL,`phone`='13952876486',`register_time`=NULL,`supadmin`='1' WHERE ( admin_name='admin' ) [ RunTime:0.0110s ]

[ 2017-08-09T15:38:05+08:00 ] ::1 /Thinkphp_meddle/b2b2c/Admin/Nav/delete/id/33.html
ERR: 1054:Unknown column 'id' in 'where clause'
 [ SQL语句 ] : SELECT * FROM `h_auth_rule` WHERE `id` = '33' LIMIT 1  

[ 2017-08-09T16:04:59+08:00 ] ::1 /Thinkphp_meddle/b2b2c/Admin/Nav/delete/id/32.html
ERR: 1064:You have an error in your SQL syntax; check the manual that corresponds to your MySQL server version for the right syntax to use near ''32'' )' at line 1
 [ SQL语句 ] : DELETE FROM `h_admin_nav` WHERE ( id='32'' )

[ 2017-08-09T16:08:50+08:00 ] ::1 /Thinkphp_meddle/b2b2c/Admin/Rule/index.html
ERR: 1054:Unknown column 'id' in 'order clause'
 [ SQL语句 ] : SELECT * FROM `h_auth_rule` ORDER BY id is null,`id` 

[ 2017-08-09T16:09:02+08:00 ] ::1 /Thinkphp_meddle/b2b2c/Admin/User/index.html
ERR: 无法加载控制器:User

[ 2017-08-09T17:33:40+08:00 ] ::1 /Thinkphp_meddle/b2b2c/Admin/Rule/index.html
ERR: 1054:Unknown column 'id' in 'order clause'
 [ SQL语句 ] : SELECT * FROM `h_auth_rule` ORDER BY id is null,`id` 

[ 2017-08-09T17:33:58+08:00 ] ::1 /Thinkphp_meddle/b2b2c/Admin/Rule/rule_group/id/9.html
ERR: 1054:Unknown column 'id' in 'order clause'
 [ SQL语句 ] : SELECT * FROM `h_auth_rule` ORDER BY id is null,`id` 

[ 2017-08-09T18:56:04+08:00 ] ::1 /Thinkphp_meddle/b2b2c/Admin/Rule/index.html
ERR: 1054:Unknown column 'id' in 'order clause'
 [ SQL语句 ] : SELECT * FROM `h_auth_rule` ORDER BY id is null,`id` 

[ 2017-08-09T18:56:07+08:00 ] ::1 /Thinkphp_meddle/b2b2c/Admin/Nav/indexhmmsss.html
ERR: 非法操作:indexhmmsss

[ 2017-08-09T18:56:15+08:00 ] ::1 /Thinkphp_meddle/b2b2c/Admin/Rule/index.html
ERR: 1054:Unknown column 'id' in 'order clause'
 [ SQL语句 ] : SELECT * FROM `h_auth_rule` ORDER BY id is null,`id` 

[ 2017-08-09T19:02:47+08:00 ] ::1 /Thinkphp_meddle/b2b2c/Admin/Rule/index.html
ERR: 1054:Unknown column 'id' in 'order clause'
 [ SQL语句 ] : SELECT * FROM `h_auth_rule` ORDER BY id is null,`id` 

[ 2017-08-09T19:02:51+08:00 ] ::1 /Thinkphp_meddle/b2b2c/Admin/Rule/index.html
ERR: 1054:Unknown column 'id' in 'order clause'
 [ SQL语句 ] : SELECT * FROM `h_auth_rule` ORDER BY id is null,`id` 

[ 2017-08-09T19:22:08+08:00 ] ::1 /Thinkphp_meddle/b2b2c/Admin/Rule/rule_group/id/9.html
ERR: 1054:Unknown column 'id' in 'order clause'
 [ SQL语句 ] : SELECT * FROM `h_auth_rule` ORDER BY id is null,`id` 

[ 2017-08-09T20:33:09+08:00 ] ::1 /Thinkphp_meddle/b2b2c/Admin/Rule/rule_group/id/9.html
ERR: 1054:Unknown column 'id' in 'order clause'
 [ SQL语句 ] : SELECT * FROM `h_auth_rule` ORDER BY id is null,`id` 

[ 2017-08-09T21:01:00+08:00 ] ::1 /Thinkphp_meddle/b2b2c/Admin/Rule/rule_group/id/10.html
ERR: 1054:Unknown column 'id' in 'order clause'
 [ SQL语句 ] : SELECT * FROM `h_auth_rule` ORDER BY id is null,`id` 

[ 2017-08-09T21:17:30+08:00 ] ::1 /Thinkphp_meddle/b2b2c/Admin/Nav/indexhmmsss.html
ERR: 非法操作:indexhmmsss

[ 2017-08-09T21:19:04+08:00 ] ::1 /Thinkphp_meddle/b2b2c/Admin/Rule/rule_group/id/10.html
ERR: 1054:Unknown column 'id' in 'order clause'
 [ SQL语句 ] : SELECT * FROM `h_auth_rule` ORDER BY id is null,`id` 

[ 2017-08-09T21:20:39+08:00 ] ::1 /Thinkphp_meddle/b2b2c/Admin/Rule/rule_group/id/10.html
ERR: 1054:Unknown column 'id' in 'order clause'
 [ SQL语句 ] : SELECT * FROM `h_auth_rule` ORDER BY id is null,`id` 

[ 2017-08-09T21:44:46+08:00 ] ::1 /Thinkphp_meddle/b2b2c/Admin/Rule/index.html
ERR: 1064:You have an error in your SQL syntax; check the manual that corresponds to your MySQL server version for the right syntax to use near '=='' )' at line 1
 [ SQL语句 ] : SELECT * FROM `h_auth_rule` WHERE ( nid=='' ) 

[ 2017-08-09T21:50:13+08:00 ] ::1 /Thinkphp_meddle/b2b2c/Admin/Rule/index.html
ERR: 1064:You have an error in your SQL syntax; check the manual that corresponds to your MySQL server version for the right syntax to use near '!='') )' at line 1
 [ SQL语句 ] : SELECT * FROM `h_auth_rule` WHERE ( r_fid not in (11) and nid not in(!='') ) 

[ 2017-08-09T21:51:47+08:00 ] ::1 /Thinkphp_meddle/b2b2c/Admin/Rule/index.html
ERR: 1054:Unknown column 'r_fid！' in 'where clause'
 [ SQL语句 ] : SELECT * FROM `h_auth_rule` WHERE ( r_fid>0 and r_fid！=11 ) 

[ 2017-08-09T22:08:58+08:00 ] ::1 /Thinkphp_meddle/b2b2c/Admin/Nav/indexhmmsss.html
ERR: 非法操作:indexhmmsss

