[ 2017-08-08T08:37:06+08:00 ] ::1 /Thinkphp_meddle/b2b2c/Admin/public/login.html
INFO: [ app_begin ] --START--
INFO: Run Behavior\ReadHtmlCacheBehavior [ RunTime:0.004001s ]
INFO: [ app_begin ] --END-- [ RunTime:0.006001s ]

[ 2017-08-08T08:37:11+08:00 ] ::1 /Thinkphp_meddle/b2b2c/Admin/public/login.html
INFO: [ app_begin ] --START--
INFO: Run Behavior\ReadHtmlCacheBehavior [ RunTime:0.001001s ]
INFO: [ app_begin ] --END-- [ RunTime:0.003001s ]

[ 2017-08-08T08:37:51+08:00 ] ::1 /Thinkphp_meddle/b2b2c/Admin/public/login.html
INFO: [ app_begin ] --START--
INFO: Run Behavior\ReadHtmlCacheBehavior [ RunTime:0.001000s ]
INFO: [ app_begin ] --END-- [ RunTime:0.003000s ]
SQL: SHOW COLUMNS FROM `mt_admin` [ RunTime:0.0420s ]
SQL: SELECT * FROM `mt_admin` WHERE `admin_name` = 'admin' LIMIT 1   [ RunTime:0.0020s ]

[ 2017-08-08T08:38:03+08:00 ] ::1 /Thinkphp_meddle/b2b2c/Admin/public/login.html
INFO: [ app_begin ] --START--
INFO: Run Behavior\ReadHtmlCacheBehavior [ RunTime:0.001000s ]
INFO: [ app_begin ] --END-- [ RunTime:0.002000s ]
SQL: SHOW COLUMNS FROM `mt_admin` [ RunTime:0.0470s ]
SQL: SELECT * FROM `mt_admin` WHERE `admin_name` = 'admin' LIMIT 1   [ RunTime:0.0000s ]

[ 2017-08-08T08:41:21+08:00 ] ::1 /Thinkphp_meddle/b2b2c/Admin/public/login.html
INFO: [ app_begin ] --START--
INFO: Run Behavior\ReadHtmlCacheBehavior [ RunTime:0.002000s ]
INFO: [ app_begin ] --END-- [ RunTime:0.003000s ]
SQL: SHOW COLUMNS FROM `mt_admin` [ RunTime:0.0230s ]
SQL: SELECT * FROM `mt_admin` WHERE `admin_name` = 'admin' LIMIT 1   [ RunTime:0.0010s ]
NOTIC: [8] Undefined index: status D:\webserver\wamp64\www\Thinkphp_meddle\b2b2c\Application\Admin\Controller\PublicController.class.php 第 36 行.

[ 2017-08-08T08:44:25+08:00 ] ::1 /Thinkphp_meddle/b2b2c/Admin/public/login.html
INFO: [ app_begin ] --START--
INFO: Run Behavior\ReadHtmlCacheBehavior [ RunTime:0.001000s ]
INFO: [ app_begin ] --END-- [ RunTime:0.004000s ]
SQL: SHOW COLUMNS FROM `mt_admin` [ RunTime:0.0030s ]
SQL: SELECT * FROM `mt_admin` WHERE `admin_name` = 'admin' LIMIT 1   [ RunTime:0.0010s ]
SQL: UPDATE `mt_admin` SET `admin_name`='admin',`admin_password`='21232f297a57a5a743894a0e4a801fc3',`status`='1' WHERE `id` = 1 [ RunTime:0.0010s ]

[ 2017-08-08T08:44:27+08:00 ] ::1 /Thinkphp_meddle/b2b2c/Admin/index/index.html
ERR: 1146:Table 'danrukou.mt_admin_nav' doesn't exist
 [ SQL语句 ] : SHOW COLUMNS FROM `mt_admin_nav`

[ 2017-08-08T08:55:05+08:00 ] ::1 /Thinkphp_meddle/b2b2c/Admin/index/index.html
ERR: 1146:Table 'danrukou.mt_admin_nav' doesn't exist
 [ SQL语句 ] : SHOW COLUMNS FROM `mt_admin_nav`

[ 2017-08-08T08:56:20+08:00 ] ::1 /Thinkphp_meddle/b2b2c/Admin/public/login.html
INFO: [ app_begin ] --START--
INFO: Run Behavior\ReadHtmlCacheBehavior [ RunTime:0.001000s ]
INFO: [ app_begin ] --END-- [ RunTime:0.003001s ]
SQL: SHOW COLUMNS FROM `mt_admin` [ RunTime:0.0260s ]
SQL: SELECT * FROM `mt_admin` WHERE `admin_name` = 'admin' LIMIT 1   [ RunTime:0.0010s ]
SQL: UPDATE `mt_admin` SET `admin_name`='admin',`admin_password`='21232f297a57a5a743894a0e4a801fc3',`status`='1' WHERE `id` = 1 [ RunTime:0.0010s ]

[ 2017-08-08T08:56:22+08:00 ] ::1 /Thinkphp_meddle/b2b2c/Admin/index/index.html
ERR: 1146:Table 'danrukou.mt_admin_nav' doesn't exist
 [ SQL语句 ] : SHOW COLUMNS FROM `mt_admin_nav`

[ 2017-08-08T08:57:03+08:00 ] ::1 /Thinkphp_meddle/b2b2c/Admin/public/login.html
INFO: [ app_begin ] --START--
INFO: Run Behavior\ReadHtmlCacheBehavior [ RunTime:0.002001s ]
INFO: [ app_begin ] --END-- [ RunTime:0.003001s ]

[ 2017-08-08T08:57:05+08:00 ] ::1 /Thinkphp_meddle/b2b2c/Admin/index/index.html
ERR: 1054:Unknown column 'order_number' in 'order clause'
 [ SQL语句 ] : SELECT * FROM `mt_admin_nav` ORDER BY order_number is null,`order_number` DESC,`id` 

[ 2017-08-08T08:57:39+08:00 ] ::1 /Thinkphp_meddle/b2b2c/Admin/public/login.html
INFO: [ app_begin ] --START--
INFO: Run Behavior\ReadHtmlCacheBehavior [ RunTime:0.002001s ]
INFO: [ app_begin ] --END-- [ RunTime:0.004001s ]
ERR: 1146:Table 'danrukou.mt_admin' doesn't exist
 [ SQL语句 ] : SHOW COLUMNS FROM `mt_admin`
ERR: 1146:Table 'danrukou.mt_admin' doesn't exist
 [ SQL语句 ] : SHOW COLUMNS FROM `mt_admin`

[ 2017-08-08T08:57:46+08:00 ] ::1 /Thinkphp_meddle/b2b2c/Admin/public/login.html
INFO: [ app_begin ] --START--
INFO: Run Behavior\ReadHtmlCacheBehavior [ RunTime:0.002000s ]
INFO: [ app_begin ] --END-- [ RunTime:0.003000s ]

[ 2017-08-08T08:57:47+08:00 ] ::1 /Thinkphp_meddle/b2b2c/Admin/index/index.html
ERR: 1054:Unknown column 'order_number' in 'order clause'
 [ SQL语句 ] : SELECT * FROM `mt_admin_nav` ORDER BY order_number is null,`order_number` DESC,`id` 

[ 2017-08-08T08:58:01+08:00 ] ::1 /Thinkphp_meddle/b2b2c/Admin/public/login.html
INFO: [ app_begin ] --START--
INFO: Run Behavior\ReadHtmlCacheBehavior [ RunTime:0.002000s ]
INFO: [ app_begin ] --END-- [ RunTime:0.002000s ]
ERR: 1146:Table 'danrukou.mt_admin' doesn't exist
 [ SQL语句 ] : SHOW COLUMNS FROM `mt_admin`
ERR: 1146:Table 'danrukou.mt_admin' doesn't exist
 [ SQL语句 ] : SHOW COLUMNS FROM `mt_admin`

[ 2017-08-08T08:58:04+08:00 ] ::1 /Thinkphp_meddle/b2b2c/Admin/public/login.html
INFO: [ app_begin ] --START--
INFO: Run Behavior\ReadHtmlCacheBehavior [ RunTime:0.001000s ]
INFO: [ app_begin ] --END-- [ RunTime:0.002000s ]

[ 2017-08-08T08:58:06+08:00 ] ::1 /Thinkphp_meddle/b2b2c/Admin/index/index.html
ERR: 1054:Unknown column 'order_number' in 'order clause'
 [ SQL语句 ] : SELECT * FROM `mt_admin_nav` ORDER BY order_number is null,`order_number` DESC,`id` 

[ 2017-08-08T08:58:44+08:00 ] ::1 /Thinkphp_meddle/b2b2c/Admin/public/login.html
INFO: [ app_begin ] --START--
INFO: Run Behavior\ReadHtmlCacheBehavior [ RunTime:0.001000s ]
INFO: [ app_begin ] --END-- [ RunTime:0.002000s ]

[ 2017-08-08T08:58:46+08:00 ] ::1 /Thinkphp_meddle/b2b2c/Admin/index/index.html
ERR: 1146:Table 'danrukou.mt_admin_nav' doesn't exist
 [ SQL语句 ] : SHOW COLUMNS FROM `mt_admin_nav`

[ 2017-08-08T08:59:46+08:00 ] ::1 /Thinkphp_meddle/b2b2c/Admin/public/login.html
INFO: [ app_begin ] --START--
INFO: Run Behavior\ReadHtmlCacheBehavior [ RunTime:0.002000s ]
INFO: [ app_begin ] --END-- [ RunTime:0.004000s ]

[ 2017-08-08T08:59:48+08:00 ] ::1 /Thinkphp_meddle/b2b2c/Admin/index/index.html
ERR: 1146:Table 'danrukou.mt_admin_nav' doesn't exist
 [ SQL语句 ] : SHOW COLUMNS FROM `mt_admin_nav`

[ 2017-08-08T09:00:19+08:00 ] ::1 /Thinkphp_meddle/b2b2c/Admin/public/login.html
INFO: [ app_begin ] --START--
INFO: Run Behavior\ReadHtmlCacheBehavior [ RunTime:0.006000s ]
INFO: [ app_begin ] --END-- [ RunTime:0.008000s ]

[ 2017-08-08T09:00:20+08:00 ] ::1 /Thinkphp_meddle/b2b2c/Admin/index/index.html
ERR: 1146:Table 'danrukou.mt_admin_nav' doesn't exist
 [ SQL语句 ] : SHOW COLUMNS FROM `mt_admin_nav`

[ 2017-08-08T09:03:13+08:00 ] ::1 /Thinkphp_meddle/b2b2c/Admin/public/login.html
INFO: [ app_begin ] --START--
INFO: Run Behavior\ReadHtmlCacheBehavior [ RunTime:0.001000s ]
INFO: [ app_begin ] --END-- [ RunTime:0.002000s ]
SQL: SHOW COLUMNS FROM `mt_admin` [ RunTime:0.0570s ]
SQL: SELECT * FROM `mt_admin` WHERE `admin_name` = 'admin' LIMIT 1   [ RunTime:0.0010s ]
SQL: UPDATE `mt_admin` SET `admin_name`='admin',`admin_password`='21232f297a57a5a743894a0e4a801fc3',`status`='1' WHERE `id` = 1 [ RunTime:0.0010s ]
NOTIC: [2] Cannot modify header information - headers already sent by (output started at D:\webserver\wamp64\www\Thinkphp_meddle\b2b2c\Application\Admin\Controller\PublicController.class.php:25) D:\webserver\wamp64\www\Thinkphp_meddle\b2b2c\ThinkPHP\Library\Think\Controller.class.php 第 236 行.

[ 2017-08-08T09:03:29+08:00 ] ::1 /Thinkphp_meddle/b2b2c/Admin/index/index.html
ERR: 1146:Table 'danrukou.mt_admin_nav' doesn't exist
 [ SQL语句 ] : SHOW COLUMNS FROM `mt_admin_nav`

[ 2017-08-08T09:03:33+08:00 ] ::1 /Thinkphp_meddle/b2b2c/Admin/index/index.html
ERR: 1146:Table 'danrukou.mt_admin_nav' doesn't exist
 [ SQL语句 ] : SHOW COLUMNS FROM `mt_admin_nav`

[ 2017-08-08T09:03:47+08:00 ] ::1 /Thinkphp_meddle/b2b2c/Admin/public/login.html
INFO: [ app_begin ] --START--
INFO: Run Behavior\ReadHtmlCacheBehavior [ RunTime:0.001000s ]
INFO: [ app_begin ] --END-- [ RunTime:0.002000s ]
SQL: SHOW COLUMNS FROM `mt_admin` [ RunTime:0.0350s ]
SQL: SELECT * FROM `mt_admin` WHERE `admin_name` = 'admin' LIMIT 1   [ RunTime:0.0010s ]
SQL: UPDATE `mt_admin` SET `admin_name`='admin',`admin_password`='21232f297a57a5a743894a0e4a801fc3',`status`='1' WHERE `id` = 1 [ RunTime:0.0020s ]
NOTIC: [2] Cannot modify header information - headers already sent by (output started at D:\webserver\wamp64\www\Thinkphp_meddle\b2b2c\Application\Admin\Controller\PublicController.class.php:25) D:\webserver\wamp64\www\Thinkphp_meddle\b2b2c\ThinkPHP\Library\Think\Controller.class.php 第 236 行.

[ 2017-08-08T09:03:57+08:00 ] ::1 /Thinkphp_meddle/b2b2c/Admin/public/login.html
INFO: [ app_begin ] --START--
INFO: Run Behavior\ReadHtmlCacheBehavior [ RunTime:0.001000s ]
INFO: [ app_begin ] --END-- [ RunTime:0.002000s ]

[ 2017-08-08T09:03:58+08:00 ] ::1 /Thinkphp_meddle/b2b2c/Admin/index/index.html
ERR: 1146:Table 'danrukou.mt_admin_nav' doesn't exist
 [ SQL语句 ] : SHOW COLUMNS FROM `mt_admin_nav`

[ 2017-08-08T09:04:26+08:00 ] ::1 /Thinkphp_meddle/b2b2c/Admin/public/login.html
INFO: [ app_begin ] --START--
INFO: Run Behavior\ReadHtmlCacheBehavior [ RunTime:0.001000s ]
INFO: [ app_begin ] --END-- [ RunTime:0.002000s ]
ERR: 1146:Table 'danrukou.mt_admin' doesn't exist
 [ SQL语句 ] : SHOW COLUMNS FROM `mt_admin`
ERR: 1146:Table 'danrukou.mt_admin' doesn't exist
 [ SQL语句 ] : SHOW COLUMNS FROM `mt_admin`

[ 2017-08-08T09:04:32+08:00 ] ::1 /Thinkphp_meddle/b2b2c/Admin/public/login.html
INFO: [ app_begin ] --START--
INFO: Run Behavior\ReadHtmlCacheBehavior [ RunTime:0.002000s ]
INFO: [ app_begin ] --END-- [ RunTime:0.002000s ]

[ 2017-08-08T09:04:34+08:00 ] ::1 /Thinkphp_meddle/b2b2c/Admin/index/index.html
ERR: 1054:Unknown column 'order_number' in 'order clause'
 [ SQL语句 ] : SELECT * FROM `mt_admin_nav` ORDER BY order_number is null,`order_number` DESC,`id` 

[ 2017-08-08T09:09:48+08:00 ] ::1 /Thinkphp_meddle/b2b2c/Admin/public/login.html
INFO: [ app_begin ] --START--
INFO: Run Behavior\ReadHtmlCacheBehavior [ RunTime:0.001000s ]
INFO: [ app_begin ] --END-- [ RunTime:0.002000s ]
NOTIC: [8] Array to string conversion D:\webserver\wamp64\www\Thinkphp_meddle\b2b2c\Application\Admin\Controller\PublicController.class.php 第 25 行.
SQL: select * from mt_admin where admin_name='Array' [ RunTime:0.0120s ]

[ 2017-08-08T09:09:49+08:00 ] ::1 /Thinkphp_meddle/b2b2c/Admin/index/index.html
ERR: 1146:Table 'danrukou.mt_admin_nav' doesn't exist
 [ SQL语句 ] : SHOW COLUMNS FROM `mt_admin_nav`

[ 2017-08-08T09:10:44+08:00 ] ::1 /Thinkphp_meddle/b2b2c/Admin/public/login.html
INFO: [ app_begin ] --START--
INFO: Run Behavior\ReadHtmlCacheBehavior [ RunTime:0.001000s ]
INFO: [ app_begin ] --END-- [ RunTime:0.002000s ]

[ 2017-08-08T09:10:46+08:00 ] ::1 /Thinkphp_meddle/b2b2c/Admin/index/index.html
ERR: 1054:Unknown column 'order_number' in 'order clause'
 [ SQL语句 ] : SELECT * FROM `mt_admin_nav` ORDER BY order_number is null,`order_number` DESC,`id` 

[ 2017-08-08T09:11:59+08:00 ] ::1 /Thinkphp_meddle/b2b2c/Admin/index/index.html
ERR: 1054:Unknown column 'order_number' in 'order clause'
 [ SQL语句 ] : SELECT * FROM `mt_admin_nav` ORDER BY order_number is null,`order_number` DESC,`id` 

[ 2017-08-08T09:12:03+08:00 ] ::1 /Thinkphp_meddle/b2b2c/Admin/index/index.html
ERR: 1054:Unknown column 'order_number' in 'order clause'
 [ SQL语句 ] : SELECT * FROM `mt_admin_nav` ORDER BY order_number is null,`order_number` DESC,`id` 

[ 2017-08-08T09:12:18+08:00 ] ::1 /Thinkphp_meddle/b2b2c/Admin/public/login.html
INFO: [ app_begin ] --START--
INFO: Run Behavior\ReadHtmlCacheBehavior [ RunTime:0.001000s ]
INFO: [ app_begin ] --END-- [ RunTime:0.002000s ]

[ 2017-08-08T09:12:20+08:00 ] ::1 /Thinkphp_meddle/b2b2c/Admin/index/index.html
ERR: 1054:Unknown column 'order_number' in 'order clause'
 [ SQL语句 ] : SELECT * FROM `mt_admin_nav` ORDER BY order_number is null,`order_number` DESC,`id` 

[ 2017-08-08T09:16:24+08:00 ] ::1 /Thinkphp_meddle/b2b2c/Admin/public/login.html
INFO: [ app_begin ] --START--
INFO: Run Behavior\ReadHtmlCacheBehavior [ RunTime:0.001000s ]
INFO: [ app_begin ] --END-- [ RunTime:0.002000s ]
NOTIC: [8] Array to string conversion D:\webserver\wamp64\www\Thinkphp_meddle\b2b2c\Application\Admin\Controller\PublicController.class.php 第 25 行.
SQL: select * from mt_admin_nav where admin_name='Array' [ RunTime:0.0010s ]
INFO: [ app_end ] --START--
INFO: Run Behavior\ShowPageTraceBehavior [ RunTime:0.002000s ]
INFO: [ app_end ] --END-- [ RunTime:0.002000s ]

[ 2017-08-08T09:16:27+08:00 ] ::1 /Thinkphp_meddle/b2b2c/Admin/public/login.html
INFO: [ app_begin ] --START--
INFO: Run Behavior\ReadHtmlCacheBehavior [ RunTime:0.001000s ]
INFO: [ app_begin ] --END-- [ RunTime:0.003000s ]

[ 2017-08-08T09:16:29+08:00 ] ::1 /Thinkphp_meddle/b2b2c/Admin/index/index.html
ERR: 1054:Unknown column 'order_number' in 'order clause'
 [ SQL语句 ] : SELECT * FROM `mt_admin_nav` ORDER BY order_number is null,`order_number` DESC,`id` 

[ 2017-08-08T09:17:09+08:00 ] ::1 /Thinkphp_meddle/b2b2c/Admin/public/login.html
INFO: [ app_begin ] --START--
INFO: Run Behavior\ReadHtmlCacheBehavior [ RunTime:0.001000s ]
INFO: [ app_begin ] --END-- [ RunTime:0.002000s ]
NOTIC: [8] Array to string conversion D:\webserver\wamp64\www\Thinkphp_meddle\b2b2c\Application\Admin\Controller\PublicController.class.php 第 25 行.
ERR: 1146:Table 'danrukou.mt_admin_nav' doesn't exist
 [ SQL语句 ] : select * from mt_admin_nav where admin_name='Array'
ERR: 1146:Table 'danrukou.mt_admin_nav' doesn't exist
 [ SQL语句 ] : select * from mt_admin_nav where admin_name='Array'

[ 2017-08-08T09:17:12+08:00 ] ::1 /Thinkphp_meddle/b2b2c/Admin/public/login.html
INFO: [ app_begin ] --START--
INFO: Run Behavior\ReadHtmlCacheBehavior [ RunTime:0.001000s ]
INFO: [ app_begin ] --END-- [ RunTime:0.003000s ]

[ 2017-08-08T09:17:13+08:00 ] ::1 /Thinkphp_meddle/b2b2c/Admin/index/index.html
ERR: 1146:Table 'danrukou.mt_admin_nav' doesn't exist
 [ SQL语句 ] : SHOW COLUMNS FROM `mt_admin_nav`

[ 2017-08-08T09:20:31+08:00 ] ::1 /Thinkphp_meddle/b2b2c/Admin/public/login.html
INFO: [ app_begin ] --START--
INFO: Run Behavior\ReadHtmlCacheBehavior [ RunTime:0.002000s ]
INFO: [ app_begin ] --END-- [ RunTime:0.003000s ]
INFO: [ app_end ] --START--
INFO: Run Behavior\ShowPageTraceBehavior [ RunTime:0.002000s ]
INFO: [ app_end ] --END-- [ RunTime:0.002000s ]

[ 2017-08-08T09:20:37+08:00 ] ::1 /Thinkphp_meddle/b2b2c/Admin/public/login.html
INFO: [ app_begin ] --START--
INFO: Run Behavior\ReadHtmlCacheBehavior [ RunTime:0.002000s ]
INFO: [ app_begin ] --END-- [ RunTime:0.004000s ]

[ 2017-08-08T09:20:54+08:00 ] ::1 /Thinkphp_meddle/b2b2c/Admin/public/login.html
INFO: [ app_begin ] --START--
INFO: Run Behavior\ReadHtmlCacheBehavior [ RunTime:0.001000s ]
INFO: [ app_begin ] --END-- [ RunTime:0.003000s ]

[ 2017-08-08T09:20:55+08:00 ] ::1 /Thinkphp_meddle/b2b2c/Admin/public/login.html
INFO: [ app_begin ] --START--
INFO: Run Behavior\ReadHtmlCacheBehavior [ RunTime:0.001000s ]
INFO: [ app_begin ] --END-- [ RunTime:0.003000s ]
INFO: [ app_end ] --START--
INFO: Run Behavior\ShowPageTraceBehavior [ RunTime:0.002000s ]
INFO: [ app_end ] --END-- [ RunTime:0.002000s ]

[ 2017-08-08T09:21:06+08:00 ] ::1 /Thinkphp_meddle/b2b2c/Admin/public/login.html
INFO: [ app_begin ] --START--
INFO: Run Behavior\ReadHtmlCacheBehavior [ RunTime:0.002000s ]
INFO: [ app_begin ] --END-- [ RunTime:0.002000s ]

[ 2017-08-08T09:21:34+08:00 ] ::1 /Thinkphp_meddle/b2b2c/Admin/public/login.html
INFO: [ app_begin ] --START--
INFO: Run Behavior\ReadHtmlCacheBehavior [ RunTime:0.001000s ]
INFO: [ app_begin ] --END-- [ RunTime:0.003000s ]
INFO: [ app_end ] --START--
INFO: Run Behavior\ShowPageTraceBehavior [ RunTime:0.002000s ]
INFO: [ app_end ] --END-- [ RunTime:0.004000s ]

[ 2017-08-08T09:21:36+08:00 ] ::1 /Thinkphp_meddle/b2b2c/Admin/public/login.html
INFO: [ app_begin ] --START--
INFO: Run Behavior\ReadHtmlCacheBehavior [ RunTime:0.001000s ]
INFO: [ app_begin ] --END-- [ RunTime:0.003000s ]
INFO: [ app_end ] --START--
INFO: Run Behavior\ShowPageTraceBehavior [ RunTime:0.002000s ]
INFO: [ app_end ] --END-- [ RunTime:0.002000s ]

[ 2017-08-08T09:21:41+08:00 ] ::1 /Thinkphp_meddle/b2b2c/Admin/public/login.html
INFO: [ app_begin ] --START--
INFO: Run Behavior\ReadHtmlCacheBehavior [ RunTime:0.002000s ]
INFO: [ app_begin ] --END-- [ RunTime:0.003000s ]
INFO: [ app_end ] --START--
INFO: Run Behavior\ShowPageTraceBehavior [ RunTime:0.001001s ]
INFO: [ app_end ] --END-- [ RunTime:0.001001s ]

[ 2017-08-08T09:22:26+08:00 ] ::1 /Thinkphp_meddle/b2b2c/Admin/public/login.html
INFO: [ app_begin ] --START--
INFO: Run Behavior\ReadHtmlCacheBehavior [ RunTime:0.001000s ]
INFO: [ app_begin ] --END-- [ RunTime:0.002000s ]
INFO: [ app_end ] --START--
INFO: Run Behavior\ShowPageTraceBehavior [ RunTime:0.001000s ]
INFO: [ app_end ] --END-- [ RunTime:0.002000s ]

[ 2017-08-08T09:22:42+08:00 ] ::1 /Thinkphp_meddle/b2b2c/Admin/public/login.html
INFO: [ app_begin ] --START--
INFO: Run Behavior\ReadHtmlCacheBehavior [ RunTime:0.002000s ]
INFO: [ app_begin ] --END-- [ RunTime:0.003000s ]
INFO: [ app_end ] --START--
INFO: Run Behavior\ShowPageTraceBehavior [ RunTime:0.001000s ]
INFO: [ app_end ] --END-- [ RunTime:0.002000s ]

[ 2017-08-08T09:23:01+08:00 ] ::1 /Thinkphp_meddle/b2b2c/Admin/public/login.html
INFO: [ app_begin ] --START--
INFO: Run Behavior\ReadHtmlCacheBehavior [ RunTime:0.001001s ]
INFO: [ app_begin ] --END-- [ RunTime:0.003001s ]
INFO: [ app_end ] --START--
INFO: Run Behavior\ShowPageTraceBehavior [ RunTime:0.001000s ]
INFO: [ app_end ] --END-- [ RunTime:0.003000s ]

[ 2017-08-08T09:23:13+08:00 ] ::1 /Thinkphp_meddle/b2b2c/Admin/public/login.html
INFO: [ app_begin ] --START--
INFO: Run Behavior\ReadHtmlCacheBehavior [ RunTime:0.002000s ]
INFO: [ app_begin ] --END-- [ RunTime:0.004000s ]
INFO: [ app_end ] --START--
INFO: Run Behavior\ShowPageTraceBehavior [ RunTime:0.001001s ]
INFO: [ app_end ] --END-- [ RunTime:0.001001s ]

[ 2017-08-08T09:23:42+08:00 ] ::1 /Thinkphp_meddle/b2b2c/Admin/public/login.html
INFO: [ app_begin ] --START--
INFO: Run Behavior\ReadHtmlCacheBehavior [ RunTime:0.003000s ]
INFO: [ app_begin ] --END-- [ RunTime:0.004000s ]
INFO: [ app_end ] --START--
INFO: Run Behavior\ShowPageTraceBehavior [ RunTime:0.003000s ]
INFO: [ app_end ] --END-- [ RunTime:0.004000s ]

[ 2017-08-08T09:24:09+08:00 ] ::1 /Thinkphp_meddle/b2b2c/Admin/public/login.html
INFO: [ app_begin ] --START--
INFO: Run Behavior\ReadHtmlCacheBehavior [ RunTime:0.003000s ]
INFO: [ app_begin ] --END-- [ RunTime:0.004000s ]
INFO: [ app_end ] --START--
INFO: Run Behavior\ShowPageTraceBehavior [ RunTime:0.001000s ]
INFO: [ app_end ] --END-- [ RunTime:0.003000s ]

[ 2017-08-08T09:24:50+08:00 ] ::1 /Thinkphp_meddle/b2b2c/Admin/public/login.html
INFO: [ app_begin ] --START--
INFO: Run Behavior\ReadHtmlCacheBehavior [ RunTime:0.001000s ]
INFO: [ app_begin ] --END-- [ RunTime:0.002000s ]

[ 2017-08-08T09:26:03+08:00 ] ::1 /Thinkphp_meddle/b2b2c/Admin/public/login.html
INFO: [ app_begin ] --START--
INFO: Run Behavior\ReadHtmlCacheBehavior [ RunTime:0.002000s ]
INFO: [ app_begin ] --END-- [ RunTime:0.004001s ]
INFO: [ app_end ] --START--
INFO: Run Behavior\ShowPageTraceBehavior [ RunTime:0.001000s ]
INFO: [ app_end ] --END-- [ RunTime:0.001000s ]

[ 2017-08-08T09:26:38+08:00 ] ::1 /Thinkphp_meddle/b2b2c/Admin/public/login.html
INFO: [ app_begin ] --START--
INFO: Run Behavior\ReadHtmlCacheBehavior [ RunTime:0.003000s ]
INFO: [ app_begin ] --END-- [ RunTime:0.005000s ]
NOTIC: [8] Array to string conversion D:\webserver\wamp64\www\Thinkphp_meddle\b2b2c\Application\Admin\Controller\PublicController.class.php 第 25 行.
ERR: 1146:Table 'danrukou.mt_admin_nav' doesn't exist
 [ SQL语句 ] : select * from mt_admin_nav where admin_name='Array'
ERR: 1146:Table 'danrukou.mt_admin_nav' doesn't exist
 [ SQL语句 ] : select * from mt_admin_nav where admin_name='Array'

[ 2017-08-08T09:27:48+08:00 ] ::1 /Thinkphp_meddle/b2b2c/Admin/public/login.html
INFO: [ app_begin ] --START--
INFO: Run Behavior\ReadHtmlCacheBehavior [ RunTime:0.001000s ]
INFO: [ app_begin ] --END-- [ RunTime:0.003001s ]
SQL: SHOW COLUMNS FROM `mt_admin` [ RunTime:0.0150s ]
NOTIC: [8] Array to string conversion D:\webserver\wamp64\www\Thinkphp_meddle\b2b2c\Application\Admin\Controller\PublicController.class.php 第 25 行.
ERR: 1146:Table 'danrukou.mt_admin_nav' doesn't exist
 [ SQL语句 ] : select * from mt_admin_nav where admin_name='Array'
ERR: 1146:Table 'danrukou.mt_admin_nav' doesn't exist
 [ SQL语句 ] : select * from mt_admin_nav where admin_name='Array'

[ 2017-08-08T09:28:55+08:00 ] ::1 /Thinkphp_meddle/b2b2c/Admin/public/login.html
INFO: [ app_begin ] --START--
INFO: Run Behavior\ReadHtmlCacheBehavior [ RunTime:0.002000s ]
INFO: [ app_begin ] --END-- [ RunTime:0.004000s ]
SQL: SHOW COLUMNS FROM `mt_admin` [ RunTime:0.0030s ]
NOTIC: [8] Undefined variable: data D:\webserver\wamp64\www\Thinkphp_meddle\b2b2c\Application\Admin\Controller\PublicController.class.php 第 27 行.
INFO: [ app_end ] --START--
INFO: Run Behavior\ShowPageTraceBehavior [ RunTime:0.002000s ]
INFO: [ app_end ] --END-- [ RunTime:0.003000s ]

[ 2017-08-08T09:30:04+08:00 ] ::1 /Thinkphp_meddle/b2b2c/Admin/public/login.html
INFO: [ app_begin ] --START--
INFO: Run Behavior\ReadHtmlCacheBehavior [ RunTime:0.001000s ]
INFO: [ app_begin ] --END-- [ RunTime:0.003000s ]
SQL: SHOW COLUMNS FROM `mt_admin` [ RunTime:0.0750s ]
NOTIC: [8] Array to string conversion D:\webserver\wamp64\www\Thinkphp_meddle\b2b2c\Application\Admin\Controller\PublicController.class.php 第 25 行.
SQL: select * from mt_admin where admin_name='Array' [ RunTime:0.0010s ]
INFO: [ app_end ] --START--
INFO: Run Behavior\ShowPageTraceBehavior [ RunTime:0.002000s ]
INFO: [ app_end ] --END-- [ RunTime:0.002000s ]

[ 2017-08-08T09:30:44+08:00 ] ::1 /Thinkphp_meddle/b2b2c/Admin/public/login.html
INFO: [ app_begin ] --START--
INFO: Run Behavior\ReadHtmlCacheBehavior [ RunTime:0.001001s ]
INFO: [ app_begin ] --END-- [ RunTime:0.003001s ]
SQL: SHOW COLUMNS FROM `mt_admin` [ RunTime:0.0020s ]
SQL: select * from mt_admin  [ RunTime:0.0010s ]
INFO: [ app_end ] --START--
INFO: Run Behavior\ShowPageTraceBehavior [ RunTime:0.002000s ]
INFO: [ app_end ] --END-- [ RunTime:0.002000s ]

[ 2017-08-08T09:33:34+08:00 ] ::1 /Thinkphp_meddle/b2b2c/Admin/public/login.html
INFO: [ app_begin ] --START--
INFO: Run Behavior\ReadHtmlCacheBehavior [ RunTime:0.001000s ]
INFO: [ app_begin ] --END-- [ RunTime:0.002000s ]
SQL: SHOW COLUMNS FROM `mt_admin` [ RunTime:0.0310s ]
NOTIC: [8] Undefined variable: damin_db D:\webserver\wamp64\www\Thinkphp_meddle\b2b2c\Application\Admin\Controller\PublicController.class.php 第 25 行.

[ 2017-08-08T09:34:56+08:00 ] ::1 /Thinkphp_meddle/b2b2c/Admin/public/login.html
INFO: [ app_begin ] --START--
INFO: Run Behavior\ReadHtmlCacheBehavior [ RunTime:0.003000s ]
INFO: [ app_begin ] --END-- [ RunTime:0.004000s ]
SQL: SHOW COLUMNS FROM `mt_admin` [ RunTime:0.0100s ]
NOTIC: [8] Undefined variable: damin_db D:\webserver\wamp64\www\Thinkphp_meddle\b2b2c\Application\Admin\Controller\PublicController.class.php 第 26 行.

[ 2017-08-08T09:37:37+08:00 ] ::1 /Thinkphp_meddle/b2b2c/Admin/public/login.html
INFO: [ app_begin ] --START--
INFO: Run Behavior\ReadHtmlCacheBehavior [ RunTime:0.002000s ]
INFO: [ app_begin ] --END-- [ RunTime:0.006001s ]
SQL: SHOW COLUMNS FROM `mt_admin` [ RunTime:0.0020s ]
NOTIC: [8] Undefined variable: damin_db D:\webserver\wamp64\www\Thinkphp_meddle\b2b2c\Application\Admin\Controller\PublicController.class.php 第 27 行.

[ 2017-08-08T09:37:57+08:00 ] ::1 /Thinkphp_meddle/b2b2c/Admin/public/login.html
INFO: [ app_begin ] --START--
INFO: Run Behavior\ReadHtmlCacheBehavior [ RunTime:0.001000s ]
INFO: [ app_begin ] --END-- [ RunTime:0.002000s ]
SQL: SHOW COLUMNS FROM `mt_admin` [ RunTime:0.0120s ]
SQL: SELECT * FROM `mt_admin` WHERE ( admin_name='admin' )  [ RunTime:0.0010s ]
INFO: [ app_end ] --START--
INFO: Run Behavior\ShowPageTraceBehavior [ RunTime:0.001000s ]
INFO: [ app_end ] --END-- [ RunTime:0.002000s ]

[ 2017-08-08T09:40:30+08:00 ] ::1 /Thinkphp_meddle/b2b2c/Admin/public/login.html
INFO: [ app_begin ] --START--
INFO: Run Behavior\ReadHtmlCacheBehavior [ RunTime:0.001000s ]
INFO: [ app_begin ] --END-- [ RunTime:0.003000s ]
SQL: SHOW COLUMNS FROM `mt_admin` [ RunTime:0.0020s ]
SQL: SELECT * FROM `mt_admin` WHERE ( admin_name='admin' )  [ RunTime:0.0000s ]
NOTIC: [8] Undefined index: admin_password D:\webserver\wamp64\www\Thinkphp_meddle\b2b2c\Application\Admin\Controller\PublicController.class.php 第 34 行.

[ 2017-08-08T09:41:16+08:00 ] ::1 /Thinkphp_meddle/b2b2c/Admin/public/login.html
INFO: [ app_begin ] --START--
INFO: Run Behavior\ReadHtmlCacheBehavior [ RunTime:0.001000s ]
INFO: [ app_begin ] --END-- [ RunTime:0.003001s ]
SQL: SHOW COLUMNS FROM `mt_admin` [ RunTime:0.0170s ]
SQL: SELECT * FROM `mt_admin` WHERE ( admin_name='admin' )  [ RunTime:0.0020s ]

[ 2017-08-08T09:43:28+08:00 ] ::1 /Thinkphp_meddle/b2b2c/Admin/public/login.html
INFO: [ app_begin ] --START--
INFO: Run Behavior\ReadHtmlCacheBehavior [ RunTime:0.001001s ]
INFO: [ app_begin ] --END-- [ RunTime:0.005001s ]
SQL: SHOW COLUMNS FROM `mt_admin` [ RunTime:0.0200s ]
SQL: SELECT * FROM `mt_admin` WHERE ( admin_name='admin' )  [ RunTime:0.0010s ]

[ 2017-08-08T09:44:12+08:00 ] ::1 /Thinkphp_meddle/b2b2c/Admin/public/login.html
INFO: [ app_begin ] --START--
INFO: Run Behavior\ReadHtmlCacheBehavior [ RunTime:0.002000s ]
INFO: [ app_begin ] --END-- [ RunTime:0.003000s ]
SQL: SHOW COLUMNS FROM `mt_admin` [ RunTime:0.0500s ]
SQL: SELECT * FROM `mt_admin` WHERE ( admin_name='admin' )  [ RunTime:0.0000s ]
NOTIC: [8] Undefined index: admin_password D:\webserver\wamp64\www\Thinkphp_meddle\b2b2c\Application\Admin\Controller\PublicController.class.php 第 34 行.

[ 2017-08-08T09:44:38+08:00 ] ::1 /Thinkphp_meddle/b2b2c/Admin/public/login.html
INFO: [ app_begin ] --START--
INFO: Run Behavior\ReadHtmlCacheBehavior [ RunTime:0.001000s ]
INFO: [ app_begin ] --END-- [ RunTime:0.002000s ]
SQL: SHOW COLUMNS FROM `mt_admin` [ RunTime:0.0240s ]
SQL: SELECT * FROM `mt_admin` WHERE ( admin_name='admin' )  [ RunTime:0.0010s ]
NOTIC: [8] Undefined index: status D:\webserver\wamp64\www\Thinkphp_meddle\b2b2c\Application\Admin\Controller\PublicController.class.php 第 38 行.

[ 2017-08-08T09:45:29+08:00 ] ::1 /Thinkphp_meddle/b2b2c/Admin/public/login.html
INFO: [ app_begin ] --START--
INFO: Run Behavior\ReadHtmlCacheBehavior [ RunTime:0.004000s ]
INFO: [ app_begin ] --END-- [ RunTime:0.006000s ]
SQL: SHOW COLUMNS FROM `mt_admin` [ RunTime:0.0110s ]
SQL: SELECT * FROM `mt_admin` WHERE ( admin_name='admin' )  [ RunTime:0.0000s ]
INFO: [ app_end ] --START--
INFO: Run Behavior\ShowPageTraceBehavior [ RunTime:0.002000s ]
INFO: [ app_end ] --END-- [ RunTime:0.003000s ]

[ 2017-08-08T09:46:52+08:00 ] ::1 /Thinkphp_meddle/b2b2c/Admin/public/login.html
INFO: [ app_begin ] --START--
INFO: Run Behavior\ReadHtmlCacheBehavior [ RunTime:0.001000s ]
INFO: [ app_begin ] --END-- [ RunTime:0.003000s ]
SQL: SHOW COLUMNS FROM `mt_admin` [ RunTime:0.0150s ]
SQL: SELECT * FROM `mt_admin` WHERE ( admin_name='admin' )  [ RunTime:0.0000s ]
INFO: [ app_end ] --START--
INFO: Run Behavior\ShowPageTraceBehavior [ RunTime:0.002000s ]
INFO: [ app_end ] --END-- [ RunTime:0.002000s ]

[ 2017-08-08T09:47:27+08:00 ] ::1 /Thinkphp_meddle/b2b2c/Admin/public/login.html
INFO: [ app_begin ] --START--
INFO: Run Behavior\ReadHtmlCacheBehavior [ RunTime:0.003000s ]
INFO: [ app_begin ] --END-- [ RunTime:0.005000s ]
SQL: SHOW COLUMNS FROM `mt_admin` [ RunTime:0.0020s ]
SQL: SELECT * FROM `mt_admin` WHERE ( admin_name='admin' )  [ RunTime:0.0010s ]
SQL: UPDATE `mt_admin` SET `id`='1',`admin_name`='admin',`admin_password`='21232f297a57a5a743894a0e4a801fc3',`status`='1',`last_login_ip`='0.0.0.0',`last_login_time`='1502156847' WHERE ( admin_name='admin' ) [ RunTime:0.0170s ]

[ 2017-08-08T09:47:28+08:00 ] ::1 /Thinkphp_meddle/b2b2c/Admin/index/index.html
ERR: 1146:Table 'danrukou.mt_admin_nav' doesn't exist
 [ SQL语句 ] : SHOW COLUMNS FROM `mt_admin_nav`

[ 2017-08-08T09:51:45+08:00 ] ::1 /Thinkphp_meddle/b2b2c/Admin/public/login.html
INFO: [ app_begin ] --START--
INFO: Run Behavior\ReadHtmlCacheBehavior [ RunTime:0.002000s ]
INFO: [ app_begin ] --END-- [ RunTime:0.003000s ]
SQL: SHOW COLUMNS FROM `mt_admin` [ RunTime:0.0020s ]
SQL: SELECT * FROM `mt_admin` WHERE ( admin_name='admin' )  [ RunTime:0.0000s ]
SQL: UPDATE `mt_admin` SET `id`='1',`admin_name`='admin',`admin_password`='21232f297a57a5a743894a0e4a801fc3',`status`='1',`last_login_ip`='0.0.0.0',`last_login_time`='1502157105' WHERE ( admin_name='admin' ) [ RunTime:0.0050s ]

[ 2017-08-08T09:51:47+08:00 ] ::1 /Thinkphp_meddle/b2b2c/Admin/index/welcom.html
ERR: 1146:Table 'danrukou.mt_admin_nav' doesn't exist
 [ SQL语句 ] : SHOW COLUMNS FROM `mt_admin_nav`

[ 2017-08-08T09:57:18+08:00 ] ::1 /Thinkphp_meddle/b2b2c/Admin/public/login.html
INFO: [ app_begin ] --START--
INFO: Run Behavior\ReadHtmlCacheBehavior [ RunTime:0.002000s ]
INFO: [ app_begin ] --END-- [ RunTime:0.003000s ]
SQL: SHOW COLUMNS FROM `mt_admin` [ RunTime:0.1030s ]
SQL: SELECT * FROM `mt_admin` WHERE ( admin_name='admin' )  [ RunTime:0.0010s ]
SQL: UPDATE `mt_admin` SET `id`='1',`admin_name`='admin',`admin_password`='21232f297a57a5a743894a0e4a801fc3',`status`='1',`last_login_ip`='0.0.0.0',`last_login_time`='1502157438' WHERE ( admin_name='admin' ) [ RunTime:0.0010s ]

[ 2017-08-08T09:57:19+08:00 ] ::1 /Thinkphp_meddle/b2b2c/Admin/index/welcom.html
ERR: 1146:Table 'danrukou.mt_admin_nav' doesn't exist
 [ SQL语句 ] : SHOW COLUMNS FROM `mt_admin_nav`

[ 2017-08-08T09:57:39+08:00 ] ::1 /Thinkphp_meddle/b2b2c/Admin/public/login.html
INFO: [ app_begin ] --START--
INFO: Run Behavior\ReadHtmlCacheBehavior [ RunTime:0.001000s ]
INFO: [ app_begin ] --END-- [ RunTime:0.002000s ]
SQL: SHOW COLUMNS FROM `mt_admin` [ RunTime:0.0750s ]
SQL: SELECT * FROM `mt_admin` WHERE ( admin_name='admin' )  [ RunTime:0.0010s ]
SQL: UPDATE `mt_admin` SET `id`='1',`admin_name`='admin',`admin_password`='21232f297a57a5a743894a0e4a801fc3',`status`='1',`last_login_ip`='0.0.0.0',`last_login_time`='1502157459' WHERE ( admin_name='admin' ) [ RunTime:0.0000s ]

[ 2017-08-08T09:57:41+08:00 ] ::1 /Thinkphp_meddle/b2b2c/Admin/index/welcom.html
ERR: 1146:Table 'danrukou.mt_admin_nav' doesn't exist
 [ SQL语句 ] : SHOW COLUMNS FROM `mt_admin_nav`

[ 2017-08-08T10:00:50+08:00 ] ::1 /Thinkphp_meddle/b2b2c/Admin/index/index
ERR: 1146:Table 'danrukou.mt_admin_nav' doesn't exist
 [ SQL语句 ] : SHOW COLUMNS FROM `mt_admin_nav`

[ 2017-08-08T10:02:46+08:00 ] ::1 /Thinkphp_meddle/b2b2c/Admin/public/login.html
INFO: [ app_begin ] --START--
INFO: Run Behavior\ReadHtmlCacheBehavior [ RunTime:0.001000s ]
INFO: [ app_begin ] --END-- [ RunTime:0.002000s ]
SQL: SHOW COLUMNS FROM `mt_admin` [ RunTime:0.0130s ]
SQL: SELECT * FROM `mt_admin` WHERE ( admin_name='admin' )  [ RunTime:0.0010s ]
SQL: UPDATE `mt_admin` SET `id`='1',`admin_name`='admin',`admin_password`='21232f297a57a5a743894a0e4a801fc3',`status`='1',`last_login_ip`='0.0.0.0',`last_login_time`='1502157766' WHERE ( admin_name='admin' ) [ RunTime:0.0010s ]

[ 2017-08-08T10:02:47+08:00 ] ::1 /Thinkphp_meddle/b2b2c/Admin/index/welcom.html
ERR: 1146:Table 'danrukou.mt_admin_nav' doesn't exist
 [ SQL语句 ] : SHOW COLUMNS FROM `mt_admin_nav`

[ 2017-08-08T10:03:58+08:00 ] ::1 /Thinkphp_meddle/b2b2c/Admin/index/welcom.html
ERR: 1146:Table 'danrukou.mt_admin_nav' doesn't exist
 [ SQL语句 ] : SHOW COLUMNS FROM `mt_admin_nav`

[ 2017-08-08T10:04:08+08:00 ] ::1 /Thinkphp_meddle/b2b2c/Admin/public/login.html
INFO: [ app_begin ] --START--
INFO: Run Behavior\ReadHtmlCacheBehavior [ RunTime:0.001000s ]
INFO: [ app_begin ] --END-- [ RunTime:0.002000s ]
SQL: SHOW COLUMNS FROM `mt_admin` [ RunTime:0.0010s ]
SQL: SELECT * FROM `mt_admin` WHERE ( admin_name='admin' )  [ RunTime:0.0000s ]
SQL: UPDATE `mt_admin` SET `id`='1',`admin_name`='admin',`admin_password`='21232f297a57a5a743894a0e4a801fc3',`status`='1',`last_login_ip`='0.0.0.0',`last_login_time`='1502157848' WHERE ( admin_name='admin' ) [ RunTime:0.0010s ]

[ 2017-08-08T10:04:10+08:00 ] ::1 /Thinkphp_meddle/b2b2c/Admin/index/welcom.html
ERR: 1146:Table 'danrukou.mt_admin_nav' doesn't exist
 [ SQL语句 ] : SHOW COLUMNS FROM `mt_admin_nav`

[ 2017-08-08T10:05:51+08:00 ] ::1 /Thinkphp_meddle/b2b2c/index.php/admin/index
ERR: 1146:Table 'danrukou.mt_admin_nav' doesn't exist
 [ SQL语句 ] : SHOW COLUMNS FROM `mt_admin_nav`

[ 2017-08-08T10:07:08+08:00 ] ::1 /Thinkphp_meddle/b2b2c/index.php/admin/index
ERR: 1054:Unknown column 'order_number' in 'order clause'
 [ SQL语句 ] : SELECT * FROM `mt_admin_nav` ORDER BY order_number is null,`order_number` DESC,`id` 

[ 2017-08-08T10:10:30+08:00 ] ::1 /Thinkphp_meddle/b2b2c/index.php/admin/index
ERR: 1054:Unknown column 'order_number' in 'order clause'
 [ SQL语句 ] : SELECT * FROM `mt_admin_nav` ORDER BY order_number is null,`order_number` DESC,`id` 

[ 2017-08-08T10:10:45+08:00 ] ::1 /Thinkphp_meddle/b2b2c/index.php/admin/index
ERR: 1054:Unknown column 'order_number' in 'order clause'
 [ SQL语句 ] : SELECT * FROM `mt_admin_nav` ORDER BY order_number is null,`order_number` DESC,`id` 

[ 2017-08-08T10:16:40+08:00 ] ::1 /Thinkphp_meddle/b2b2c/index.php/admin/index/index
ERR: 1054:Unknown column 'order_number' in 'order clause'
 [ SQL语句 ] : SELECT * FROM `mt_admin_nav` ORDER BY order_number is null,`order_number` DESC,`id` 

[ 2017-08-08T10:25:28+08:00 ] ::1 /Thinkphp_meddle/b2b2c/index.php/admin/index/index
ERR: 1054:Unknown column 'order_number' in 'order clause'
 [ SQL语句 ] : SELECT * FROM `mt_admin_nav` ORDER BY order_number is null,`order_number` DESC,`id` 

[ 2017-08-08T13:24:16+08:00 ] ::1 /Thinkphp_meddle/b2b2c/Admin/public/login.html
INFO: [ app_begin ] --START--
INFO: Run Behavior\ReadHtmlCacheBehavior [ RunTime:0.001000s ]
INFO: [ app_begin ] --END-- [ RunTime:0.002000s ]
SQL: SHOW COLUMNS FROM `h_admin` [ RunTime:0.2060s ]
SQL: SELECT * FROM `h_admin` WHERE ( admin_name='admin' )  [ RunTime:0.0950s ]

[ 2017-08-08T13:26:56+08:00 ] ::1 /Thinkphp_meddle/b2b2c/Admin/public/login.html
INFO: [ app_begin ] --START--
INFO: Run Behavior\ReadHtmlCacheBehavior [ RunTime:0.001000s ]
INFO: [ app_begin ] --END-- [ RunTime:0.002000s ]
SQL: SHOW COLUMNS FROM `h_admin` [ RunTime:0.0420s ]
SQL: SELECT * FROM `h_admin` WHERE ( admin_name='admin' )  [ RunTime:0.0010s ]
SQL: UPDATE `h_admin` SET `admin_id`='1',`admin_name`='admin',`admin_password`='21232f297a57a5a743894a0e4a801fc3',`status`='1',`last_login_ip`='0.0.0.0',`last_login_time`='1502170016',`avatar`=NULL,`email`=NULL,`email_code`=NULL,`phone`='13952876486',`register_time`=NULL WHERE ( admin_name='admin' ) [ RunTime:0.0620s ]

[ 2017-08-08T13:29:54+08:00 ] ::1 /Thinkphp_meddle/b2b2c/Admin/public/login.html
INFO: [ app_begin ] --START--
INFO: Run Behavior\ReadHtmlCacheBehavior [ RunTime:0.001000s ]
INFO: [ app_begin ] --END-- [ RunTime:0.002000s ]
SQL: SHOW COLUMNS FROM `h_admin` [ RunTime:0.3310s ]
SQL: SELECT * FROM `h_admin` WHERE ( admin_name='admin' )  [ RunTime:0.0010s ]
SQL: UPDATE `h_admin` SET `admin_id`='1',`admin_name`='admin',`admin_password`='21232f297a57a5a743894a0e4a801fc3',`status`='1',`last_login_ip`='0.0.0.0',`last_login_time`='1502170193',`avatar`=NULL,`email`=NULL,`email_code`=NULL,`phone`='13952876486',`register_time`=NULL WHERE ( admin_name='admin' ) [ RunTime:0.8991s ]

[ 2017-08-08T13:35:07+08:00 ] ::1 /Thinkphp_meddle/b2b2c/Admin/public/login.html
INFO: [ app_begin ] --START--
INFO: Run Behavior\ReadHtmlCacheBehavior [ RunTime:0.001000s ]
INFO: [ app_begin ] --END-- [ RunTime:0.002000s ]
SQL: SHOW COLUMNS FROM `h_admin` [ RunTime:0.0770s ]
SQL: SELECT * FROM `h_admin` WHERE ( admin_name='admin' )  [ RunTime:0.0010s ]
SQL: UPDATE `h_admin` SET `admin_id`='1',`admin_name`='admin',`admin_password`='21232f297a57a5a743894a0e4a801fc3',`status`='1',`last_login_ip`='0.0.0.0',`last_login_time`='1502170507',`avatar`=NULL,`email`=NULL,`email_code`=NULL,`phone`='13952876486',`register_time`=NULL WHERE ( admin_name='admin' ) [ RunTime:0.0350s ]

[ 2017-08-08T13:44:55+08:00 ] ::1 /Thinkphp_meddle/b2b2c/Admin/public/login.html
INFO: [ app_begin ] --START--
INFO: Run Behavior\ReadHtmlCacheBehavior [ RunTime:0.007001s ]
INFO: [ app_begin ] --END-- [ RunTime:0.008001s ]
SQL: SHOW COLUMNS FROM `h_admin` [ RunTime:0.0800s ]
SQL: SELECT * FROM `h_admin` WHERE ( admin_name='admin' )  [ RunTime:0.0010s ]
SQL: UPDATE `h_admin` SET `admin_id`='1',`admin_name`='admin',`admin_password`='21232f297a57a5a743894a0e4a801fc3',`status`='1',`last_login_ip`='0.0.0.0',`last_login_time`='1502171094',`avatar`=NULL,`email`=NULL,`email_code`=NULL,`phone`='13952876486',`register_time`=NULL WHERE ( admin_name='admin' ) [ RunTime:0.0510s ]

[ 2017-08-08T14:10:05+08:00 ] ::1 /Thinkphp_meddle/b2b2c/Admin/public/login.html
INFO: [ app_begin ] --START--
INFO: Run Behavior\ReadHtmlCacheBehavior [ RunTime:0.001001s ]
INFO: [ app_begin ] --END-- [ RunTime:0.002001s ]
SQL: SHOW COLUMNS FROM `h_admin` [ RunTime:0.1600s ]
SQL: SELECT * FROM `h_admin` WHERE ( admin_name='admin' )  [ RunTime:0.0010s ]
SQL: UPDATE `h_admin` SET `admin_id`='1',`admin_name`='admin',`admin_password`='21232f297a57a5a743894a0e4a801fc3',`status`='1',`last_login_ip`='0.0.0.0',`last_login_time`='1502172605',`avatar`=NULL,`email`=NULL,`email_code`=NULL,`phone`='13952876486',`register_time`=NULL WHERE ( admin_name='admin' ) [ RunTime:0.0650s ]

[ 2017-08-08T14:46:33+08:00 ] ::1 /Thinkphp_meddle/b2b2c/Admin/public/login.html
INFO: [ app_begin ] --START--
INFO: Run Behavior\ReadHtmlCacheBehavior [ RunTime:0.002000s ]
INFO: [ app_begin ] --END-- [ RunTime:0.002000s ]
SQL: SHOW COLUMNS FROM `h_admin` [ RunTime:0.0190s ]
SQL: SELECT * FROM `h_admin` WHERE ( admin_name='admin' )  [ RunTime:0.0010s ]
SQL: UPDATE `h_admin` SET `admin_id`='1',`admin_name`='admin',`admin_password`='21232f297a57a5a743894a0e4a801fc3',`status`='1',`last_login_ip`='0.0.0.0',`last_login_time`='1502174793',`avatar`=NULL,`email`=NULL,`email_code`=NULL,`phone`='13952876486',`register_time`=NULL WHERE ( admin_name='admin' ) [ RunTime:0.0190s ]

[ 2017-08-08T15:47:39+08:00 ] ::1 /Thinkphp_meddle/b2b2c/Admin/Index/welcome.html
ERR: 1064:You have an error in your SQL syntax; check the manual that corresponds to your MySQL server version for the right syntax to use near '==1 )' at line 1
 [ SQL语句 ] : SELECT * FROM `h_admin_nav` WHERE ( pc_level==1 ) 

[ 2017-08-08T15:47:43+08:00 ] ::1 /Thinkphp_meddle/b2b2c/Admin/index/index.html
ERR: 1064:You have an error in your SQL syntax; check the manual that corresponds to your MySQL server version for the right syntax to use near '==1 )' at line 1
 [ SQL语句 ] : SELECT * FROM `h_admin_nav` WHERE ( pc_level==1 ) 

[ 2017-08-08T16:21:47+08:00 ] ::1 /Thinkphp_meddle/b2b2c/Admin/public/login.html
INFO: [ app_begin ] --START--
INFO: Run Behavior\ReadHtmlCacheBehavior [ RunTime:0.004000s ]
INFO: [ app_begin ] --END-- [ RunTime:0.005000s ]
SQL: SHOW COLUMNS FROM `h_admin` [ RunTime:0.0540s ]
SQL: SELECT * FROM `h_admin` WHERE ( admin_name='admin' )  [ RunTime:0.0360s ]
SQL: UPDATE `h_admin` SET `admin_id`='1',`admin_name`='admin',`admin_password`='21232f297a57a5a743894a0e4a801fc3',`status`='1',`last_login_ip`='0.0.0.0',`last_login_time`='1502180507',`avatar`=NULL,`email`=NULL,`email_code`=NULL,`phone`='13952876486',`register_time`=NULL WHERE ( admin_name='admin' ) [ RunTime:0.0790s ]

[ 2017-08-08T16:54:23+08:00 ] ::1 /Thinkphp_meddle/b2b2c/Admin/Index/$n.mca.html
ERR: 非法操作:$n.mca

[ 2017-08-08T16:54:25+08:00 ] ::1 /Thinkphp_meddle/b2b2c/Admin/Index/$n.mca.html
ERR: 非法操作:$n.mca

[ 2017-08-08T16:54:25+08:00 ] ::1 /Thinkphp_meddle/b2b2c/Admin/Index/$n.mca.html
ERR: 非法操作:$n.mca

[ 2017-08-08T16:54:26+08:00 ] ::1 /Thinkphp_meddle/b2b2c/Admin/Index/$n.mca.html
ERR: 非法操作:$n.mca

[ 2017-08-08T16:54:26+08:00 ] ::1 /Thinkphp_meddle/b2b2c/Admin/Index/$n.mca.html
ERR: 非法操作:$n.mca

[ 2017-08-08T16:54:27+08:00 ] ::1 /Thinkphp_meddle/b2b2c/Admin/Index/$n.mca.html
ERR: 非法操作:$n.mca

[ 2017-08-08T16:54:27+08:00 ] ::1 /Thinkphp_meddle/b2b2c/Admin/Index/$n.mca.html
ERR: 非法操作:$n.mca

[ 2017-08-08T21:17:31+08:00 ] ::1 /Thinkphp_meddle/b2b2c/Admin/Rule/index.html
ERR: 1054:Unknown column 'id' in 'order clause'
 [ SQL语句 ] : SELECT * FROM `h_auth_rule` ORDER BY id is null,`id` 

[ 2017-08-08T21:30:33+08:00 ] ::1 /Thinkphp_meddle/b2b2c/Admin/Rule/index.html
ERR: 1054:Unknown column 'id' in 'order clause'
 [ SQL语句 ] : SELECT * FROM `h_auth_rule` ORDER BY id is null,`id` 

[ 2017-08-08T21:30:42+08:00 ] ::1 /Thinkphp_meddle/b2b2c/Admin/Rule/index.html
ERR: 1054:Unknown column 'id' in 'order clause'
 [ SQL语句 ] : SELECT * FROM `h_auth_rule` ORDER BY id is null,`id` 

[ 2017-08-08T21:32:33+08:00 ] ::1 /Thinkphp_meddle/b2b2c/Admin/Rule/index.html
ERR: 1054:Unknown column 'id' in 'order clause'
 [ SQL语句 ] : SELECT * FROM `h_auth_rule` ORDER BY id is null,`id` 

[ 2017-08-08T21:33:30+08:00 ] ::1 /Thinkphp_meddle/b2b2c/Admin/Rule/index.html
ERR: 1054:Unknown column 'id' in 'order clause'
 [ SQL语句 ] : SELECT * FROM `h_auth_rule` ORDER BY id is null,`id` 

[ 2017-08-08T21:44:03+08:00 ] ::1 /Thinkphp_meddle/b2b2c/Admin/Rule/index.html
ERR: 1054:Unknown column 'id' in 'order clause'
 [ SQL语句 ] : SELECT * FROM `h_auth_rule` ORDER BY id is null,`id` 

[ 2017-08-08T21:46:49+08:00 ] ::1 /Thinkphp_meddle/b2b2c/Admin/Rule/index.html
ERR: 1054:Unknown column 'id' in 'order clause'
 [ SQL语句 ] : SELECT * FROM `h_auth_rule` ORDER BY id is null,`id` 

[ 2017-08-08T21:55:00+08:00 ] ::1 /Thinkphp_meddle/b2b2c/Admin/Rule/index.html
ERR: 1054:Unknown column 'id' in 'order clause'
 [ SQL语句 ] : SELECT * FROM `h_auth_rule` ORDER BY id is null,`id` 

[ 2017-08-08T21:59:33+08:00 ] ::1 /Thinkphp_meddle/b2b2c/Admin/Rule/index.html
ERR: 1054:Unknown column 'id' in 'order clause'
 [ SQL语句 ] : SELECT * FROM `h_auth_rule` ORDER BY id is null,`id` 

[ 2017-08-08T21:59:48+08:00 ] ::1 /Thinkphp_meddle/b2b2c/Admin/Rule/index.html
ERR: 1054:Unknown column 'id' in 'order clause'
 [ SQL语句 ] : SELECT * FROM `h_auth_rule` ORDER BY id is null,`id` 

[ 2017-08-08T22:04:28+08:00 ] ::1 /Thinkphp_meddle/b2b2c/Admin/Rule/index.html
ERR: 1054:Unknown column 'id' in 'order clause'
 [ SQL语句 ] : SELECT * FROM `h_auth_rule` ORDER BY id is null,`id` 

[ 2017-08-08T22:05:26+08:00 ] ::1 /Thinkphp_meddle/b2b2c/Admin/Rule/index.html
ERR: 1054:Unknown column 'id' in 'order clause'
 [ SQL语句 ] : SELECT * FROM `h_auth_rule` ORDER BY id is null,`id` 

[ 2017-08-08T22:08:23+08:00 ] ::1 /Thinkphp_meddle/b2b2c/Admin/Rule/index.html
ERR: 1054:Unknown column 'id' in 'order clause'
 [ SQL语句 ] : SELECT * FROM `h_auth_rule` ORDER BY id is null,`id` 

[ 2017-08-08T22:09:44+08:00 ] ::1 /Thinkphp_meddle/b2b2c/Admin/Rule/index.html
ERR: 1054:Unknown column 'id' in 'order clause'
 [ SQL语句 ] : SELECT * FROM `h_auth_rule` ORDER BY id is null,`id` 

[ 2017-08-08T22:10:06+08:00 ] ::1 /Thinkphp_meddle/b2b2c/Admin/Rule/index.html
ERR: 1054:Unknown column 'id' in 'order clause'
 [ SQL语句 ] : SELECT * FROM `h_auth_rule` ORDER BY id is null,`id` 

