[ 2017-08-17T10:40:36+08:00 ] ::1 /Thinkphp_meddle/b2b2c/Admin/public/login.html
INFO: [ app_begin ] --START--
INFO: Run Behavior\ReadHtmlCacheBehavior [ RunTime:0.002000s ]
INFO: [ app_begin ] --END-- [ RunTime:0.003000s ]
SQL: SHOW COLUMNS FROM `h_admin` [ RunTime:0.2380s ]
SQL: SELECT * FROM `h_admin` WHERE ( admin_name='admi' )  [ RunTime:0.3710s ]

[ 2017-08-17T10:40:49+08:00 ] ::1 /Thinkphp_meddle/b2b2c/Admin/public/login.html
INFO: [ app_begin ] --START--
INFO: Run Behavior\ReadHtmlCacheBehavior [ RunTime:0.001000s ]
INFO: [ app_begin ] --END-- [ RunTime:0.003000s ]
SQL: SHOW COLUMNS FROM `h_admin` [ RunTime:0.1370s ]
SQL: SELECT * FROM `h_admin` WHERE ( admin_name='admin' )  [ RunTime:0.0600s ]
SQL: UPDATE `h_admin` SET `admin_id`='1',`admin_name`='admin',`admin_password`='21232f297a57a5a743894a0e4a801fc3',`status`='1',`last_login_ip`='0.0.0.0',`last_login_time`='2017',`email`=NULL,`phone`='13952876486',`register_time`='1502362446',`supadmin`='1' WHERE ( admin_name='admin' ) [ RunTime:0.6930s ]

[ 2017-08-17T13:24:29+08:00 ] ::1 /Thinkphp_meddle/b2b2c/Admin/Product/addr_change.html
INFO: [ app_begin ] --START--
INFO: Run Behavior\ReadHtmlCacheBehavior [ RunTime:0.008000s ]
INFO: [ app_begin ] --END-- [ RunTime:0.009000s ]
NOTIC: [2048] Declaration of Common\Model\AdminNavModel::getTreeData() should be compatible with Common\Model\BaseModel::getTreeData($type = 'tree', $order = '', $name = 'name', $child = 'id', $parent = 'pid') D:\webserver\wamp64\www\Thinkphp_meddle\b2b2c\Application\Admin\Model\AdminNavModel.class.php 第 14 行.
SQL: SHOW COLUMNS FROM `h_admin_nav` [ RunTime:0.1640s ]
SQL: SELECT * FROM `h_admin_nav` WHERE ( pc_level=1 )  [ RunTime:0.0000s ]
SQL: SELECT * FROM `h_admin_nav` WHERE ( pc_level=2 )  [ RunTime:0.0000s ]
SQL: SHOW COLUMNS FROM `h_area` [ RunTime:0.0600s ]
SQL: SELECT * FROM `h_area` WHERE ( fid='1' )  [ RunTime:0.6290s ]

[ 2017-08-17T13:58:44+08:00 ] ::1 /Thinkphp_meddle/b2b2c/Admin/Order/check_num.html
ERR: 非法操作:check_num

[ 2017-08-17T13:58:45+08:00 ] ::1 /Thinkphp_meddle/b2b2c/Admin/Order/check_num.html
ERR: 非法操作:check_num

[ 2017-08-17T15:04:21+08:00 ] ::1 /Thinkphp_meddle/b2b2c/Admin/Order/use_code.html
INFO: [ app_begin ] --START--
INFO: Run Behavior\ReadHtmlCacheBehavior [ RunTime:0.001000s ]
INFO: [ app_begin ] --END-- [ RunTime:0.002001s ]
NOTIC: [2048] Declaration of Common\Model\AdminNavModel::getTreeData() should be compatible with Common\Model\BaseModel::getTreeData($type = 'tree', $order = '', $name = 'name', $child = 'id', $parent = 'pid') D:\webserver\wamp64\www\Thinkphp_meddle\b2b2c\Application\Admin\Model\AdminNavModel.class.php 第 14 行.
SQL: SHOW COLUMNS FROM `h_admin_nav` [ RunTime:0.0010s ]
SQL: SELECT * FROM `h_admin_nav` WHERE ( pc_level=1 )  [ RunTime:0.0010s ]
SQL: SELECT * FROM `h_admin_nav` WHERE ( pc_level=2 )  [ RunTime:0.0010s ]
SQL: SHOW COLUMNS FROM `h_order` [ RunTime:0.0020s ]
SQL: UPDATE `h_order` SET `o_usestatus`='1' WHERE ( o_id='1' ) [ RunTime:0.0200s ]
INFO: [ app_end ] --START--
INFO: Run Behavior\ShowPageTraceBehavior [ RunTime:0.001000s ]
INFO: [ app_end ] --END-- [ RunTime:0.001000s ]

[ 2017-08-17T15:10:17+08:00 ] ::1 /Thinkphp_meddle/b2b2c/Admin/Order/use_code.html
INFO: [ app_begin ] --START--
INFO: Run Behavior\ReadHtmlCacheBehavior [ RunTime:0.001000s ]
INFO: [ app_begin ] --END-- [ RunTime:0.002000s ]
NOTIC: [2048] Declaration of Common\Model\AdminNavModel::getTreeData() should be compatible with Common\Model\BaseModel::getTreeData($type = 'tree', $order = '', $name = 'name', $child = 'id', $parent = 'pid') D:\webserver\wamp64\www\Thinkphp_meddle\b2b2c\Application\Admin\Model\AdminNavModel.class.php 第 14 行.
SQL: SHOW COLUMNS FROM `h_admin_nav` [ RunTime:0.0010s ]
SQL: SELECT * FROM `h_admin_nav` WHERE ( pc_level=1 )  [ RunTime:0.0010s ]
SQL: SELECT * FROM `h_admin_nav` WHERE ( pc_level=2 )  [ RunTime:0.0010s ]
SQL: SHOW COLUMNS FROM `h_order` [ RunTime:0.0220s ]
SQL: UPDATE `h_order` SET `o_usestatus`='1' WHERE ( o_id='1' ) [ RunTime:0.0020s ]
INFO: [ app_end ] --START--
INFO: Run Behavior\ShowPageTraceBehavior [ RunTime:0.002000s ]
INFO: [ app_end ] --END-- [ RunTime:0.002000s ]

[ 2017-08-17T15:11:59+08:00 ] ::1 /Thinkphp_meddle/b2b2c/Admin/Order/use_code.html
INFO: [ app_begin ] --START--
INFO: Run Behavior\ReadHtmlCacheBehavior [ RunTime:0.002000s ]
INFO: [ app_begin ] --END-- [ RunTime:0.004000s ]
NOTIC: [2048] Declaration of Common\Model\AdminNavModel::getTreeData() should be compatible with Common\Model\BaseModel::getTreeData($type = 'tree', $order = '', $name = 'name', $child = 'id', $parent = 'pid') D:\webserver\wamp64\www\Thinkphp_meddle\b2b2c\Application\Admin\Model\AdminNavModel.class.php 第 14 行.
SQL: SHOW COLUMNS FROM `h_admin_nav` [ RunTime:0.0010s ]
SQL: SELECT * FROM `h_admin_nav` WHERE ( pc_level=1 )  [ RunTime:0.0010s ]
SQL: SELECT * FROM `h_admin_nav` WHERE ( pc_level=2 )  [ RunTime:0.0010s ]
SQL: SHOW COLUMNS FROM `h_order` [ RunTime:0.0020s ]
SQL: UPDATE `h_order` SET `o_usestatus`='1' WHERE ( o_id='1' ) [ RunTime:0.0880s ]
INFO: [ app_end ] --START--
INFO: Run Behavior\ShowPageTraceBehavior [ RunTime:0.003001s ]
INFO: [ app_end ] --END-- [ RunTime:0.003001s ]

[ 2017-08-17T15:12:58+08:00 ] ::1 /Thinkphp_meddle/b2b2c/Admin/Order/use_code.html
INFO: [ app_begin ] --START--
INFO: Run Behavior\ReadHtmlCacheBehavior [ RunTime:0.002000s ]
INFO: [ app_begin ] --END-- [ RunTime:0.003000s ]
NOTIC: [2048] Declaration of Common\Model\AdminNavModel::getTreeData() should be compatible with Common\Model\BaseModel::getTreeData($type = 'tree', $order = '', $name = 'name', $child = 'id', $parent = 'pid') D:\webserver\wamp64\www\Thinkphp_meddle\b2b2c\Application\Admin\Model\AdminNavModel.class.php 第 14 行.
SQL: SHOW COLUMNS FROM `h_admin_nav` [ RunTime:0.0010s ]
SQL: SELECT * FROM `h_admin_nav` WHERE ( pc_level=1 )  [ RunTime:0.0100s ]
SQL: SELECT * FROM `h_admin_nav` WHERE ( pc_level=2 )  [ RunTime:0.0010s ]
SQL: SHOW COLUMNS FROM `h_order` [ RunTime:0.0020s ]
SQL: UPDATE `h_order` SET `o_usestatus`='1' WHERE ( o_id='1' ) [ RunTime:0.0290s ]
INFO: [ app_end ] --START--
INFO: Run Behavior\ShowPageTraceBehavior [ RunTime:0.002001s ]
INFO: [ app_end ] --END-- [ RunTime:0.002001s ]

[ 2017-08-17T15:16:38+08:00 ] ::1 /Thinkphp_meddle/b2b2c/Admin/Order/use_code.html
INFO: [ app_begin ] --START--
INFO: Run Behavior\ReadHtmlCacheBehavior [ RunTime:0.001000s ]
INFO: [ app_begin ] --END-- [ RunTime:0.002001s ]
NOTIC: [2048] Declaration of Common\Model\AdminNavModel::getTreeData() should be compatible with Common\Model\BaseModel::getTreeData($type = 'tree', $order = '', $name = 'name', $child = 'id', $parent = 'pid') D:\webserver\wamp64\www\Thinkphp_meddle\b2b2c\Application\Admin\Model\AdminNavModel.class.php 第 14 行.
SQL: SHOW COLUMNS FROM `h_admin_nav` [ RunTime:0.0340s ]
SQL: SELECT * FROM `h_admin_nav` WHERE ( pc_level=1 )  [ RunTime:0.0000s ]
SQL: SELECT * FROM `h_admin_nav` WHERE ( pc_level=2 )  [ RunTime:0.0000s ]
SQL: SHOW COLUMNS FROM `h_order` [ RunTime:0.0010s ]
SQL: UPDATE `h_order` SET `o_usestatus`='1' WHERE ( o_id='1' ) [ RunTime:0.0010s ]
INFO: [ app_end ] --START--
INFO: Run Behavior\ShowPageTraceBehavior [ RunTime:0.001000s ]
INFO: [ app_end ] --END-- [ RunTime:0.002000s ]

[ 2017-08-17T15:17:46+08:00 ] ::1 /Thinkphp_meddle/b2b2c/Admin/Order/use_code.html
INFO: [ app_begin ] --START--
INFO: Run Behavior\ReadHtmlCacheBehavior [ RunTime:0.002000s ]
INFO: [ app_begin ] --END-- [ RunTime:0.003001s ]
NOTIC: [2048] Declaration of Common\Model\AdminNavModel::getTreeData() should be compatible with Common\Model\BaseModel::getTreeData($type = 'tree', $order = '', $name = 'name', $child = 'id', $parent = 'pid') D:\webserver\wamp64\www\Thinkphp_meddle\b2b2c\Application\Admin\Model\AdminNavModel.class.php 第 14 行.
SQL: SHOW COLUMNS FROM `h_admin_nav` [ RunTime:0.0130s ]
SQL: SELECT * FROM `h_admin_nav` WHERE ( pc_level=1 )  [ RunTime:0.0010s ]
SQL: SELECT * FROM `h_admin_nav` WHERE ( pc_level=2 )  [ RunTime:0.0010s ]
SQL: SHOW COLUMNS FROM `h_order` [ RunTime:0.0020s ]
SQL: UPDATE `h_order` SET `o_usestatus`='1' WHERE ( o_id='1' ) [ RunTime:0.0010s ]
INFO: [ app_end ] --START--
INFO: Run Behavior\ShowPageTraceBehavior [ RunTime:0.002000s ]
INFO: [ app_end ] --END-- [ RunTime:0.003000s ]

[ 2017-08-17T15:19:59+08:00 ] ::1 /Thinkphp_meddle/b2b2c/Admin/Order/use_code.html
INFO: [ app_begin ] --START--
INFO: Run Behavior\ReadHtmlCacheBehavior [ RunTime:0.002000s ]
INFO: [ app_begin ] --END-- [ RunTime:0.004001s ]
NOTIC: [2048] Declaration of Common\Model\AdminNavModel::getTreeData() should be compatible with Common\Model\BaseModel::getTreeData($type = 'tree', $order = '', $name = 'name', $child = 'id', $parent = 'pid') D:\webserver\wamp64\www\Thinkphp_meddle\b2b2c\Application\Admin\Model\AdminNavModel.class.php 第 14 行.
SQL: SHOW COLUMNS FROM `h_admin_nav` [ RunTime:0.0010s ]
SQL: SELECT * FROM `h_admin_nav` WHERE ( pc_level=1 )  [ RunTime:0.0000s ]
SQL: SELECT * FROM `h_admin_nav` WHERE ( pc_level=2 )  [ RunTime:0.0000s ]
SQL: SHOW COLUMNS FROM `h_order` [ RunTime:0.0010s ]
SQL: UPDATE `h_order` SET `o_usestatus`='1' WHERE ( o_id='1' ) [ RunTime:0.0010s ]
INFO: [ app_end ] --START--
INFO: Run Behavior\ShowPageTraceBehavior [ RunTime:0.001000s ]
INFO: [ app_end ] --END-- [ RunTime:0.002000s ]

[ 2017-08-17T15:22:26+08:00 ] ::1 /Thinkphp_meddle/b2b2c/Admin/Order/use_code.html
INFO: [ app_begin ] --START--
INFO: Run Behavior\ReadHtmlCacheBehavior [ RunTime:0.001000s ]
INFO: [ app_begin ] --END-- [ RunTime:0.003000s ]
NOTIC: [2048] Declaration of Common\Model\AdminNavModel::getTreeData() should be compatible with Common\Model\BaseModel::getTreeData($type = 'tree', $order = '', $name = 'name', $child = 'id', $parent = 'pid') D:\webserver\wamp64\www\Thinkphp_meddle\b2b2c\Application\Admin\Model\AdminNavModel.class.php 第 14 行.
SQL: SHOW COLUMNS FROM `h_admin_nav` [ RunTime:0.0550s ]
SQL: SELECT * FROM `h_admin_nav` WHERE ( pc_level=1 )  [ RunTime:0.0000s ]
SQL: SELECT * FROM `h_admin_nav` WHERE ( pc_level=2 )  [ RunTime:0.0010s ]
SQL: SHOW COLUMNS FROM `h_order` [ RunTime:0.0030s ]
SQL: UPDATE `h_order` SET `o_usestatus`='1' WHERE ( o_id='1' ) [ RunTime:0.0020s ]
INFO: [ app_end ] --START--
INFO: Run Behavior\ShowPageTraceBehavior [ RunTime:0.002000s ]
INFO: [ app_end ] --END-- [ RunTime:0.002000s ]

[ 2017-08-17T15:24:04+08:00 ] ::1 /Thinkphp_meddle/b2b2c/Admin/Order/use_code.html
INFO: [ app_begin ] --START--
INFO: Run Behavior\ReadHtmlCacheBehavior [ RunTime:0.002000s ]
INFO: [ app_begin ] --END-- [ RunTime:0.003000s ]
NOTIC: [2048] Declaration of Common\Model\AdminNavModel::getTreeData() should be compatible with Common\Model\BaseModel::getTreeData($type = 'tree', $order = '', $name = 'name', $child = 'id', $parent = 'pid') D:\webserver\wamp64\www\Thinkphp_meddle\b2b2c\Application\Admin\Model\AdminNavModel.class.php 第 14 行.
SQL: SHOW COLUMNS FROM `h_admin_nav` [ RunTime:0.0010s ]
SQL: SELECT * FROM `h_admin_nav` WHERE ( pc_level=1 )  [ RunTime:0.0010s ]
SQL: SELECT * FROM `h_admin_nav` WHERE ( pc_level=2 )  [ RunTime:0.0020s ]
SQL: SHOW COLUMNS FROM `h_order` [ RunTime:0.0020s ]
SQL: UPDATE `h_order` SET `o_usestatus`='1' WHERE ( o_id='1' ) [ RunTime:0.0120s ]
INFO: [ app_end ] --START--
INFO: Run Behavior\ShowPageTraceBehavior [ RunTime:0.002000s ]
INFO: [ app_end ] --END-- [ RunTime:0.002000s ]

[ 2017-08-17T16:51:35+08:00 ] ::1 /Thinkphp_meddle/b2b2c/Admin/Order/order_detail/id/1.html
ERR: 1146:Table 'md.order_detail' doesn't exist
 [ SQL语句 ] : SELECT ouser.nickname,ouser.mobile,product.p_rname,product.p_name,product.p_theme,`product_gprice`,detail.detail_num,order.o_total FROM `h_order` inner join order_detail detail on detail.detail_oid=order.o_id  inner join product on detail.detail_pid=product.p_id inner join oauth_user ouser on ouser.user_id=order.o_userid  WHERE ( o_id='1' ) 

[ 2017-08-17T16:53:12+08:00 ] ::1 /Thinkphp_meddle/b2b2c/Admin/Order/order_detail/id/1.html
ERR: 1064:You have an error in your SQL syntax; check the manual that corresponds to your MySQL server version for the right syntax to use near 'inner join order_detail detail on detail.detail_oid=order.o_id  inner join produ' at line 1
 [ SQL语句 ] : SELECT ouser.nickname,ouser.mobile,product.p_rname,product.p_name,product.p_theme,`product_gprice`,detail.detail_num,order.o_total FROM h_order order inner join order_detail detail on detail.detail_oid=order.o_id  inner join product on detail.detail_pid=product.p_id inner join oauth_user ouser on ouser.user_id=order.o_userid  WHERE ( o_id='1' ) 

[ 2017-08-17T16:54:15+08:00 ] ::1 /Thinkphp_meddle/b2b2c/Admin/Order/order_detail/id/1.html
ERR: 1064:You have an error in your SQL syntax; check the manual that corresponds to your MySQL server version for the right syntax to use near 'inner join order_detail detail on detail.detail_oid=order.o_id  inner join produ' at line 1
 [ SQL语句 ] : SELECT ouser.nickname,ouser.mobile,product.p_rname,product.p_name,product.p_theme,product.p_gprice,detail.detail_num,order.o_total FROM h_order order inner join order_detail detail on detail.detail_oid=order.o_id  inner join product on detail.detail_pid=product.p_id inner join oauth_user ouser on ouser.user_id=order.o_userid  WHERE ( o_id='1' ) 

[ 2017-08-17T16:55:49+08:00 ] ::1 /Thinkphp_meddle/b2b2c/Admin/Order/order_detail/id/1.html
ERR: 1146:Table 'md.order_detail' doesn't exist
 [ SQL语句 ] : SELECT ouser.nickname,ouser.mobile,product.p_rname,product.p_name,product.p_theme,product.p_gprice,detail.detail_num,ord.o_total FROM h_order ord inner join order_detail detail on detail.detail_oid=ord.o_id  inner join product on detail.detail_pid=product.p_id inner join oauth_user ouser on ouser.user_id=ord.o_userid  WHERE ( o_id='1' ) 

[ 2017-08-17T16:56:12+08:00 ] ::1 /Thinkphp_meddle/b2b2c/Admin/Order/order_detail/id/1.html
ERR: 1146:Table 'md.order_detail' doesn't exist
 [ SQL语句 ] : SELECT ouser.nickname,ouser.mobile,product.p_rname,product.p_name,product.p_theme,product.p_gprice,detail.detail_num,ord.o_total FROM h_order ord inner join order_detail detail on detail.detail_oid=ord.o_id  inner join product on detail.detail_pid=product.p_id inner join oauth_user ouser on ouser.user_id=ord.o_userid  WHERE ( ord.o_id='1' ) 

[ 2017-08-17T16:56:50+08:00 ] ::1 /Thinkphp_meddle/b2b2c/Admin/Order/order_detail/id/1.html
ERR: 1054:Unknown column 'product.p_rname' in 'field list'
 [ SQL语句 ] : SELECT ouser.nickname,ouser.mobile,product.p_rname,product.p_name,product.p_theme,product.p_gprice,detail.detail_num,ord.o_total FROM h_order ord inner join h_order_detail detail on detail.detail_oid=ord.o_id  inner join h_product on detail.detail_pid=product.p_id inner join h_oauth_user ouser on ouser.user_id=ord.o_userid  WHERE ( ord.o_id='1' ) 

[ 2017-08-17T16:59:04+08:00 ] ::1 /Thinkphp_meddle/b2b2c/Admin/Order/order_detail/id/1.html
ERR: 1054:Unknown column 'ord.o_total' in 'field list'
 [ SQL语句 ] : SELECT ouser.nickname,ouser.mobile,pro.p_rname,pro.p_name,pro.p_theme,pro.p_gprice,detail.detail_num,ord.o_total FROM h_order ord inner join h_order_detail detail on detail.detail_oid=ord.o_id  inner join h_product pro on detail.detail_pid=pro.p_id inner join h_oauth_user ouser on ouser.user_id=ord.o_userid  WHERE ( ord.o_id='1' ) 

[ 2017-08-17T18:42:48+08:00 ] ::1 /Thinkphp_meddle/b2b2c/Admin/Order/use_code.html
INFO: [ app_begin ] --START--
INFO: Run Behavior\ReadHtmlCacheBehavior [ RunTime:0.002000s ]
INFO: [ app_begin ] --END-- [ RunTime:0.004000s ]
NOTIC: [2048] Declaration of Common\Model\AdminNavModel::getTreeData() should be compatible with Common\Model\BaseModel::getTreeData($type = 'tree', $order = '', $name = 'name', $child = 'id', $parent = 'pid') D:\webserver\wamp64\www\Thinkphp_meddle\b2b2c\Application\Admin\Model\AdminNavModel.class.php 第 14 行.
SQL: SHOW COLUMNS FROM `h_admin_nav` [ RunTime:0.0010s ]
SQL: SELECT * FROM `h_admin_nav` WHERE ( pc_level=1 )  [ RunTime:0.0010s ]
SQL: SELECT * FROM `h_admin_nav` WHERE ( pc_level=2 )  [ RunTime:0.0010s ]
SQL: SHOW COLUMNS FROM `h_order` [ RunTime:0.0010s ]
SQL: UPDATE `h_order` SET `o_usestatus`='1' WHERE ( o_id='1' ) [ RunTime:0.0040s ]
INFO: [ app_end ] --START--
INFO: Run Behavior\ShowPageTraceBehavior [ RunTime:0.001000s ]
INFO: [ app_end ] --END-- [ RunTime:0.002000s ]

[ 2017-08-17T21:16:07+08:00 ] ::1 /Thinkphp_meddle/b2b2c/Admin/Comment/index.html
ERR: 无法加载控制器:Comment

[ 2017-08-17T21:16:32+08:00 ] ::1 /Thinkphp_meddle/b2b2c/Admin/Comment/index.html
ERR: 无法加载控制器:Comment

[ 2017-08-17T21:20:54+08:00 ] ::1 /Thinkphp_meddle/b2b2c/Admin/Comment/index.html
ERR: 非法操作:index

[ 2017-08-17T21:53:39+08:00 ] ::1 /Thinkphp_meddle/b2b2c/Admin/Comment/index.html
ERR: 1054:Unknown column 'com.msg_id' in 'field list'
 [ SQL语句 ] : SELECT com.msg_id,hou.nickname,com.time,pro.p_name,com.star,com.comment FROM `h_product` inner join h_oauth_user hou on hou.user_id=com.uid inner join h_product pro on pro.p_id=com.pid  WHERE ( p_uid='1' ) 

