[ 2017-08-29T13:17:57+08:00 ] ::1 /Thinkphp_meddle/b2b2c/Admin/public/login.html
INFO: [ app_begin ] --START--
INFO: Run Behavior\ReadHtmlCacheBehavior [ RunTime:0.001000s ]
INFO: [ app_begin ] --END-- [ RunTime:0.002000s ]
SQL: SHOW COLUMNS FROM `h_admin` [ RunTime:4.1678s ]
SQL: SELECT * FROM `h_admin` WHERE ( admin_name='admin' )  [ RunTime:0.7330s ]
SQL: UPDATE `h_admin` SET `admin_id`='1',`admin_name`='admin',`admin_password`='21232f297a57a5a743894a0e4a801fc3',`status`='1',`last_login_ip`='0.0.0.0',`last_login_time`='2017',`email`=NULL,`phone`='13952876486',`register_time`='1502362446',`supadmin`='1' WHERE ( admin_name='admin' ) [ RunTime:0.9547s ]

[ 2017-08-29T13:17:57+08:00 ] ::1 /Thinkphp_meddle/b2b2c/Admin/public/login.html
INFO: [ app_begin ] --START--
INFO: Run Behavior\ReadHtmlCacheBehavior [ RunTime:0.002000s ]
INFO: [ app_begin ] --END-- [ RunTime:0.004000s ]

[ 2017-08-29T13:18:20+08:00 ] ::1 /Thinkphp_meddle/b2b2c/Admin/Product/delProduct.html?id=17
INFO: [ app_begin ] --START--
INFO: Run Behavior\ReadHtmlCacheBehavior [ RunTime:0.002000s ]
INFO: [ app_begin ] --END-- [ RunTime:0.003000s ]
NOTIC: [2048] Declaration of Common\Model\AdminNavModel::getTreeData() should be compatible with Common\Model\BaseModel::getTreeData($type = 'tree', $order = '', $name = 'name', $child = 'id', $parent = 'pid') D:\webserver\wamp64\www\Thinkphp_meddle\b2b2c\Application\Admin\Model\AdminNavModel.class.php 第 14 行.
SQL: SHOW COLUMNS FROM `h_admin_nav` [ RunTime:0.0050s ]
SQL: SELECT * FROM `h_admin_nav` WHERE ( pc_level=1 )  [ RunTime:0.0020s ]
SQL: SELECT * FROM `h_admin_nav` WHERE ( pc_level=2 )  [ RunTime:0.0000s ]
SQL: SHOW COLUMNS FROM `h_product` [ RunTime:0.0040s ]
SQL: DELETE FROM `h_product` WHERE ( p_id='17' ) [ RunTime:0.2166s ]
INFO: [ app_end ] --START--
INFO: Run Behavior\ShowPageTraceBehavior [ RunTime:0.002000s ]
INFO: [ app_end ] --END-- [ RunTime:0.002000s ]

[ 2017-08-29T13:18:39+08:00 ] ::1 /Thinkphp_meddle/b2b2c/Admin/Comment/delete.html
INFO: [ app_begin ] --START--
INFO: Run Behavior\ReadHtmlCacheBehavior [ RunTime:0.003000s ]
INFO: [ app_begin ] --END-- [ RunTime:0.004001s ]
NOTIC: [2048] Declaration of Common\Model\AdminNavModel::getTreeData() should be compatible with Common\Model\BaseModel::getTreeData($type = 'tree', $order = '', $name = 'name', $child = 'id', $parent = 'pid') D:\webserver\wamp64\www\Thinkphp_meddle\b2b2c\Application\Admin\Model\AdminNavModel.class.php 第 14 行.
SQL: SHOW COLUMNS FROM `h_admin_nav` [ RunTime:0.0030s ]
SQL: SELECT * FROM `h_admin_nav` WHERE ( pc_level=1 )  [ RunTime:0.0000s ]
SQL: SELECT * FROM `h_admin_nav` WHERE ( pc_level=2 )  [ RunTime:0.0020s ]
SQL: SHOW COLUMNS FROM `h_comment` [ RunTime:0.0030s ]
SQL: SHOW COLUMNS FROM `h_order_detail` [ RunTime:0.0030s ]
SQL: SHOW COLUMNS FROM `h_order` [ RunTime:0.0040s ]
SQL: DELETE FROM `h_comment` WHERE ( msg_id='76' ) [ RunTime:0.0010s ]
SQL: SELECT * FROM `h_order_detail` WHERE ( detail_msg_id='76' )  [ RunTime:0.0010s ]
SQL: DELETE FROM `h_order_detail` WHERE ( detail_id='181' ) [ RunTime:0.0010s ]
SQL: DELETE FROM `h_order` WHERE ( o_id='180' ) [ RunTime:0.0000s ]
INFO: [ app_end ] --START--
INFO: Run Behavior\ShowPageTraceBehavior [ RunTime:0.001000s ]
INFO: [ app_end ] --END-- [ RunTime:0.001000s ]

[ 2017-08-29T13:24:24+08:00 ] ::1 /Thinkphp_meddle/b2b2c/Admin/Comment/delete.html
INFO: [ app_begin ] --START--
INFO: Run Behavior\ReadHtmlCacheBehavior [ RunTime:0.001000s ]
INFO: [ app_begin ] --END-- [ RunTime:0.001000s ]
NOTIC: [2048] Declaration of Common\Model\AdminNavModel::getTreeData() should be compatible with Common\Model\BaseModel::getTreeData($type = 'tree', $order = '', $name = 'name', $child = 'id', $parent = 'pid') D:\webserver\wamp64\www\Thinkphp_meddle\b2b2c\Application\Admin\Model\AdminNavModel.class.php 第 14 行.
SQL: SHOW COLUMNS FROM `h_admin_nav` [ RunTime:0.0020s ]
SQL: SELECT * FROM `h_admin_nav` WHERE ( pc_level=1 )  [ RunTime:0.0000s ]
SQL: SELECT * FROM `h_admin_nav` WHERE ( pc_level=2 )  [ RunTime:0.0000s ]
SQL: SHOW COLUMNS FROM `h_comment` [ RunTime:0.0010s ]
SQL: SHOW COLUMNS FROM `h_order_detail` [ RunTime:0.0020s ]
SQL: SHOW COLUMNS FROM `h_order` [ RunTime:0.0020s ]
SQL: DELETE FROM `h_comment` WHERE ( msg_id='46' ) [ RunTime:0.0000s ]
SQL: SELECT * FROM `h_order_detail` WHERE ( detail_msg_id='46' )  [ RunTime:0.0000s ]
SQL: DELETE FROM `h_order_detail` WHERE ( detail_id='155' ) [ RunTime:0.0000s ]
SQL: DELETE FROM `h_order` WHERE ( o_id='154' ) [ RunTime:0.0000s ]
INFO: [ app_end ] --START--
INFO: Run Behavior\ShowPageTraceBehavior [ RunTime:0.001000s ]
INFO: [ app_end ] --END-- [ RunTime:0.001000s ]

[ 2017-08-29T13:24:44+08:00 ] ::1 /Thinkphp_meddle/b2b2c/Admin/Comment/delete.html
INFO: [ app_begin ] --START--
INFO: Run Behavior\ReadHtmlCacheBehavior [ RunTime:0.003000s ]
INFO: [ app_begin ] --END-- [ RunTime:0.005000s ]
NOTIC: [2048] Declaration of Common\Model\AdminNavModel::getTreeData() should be compatible with Common\Model\BaseModel::getTreeData($type = 'tree', $order = '', $name = 'name', $child = 'id', $parent = 'pid') D:\webserver\wamp64\www\Thinkphp_meddle\b2b2c\Application\Admin\Model\AdminNavModel.class.php 第 14 行.
SQL: SHOW COLUMNS FROM `h_admin_nav` [ RunTime:0.0020s ]
SQL: SELECT * FROM `h_admin_nav` WHERE ( pc_level=1 )  [ RunTime:0.0010s ]
SQL: SELECT * FROM `h_admin_nav` WHERE ( pc_level=2 )  [ RunTime:0.0000s ]
SQL: SHOW COLUMNS FROM `h_comment` [ RunTime:0.0040s ]
SQL: SHOW COLUMNS FROM `h_order_detail` [ RunTime:0.0020s ]
SQL: SHOW COLUMNS FROM `h_order` [ RunTime:0.0020s ]
SQL: DELETE FROM `h_comment` WHERE ( msg_id='47' ) [ RunTime:0.0010s ]
SQL: SELECT * FROM `h_order_detail` WHERE ( detail_msg_id='47' )  [ RunTime:0.0010s ]
SQL: DELETE FROM `h_order_detail` WHERE ( detail_id='158' ) [ RunTime:0.0020s ]
SQL: DELETE FROM `h_order` WHERE ( o_id='157' ) [ RunTime:0.0010s ]
INFO: [ app_end ] --START--
INFO: Run Behavior\ShowPageTraceBehavior [ RunTime:0.002001s ]
INFO: [ app_end ] --END-- [ RunTime:0.004001s ]

[ 2017-08-29T13:25:51+08:00 ] ::1 /Thinkphp_meddle/b2b2c/Admin/Comment/delete.html
INFO: [ app_begin ] --START--
INFO: Run Behavior\ReadHtmlCacheBehavior [ RunTime:0.002000s ]
INFO: [ app_begin ] --END-- [ RunTime:0.003000s ]
NOTIC: [2048] Declaration of Common\Model\AdminNavModel::getTreeData() should be compatible with Common\Model\BaseModel::getTreeData($type = 'tree', $order = '', $name = 'name', $child = 'id', $parent = 'pid') D:\webserver\wamp64\www\Thinkphp_meddle\b2b2c\Application\Admin\Model\AdminNavModel.class.php 第 14 行.
SQL: SHOW COLUMNS FROM `h_admin_nav` [ RunTime:0.0030s ]
SQL: SELECT * FROM `h_admin_nav` WHERE ( pc_level=1 )  [ RunTime:0.0010s ]
SQL: SELECT * FROM `h_admin_nav` WHERE ( pc_level=2 )  [ RunTime:0.0010s ]
SQL: SHOW COLUMNS FROM `h_comment` [ RunTime:0.0060s ]
SQL: SHOW COLUMNS FROM `h_order_detail` [ RunTime:0.0030s ]
SQL: SHOW COLUMNS FROM `h_order` [ RunTime:0.0030s ]
SQL: DELETE FROM `h_comment` WHERE ( msg_id='49' ) [ RunTime:0.0010s ]
SQL: SELECT * FROM `h_order_detail` WHERE ( detail_msg_id='49' )  [ RunTime:0.0010s ]
SQL: DELETE FROM `h_order_detail` WHERE ( detail_id='159' ) [ RunTime:0.0010s ]
SQL: DELETE FROM `h_order` WHERE ( o_id='158' ) [ RunTime:0.0000s ]
INFO: [ app_end ] --START--
INFO: Run Behavior\ShowPageTraceBehavior [ RunTime:0.002000s ]
INFO: [ app_end ] --END-- [ RunTime:0.002000s ]

[ 2017-08-29T13:26:21+08:00 ] ::1 /Thinkphp_meddle/b2b2c/Admin/Comment/delete.html
INFO: [ app_begin ] --START--
INFO: Run Behavior\ReadHtmlCacheBehavior [ RunTime:0.002000s ]
INFO: [ app_begin ] --END-- [ RunTime:0.002000s ]
NOTIC: [2048] Declaration of Common\Model\AdminNavModel::getTreeData() should be compatible with Common\Model\BaseModel::getTreeData($type = 'tree', $order = '', $name = 'name', $child = 'id', $parent = 'pid') D:\webserver\wamp64\www\Thinkphp_meddle\b2b2c\Application\Admin\Model\AdminNavModel.class.php 第 14 行.
SQL: SHOW COLUMNS FROM `h_admin_nav` [ RunTime:0.0020s ]
SQL: SELECT * FROM `h_admin_nav` WHERE ( pc_level=1 )  [ RunTime:0.0010s ]
SQL: SELECT * FROM `h_admin_nav` WHERE ( pc_level=2 )  [ RunTime:0.0000s ]
SQL: SHOW COLUMNS FROM `h_comment` [ RunTime:0.0050s ]
SQL: SHOW COLUMNS FROM `h_order_detail` [ RunTime:0.0050s ]
SQL: SHOW COLUMNS FROM `h_order` [ RunTime:0.0040s ]
SQL: DELETE FROM `h_comment` WHERE ( msg_id='54' ) [ RunTime:0.0010s ]
SQL: SELECT * FROM `h_order_detail` WHERE ( detail_msg_id='54' )  [ RunTime:0.0020s ]
SQL: DELETE FROM `h_order_detail` WHERE ( detail_id='169' ) [ RunTime:0.0010s ]
SQL: DELETE FROM `h_order` WHERE ( o_id='168' ) [ RunTime:0.0010s ]
INFO: [ app_end ] --START--
INFO: Run Behavior\ShowPageTraceBehavior [ RunTime:0.002000s ]
INFO: [ app_end ] --END-- [ RunTime:0.002000s ]

[ 2017-08-29T13:30:28+08:00 ] ::1 /Thinkphp_meddle/b2b2c/Admin/Order/order_del.html
INFO: [ app_begin ] --START--
INFO: Run Behavior\ReadHtmlCacheBehavior [ RunTime:0.001000s ]
INFO: [ app_begin ] --END-- [ RunTime:0.003000s ]
NOTIC: [2048] Declaration of Common\Model\AdminNavModel::getTreeData() should be compatible with Common\Model\BaseModel::getTreeData($type = 'tree', $order = '', $name = 'name', $child = 'id', $parent = 'pid') D:\webserver\wamp64\www\Thinkphp_meddle\b2b2c\Application\Admin\Model\AdminNavModel.class.php 第 14 行.
SQL: SHOW COLUMNS FROM `h_admin_nav` [ RunTime:0.0010s ]
SQL: SELECT * FROM `h_admin_nav` WHERE ( pc_level=1 )  [ RunTime:0.0000s ]
SQL: SELECT * FROM `h_admin_nav` WHERE ( pc_level=2 )  [ RunTime:0.0000s ]
SQL: SHOW COLUMNS FROM `h_order` [ RunTime:0.0010s ]
SQL: SELECT ord.o_usestatus,hod.detail_msg_id FROM h_order ord INNER JOIN h_order_detail hod on hod.detail_oid=ord.o_id  WHERE ( ord.o_id='167' )  [ RunTime:0.0010s ]
INFO: [ app_end ] --START--
INFO: Run Behavior\ShowPageTraceBehavior [ RunTime:0.002000s ]
INFO: [ app_end ] --END-- [ RunTime:0.002000s ]

[ 2017-08-29T13:33:03+08:00 ] ::1 /Thinkphp_meddle/b2b2c/Admin/Order/order_del.html
INFO: [ app_begin ] --START--
INFO: Run Behavior\ReadHtmlCacheBehavior [ RunTime:0.002000s ]
INFO: [ app_begin ] --END-- [ RunTime:0.004000s ]
NOTIC: [2048] Declaration of Common\Model\AdminNavModel::getTreeData() should be compatible with Common\Model\BaseModel::getTreeData($type = 'tree', $order = '', $name = 'name', $child = 'id', $parent = 'pid') D:\webserver\wamp64\www\Thinkphp_meddle\b2b2c\Application\Admin\Model\AdminNavModel.class.php 第 14 行.
SQL: SHOW COLUMNS FROM `h_admin_nav` [ RunTime:0.0010s ]
SQL: SELECT * FROM `h_admin_nav` WHERE ( pc_level=1 )  [ RunTime:0.0010s ]
SQL: SELECT * FROM `h_admin_nav` WHERE ( pc_level=2 )  [ RunTime:0.0010s ]
SQL: SHOW COLUMNS FROM `h_order` [ RunTime:0.0010s ]
SQL: SELECT ord.o_usestatus,hod.detail_msg_id FROM h_order ord INNER JOIN h_order_detail hod on hod.detail_oid=ord.o_id  WHERE ( ord.o_id='165' )  [ RunTime:0.0010s ]
INFO: [ app_end ] --START--
INFO: Run Behavior\ShowPageTraceBehavior [ RunTime:0.001000s ]
INFO: [ app_end ] --END-- [ RunTime:0.003000s ]

[ 2017-08-29T13:33:08+08:00 ] ::1 /Thinkphp_meddle/b2b2c/Admin/Order/order_del.html
INFO: [ app_begin ] --START--
INFO: Run Behavior\ReadHtmlCacheBehavior [ RunTime:0.001000s ]
INFO: [ app_begin ] --END-- [ RunTime:0.003000s ]
NOTIC: [2048] Declaration of Common\Model\AdminNavModel::getTreeData() should be compatible with Common\Model\BaseModel::getTreeData($type = 'tree', $order = '', $name = 'name', $child = 'id', $parent = 'pid') D:\webserver\wamp64\www\Thinkphp_meddle\b2b2c\Application\Admin\Model\AdminNavModel.class.php 第 14 行.
SQL: SHOW COLUMNS FROM `h_admin_nav` [ RunTime:0.0010s ]
SQL: SELECT * FROM `h_admin_nav` WHERE ( pc_level=1 )  [ RunTime:0.0000s ]
SQL: SELECT * FROM `h_admin_nav` WHERE ( pc_level=2 )  [ RunTime:0.0000s ]
SQL: SHOW COLUMNS FROM `h_order` [ RunTime:0.0030s ]
SQL: SELECT ord.o_usestatus,hod.detail_msg_id FROM h_order ord INNER JOIN h_order_detail hod on hod.detail_oid=ord.o_id  WHERE ( ord.o_id='191' )  [ RunTime:0.0010s ]
ERR: 1064:You have an error in your SQL syntax; check the manual that corresponds to your MySQL server version for the right syntax to use near 'ord WHERE ( o_id='191' )' at line 1
 [ SQL语句 ] : DELETE FROM h_order ord WHERE ( o_id='191' )
ERR: 1064:You have an error in your SQL syntax; check the manual that corresponds to your MySQL server version for the right syntax to use near 'ord WHERE ( o_id='191' )' at line 1
 [ SQL语句 ] : DELETE FROM h_order ord WHERE ( o_id='191' )

[ 2017-08-29T13:33:15+08:00 ] ::1 /Thinkphp_meddle/b2b2c/Admin/Order/order_del.html
INFO: [ app_begin ] --START--
INFO: Run Behavior\ReadHtmlCacheBehavior [ RunTime:0.001000s ]
INFO: [ app_begin ] --END-- [ RunTime:0.002001s ]
NOTIC: [2048] Declaration of Common\Model\AdminNavModel::getTreeData() should be compatible with Common\Model\BaseModel::getTreeData($type = 'tree', $order = '', $name = 'name', $child = 'id', $parent = 'pid') D:\webserver\wamp64\www\Thinkphp_meddle\b2b2c\Application\Admin\Model\AdminNavModel.class.php 第 14 行.
SQL: SHOW COLUMNS FROM `h_admin_nav` [ RunTime:0.0010s ]
SQL: SELECT * FROM `h_admin_nav` WHERE ( pc_level=1 )  [ RunTime:0.0000s ]
SQL: SELECT * FROM `h_admin_nav` WHERE ( pc_level=2 )  [ RunTime:0.0010s ]
SQL: SHOW COLUMNS FROM `h_order` [ RunTime:0.0020s ]
SQL: SELECT ord.o_usestatus,hod.detail_msg_id FROM h_order ord INNER JOIN h_order_detail hod on hod.detail_oid=ord.o_id  WHERE ( ord.o_id='191' )  [ RunTime:0.0000s ]
ERR: 1064:You have an error in your SQL syntax; check the manual that corresponds to your MySQL server version for the right syntax to use near 'ord WHERE ( o_id='191' )' at line 1
 [ SQL语句 ] : DELETE FROM h_order ord WHERE ( o_id='191' )
ERR: 1064:You have an error in your SQL syntax; check the manual that corresponds to your MySQL server version for the right syntax to use near 'ord WHERE ( o_id='191' )' at line 1
 [ SQL语句 ] : DELETE FROM h_order ord WHERE ( o_id='191' )

[ 2017-08-29T13:33:26+08:00 ] ::1 /Thinkphp_meddle/b2b2c/Admin/Order/order_del.html
INFO: [ app_begin ] --START--
INFO: Run Behavior\ReadHtmlCacheBehavior [ RunTime:0.002000s ]
INFO: [ app_begin ] --END-- [ RunTime:0.003000s ]
NOTIC: [2048] Declaration of Common\Model\AdminNavModel::getTreeData() should be compatible with Common\Model\BaseModel::getTreeData($type = 'tree', $order = '', $name = 'name', $child = 'id', $parent = 'pid') D:\webserver\wamp64\www\Thinkphp_meddle\b2b2c\Application\Admin\Model\AdminNavModel.class.php 第 14 行.
SQL: SHOW COLUMNS FROM `h_admin_nav` [ RunTime:0.0040s ]
SQL: SELECT * FROM `h_admin_nav` WHERE ( pc_level=1 )  [ RunTime:0.0010s ]
SQL: SELECT * FROM `h_admin_nav` WHERE ( pc_level=2 )  [ RunTime:0.0010s ]
SQL: SHOW COLUMNS FROM `h_order` [ RunTime:0.0020s ]
SQL: SELECT ord.o_usestatus,hod.detail_msg_id FROM h_order ord INNER JOIN h_order_detail hod on hod.detail_oid=ord.o_id  WHERE ( ord.o_id='167' )  [ RunTime:0.0000s ]
ERR: 1064:You have an error in your SQL syntax; check the manual that corresponds to your MySQL server version for the right syntax to use near 'ord WHERE ( o_id='167' )' at line 1
 [ SQL语句 ] : DELETE FROM h_order ord WHERE ( o_id='167' )
ERR: 1064:You have an error in your SQL syntax; check the manual that corresponds to your MySQL server version for the right syntax to use near 'ord WHERE ( o_id='167' )' at line 1
 [ SQL语句 ] : DELETE FROM h_order ord WHERE ( o_id='167' )

[ 2017-08-29T13:35:52+08:00 ] ::1 /Thinkphp_meddle/b2b2c/Admin/Order/order_del.html
INFO: [ app_begin ] --START--
INFO: Run Behavior\ReadHtmlCacheBehavior [ RunTime:0.001000s ]
INFO: [ app_begin ] --END-- [ RunTime:0.002000s ]
NOTIC: [2048] Declaration of Common\Model\AdminNavModel::getTreeData() should be compatible with Common\Model\BaseModel::getTreeData($type = 'tree', $order = '', $name = 'name', $child = 'id', $parent = 'pid') D:\webserver\wamp64\www\Thinkphp_meddle\b2b2c\Application\Admin\Model\AdminNavModel.class.php 第 14 行.
SQL: SHOW COLUMNS FROM `h_admin_nav` [ RunTime:0.0010s ]
SQL: SELECT * FROM `h_admin_nav` WHERE ( pc_level=1 )  [ RunTime:0.0010s ]
SQL: SELECT * FROM `h_admin_nav` WHERE ( pc_level=2 )  [ RunTime:0.0010s ]
SQL: SHOW COLUMNS FROM `h_order` [ RunTime:0.0010s ]
SQL: SELECT ord.o_usestatus,hod.detail_msg_id FROM h_order ord INNER JOIN h_order_detail hod on hod.detail_oid=ord.o_id  WHERE ( ord.o_id='167' )  [ RunTime:0.0010s ]
ERR: 1064:You have an error in your SQL syntax; check the manual that corresponds to your MySQL server version for the right syntax to use near 'ord WHERE ( ord.o_id='167' )' at line 1
 [ SQL语句 ] : DELETE FROM h_order ord WHERE ( ord.o_id='167' )
ERR: 1064:You have an error in your SQL syntax; check the manual that corresponds to your MySQL server version for the right syntax to use near 'ord WHERE ( ord.o_id='167' )' at line 1
 [ SQL语句 ] : DELETE FROM h_order ord WHERE ( ord.o_id='167' )

[ 2017-08-29T13:36:38+08:00 ] ::1 /Thinkphp_meddle/b2b2c/Admin/Order/order_del.html
INFO: [ app_begin ] --START--
INFO: Run Behavior\ReadHtmlCacheBehavior [ RunTime:0.001000s ]
INFO: [ app_begin ] --END-- [ RunTime:0.002000s ]
NOTIC: [2048] Declaration of Common\Model\AdminNavModel::getTreeData() should be compatible with Common\Model\BaseModel::getTreeData($type = 'tree', $order = '', $name = 'name', $child = 'id', $parent = 'pid') D:\webserver\wamp64\www\Thinkphp_meddle\b2b2c\Application\Admin\Model\AdminNavModel.class.php 第 14 行.
SQL: SHOW COLUMNS FROM `h_admin_nav` [ RunTime:0.0010s ]
SQL: SELECT * FROM `h_admin_nav` WHERE ( pc_level=1 )  [ RunTime:0.0010s ]
SQL: SELECT * FROM `h_admin_nav` WHERE ( pc_level=2 )  [ RunTime:0.0010s ]
SQL: SHOW COLUMNS FROM `h_order` [ RunTime:0.0010s ]
SQL: SELECT ord.o_usestatus,hod.detail_msg_id FROM h_order ord INNER JOIN h_order_detail hod on hod.detail_oid=ord.o_id  WHERE ( ord.o_id='163' )  [ RunTime:0.0020s ]
SQL: SHOW COLUMNS FROM `h_order` [ RunTime:0.0010s ]
SQL: DELETE FROM `h_order` WHERE ( o_id='163' ) [ RunTime:0.0010s ]
SQL: SHOW COLUMNS FROM `h_order_detail` [ RunTime:0.0060s ]
SQL: SELECT * FROM `h_order_detail` WHERE ( detail_oid='163' )  [ RunTime:0.0010s ]
SQL: DELETE FROM `h_order_detail` WHERE ( detail_id='164' ) [ RunTime:0.0010s ]
SQL: SHOW COLUMNS FROM `h_comment` [ RunTime:0.0010s ]
ERR: 1064:You have an error in your SQL syntax; check the manual that corresponds to your MySQL server version for the right syntax to use near 'detail_msg_id )' at line 1
 [ SQL语句 ] : DELETE FROM `h_comment` WHERE ( msg_id='$'detail_msg_id )
ERR: 1064:You have an error in your SQL syntax; check the manual that corresponds to your MySQL server version for the right syntax to use near 'detail_msg_id )' at line 1
 [ SQL语句 ] : DELETE FROM `h_comment` WHERE ( msg_id='$'detail_msg_id )

[ 2017-08-29T13:37:16+08:00 ] ::1 /Thinkphp_meddle/b2b2c/Admin/Order/order_del.html
INFO: [ app_begin ] --START--
INFO: Run Behavior\ReadHtmlCacheBehavior [ RunTime:0.001000s ]
INFO: [ app_begin ] --END-- [ RunTime:0.002001s ]
NOTIC: [2048] Declaration of Common\Model\AdminNavModel::getTreeData() should be compatible with Common\Model\BaseModel::getTreeData($type = 'tree', $order = '', $name = 'name', $child = 'id', $parent = 'pid') D:\webserver\wamp64\www\Thinkphp_meddle\b2b2c\Application\Admin\Model\AdminNavModel.class.php 第 14 行.
SQL: SHOW COLUMNS FROM `h_admin_nav` [ RunTime:0.0020s ]
SQL: SELECT * FROM `h_admin_nav` WHERE ( pc_level=1 )  [ RunTime:0.0010s ]
SQL: SELECT * FROM `h_admin_nav` WHERE ( pc_level=2 )  [ RunTime:0.0010s ]
SQL: SHOW COLUMNS FROM `h_order` [ RunTime:0.0020s ]
SQL: SELECT ord.o_usestatus,hod.detail_msg_id FROM h_order ord INNER JOIN h_order_detail hod on hod.detail_oid=ord.o_id  WHERE ( ord.o_id='158' )  [ RunTime:0.0010s ]
SQL: SHOW COLUMNS FROM `h_order` [ RunTime:0.0010s ]
SQL: DELETE FROM `h_order` WHERE ( o_id='158' ) [ RunTime:0.0010s ]
SQL: SHOW COLUMNS FROM `h_order_detail` [ RunTime:0.0010s ]
SQL: SELECT * FROM `h_order_detail` WHERE ( detail_oid='158' )  [ RunTime:0.0010s ]
SQL: DELETE FROM `h_order_detail` WHERE ( detail_id='159' ) [ RunTime:0.0000s ]
SQL: SHOW COLUMNS FROM `h_comment` [ RunTime:0.0010s ]
SQL: DELETE FROM `h_comment` WHERE ( msg_id='49' ) [ RunTime:0.0010s ]
INFO: [ app_end ] --START--
INFO: Run Behavior\ShowPageTraceBehavior [ RunTime:0.001000s ]
INFO: [ app_end ] --END-- [ RunTime:0.002000s ]

[ 2017-08-29T13:37:32+08:00 ] ::1 /Thinkphp_meddle/b2b2c/Admin/Order/order_del.html
INFO: [ app_begin ] --START--
INFO: Run Behavior\ReadHtmlCacheBehavior [ RunTime:0.001000s ]
INFO: [ app_begin ] --END-- [ RunTime:0.002000s ]
NOTIC: [2048] Declaration of Common\Model\AdminNavModel::getTreeData() should be compatible with Common\Model\BaseModel::getTreeData($type = 'tree', $order = '', $name = 'name', $child = 'id', $parent = 'pid') D:\webserver\wamp64\www\Thinkphp_meddle\b2b2c\Application\Admin\Model\AdminNavModel.class.php 第 14 行.
SQL: SHOW COLUMNS FROM `h_admin_nav` [ RunTime:0.0020s ]
SQL: SELECT * FROM `h_admin_nav` WHERE ( pc_level=1 )  [ RunTime:0.0010s ]
SQL: SELECT * FROM `h_admin_nav` WHERE ( pc_level=2 )  [ RunTime:0.0010s ]
SQL: SHOW COLUMNS FROM `h_order` [ RunTime:0.0020s ]
SQL: SELECT ord.o_usestatus,hod.detail_msg_id FROM h_order ord INNER JOIN h_order_detail hod on hod.detail_oid=ord.o_id  WHERE ( ord.o_id='164' )  [ RunTime:0.0010s ]
INFO: [ app_end ] --START--
INFO: Run Behavior\ShowPageTraceBehavior [ RunTime:0.001000s ]
INFO: [ app_end ] --END-- [ RunTime:0.001000s ]

[ 2017-08-29T13:41:30+08:00 ] ::1 /Thinkphp_meddle/b2b2c/Admin/Order/delete_all.html
INFO: [ app_begin ] --START--
INFO: Run Behavior\ReadHtmlCacheBehavior [ RunTime:0.001000s ]
INFO: [ app_begin ] --END-- [ RunTime:0.002000s ]
NOTIC: [2048] Declaration of Common\Model\AdminNavModel::getTreeData() should be compatible with Common\Model\BaseModel::getTreeData($type = 'tree', $order = '', $name = 'name', $child = 'id', $parent = 'pid') D:\webserver\wamp64\www\Thinkphp_meddle\b2b2c\Application\Admin\Model\AdminNavModel.class.php 第 14 行.
SQL: SHOW COLUMNS FROM `h_admin_nav` [ RunTime:0.0010s ]
SQL: SELECT * FROM `h_admin_nav` WHERE ( pc_level=1 )  [ RunTime:0.0000s ]
SQL: SELECT * FROM `h_admin_nav` WHERE ( pc_level=2 )  [ RunTime:0.0010s ]
SQL: delete from h_order where o_id in  (166,167)  [ RunTime:0.0010s ]
SQL: select * from h_order_detail where detail_oid='166' [ RunTime:0.0000s ]
SQL: select * from h_order_detail where detail_oid='167' [ RunTime:0.0000s ]
SQL: delete from h_order_detail where detail_id in (167,168)  [ RunTime:0.0010s ]
SQL: delete from h_comment where msg_id in (56,53)  [ RunTime:0.0010s ]
INFO: [ app_end ] --START--
INFO: Run Behavior\ShowPageTraceBehavior [ RunTime:0.001000s ]
INFO: [ app_end ] --END-- [ RunTime:0.002000s ]

[ 2017-08-29T14:19:47+08:00 ] ::1 /Thinkphp_meddle/b2b2c/Admin/public/login.html
INFO: [ app_begin ] --START--
INFO: Run Behavior\ReadHtmlCacheBehavior [ RunTime:0.001000s ]
INFO: [ app_begin ] --END-- [ RunTime:0.002000s ]
SQL: SHOW COLUMNS FROM `h_admin` [ RunTime:0.0020s ]
SQL: SELECT * FROM `h_admin` WHERE ( admin_name='biubiubiubiu' )  [ RunTime:0.0010s ]
SQL: UPDATE `h_admin` SET `admin_id`='2',`admin_name`='biubiubiubiu',`admin_password`='4deff9159dbe3005a4abb3acf1164f05',`status`='1',`last_login_ip`='0.0.0.0',`last_login_time`='2017',`email`=NULL,`phone`='17551106486',`register_time`='1502362446',`supadmin`='0' WHERE ( admin_name='biubiubiubiu' ) [ RunTime:0.0100s ]

[ 2017-08-29T18:34:50+08:00 ] ::1 /Thinkphp_meddle/b2b2c/Admin/public/login.html
INFO: [ app_begin ] --START--
INFO: Run Behavior\ReadHtmlCacheBehavior [ RunTime:0.001000s ]
INFO: [ app_begin ] --END-- [ RunTime:0.002000s ]
SQL: SHOW COLUMNS FROM `h_admin` [ RunTime:0.0390s ]
SQL: SELECT * FROM `h_admin` WHERE ( admin_name='admin' )  [ RunTime:0.0010s ]
SQL: UPDATE `h_admin` SET `admin_id`='1',`admin_name`='admin',`admin_password`='21232f297a57a5a743894a0e4a801fc3',`status`='1',`last_login_ip`='0.0.0.0',`last_login_time`='2017',`email`=NULL,`phone`='13952876486',`register_time`='1502362446',`supadmin`='1' WHERE ( admin_name='admin' ) [ RunTime:0.0040s ]

[ 2017-08-29T18:39:45+08:00 ] ::1 /Thinkphp_meddle/b2b2c/Admin/Order/use_code.html
INFO: [ app_begin ] --START--
INFO: Run Behavior\ReadHtmlCacheBehavior [ RunTime:0.002000s ]
INFO: [ app_begin ] --END-- [ RunTime:0.003000s ]
NOTIC: [2048] Declaration of Common\Model\AdminNavModel::getTreeData() should be compatible with Common\Model\BaseModel::getTreeData($type = 'tree', $order = '', $name = 'name', $child = 'id', $parent = 'pid') D:\webserver\wamp64\www\Thinkphp_meddle\b2b2c\Application\Admin\Model\AdminNavModel.class.php 第 14 行.
SQL: SHOW COLUMNS FROM `h_admin_nav` [ RunTime:0.0030s ]
SQL: SELECT * FROM `h_admin_nav` WHERE ( pc_level=1 )  [ RunTime:0.0010s ]
SQL: SELECT * FROM `h_admin_nav` WHERE ( pc_level=2 )  [ RunTime:0.0000s ]
SQL: SHOW COLUMNS FROM `h_order` [ RunTime:0.0030s ]
SQL: UPDATE `h_order` SET `o_usestatus`='1',`o_usetime`='2017-08-29 18:39:45' WHERE ( o_id='192' ) [ RunTime:0.0040s ]
SQL: SHOW COLUMNS FROM `h_order_detail` [ RunTime:0.0030s ]
SQL: SELECT hp.p_num,hp.p_id FROM h_order_detail ord inner join h_product hp on hp.p_id=ord.detail_pid  WHERE ( detail_oid='192' )  [ RunTime:0.0010s ]
SQL: SHOW COLUMNS FROM `h_product` [ RunTime:0.0020s ]
SQL: UPDATE `h_product` SET `p_num`='9657' WHERE ( p_id='3' ) [ RunTime:0.0030s ]
INFO: [ app_end ] --START--
INFO: Run Behavior\ShowPageTraceBehavior [ RunTime:0.002500s ]
INFO: [ app_end ] --END-- [ RunTime:0.002500s ]

